[2019-10-19 23:03:26] local.ERROR: PDOException: SQLSTATE[08001]: [Microsoft][ODBC Driver 17 for SQL Server]TCP Provider: Host desconocido.
 in C:\xampp\htdocs\wpaddy\vendor\laravel\framework\src\Illuminate\Database\Connectors\Connector.php:68
Stack trace:
#0 C:\xampp\htdocs\wpaddy\vendor\laravel\framework\src\Illuminate\Database\Connectors\Connector.php(68): PDO->__construct('sqlsrv:Server=B...', 'sa', '201504', Array)
#1 C:\xampp\htdocs\wpaddy\vendor\laravel\framework\src\Illuminate\Database\Connectors\Connector.php(44): Illuminate\Database\Connectors\Connector->createPdoConnection('sqlsrv:Server=B...', 'sa', '201504', Array)
#2 C:\xampp\htdocs\wpaddy\vendor\laravel\framework\src\Illuminate\Database\Connectors\SqlServerConnector.php(32): Illuminate\Database\Connectors\Connector->createConnection('sqlsrv:Server=B...', Array, Array)
#3 C:\xampp\htdocs\wpaddy\vendor\laravel\framework\src\Illuminate\Database\Connectors\ConnectionFactory.php(183): Illuminate\Database\Connectors\SqlServerConnector->connect(Array)
#4 [internal function]: Illuminate\Database\Connectors\ConnectionFactory->Illuminate\Database\Connectors\{closure}()
#5 C:\xampp\htdocs\wpaddy\vendor\laravel\framework\src\Illuminate\Database\Connection.php(883): call_user_func(Object(Closure))
#6 C:\xampp\htdocs\wpaddy\vendor\laravel\framework\src\Illuminate\Database\Connection.php(904): Illuminate\Database\Connection->getPdo()
#7 C:\xampp\htdocs\wpaddy\vendor\laravel\framework\src\Illuminate\Database\Connection.php(392): Illuminate\Database\Connection->getReadPdo()
#8 C:\xampp\htdocs\wpaddy\vendor\laravel\framework\src\Illuminate\Database\Connection.php(318): Illuminate\Database\Connection->getPdoForSelect(true)
#9 C:\xampp\htdocs\wpaddy\vendor\laravel\framework\src\Illuminate\Database\Connection.php(640): Illuminate\Database\Connection->Illuminate\Database\{closure}('select top 1 * ...', Array)
#10 C:\xampp\htdocs\wpaddy\vendor\laravel\framework\src\Illuminate\Database\Connection.php(607): Illuminate\Database\Connection->runQueryCallback('select top 1 * ...', Array, Object(Closure))
#11 C:\xampp\htdocs\wpaddy\vendor\laravel\framework\src\Illuminate\Database\Connection.php(326): Illuminate\Database\Connection->run('select top 1 * ...', Array, Object(Closure))
#12 C:\xampp\htdocs\wpaddy\vendor\laravel\framework\src\Illuminate\Database\Query\Builder.php(1705): Illuminate\Database\Connection->select('select top 1 * ...', Array, true)
#13 C:\xampp\htdocs\wpaddy\vendor\laravel\framework\src\Illuminate\Database\Query\Builder.php(1690): Illuminate\Database\Query\Builder->runSelect()
#14 C:\xampp\htdocs\wpaddy\vendor\laravel\framework\src\Illuminate\Database\Eloquent\Builder.php(462): Illuminate\Database\Query\Builder->get(Array)
#15 C:\xampp\htdocs\wpaddy\vendor\laravel\framework\src\Illuminate\Database\Eloquent\Builder.php(446): Illuminate\Database\Eloquent\Builder->getModels(Array)
#16 C:\xampp\htdocs\wpaddy\vendor\laravel\framework\src\Illuminate\Database\Concerns\BuildsQueries.php(75): Illuminate\Database\Eloquent\Builder->get(Array)
#17 C:\xampp\htdocs\wpaddy\vendor\laravel\framework\src\Illuminate\Auth\EloquentUserProvider.php(51): Illuminate\Database\Eloquent\Builder->first()
#18 C:\xampp\htdocs\wpaddy\vendor\laravel\framework\src\Illuminate\Auth\SessionGuard.php(133): Illuminate\Auth\EloquentUserProvider->retrieveById(2)
#19 C:\xampp\htdocs\wpaddy\app\Http\Middleware\RequestLog.php(45): Illuminate\Auth\SessionGuard->user()
#20 C:\xampp\htdocs\wpaddy\vendor\laravel\framework\src\Illuminate\Foundation\Http\Kernel.php(218): App\Http\Middleware\RequestLog->terminate(Object(Illuminate\Http\Request), Object(Illuminate\Http\Response))
#21 C:\xampp\htdocs\wpaddy\vendor\laravel\framework\src\Illuminate\Foundation\Http\Kernel.php(189): Illuminate\Foundation\Http\Kernel->terminateMiddleware(Object(Illuminate\Http\Request), Object(Illuminate\Http\Response))
#22 C:\xampp\htdocs\wpaddy\public\index.php(58): Illuminate\Foundation\Http\Kernel->terminate(Object(Illuminate\Http\Request), Object(Illuminate\Http\Response))
#23 {main}  
[2019-10-19 23:03:26] local.ERROR: PDOException: SQLSTATE[08001]: [Microsoft][ODBC Driver 17 for SQL Server]TCP Provider: Host desconocido.
 in C:\xampp\htdocs\wpaddy\vendor\laravel\framework\src\Illuminate\Database\Connectors\Connector.php:68
Stack trace:
#0 C:\xampp\htdocs\wpaddy\vendor\laravel\framework\src\Illuminate\Database\Connectors\Connector.php(68): PDO->__construct('sqlsrv:Server=B...', 'sa', '201504', Array)
#1 C:\xampp\htdocs\wpaddy\vendor\laravel\framework\src\Illuminate\Database\Connectors\Connector.php(44): Illuminate\Database\Connectors\Connector->createPdoConnection('sqlsrv:Server=B...', 'sa', '201504', Array)
#2 C:\xampp\htdocs\wpaddy\vendor\laravel\framework\src\Illuminate\Database\Connectors\SqlServerConnector.php(32): Illuminate\Database\Connectors\Connector->createConnection('sqlsrv:Server=B...', Array, Array)
#3 C:\xampp\htdocs\wpaddy\vendor\laravel\framework\src\Illuminate\Database\Connectors\ConnectionFactory.php(183): Illuminate\Database\Connectors\SqlServerConnector->connect(Array)
#4 [internal function]: Illuminate\Database\Connectors\ConnectionFactory->Illuminate\Database\Connectors\{closure}()
#5 C:\xampp\htdocs\wpaddy\vendor\laravel\framework\src\Illuminate\Database\Connection.php(883): call_user_func(Object(Closure))
#6 C:\xampp\htdocs\wpaddy\vendor\laravel\framework\src\Illuminate\Database\Connection.php(904): Illuminate\Database\Connection->getPdo()
#7 C:\xampp\htdocs\wpaddy\vendor\laravel\framework\src\Illuminate\Database\Connection.php(392): Illuminate\Database\Connection->getReadPdo()
#8 C:\xampp\htdocs\wpaddy\vendor\laravel\framework\src\Illuminate\Database\Connection.php(318): Illuminate\Database\Connection->getPdoForSelect(true)
#9 C:\xampp\htdocs\wpaddy\vendor\laravel\framework\src\Illuminate\Database\Connection.php(640): Illuminate\Database\Connection->Illuminate\Database\{closure}('select top 1 * ...', Array)
#10 C:\xampp\htdocs\wpaddy\vendor\laravel\framework\src\Illuminate\Database\Connection.php(607): Illuminate\Database\Connection->runQueryCallback('select top 1 * ...', Array, Object(Closure))
#11 C:\xampp\htdocs\wpaddy\vendor\laravel\framework\src\Illuminate\Database\Connection.php(326): Illuminate\Database\Connection->run('select top 1 * ...', Array, Object(Closure))
#12 C:\xampp\htdocs\wpaddy\vendor\laravel\framework\src\Illuminate\Database\Query\Builder.php(1705): Illuminate\Database\Connection->select('select top 1 * ...', Array, true)
#13 C:\xampp\htdocs\wpaddy\vendor\laravel\framework\src\Illuminate\Database\Query\Builder.php(1690): Illuminate\Database\Query\Builder->runSelect()
#14 C:\xampp\htdocs\wpaddy\vendor\laravel\framework\src\Illuminate\Database\Eloquent\Builder.php(462): Illuminate\Database\Query\Builder->get(Array)
#15 C:\xampp\htdocs\wpaddy\vendor\laravel\framework\src\Illuminate\Database\Eloquent\Builder.php(446): Illuminate\Database\Eloquent\Builder->getModels(Array)
#16 C:\xampp\htdocs\wpaddy\vendor\laravel\framework\src\Illuminate\Database\Concerns\BuildsQueries.php(75): Illuminate\Database\Eloquent\Builder->get(Array)
#17 C:\xampp\htdocs\wpaddy\vendor\laravel\framework\src\Illuminate\Auth\EloquentUserProvider.php(51): Illuminate\Database\Eloquent\Builder->first()
#18 C:\xampp\htdocs\wpaddy\vendor\laravel\framework\src\Illuminate\Auth\SessionGuard.php(133): Illuminate\Auth\EloquentUserProvider->retrieveById(2)
#19 C:\xampp\htdocs\wpaddy\app\Http\Middleware\RequestLog.php(45): Illuminate\Auth\SessionGuard->user()
#20 C:\xampp\htdocs\wpaddy\vendor\laravel\framework\src\Illuminate\Foundation\Http\Kernel.php(218): App\Http\Middleware\RequestLog->terminate(Object(Illuminate\Http\Request), Object(Illuminate\Http\Response))
#21 C:\xampp\htdocs\wpaddy\vendor\laravel\framework\src\Illuminate\Foundation\Http\Kernel.php(189): Illuminate\Foundation\Http\Kernel->terminateMiddleware(Object(Illuminate\Http\Request), Object(Illuminate\Http\Response))
#22 C:\xampp\htdocs\wpaddy\public\index.php(58): Illuminate\Foundation\Http\Kernel->terminate(Object(Illuminate\Http\Request), Object(Illuminate\Http\Response))
#23 {main}

Next Illuminate\Database\QueryException: SQLSTATE[08001]: [Microsoft][ODBC Driver 17 for SQL Server]TCP Provider: Host desconocido.
 (SQL: select top 1 * from [USUARIOS] where [ID] = 2) in C:\xampp\htdocs\wpaddy\vendor\laravel\framework\src\Illuminate\Database\Connection.php:647
Stack trace:
#0 C:\xampp\htdocs\wpaddy\vendor\laravel\framework\src\Illuminate\Database\Connection.php(607): Illuminate\Database\Connection->runQueryCallback('select top 1 * ...', Array, Object(Closure))
#1 C:\xampp\htdocs\wpaddy\vendor\laravel\framework\src\Illuminate\Database\Connection.php(326): Illuminate\Database\Connection->run('select top 1 * ...', Array, Object(Closure))
#2 C:\xampp\htdocs\wpaddy\vendor\laravel\framework\src\Illuminate\Database\Query\Builder.php(1705): Illuminate\Database\Connection->select('select top 1 * ...', Array, true)
#3 C:\xampp\htdocs\wpaddy\vendor\laravel\framework\src\Illuminate\Database\Query\Builder.php(1690): Illuminate\Database\Query\Builder->runSelect()
#4 C:\xampp\htdocs\wpaddy\vendor\laravel\framework\src\Illuminate\Database\Eloquent\Builder.php(462): Illuminate\Database\Query\Builder->get(Array)
#5 C:\xampp\htdocs\wpaddy\vendor\laravel\framework\src\Illuminate\Database\Eloquent\Builder.php(446): Illuminate\Database\Eloquent\Builder->getModels(Array)
#6 C:\xampp\htdocs\wpaddy\vendor\laravel\framework\src\Illuminate\Database\Concerns\BuildsQueries.php(75): Illuminate\Database\Eloquent\Builder->get(Array)
#7 C:\xampp\htdocs\wpaddy\vendor\laravel\framework\src\Illuminate\Auth\EloquentUserProvider.php(51): Illuminate\Database\Eloquent\Builder->first()
#8 C:\xampp\htdocs\wpaddy\vendor\laravel\framework\src\Illuminate\Auth\SessionGuard.php(133): Illuminate\Auth\EloquentUserProvider->retrieveById(2)
#9 C:\xampp\htdocs\wpaddy\app\Http\Middleware\RequestLog.php(45): Illuminate\Auth\SessionGuard->user()
#10 C:\xampp\htdocs\wpaddy\vendor\laravel\framework\src\Illuminate\Foundation\Http\Kernel.php(218): App\Http\Middleware\RequestLog->terminate(Object(Illuminate\Http\Request), Object(Illuminate\Http\Response))
#11 C:\xampp\htdocs\wpaddy\vendor\laravel\framework\src\Illuminate\Foundation\Http\Kernel.php(189): Illuminate\Foundation\Http\Kernel->terminateMiddleware(Object(Illuminate\Http\Request), Object(Illuminate\Http\Response))
#12 C:\xampp\htdocs\wpaddy\public\index.php(58): Illuminate\Foundation\Http\Kernel->terminate(Object(Illuminate\Http\Request), Object(Illuminate\Http\Response))
#13 {main}  
[2019-10-19 23:29:14] local.ERROR: PDOException: SQLSTATE[08001]: [Microsoft][ODBC Driver 17 for SQL Server]TCP Provider: Host desconocido.
 in C:\xampp\htdocs\wpaddy\vendor\laravel\framework\src\Illuminate\Database\Connectors\Connector.php:68
Stack trace:
#0 C:\xampp\htdocs\wpaddy\vendor\laravel\framework\src\Illuminate\Database\Connectors\Connector.php(68): PDO->__construct('sqlsrv:Server=B...', 'sa', '201504', Array)
#1 C:\xampp\htdocs\wpaddy\vendor\laravel\framework\src\Illuminate\Database\Connectors\Connector.php(44): Illuminate\Database\Connectors\Connector->createPdoConnection('sqlsrv:Server=B...', 'sa', '201504', Array)
#2 C:\xampp\htdocs\wpaddy\vendor\laravel\framework\src\Illuminate\Database\Connectors\SqlServerConnector.php(32): Illuminate\Database\Connectors\Connector->createConnection('sqlsrv:Server=B...', Array, Array)
#3 C:\xampp\htdocs\wpaddy\vendor\laravel\framework\src\Illuminate\Database\Connectors\ConnectionFactory.php(183): Illuminate\Database\Connectors\SqlServerConnector->connect(Array)
#4 [internal function]: Illuminate\Database\Connectors\ConnectionFactory->Illuminate\Database\Connectors\{closure}()
#5 C:\xampp\htdocs\wpaddy\vendor\laravel\framework\src\Illuminate\Database\Connection.php(883): call_user_func(Object(Closure))
#6 C:\xampp\htdocs\wpaddy\vendor\laravel\framework\src\Illuminate\Database\Connection.php(904): Illuminate\Database\Connection->getPdo()
#7 C:\xampp\htdocs\wpaddy\vendor\laravel\framework\src\Illuminate\Database\Connection.php(392): Illuminate\Database\Connection->getReadPdo()
#8 C:\xampp\htdocs\wpaddy\vendor\laravel\framework\src\Illuminate\Database\Connection.php(318): Illuminate\Database\Connection->getPdoForSelect(true)
#9 C:\xampp\htdocs\wpaddy\vendor\laravel\framework\src\Illuminate\Database\Connection.php(640): Illuminate\Database\Connection->Illuminate\Database\{closure}('select top 1 * ...', Array)
#10 C:\xampp\htdocs\wpaddy\vendor\laravel\framework\src\Illuminate\Database\Connection.php(607): Illuminate\Database\Connection->runQueryCallback('select top 1 * ...', Array, Object(Closure))
#11 C:\xampp\htdocs\wpaddy\vendor\laravel\framework\src\Illuminate\Database\Connection.php(326): Illuminate\Database\Connection->run('select top 1 * ...', Array, Object(Closure))
#12 C:\xampp\htdocs\wpaddy\vendor\laravel\framework\src\Illuminate\Database\Query\Builder.php(1705): Illuminate\Database\Connection->select('select top 1 * ...', Array, true)
#13 C:\xampp\htdocs\wpaddy\vendor\laravel\framework\src\Illuminate\Database\Query\Builder.php(1690): Illuminate\Database\Query\Builder->runSelect()
#14 C:\xampp\htdocs\wpaddy\vendor\laravel\framework\src\Illuminate\Database\Eloquent\Builder.php(462): Illuminate\Database\Query\Builder->get(Array)
#15 C:\xampp\htdocs\wpaddy\vendor\laravel\framework\src\Illuminate\Database\Eloquent\Builder.php(446): Illuminate\Database\Eloquent\Builder->getModels(Array)
#16 C:\xampp\htdocs\wpaddy\vendor\laravel\framework\src\Illuminate\Database\Concerns\BuildsQueries.php(75): Illuminate\Database\Eloquent\Builder->get(Array)
#17 C:\xampp\htdocs\wpaddy\vendor\laravel\framework\src\Illuminate\Auth\EloquentUserProvider.php(51): Illuminate\Database\Eloquent\Builder->first()
#18 C:\xampp\htdocs\wpaddy\vendor\laravel\framework\src\Illuminate\Auth\SessionGuard.php(133): Illuminate\Auth\EloquentUserProvider->retrieveById(2)
#19 C:\xampp\htdocs\wpaddy\app\Http\Middleware\RequestLog.php(45): Illuminate\Auth\SessionGuard->user()
#20 C:\xampp\htdocs\wpaddy\vendor\laravel\framework\src\Illuminate\Foundation\Http\Kernel.php(218): App\Http\Middleware\RequestLog->terminate(Object(Illuminate\Http\Request), Object(Illuminate\Http\Response))
#21 C:\xampp\htdocs\wpaddy\vendor\laravel\framework\src\Illuminate\Foundation\Http\Kernel.php(189): Illuminate\Foundation\Http\Kernel->terminateMiddleware(Object(Illuminate\Http\Request), Object(Illuminate\Http\Response))
#22 C:\xampp\htdocs\wpaddy\public\index.php(58): Illuminate\Foundation\Http\Kernel->terminate(Object(Illuminate\Http\Request), Object(Illuminate\Http\Response))
#23 {main}  
[2019-10-19 23:29:14] local.ERROR: PDOException: SQLSTATE[08001]: [Microsoft][ODBC Driver 17 for SQL Server]TCP Provider: Host desconocido.
 in C:\xampp\htdocs\wpaddy\vendor\laravel\framework\src\Illuminate\Database\Connectors\Connector.php:68
Stack trace:
#0 C:\xampp\htdocs\wpaddy\vendor\laravel\framework\src\Illuminate\Database\Connectors\Connector.php(68): PDO->__construct('sqlsrv:Server=B...', 'sa', '201504', Array)
#1 C:\xampp\htdocs\wpaddy\vendor\laravel\framework\src\Illuminate\Database\Connectors\Connector.php(44): Illuminate\Database\Connectors\Connector->createPdoConnection('sqlsrv:Server=B...', 'sa', '201504', Array)
#2 C:\xampp\htdocs\wpaddy\vendor\laravel\framework\src\Illuminate\Database\Connectors\SqlServerConnector.php(32): Illuminate\Database\Connectors\Connector->createConnection('sqlsrv:Server=B...', Array, Array)
#3 C:\xampp\htdocs\wpaddy\vendor\laravel\framework\src\Illuminate\Database\Connectors\ConnectionFactory.php(183): Illuminate\Database\Connectors\SqlServerConnector->connect(Array)
#4 [internal function]: Illuminate\Database\Connectors\ConnectionFactory->Illuminate\Database\Connectors\{closure}()
#5 C:\xampp\htdocs\wpaddy\vendor\laravel\framework\src\Illuminate\Database\Connection.php(883): call_user_func(Object(Closure))
#6 C:\xampp\htdocs\wpaddy\vendor\laravel\framework\src\Illuminate\Database\Connection.php(904): Illuminate\Database\Connection->getPdo()
#7 C:\xampp\htdocs\wpaddy\vendor\laravel\framework\src\Illuminate\Database\Connection.php(392): Illuminate\Database\Connection->getReadPdo()
#8 C:\xampp\htdocs\wpaddy\vendor\laravel\framework\src\Illuminate\Database\Connection.php(318): Illuminate\Database\Connection->getPdoForSelect(true)
#9 C:\xampp\htdocs\wpaddy\vendor\laravel\framework\src\Illuminate\Database\Connection.php(640): Illuminate\Database\Connection->Illuminate\Database\{closure}('select top 1 * ...', Array)
#10 C:\xampp\htdocs\wpaddy\vendor\laravel\framework\src\Illuminate\Database\Connection.php(607): Illuminate\Database\Connection->runQueryCallback('select top 1 * ...', Array, Object(Closure))
#11 C:\xampp\htdocs\wpaddy\vendor\laravel\framework\src\Illuminate\Database\Connection.php(326): Illuminate\Database\Connection->run('select top 1 * ...', Array, Object(Closure))
#12 C:\xampp\htdocs\wpaddy\vendor\laravel\framework\src\Illuminate\Database\Query\Builder.php(1705): Illuminate\Database\Connection->select('select top 1 * ...', Array, true)
#13 C:\xampp\htdocs\wpaddy\vendor\laravel\framework\src\Illuminate\Database\Query\Builder.php(1690): Illuminate\Database\Query\Builder->runSelect()
#14 C:\xampp\htdocs\wpaddy\vendor\laravel\framework\src\Illuminate\Database\Eloquent\Builder.php(462): Illuminate\Database\Query\Builder->get(Array)
#15 C:\xampp\htdocs\wpaddy\vendor\laravel\framework\src\Illuminate\Database\Eloquent\Builder.php(446): Illuminate\Database\Eloquent\Builder->getModels(Array)
#16 C:\xampp\htdocs\wpaddy\vendor\laravel\framework\src\Illuminate\Database\Concerns\BuildsQueries.php(75): Illuminate\Database\Eloquent\Builder->get(Array)
#17 C:\xampp\htdocs\wpaddy\vendor\laravel\framework\src\Illuminate\Auth\EloquentUserProvider.php(51): Illuminate\Database\Eloquent\Builder->first()
#18 C:\xampp\htdocs\wpaddy\vendor\laravel\framework\src\Illuminate\Auth\SessionGuard.php(133): Illuminate\Auth\EloquentUserProvider->retrieveById(2)
#19 C:\xampp\htdocs\wpaddy\app\Http\Middleware\RequestLog.php(45): Illuminate\Auth\SessionGuard->user()
#20 C:\xampp\htdocs\wpaddy\vendor\laravel\framework\src\Illuminate\Foundation\Http\Kernel.php(218): App\Http\Middleware\RequestLog->terminate(Object(Illuminate\Http\Request), Object(Illuminate\Http\Response))
#21 C:\xampp\htdocs\wpaddy\vendor\laravel\framework\src\Illuminate\Foundation\Http\Kernel.php(189): Illuminate\Foundation\Http\Kernel->terminateMiddleware(Object(Illuminate\Http\Request), Object(Illuminate\Http\Response))
#22 C:\xampp\htdocs\wpaddy\public\index.php(58): Illuminate\Foundation\Http\Kernel->terminate(Object(Illuminate\Http\Request), Object(Illuminate\Http\Response))
#23 {main}

Next Illuminate\Database\QueryException: SQLSTATE[08001]: [Microsoft][ODBC Driver 17 for SQL Server]TCP Provider: Host desconocido.
 (SQL: select top 1 * from [USUARIOS] where [ID] = 2) in C:\xampp\htdocs\wpaddy\vendor\laravel\framework\src\Illuminate\Database\Connection.php:647
Stack trace:
#0 C:\xampp\htdocs\wpaddy\vendor\laravel\framework\src\Illuminate\Database\Connection.php(607): Illuminate\Database\Connection->runQueryCallback('select top 1 * ...', Array, Object(Closure))
#1 C:\xampp\htdocs\wpaddy\vendor\laravel\framework\src\Illuminate\Database\Connection.php(326): Illuminate\Database\Connection->run('select top 1 * ...', Array, Object(Closure))
#2 C:\xampp\htdocs\wpaddy\vendor\laravel\framework\src\Illuminate\Database\Query\Builder.php(1705): Illuminate\Database\Connection->select('select top 1 * ...', Array, true)
#3 C:\xampp\htdocs\wpaddy\vendor\laravel\framework\src\Illuminate\Database\Query\Builder.php(1690): Illuminate\Database\Query\Builder->runSelect()
#4 C:\xampp\htdocs\wpaddy\vendor\laravel\framework\src\Illuminate\Database\Eloquent\Builder.php(462): Illuminate\Database\Query\Builder->get(Array)
#5 C:\xampp\htdocs\wpaddy\vendor\laravel\framework\src\Illuminate\Database\Eloquent\Builder.php(446): Illuminate\Database\Eloquent\Builder->getModels(Array)
#6 C:\xampp\htdocs\wpaddy\vendor\laravel\framework\src\Illuminate\Database\Concerns\BuildsQueries.php(75): Illuminate\Database\Eloquent\Builder->get(Array)
#7 C:\xampp\htdocs\wpaddy\vendor\laravel\framework\src\Illuminate\Auth\EloquentUserProvider.php(51): Illuminate\Database\Eloquent\Builder->first()
#8 C:\xampp\htdocs\wpaddy\vendor\laravel\framework\src\Illuminate\Auth\SessionGuard.php(133): Illuminate\Auth\EloquentUserProvider->retrieveById(2)
#9 C:\xampp\htdocs\wpaddy\app\Http\Middleware\RequestLog.php(45): Illuminate\Auth\SessionGuard->user()
#10 C:\xampp\htdocs\wpaddy\vendor\laravel\framework\src\Illuminate\Foundation\Http\Kernel.php(218): App\Http\Middleware\RequestLog->terminate(Object(Illuminate\Http\Request), Object(Illuminate\Http\Response))
#11 C:\xampp\htdocs\wpaddy\vendor\laravel\framework\src\Illuminate\Foundation\Http\Kernel.php(189): Illuminate\Foundation\Http\Kernel->terminateMiddleware(Object(Illuminate\Http\Request), Object(Illuminate\Http\Response))
#12 C:\xampp\htdocs\wpaddy\public\index.php(58): Illuminate\Foundation\Http\Kernel->terminate(Object(Illuminate\Http\Request), Object(Illuminate\Http\Response))
#13 {main}  
[2019-10-19 23:32:54] local.ERROR: PDOException: SQLSTATE[08001]: [Microsoft][ODBC Driver 17 for SQL Server]TCP Provider: Host desconocido.
 in C:\xampp\htdocs\wpaddy\vendor\laravel\framework\src\Illuminate\Database\Connectors\Connector.php:68
Stack trace:
#0 C:\xampp\htdocs\wpaddy\vendor\laravel\framework\src\Illuminate\Database\Connectors\Connector.php(68): PDO->__construct('sqlsrv:Server=B...', 'sa', '201504', Array)
#1 C:\xampp\htdocs\wpaddy\vendor\laravel\framework\src\Illuminate\Database\Connectors\Connector.php(44): Illuminate\Database\Connectors\Connector->createPdoConnection('sqlsrv:Server=B...', 'sa', '201504', Array)
#2 C:\xampp\htdocs\wpaddy\vendor\laravel\framework\src\Illuminate\Database\Connectors\SqlServerConnector.php(32): Illuminate\Database\Connectors\Connector->createConnection('sqlsrv:Server=B...', Array, Array)
#3 C:\xampp\htdocs\wpaddy\vendor\laravel\framework\src\Illuminate\Database\Connectors\ConnectionFactory.php(183): Illuminate\Database\Connectors\SqlServerConnector->connect(Array)
#4 [internal function]: Illuminate\Database\Connectors\ConnectionFactory->Illuminate\Database\Connectors\{closure}()
#5 C:\xampp\htdocs\wpaddy\vendor\laravel\framework\src\Illuminate\Database\Connection.php(883): call_user_func(Object(Closure))
#6 C:\xampp\htdocs\wpaddy\vendor\laravel\framework\src\Illuminate\Database\Connection.php(904): Illuminate\Database\Connection->getPdo()
#7 C:\xampp\htdocs\wpaddy\vendor\laravel\framework\src\Illuminate\Database\Connection.php(392): Illuminate\Database\Connection->getReadPdo()
#8 C:\xampp\htdocs\wpaddy\vendor\laravel\framework\src\Illuminate\Database\Connection.php(318): Illuminate\Database\Connection->getPdoForSelect(true)
#9 C:\xampp\htdocs\wpaddy\vendor\laravel\framework\src\Illuminate\Database\Connection.php(640): Illuminate\Database\Connection->Illuminate\Database\{closure}('select top 1 * ...', Array)
#10 C:\xampp\htdocs\wpaddy\vendor\laravel\framework\src\Illuminate\Database\Connection.php(607): Illuminate\Database\Connection->runQueryCallback('select top 1 * ...', Array, Object(Closure))
#11 C:\xampp\htdocs\wpaddy\vendor\laravel\framework\src\Illuminate\Database\Connection.php(326): Illuminate\Database\Connection->run('select top 1 * ...', Array, Object(Closure))
#12 C:\xampp\htdocs\wpaddy\vendor\laravel\framework\src\Illuminate\Database\Query\Builder.php(1705): Illuminate\Database\Connection->select('select top 1 * ...', Array, true)
#13 C:\xampp\htdocs\wpaddy\vendor\laravel\framework\src\Illuminate\Database\Query\Builder.php(1690): Illuminate\Database\Query\Builder->runSelect()
#14 C:\xampp\htdocs\wpaddy\vendor\laravel\framework\src\Illuminate\Database\Eloquent\Builder.php(462): Illuminate\Database\Query\Builder->get(Array)
#15 C:\xampp\htdocs\wpaddy\vendor\laravel\framework\src\Illuminate\Database\Eloquent\Builder.php(446): Illuminate\Database\Eloquent\Builder->getModels(Array)
#16 C:\xampp\htdocs\wpaddy\vendor\laravel\framework\src\Illuminate\Database\Concerns\BuildsQueries.php(75): Illuminate\Database\Eloquent\Builder->get(Array)
#17 C:\xampp\htdocs\wpaddy\vendor\laravel\framework\src\Illuminate\Auth\EloquentUserProvider.php(51): Illuminate\Database\Eloquent\Builder->first()
#18 C:\xampp\htdocs\wpaddy\vendor\laravel\framework\src\Illuminate\Auth\SessionGuard.php(133): Illuminate\Auth\EloquentUserProvider->retrieveById(2)
#19 C:\xampp\htdocs\wpaddy\app\Http\Middleware\RequestLog.php(45): Illuminate\Auth\SessionGuard->user()
#20 C:\xampp\htdocs\wpaddy\vendor\laravel\framework\src\Illuminate\Foundation\Http\Kernel.php(218): App\Http\Middleware\RequestLog->terminate(Object(Illuminate\Http\Request), Object(Illuminate\Http\Response))
#21 C:\xampp\htdocs\wpaddy\vendor\laravel\framework\src\Illuminate\Foundation\Http\Kernel.php(189): Illuminate\Foundation\Http\Kernel->terminateMiddleware(Object(Illuminate\Http\Request), Object(Illuminate\Http\Response))
#22 C:\xampp\htdocs\wpaddy\public\index.php(58): Illuminate\Foundation\Http\Kernel->terminate(Object(Illuminate\Http\Request), Object(Illuminate\Http\Response))
#23 {main}  
[2019-10-19 23:32:54] local.ERROR: PDOException: SQLSTATE[08001]: [Microsoft][ODBC Driver 17 for SQL Server]TCP Provider: Host desconocido.
 in C:\xampp\htdocs\wpaddy\vendor\laravel\framework\src\Illuminate\Database\Connectors\Connector.php:68
Stack trace:
#0 C:\xampp\htdocs\wpaddy\vendor\laravel\framework\src\Illuminate\Database\Connectors\Connector.php(68): PDO->__construct('sqlsrv:Server=B...', 'sa', '201504', Array)
#1 C:\xampp\htdocs\wpaddy\vendor\laravel\framework\src\Illuminate\Database\Connectors\Connector.php(44): Illuminate\Database\Connectors\Connector->createPdoConnection('sqlsrv:Server=B...', 'sa', '201504', Array)
#2 C:\xampp\htdocs\wpaddy\vendor\laravel\framework\src\Illuminate\Database\Connectors\SqlServerConnector.php(32): Illuminate\Database\Connectors\Connector->createConnection('sqlsrv:Server=B...', Array, Array)
#3 C:\xampp\htdocs\wpaddy\vendor\laravel\framework\src\Illuminate\Database\Connectors\ConnectionFactory.php(183): Illuminate\Database\Connectors\SqlServerConnector->connect(Array)
#4 [internal function]: Illuminate\Database\Connectors\ConnectionFactory->Illuminate\Database\Connectors\{closure}()
#5 C:\xampp\htdocs\wpaddy\vendor\laravel\framework\src\Illuminate\Database\Connection.php(883): call_user_func(Object(Closure))
#6 C:\xampp\htdocs\wpaddy\vendor\laravel\framework\src\Illuminate\Database\Connection.php(904): Illuminate\Database\Connection->getPdo()
#7 C:\xampp\htdocs\wpaddy\vendor\laravel\framework\src\Illuminate\Database\Connection.php(392): Illuminate\Database\Connection->getReadPdo()
#8 C:\xampp\htdocs\wpaddy\vendor\laravel\framework\src\Illuminate\Database\Connection.php(318): Illuminate\Database\Connection->getPdoForSelect(true)
#9 C:\xampp\htdocs\wpaddy\vendor\laravel\framework\src\Illuminate\Database\Connection.php(640): Illuminate\Database\Connection->Illuminate\Database\{closure}('select top 1 * ...', Array)
#10 C:\xampp\htdocs\wpaddy\vendor\laravel\framework\src\Illuminate\Database\Connection.php(607): Illuminate\Database\Connection->runQueryCallback('select top 1 * ...', Array, Object(Closure))
#11 C:\xampp\htdocs\wpaddy\vendor\laravel\framework\src\Illuminate\Database\Connection.php(326): Illuminate\Database\Connection->run('select top 1 * ...', Array, Object(Closure))
#12 C:\xampp\htdocs\wpaddy\vendor\laravel\framework\src\Illuminate\Database\Query\Builder.php(1705): Illuminate\Database\Connection->select('select top 1 * ...', Array, true)
#13 C:\xampp\htdocs\wpaddy\vendor\laravel\framework\src\Illuminate\Database\Query\Builder.php(1690): Illuminate\Database\Query\Builder->runSelect()
#14 C:\xampp\htdocs\wpaddy\vendor\laravel\framework\src\Illuminate\Database\Eloquent\Builder.php(462): Illuminate\Database\Query\Builder->get(Array)
#15 C:\xampp\htdocs\wpaddy\vendor\laravel\framework\src\Illuminate\Database\Eloquent\Builder.php(446): Illuminate\Database\Eloquent\Builder->getModels(Array)
#16 C:\xampp\htdocs\wpaddy\vendor\laravel\framework\src\Illuminate\Database\Concerns\BuildsQueries.php(75): Illuminate\Database\Eloquent\Builder->get(Array)
#17 C:\xampp\htdocs\wpaddy\vendor\laravel\framework\src\Illuminate\Auth\EloquentUserProvider.php(51): Illuminate\Database\Eloquent\Builder->first()
#18 C:\xampp\htdocs\wpaddy\vendor\laravel\framework\src\Illuminate\Auth\SessionGuard.php(133): Illuminate\Auth\EloquentUserProvider->retrieveById(2)
#19 C:\xampp\htdocs\wpaddy\app\Http\Middleware\RequestLog.php(45): Illuminate\Auth\SessionGuard->user()
#20 C:\xampp\htdocs\wpaddy\vendor\laravel\framework\src\Illuminate\Foundation\Http\Kernel.php(218): App\Http\Middleware\RequestLog->terminate(Object(Illuminate\Http\Request), Object(Illuminate\Http\Response))
#21 C:\xampp\htdocs\wpaddy\vendor\laravel\framework\src\Illuminate\Foundation\Http\Kernel.php(189): Illuminate\Foundation\Http\Kernel->terminateMiddleware(Object(Illuminate\Http\Request), Object(Illuminate\Http\Response))
#22 C:\xampp\htdocs\wpaddy\public\index.php(58): Illuminate\Foundation\Http\Kernel->terminate(Object(Illuminate\Http\Request), Object(Illuminate\Http\Response))
#23 {main}

Next Illuminate\Database\QueryException: SQLSTATE[08001]: [Microsoft][ODBC Driver 17 for SQL Server]TCP Provider: Host desconocido.
 (SQL: select top 1 * from [USUARIOS] where [ID] = 2) in C:\xampp\htdocs\wpaddy\vendor\laravel\framework\src\Illuminate\Database\Connection.php:647
Stack trace:
#0 C:\xampp\htdocs\wpaddy\vendor\laravel\framework\src\Illuminate\Database\Connection.php(607): Illuminate\Database\Connection->runQueryCallback('select top 1 * ...', Array, Object(Closure))
#1 C:\xampp\htdocs\wpaddy\vendor\laravel\framework\src\Illuminate\Database\Connection.php(326): Illuminate\Database\Connection->run('select top 1 * ...', Array, Object(Closure))
#2 C:\xampp\htdocs\wpaddy\vendor\laravel\framework\src\Illuminate\Database\Query\Builder.php(1705): Illuminate\Database\Connection->select('select top 1 * ...', Array, true)
#3 C:\xampp\htdocs\wpaddy\vendor\laravel\framework\src\Illuminate\Database\Query\Builder.php(1690): Illuminate\Database\Query\Builder->runSelect()
#4 C:\xampp\htdocs\wpaddy\vendor\laravel\framework\src\Illuminate\Database\Eloquent\Builder.php(462): Illuminate\Database\Query\Builder->get(Array)
#5 C:\xampp\htdocs\wpaddy\vendor\laravel\framework\src\Illuminate\Database\Eloquent\Builder.php(446): Illuminate\Database\Eloquent\Builder->getModels(Array)
#6 C:\xampp\htdocs\wpaddy\vendor\laravel\framework\src\Illuminate\Database\Concerns\BuildsQueries.php(75): Illuminate\Database\Eloquent\Builder->get(Array)
#7 C:\xampp\htdocs\wpaddy\vendor\laravel\framework\src\Illuminate\Auth\EloquentUserProvider.php(51): Illuminate\Database\Eloquent\Builder->first()
#8 C:\xampp\htdocs\wpaddy\vendor\laravel\framework\src\Illuminate\Auth\SessionGuard.php(133): Illuminate\Auth\EloquentUserProvider->retrieveById(2)
#9 C:\xampp\htdocs\wpaddy\app\Http\Middleware\RequestLog.php(45): Illuminate\Auth\SessionGuard->user()
#10 C:\xampp\htdocs\wpaddy\vendor\laravel\framework\src\Illuminate\Foundation\Http\Kernel.php(218): App\Http\Middleware\RequestLog->terminate(Object(Illuminate\Http\Request), Object(Illuminate\Http\Response))
#11 C:\xampp\htdocs\wpaddy\vendor\laravel\framework\src\Illuminate\Foundation\Http\Kernel.php(189): Illuminate\Foundation\Http\Kernel->terminateMiddleware(Object(Illuminate\Http\Request), Object(Illuminate\Http\Response))
#12 C:\xampp\htdocs\wpaddy\public\index.php(58): Illuminate\Foundation\Http\Kernel->terminate(Object(Illuminate\Http\Request), Object(Illuminate\Http\Response))
#13 {main}  
[2019-10-19 23:34:40] local.ERROR: PDOException: SQLSTATE[08001]: [Microsoft][ODBC Driver 17 for SQL Server]TCP Provider: Host desconocido.
 in C:\xampp\htdocs\wpaddy\vendor\laravel\framework\src\Illuminate\Database\Connectors\Connector.php:68
Stack trace:
#0 C:\xampp\htdocs\wpaddy\vendor\laravel\framework\src\Illuminate\Database\Connectors\Connector.php(68): PDO->__construct('sqlsrv:Server=B...', 'sa', '201504', Array)
#1 C:\xampp\htdocs\wpaddy\vendor\laravel\framework\src\Illuminate\Database\Connectors\Connector.php(44): Illuminate\Database\Connectors\Connector->createPdoConnection('sqlsrv:Server=B...', 'sa', '201504', Array)
#2 C:\xampp\htdocs\wpaddy\vendor\laravel\framework\src\Illuminate\Database\Connectors\SqlServerConnector.php(32): Illuminate\Database\Connectors\Connector->createConnection('sqlsrv:Server=B...', Array, Array)
#3 C:\xampp\htdocs\wpaddy\vendor\laravel\framework\src\Illuminate\Database\Connectors\ConnectionFactory.php(183): Illuminate\Database\Connectors\SqlServerConnector->connect(Array)
#4 [internal function]: Illuminate\Database\Connectors\ConnectionFactory->Illuminate\Database\Connectors\{closure}()
#5 C:\xampp\htdocs\wpaddy\vendor\laravel\framework\src\Illuminate\Database\Connection.php(883): call_user_func(Object(Closure))
#6 C:\xampp\htdocs\wpaddy\vendor\laravel\framework\src\Illuminate\Database\Connection.php(904): Illuminate\Database\Connection->getPdo()
#7 C:\xampp\htdocs\wpaddy\vendor\laravel\framework\src\Illuminate\Database\Connection.php(392): Illuminate\Database\Connection->getReadPdo()
#8 C:\xampp\htdocs\wpaddy\vendor\laravel\framework\src\Illuminate\Database\Connection.php(318): Illuminate\Database\Connection->getPdoForSelect(true)
#9 C:\xampp\htdocs\wpaddy\vendor\laravel\framework\src\Illuminate\Database\Connection.php(640): Illuminate\Database\Connection->Illuminate\Database\{closure}('select top 1 * ...', Array)
#10 C:\xampp\htdocs\wpaddy\vendor\laravel\framework\src\Illuminate\Database\Connection.php(607): Illuminate\Database\Connection->runQueryCallback('select top 1 * ...', Array, Object(Closure))
#11 C:\xampp\htdocs\wpaddy\vendor\laravel\framework\src\Illuminate\Database\Connection.php(326): Illuminate\Database\Connection->run('select top 1 * ...', Array, Object(Closure))
#12 C:\xampp\htdocs\wpaddy\vendor\laravel\framework\src\Illuminate\Database\Query\Builder.php(1705): Illuminate\Database\Connection->select('select top 1 * ...', Array, true)
#13 C:\xampp\htdocs\wpaddy\vendor\laravel\framework\src\Illuminate\Database\Query\Builder.php(1690): Illuminate\Database\Query\Builder->runSelect()
#14 C:\xampp\htdocs\wpaddy\vendor\laravel\framework\src\Illuminate\Database\Eloquent\Builder.php(462): Illuminate\Database\Query\Builder->get(Array)
#15 C:\xampp\htdocs\wpaddy\vendor\laravel\framework\src\Illuminate\Database\Eloquent\Builder.php(446): Illuminate\Database\Eloquent\Builder->getModels(Array)
#16 C:\xampp\htdocs\wpaddy\vendor\laravel\framework\src\Illuminate\Database\Concerns\BuildsQueries.php(75): Illuminate\Database\Eloquent\Builder->get(Array)
#17 C:\xampp\htdocs\wpaddy\vendor\laravel\framework\src\Illuminate\Auth\EloquentUserProvider.php(51): Illuminate\Database\Eloquent\Builder->first()
#18 C:\xampp\htdocs\wpaddy\vendor\laravel\framework\src\Illuminate\Auth\SessionGuard.php(133): Illuminate\Auth\EloquentUserProvider->retrieveById(2)
#19 C:\xampp\htdocs\wpaddy\app\Http\Middleware\RequestLog.php(45): Illuminate\Auth\SessionGuard->user()
#20 C:\xampp\htdocs\wpaddy\vendor\laravel\framework\src\Illuminate\Foundation\Http\Kernel.php(218): App\Http\Middleware\RequestLog->terminate(Object(Illuminate\Http\Request), Object(Illuminate\Http\Response))
#21 C:\xampp\htdocs\wpaddy\vendor\laravel\framework\src\Illuminate\Foundation\Http\Kernel.php(189): Illuminate\Foundation\Http\Kernel->terminateMiddleware(Object(Illuminate\Http\Request), Object(Illuminate\Http\Response))
#22 C:\xampp\htdocs\wpaddy\public\index.php(58): Illuminate\Foundation\Http\Kernel->terminate(Object(Illuminate\Http\Request), Object(Illuminate\Http\Response))
#23 {main}  
[2019-10-19 23:34:40] local.ERROR: PDOException: SQLSTATE[08001]: [Microsoft][ODBC Driver 17 for SQL Server]TCP Provider: Host desconocido.
 in C:\xampp\htdocs\wpaddy\vendor\laravel\framework\src\Illuminate\Database\Connectors\Connector.php:68
Stack trace:
#0 C:\xampp\htdocs\wpaddy\vendor\laravel\framework\src\Illuminate\Database\Connectors\Connector.php(68): PDO->__construct('sqlsrv:Server=B...', 'sa', '201504', Array)
#1 C:\xampp\htdocs\wpaddy\vendor\laravel\framework\src\Illuminate\Database\Connectors\Connector.php(44): Illuminate\Database\Connectors\Connector->createPdoConnection('sqlsrv:Server=B...', 'sa', '201504', Array)
#2 C:\xampp\htdocs\wpaddy\vendor\laravel\framework\src\Illuminate\Database\Connectors\SqlServerConnector.php(32): Illuminate\Database\Connectors\Connector->createConnection('sqlsrv:Server=B...', Array, Array)
#3 C:\xampp\htdocs\wpaddy\vendor\laravel\framework\src\Illuminate\Database\Connectors\ConnectionFactory.php(183): Illuminate\Database\Connectors\SqlServerConnector->connect(Array)
#4 [internal function]: Illuminate\Database\Connectors\ConnectionFactory->Illuminate\Database\Connectors\{closure}()
#5 C:\xampp\htdocs\wpaddy\vendor\laravel\framework\src\Illuminate\Database\Connection.php(883): call_user_func(Object(Closure))
#6 C:\xampp\htdocs\wpaddy\vendor\laravel\framework\src\Illuminate\Database\Connection.php(904): Illuminate\Database\Connection->getPdo()
#7 C:\xampp\htdocs\wpaddy\vendor\laravel\framework\src\Illuminate\Database\Connection.php(392): Illuminate\Database\Connection->getReadPdo()
#8 C:\xampp\htdocs\wpaddy\vendor\laravel\framework\src\Illuminate\Database\Connection.php(318): Illuminate\Database\Connection->getPdoForSelect(true)
#9 C:\xampp\htdocs\wpaddy\vendor\laravel\framework\src\Illuminate\Database\Connection.php(640): Illuminate\Database\Connection->Illuminate\Database\{closure}('select top 1 * ...', Array)
#10 C:\xampp\htdocs\wpaddy\vendor\laravel\framework\src\Illuminate\Database\Connection.php(607): Illuminate\Database\Connection->runQueryCallback('select top 1 * ...', Array, Object(Closure))
#11 C:\xampp\htdocs\wpaddy\vendor\laravel\framework\src\Illuminate\Database\Connection.php(326): Illuminate\Database\Connection->run('select top 1 * ...', Array, Object(Closure))
#12 C:\xampp\htdocs\wpaddy\vendor\laravel\framework\src\Illuminate\Database\Query\Builder.php(1705): Illuminate\Database\Connection->select('select top 1 * ...', Array, true)
#13 C:\xampp\htdocs\wpaddy\vendor\laravel\framework\src\Illuminate\Database\Query\Builder.php(1690): Illuminate\Database\Query\Builder->runSelect()
#14 C:\xampp\htdocs\wpaddy\vendor\laravel\framework\src\Illuminate\Database\Eloquent\Builder.php(462): Illuminate\Database\Query\Builder->get(Array)
#15 C:\xampp\htdocs\wpaddy\vendor\laravel\framework\src\Illuminate\Database\Eloquent\Builder.php(446): Illuminate\Database\Eloquent\Builder->getModels(Array)
#16 C:\xampp\htdocs\wpaddy\vendor\laravel\framework\src\Illuminate\Database\Concerns\BuildsQueries.php(75): Illuminate\Database\Eloquent\Builder->get(Array)
#17 C:\xampp\htdocs\wpaddy\vendor\laravel\framework\src\Illuminate\Auth\EloquentUserProvider.php(51): Illuminate\Database\Eloquent\Builder->first()
#18 C:\xampp\htdocs\wpaddy\vendor\laravel\framework\src\Illuminate\Auth\SessionGuard.php(133): Illuminate\Auth\EloquentUserProvider->retrieveById(2)
#19 C:\xampp\htdocs\wpaddy\app\Http\Middleware\RequestLog.php(45): Illuminate\Auth\SessionGuard->user()
#20 C:\xampp\htdocs\wpaddy\vendor\laravel\framework\src\Illuminate\Foundation\Http\Kernel.php(218): App\Http\Middleware\RequestLog->terminate(Object(Illuminate\Http\Request), Object(Illuminate\Http\Response))
#21 C:\xampp\htdocs\wpaddy\vendor\laravel\framework\src\Illuminate\Foundation\Http\Kernel.php(189): Illuminate\Foundation\Http\Kernel->terminateMiddleware(Object(Illuminate\Http\Request), Object(Illuminate\Http\Response))
#22 C:\xampp\htdocs\wpaddy\public\index.php(58): Illuminate\Foundation\Http\Kernel->terminate(Object(Illuminate\Http\Request), Object(Illuminate\Http\Response))
#23 {main}

Next Illuminate\Database\QueryException: SQLSTATE[08001]: [Microsoft][ODBC Driver 17 for SQL Server]TCP Provider: Host desconocido.
 (SQL: select top 1 * from [USUARIOS] where [ID] = 2) in C:\xampp\htdocs\wpaddy\vendor\laravel\framework\src\Illuminate\Database\Connection.php:647
Stack trace:
#0 C:\xampp\htdocs\wpaddy\vendor\laravel\framework\src\Illuminate\Database\Connection.php(607): Illuminate\Database\Connection->runQueryCallback('select top 1 * ...', Array, Object(Closure))
#1 C:\xampp\htdocs\wpaddy\vendor\laravel\framework\src\Illuminate\Database\Connection.php(326): Illuminate\Database\Connection->run('select top 1 * ...', Array, Object(Closure))
#2 C:\xampp\htdocs\wpaddy\vendor\laravel\framework\src\Illuminate\Database\Query\Builder.php(1705): Illuminate\Database\Connection->select('select top 1 * ...', Array, true)
#3 C:\xampp\htdocs\wpaddy\vendor\laravel\framework\src\Illuminate\Database\Query\Builder.php(1690): Illuminate\Database\Query\Builder->runSelect()
#4 C:\xampp\htdocs\wpaddy\vendor\laravel\framework\src\Illuminate\Database\Eloquent\Builder.php(462): Illuminate\Database\Query\Builder->get(Array)
#5 C:\xampp\htdocs\wpaddy\vendor\laravel\framework\src\Illuminate\Database\Eloquent\Builder.php(446): Illuminate\Database\Eloquent\Builder->getModels(Array)
#6 C:\xampp\htdocs\wpaddy\vendor\laravel\framework\src\Illuminate\Database\Concerns\BuildsQueries.php(75): Illuminate\Database\Eloquent\Builder->get(Array)
#7 C:\xampp\htdocs\wpaddy\vendor\laravel\framework\src\Illuminate\Auth\EloquentUserProvider.php(51): Illuminate\Database\Eloquent\Builder->first()
#8 C:\xampp\htdocs\wpaddy\vendor\laravel\framework\src\Illuminate\Auth\SessionGuard.php(133): Illuminate\Auth\EloquentUserProvider->retrieveById(2)
#9 C:\xampp\htdocs\wpaddy\app\Http\Middleware\RequestLog.php(45): Illuminate\Auth\SessionGuard->user()
#10 C:\xampp\htdocs\wpaddy\vendor\laravel\framework\src\Illuminate\Foundation\Http\Kernel.php(218): App\Http\Middleware\RequestLog->terminate(Object(Illuminate\Http\Request), Object(Illuminate\Http\Response))
#11 C:\xampp\htdocs\wpaddy\vendor\laravel\framework\src\Illuminate\Foundation\Http\Kernel.php(189): Illuminate\Foundation\Http\Kernel->terminateMiddleware(Object(Illuminate\Http\Request), Object(Illuminate\Http\Response))
#12 C:\xampp\htdocs\wpaddy\public\index.php(58): Illuminate\Foundation\Http\Kernel->terminate(Object(Illuminate\Http\Request), Object(Illuminate\Http\Response))
#13 {main}  
[2019-10-19 23:36:10] development.ERROR: Symfony\Component\Debug\Exception\FatalErrorException: Maximum execution time of 30 seconds exceeded in C:\xampp\htdocs\wpaddy\vendor\laravel\framework\src\Illuminate\Database\Eloquent\Concerns\HasTimestamps.php:7
Stack trace:
#0 {main}  
[2019-10-19 23:41:06] local.ERROR: PDOException: SQLSTATE[08001]: [Microsoft][ODBC Driver 17 for SQL Server]TCP Provider: Host desconocido.
 in C:\xampp\htdocs\wpaddy\vendor\laravel\framework\src\Illuminate\Database\Connectors\Connector.php:68
Stack trace:
#0 C:\xampp\htdocs\wpaddy\vendor\laravel\framework\src\Illuminate\Database\Connectors\Connector.php(68): PDO->__construct('sqlsrv:Server=B...', 'sa', '201504', Array)
#1 C:\xampp\htdocs\wpaddy\vendor\laravel\framework\src\Illuminate\Database\Connectors\Connector.php(44): Illuminate\Database\Connectors\Connector->createPdoConnection('sqlsrv:Server=B...', 'sa', '201504', Array)
#2 C:\xampp\htdocs\wpaddy\vendor\laravel\framework\src\Illuminate\Database\Connectors\SqlServerConnector.php(32): Illuminate\Database\Connectors\Connector->createConnection('sqlsrv:Server=B...', Array, Array)
#3 C:\xampp\htdocs\wpaddy\vendor\laravel\framework\src\Illuminate\Database\Connectors\ConnectionFactory.php(183): Illuminate\Database\Connectors\SqlServerConnector->connect(Array)
#4 [internal function]: Illuminate\Database\Connectors\ConnectionFactory->Illuminate\Database\Connectors\{closure}()
#5 C:\xampp\htdocs\wpaddy\vendor\laravel\framework\src\Illuminate\Database\Connection.php(883): call_user_func(Object(Closure))
#6 C:\xampp\htdocs\wpaddy\vendor\laravel\framework\src\Illuminate\Database\Connection.php(904): Illuminate\Database\Connection->getPdo()
#7 C:\xampp\htdocs\wpaddy\vendor\laravel\framework\src\Illuminate\Database\Connection.php(392): Illuminate\Database\Connection->getReadPdo()
#8 C:\xampp\htdocs\wpaddy\vendor\laravel\framework\src\Illuminate\Database\Connection.php(318): Illuminate\Database\Connection->getPdoForSelect(true)
#9 C:\xampp\htdocs\wpaddy\vendor\laravel\framework\src\Illuminate\Database\Connection.php(640): Illuminate\Database\Connection->Illuminate\Database\{closure}('select top 1 * ...', Array)
#10 C:\xampp\htdocs\wpaddy\vendor\laravel\framework\src\Illuminate\Database\Connection.php(607): Illuminate\Database\Connection->runQueryCallback('select top 1 * ...', Array, Object(Closure))
#11 C:\xampp\htdocs\wpaddy\vendor\laravel\framework\src\Illuminate\Database\Connection.php(326): Illuminate\Database\Connection->run('select top 1 * ...', Array, Object(Closure))
#12 C:\xampp\htdocs\wpaddy\vendor\laravel\framework\src\Illuminate\Database\Query\Builder.php(1705): Illuminate\Database\Connection->select('select top 1 * ...', Array, true)
#13 C:\xampp\htdocs\wpaddy\vendor\laravel\framework\src\Illuminate\Database\Query\Builder.php(1690): Illuminate\Database\Query\Builder->runSelect()
#14 C:\xampp\htdocs\wpaddy\vendor\laravel\framework\src\Illuminate\Database\Eloquent\Builder.php(462): Illuminate\Database\Query\Builder->get(Array)
#15 C:\xampp\htdocs\wpaddy\vendor\laravel\framework\src\Illuminate\Database\Eloquent\Builder.php(446): Illuminate\Database\Eloquent\Builder->getModels(Array)
#16 C:\xampp\htdocs\wpaddy\vendor\laravel\framework\src\Illuminate\Database\Concerns\BuildsQueries.php(75): Illuminate\Database\Eloquent\Builder->get(Array)
#17 C:\xampp\htdocs\wpaddy\vendor\laravel\framework\src\Illuminate\Auth\EloquentUserProvider.php(51): Illuminate\Database\Eloquent\Builder->first()
#18 C:\xampp\htdocs\wpaddy\vendor\laravel\framework\src\Illuminate\Auth\SessionGuard.php(133): Illuminate\Auth\EloquentUserProvider->retrieveById(2)
#19 C:\xampp\htdocs\wpaddy\app\Http\Middleware\RequestLog.php(45): Illuminate\Auth\SessionGuard->user()
#20 C:\xampp\htdocs\wpaddy\vendor\laravel\framework\src\Illuminate\Foundation\Http\Kernel.php(218): App\Http\Middleware\RequestLog->terminate(Object(Illuminate\Http\Request), Object(Illuminate\Http\Response))
#21 C:\xampp\htdocs\wpaddy\vendor\laravel\framework\src\Illuminate\Foundation\Http\Kernel.php(189): Illuminate\Foundation\Http\Kernel->terminateMiddleware(Object(Illuminate\Http\Request), Object(Illuminate\Http\Response))
#22 C:\xampp\htdocs\wpaddy\public\index.php(58): Illuminate\Foundation\Http\Kernel->terminate(Object(Illuminate\Http\Request), Object(Illuminate\Http\Response))
#23 {main}  
[2019-10-19 23:41:06] local.ERROR: PDOException: SQLSTATE[08001]: [Microsoft][ODBC Driver 17 for SQL Server]TCP Provider: Host desconocido.
 in C:\xampp\htdocs\wpaddy\vendor\laravel\framework\src\Illuminate\Database\Connectors\Connector.php:68
Stack trace:
#0 C:\xampp\htdocs\wpaddy\vendor\laravel\framework\src\Illuminate\Database\Connectors\Connector.php(68): PDO->__construct('sqlsrv:Server=B...', 'sa', '201504', Array)
#1 C:\xampp\htdocs\wpaddy\vendor\laravel\framework\src\Illuminate\Database\Connectors\Connector.php(44): Illuminate\Database\Connectors\Connector->createPdoConnection('sqlsrv:Server=B...', 'sa', '201504', Array)
#2 C:\xampp\htdocs\wpaddy\vendor\laravel\framework\src\Illuminate\Database\Connectors\SqlServerConnector.php(32): Illuminate\Database\Connectors\Connector->createConnection('sqlsrv:Server=B...', Array, Array)
#3 C:\xampp\htdocs\wpaddy\vendor\laravel\framework\src\Illuminate\Database\Connectors\ConnectionFactory.php(183): Illuminate\Database\Connectors\SqlServerConnector->connect(Array)
#4 [internal function]: Illuminate\Database\Connectors\ConnectionFactory->Illuminate\Database\Connectors\{closure}()
#5 C:\xampp\htdocs\wpaddy\vendor\laravel\framework\src\Illuminate\Database\Connection.php(883): call_user_func(Object(Closure))
#6 C:\xampp\htdocs\wpaddy\vendor\laravel\framework\src\Illuminate\Database\Connection.php(904): Illuminate\Database\Connection->getPdo()
#7 C:\xampp\htdocs\wpaddy\vendor\laravel\framework\src\Illuminate\Database\Connection.php(392): Illuminate\Database\Connection->getReadPdo()
#8 C:\xampp\htdocs\wpaddy\vendor\laravel\framework\src\Illuminate\Database\Connection.php(318): Illuminate\Database\Connection->getPdoForSelect(true)
#9 C:\xampp\htdocs\wpaddy\vendor\laravel\framework\src\Illuminate\Database\Connection.php(640): Illuminate\Database\Connection->Illuminate\Database\{closure}('select top 1 * ...', Array)
#10 C:\xampp\htdocs\wpaddy\vendor\laravel\framework\src\Illuminate\Database\Connection.php(607): Illuminate\Database\Connection->runQueryCallback('select top 1 * ...', Array, Object(Closure))
#11 C:\xampp\htdocs\wpaddy\vendor\laravel\framework\src\Illuminate\Database\Connection.php(326): Illuminate\Database\Connection->run('select top 1 * ...', Array, Object(Closure))
#12 C:\xampp\htdocs\wpaddy\vendor\laravel\framework\src\Illuminate\Database\Query\Builder.php(1705): Illuminate\Database\Connection->select('select top 1 * ...', Array, true)
#13 C:\xampp\htdocs\wpaddy\vendor\laravel\framework\src\Illuminate\Database\Query\Builder.php(1690): Illuminate\Database\Query\Builder->runSelect()
#14 C:\xampp\htdocs\wpaddy\vendor\laravel\framework\src\Illuminate\Database\Eloquent\Builder.php(462): Illuminate\Database\Query\Builder->get(Array)
#15 C:\xampp\htdocs\wpaddy\vendor\laravel\framework\src\Illuminate\Database\Eloquent\Builder.php(446): Illuminate\Database\Eloquent\Builder->getModels(Array)
#16 C:\xampp\htdocs\wpaddy\vendor\laravel\framework\src\Illuminate\Database\Concerns\BuildsQueries.php(75): Illuminate\Database\Eloquent\Builder->get(Array)
#17 C:\xampp\htdocs\wpaddy\vendor\laravel\framework\src\Illuminate\Auth\EloquentUserProvider.php(51): Illuminate\Database\Eloquent\Builder->first()
#18 C:\xampp\htdocs\wpaddy\vendor\laravel\framework\src\Illuminate\Auth\SessionGuard.php(133): Illuminate\Auth\EloquentUserProvider->retrieveById(2)
#19 C:\xampp\htdocs\wpaddy\app\Http\Middleware\RequestLog.php(45): Illuminate\Auth\SessionGuard->user()
#20 C:\xampp\htdocs\wpaddy\vendor\laravel\framework\src\Illuminate\Foundation\Http\Kernel.php(218): App\Http\Middleware\RequestLog->terminate(Object(Illuminate\Http\Request), Object(Illuminate\Http\Response))
#21 C:\xampp\htdocs\wpaddy\vendor\laravel\framework\src\Illuminate\Foundation\Http\Kernel.php(189): Illuminate\Foundation\Http\Kernel->terminateMiddleware(Object(Illuminate\Http\Request), Object(Illuminate\Http\Response))
#22 C:\xampp\htdocs\wpaddy\public\index.php(58): Illuminate\Foundation\Http\Kernel->terminate(Object(Illuminate\Http\Request), Object(Illuminate\Http\Response))
#23 {main}

Next Illuminate\Database\QueryException: SQLSTATE[08001]: [Microsoft][ODBC Driver 17 for SQL Server]TCP Provider: Host desconocido.
 (SQL: select top 1 * from [USUARIOS] where [ID] = 2) in C:\xampp\htdocs\wpaddy\vendor\laravel\framework\src\Illuminate\Database\Connection.php:647
Stack trace:
#0 C:\xampp\htdocs\wpaddy\vendor\laravel\framework\src\Illuminate\Database\Connection.php(607): Illuminate\Database\Connection->runQueryCallback('select top 1 * ...', Array, Object(Closure))
#1 C:\xampp\htdocs\wpaddy\vendor\laravel\framework\src\Illuminate\Database\Connection.php(326): Illuminate\Database\Connection->run('select top 1 * ...', Array, Object(Closure))
#2 C:\xampp\htdocs\wpaddy\vendor\laravel\framework\src\Illuminate\Database\Query\Builder.php(1705): Illuminate\Database\Connection->select('select top 1 * ...', Array, true)
#3 C:\xampp\htdocs\wpaddy\vendor\laravel\framework\src\Illuminate\Database\Query\Builder.php(1690): Illuminate\Database\Query\Builder->runSelect()
#4 C:\xampp\htdocs\wpaddy\vendor\laravel\framework\src\Illuminate\Database\Eloquent\Builder.php(462): Illuminate\Database\Query\Builder->get(Array)
#5 C:\xampp\htdocs\wpaddy\vendor\laravel\framework\src\Illuminate\Database\Eloquent\Builder.php(446): Illuminate\Database\Eloquent\Builder->getModels(Array)
#6 C:\xampp\htdocs\wpaddy\vendor\laravel\framework\src\Illuminate\Database\Concerns\BuildsQueries.php(75): Illuminate\Database\Eloquent\Builder->get(Array)
#7 C:\xampp\htdocs\wpaddy\vendor\laravel\framework\src\Illuminate\Auth\EloquentUserProvider.php(51): Illuminate\Database\Eloquent\Builder->first()
#8 C:\xampp\htdocs\wpaddy\vendor\laravel\framework\src\Illuminate\Auth\SessionGuard.php(133): Illuminate\Auth\EloquentUserProvider->retrieveById(2)
#9 C:\xampp\htdocs\wpaddy\app\Http\Middleware\RequestLog.php(45): Illuminate\Auth\SessionGuard->user()
#10 C:\xampp\htdocs\wpaddy\vendor\laravel\framework\src\Illuminate\Foundation\Http\Kernel.php(218): App\Http\Middleware\RequestLog->terminate(Object(Illuminate\Http\Request), Object(Illuminate\Http\Response))
#11 C:\xampp\htdocs\wpaddy\vendor\laravel\framework\src\Illuminate\Foundation\Http\Kernel.php(189): Illuminate\Foundation\Http\Kernel->terminateMiddleware(Object(Illuminate\Http\Request), Object(Illuminate\Http\Response))
#12 C:\xampp\htdocs\wpaddy\public\index.php(58): Illuminate\Foundation\Http\Kernel->terminate(Object(Illuminate\Http\Request), Object(Illuminate\Http\Response))
#13 {main}  
[2019-10-19 23:52:09] development.ERROR: Symfony\Component\Debug\Exception\FatalErrorException: Maximum execution time of 30 seconds exceeded in C:\xampp\htdocs\wpaddy\vendor\laravel\framework\src\Illuminate\Routing\Matching\SchemeValidator.php:8
Stack trace:
#0 {main}  
