
guest|::1|Windows|7|Chrome|69.0.3497.100|2018-10-25 09:34:38|200|GET|http://localhost:8080/webvpc/public/extra-login|[]
guest|::1|Windows|7|Chrome|69.0.3497.100|2018-10-25 09:34:39|200|GET|http://localhost:8080/webvpc/public/_debugbar/assets/stylesheets|{"v":"1502731300"}
guest|::1|Windows|7|Chrome|69.0.3497.100|2018-10-25 09:34:39|200|GET|http://localhost:8080/webvpc/public/_debugbar/assets/javascript|{"v":"1502731300"}
guest|::1|Windows|7|Chrome|69.0.3497.100|2018-10-25 09:38:55|302|POST|http://localhost:8080/webvpc/public/extra-attempt|{"_token":"xDtgKVLsyTTThqsyAn5p0kooxDeMjI33e3nYPvNp","registro":"B27693","passw":"vpc201801*"}
guest|::1|Windows|7|Chrome|69.0.3497.100|2018-10-25 09:38:56|200|GET|http://localhost:8080/webvpc/public/extra-login|[]
B27693|::1|Windows|7|Chrome|69.0.3497.100|2018-10-25 09:39:08|302|POST|http://localhost:8080/webvpc/public/extra-attempt|{"_token":"xDtgKVLsyTTThqsyAn5p0kooxDeMjI33e3nYPvNp","registro":"B27693","passw":"VPC201801*"}
B27693|::1|Windows|7|Chrome|69.0.3497.100|2018-10-25 09:40:27|302|POST|http://localhost:8080/webvpc/public/extra-attempt|{"_token":"xDtgKVLsyTTThqsyAn5p0kooxDeMjI33e3nYPvNp","registro":"B27693","passw":"VPC201801*"}
B27693|::1|Windows|7|Chrome|69.0.3497.100|2018-10-25 09:40:32|200|GET|http://localhost:8080/webvpc/public/bpe/en/leads|[]
B27693|::1|Windows|7|Chrome|69.0.3497.100|2018-10-25 09:44:31|200|GET|http://localhost:8080/webvpc/public/bpe/en/leads|{"documento":"20551964354","campanha":null,"marca":null,"lead":null,"distrito":null}
B27693|::1|Windows|7|Chrome|69.0.3497.100|2018-10-25 09:44:38|200|GET|http://localhost:8080/webvpc/public/bpe/campanha/consulta-nuevos|[]
B27693|::1|Windows|7|Chrome|69.0.3497.100|2018-10-25 09:44:43|200|GET|http://localhost:8080/webvpc/public/bpe/campanha/consulta-nuevos|{"nro_doc":"20551964354"}
B27693|::1|Windows|7|Chrome|69.0.3497.100|2018-10-25 09:45:09|200|GET|http://localhost:8080/webvpc/public/bpe/en/leads|[]
B27693|::1|Windows|7|Chrome|69.0.3497.100|2018-10-25 09:45:14|200|GET|http://localhost:8080/webvpc/public/bpe/en/leads|{"documento":"20551964354","campanha":null,"marca":null,"lead":null,"distrito":null}
B27693|::1|Windows|7|Chrome|69.0.3497.100|2018-10-25 09:46:13|200|GET|http://localhost:8080/webvpc/public/bpe/en/leads|{"documento":null,"campanha":null,"marca":null,"lead":"SADARO IMPORT","distrito":null}
B27693|::1|Windows|7|Chrome|69.0.3497.100|2018-10-25 09:47:30|200|GET|http://localhost:8080/webvpc/public/bpe/en/leads|{"documento":null,"campanha":null,"marca":null,"lead":"SADARO","distrito":null}
guest|::1|Windows|7|Chrome|69.0.3497.100|2018-10-25 09:47:58|302|GET|http://localhost:8080/webvpc/public/logout|[]
guest|::1|Windows|7|Chrome|69.0.3497.100|2018-10-25 09:47:59|200|GET|http://localhost:8080/webvpc/public|[]
guest|::1|Windows|7|Chrome|69.0.3497.100|2018-10-25 09:48:10|302|POST|http://localhost:8080/webvpc/public/login|{"_token":"xDtgKVLsyTTThqsyAn5p0kooxDeMjI33e3nYPvNp","registro":"B28358","passw":"B28358"}
guest|::1|Windows|7|Chrome|69.0.3497.100|2018-10-25 09:48:10|200|GET|http://localhost:8080/webvpc/public|[]
guest|::1|Windows|7|Chrome|69.0.3497.100|2018-10-25 09:48:24|200|GET|http://localhost:8080/webvpc/public/extra-login|[]
B28358|::1|Windows|7|Chrome|69.0.3497.100|2018-10-25 09:48:34|302|POST|http://localhost:8080/webvpc/public/extra-attempt|{"_token":"xDtgKVLsyTTThqsyAn5p0kooxDeMjI33e3nYPvNp","registro":"B28358","passw":"VPC201801*"}
B28358|::1|Windows|7|Chrome|69.0.3497.100|2018-10-25 09:48:48|200|GET|http://localhost:8080/webvpc/public/bpe/en/leads|[]
B28358|::1|Windows|7|Chrome|69.0.3497.100|2018-10-25 09:48:54|200|GET|http://localhost:8080/webvpc/public/bpe/en/leads|{"documento":"20551964354","campanha":null,"marca":null,"lead":null,"distrito":null}
B28358|::1|Windows|7|Chrome|69.0.3497.100|2018-10-25 09:49:31|200|GET|http://localhost:8080/webvpc/public/bpe/campanha/consulta-nuevos|[]
B28358|::1|Windows|7|Chrome|69.0.3497.100|2018-10-25 09:49:34|200|GET|http://localhost:8080/webvpc/public/bpe/campanha/consulta-nuevos|{"nro_doc":"20551964354"}
B28358|::1|Windows|7|Chrome|69.0.3497.100|2018-10-25 09:54:06|200|GET|http://localhost:8080/webvpc/public/bpe/campanha/consulta-nuevos|{"nro_doc":"20551964354"}
B28358|::1|Windows|7|Chrome|69.0.3497.100|2018-10-25 09:54:11|200|GET|http://localhost:8080/webvpc/public/bpe/cli/cartera|[]
guest|::1|Windows|7|Chrome|69.0.3497.100|2018-10-25 12:13:46|200|GET|http://localhost:8080/webvpc/public/extra-login|[]