guest|::1|Windows|7|Chrome|72.0.3626.109|2019-02-19 11:13:19|200|GET|http://localhost:8080/webvpc/public|[]
guest|::1|Windows|7|Chrome|72.0.3626.109|2019-02-19 11:13:20|200|GET|http://localhost:8080/webvpc/public/_debugbar/assets/javascript|{"v":"1502731300"}
guest|::1|Windows|7|Chrome|72.0.3626.109|2019-02-19 11:14:06|302|POST|http://localhost:8080/webvpc/public/login|{"_token":"kFnwzOBKmnrfYZROL2xS4eKgp0tI36acQ1zMn74x","registro":"B8884","passw":"$2y$10$ohcLKoNEy7qokgApJILh4u1SJ4Ia8JXYirdpND1cpXMbRtfRS4v7u"}
guest|::1|Windows|7|Chrome|72.0.3626.109|2019-02-19 11:14:09|200|GET|http://localhost:8080/webvpc/public|[]
guest|::1|Windows|7|Chrome|72.0.3626.109|2019-02-19 11:17:30|302|POST|http://localhost:8080/webvpc/public/login|{"_token":"kFnwzOBKmnrfYZROL2xS4eKgp0tI36acQ1zMn74x","registro":"B8884","passw":"1262314C828F998E172285F8A10394F5"}
guest|::1|Windows|7|Chrome|72.0.3626.109|2019-02-19 11:17:31|200|GET|http://localhost:8080/webvpc/public|[]
guest|::1|Windows|7|Chrome|72.0.3626.109|2019-02-19 11:18:39|302|POST|http://localhost:8080/webvpc/public/login|{"_token":"kFnwzOBKmnrfYZROL2xS4eKgp0tI36acQ1zMn74x","registro":"B8884","passw":"b4b38fe987041d941f0dfed4bc1ef7ac3dbfa070"}
guest|::1|Windows|7|Chrome|72.0.3626.109|2019-02-19 11:18:40|200|GET|http://localhost:8080/webvpc/public|[]
guest|::1|Windows|7|Chrome|72.0.3626.109|2019-02-19 11:33:59|200|GET|http://localhost:8080/webvpc/public|[]
guest|::1|Windows|7|Chrome|72.0.3626.109|2019-02-19 11:34:21|200|GET|http://localhost:8080/webvpc/public|[]
guest|::1|Windows|7|Chrome|72.0.3626.109|2019-02-19 11:47:28|200|GET|http://localhost:8080/webvpc/public/extra-login|[]
guest|::1|Windows|7|Chrome|72.0.3626.109|2019-02-19 11:47:35|200|GET|http://localhost:8080/webvpc/public/extra-login|[]
guest|::1|Windows|7|Chrome|72.0.3626.109|2019-02-19 11:48:35|302|POST|http://localhost:8080/webvpc/public/extra-attempt|{"_token":"Plovf3QX38odK4qaZwa0WNcupVSiuSJXfNW46En9","registro":"bp2567","passw":"VPC201801"}
guest|::1|Windows|7|Chrome|72.0.3626.109|2019-02-19 11:48:36|200|GET|http://localhost:8080/webvpc/public/extra-login|[]
guest|::1|Windows|7|Chrome|72.0.3626.109|2019-02-19 11:48:50|302|POST|http://localhost:8080/webvpc/public/extra-attempt|{"_token":"Plovf3QX38odK4qaZwa0WNcupVSiuSJXfNW46En9","registro":"B8884","passw":"VPC201801"}
guest|::1|Windows|7|Chrome|72.0.3626.109|2019-02-19 11:48:50|200|GET|http://localhost:8080/webvpc/public/extra-login|[]
B31041|::1|Windows|7|Chrome|72.0.3626.109|2019-02-19 11:49:07|302|POST|http://localhost:8080/webvpc/public/extra-attempt|{"_token":"Plovf3QX38odK4qaZwa0WNcupVSiuSJXfNW46En9","registro":"B31041","passw":"VPC201801*"}
B31041|::1|Windows|7|Chrome|72.0.3626.109|2019-02-19 11:49:08|200|GET|http://localhost:8080/webvpc/public/be/misacciones/lista|[]
B31041|::1|Windows|7|Chrome|72.0.3626.109|2019-02-19 11:49:13|200|GET|http://localhost:8080/webvpc/public/be/actividades|[]
B31041|::1|Windows|7|Chrome|72.0.3626.109|2019-02-19 11:49:18|200|GET|http://localhost:8080/webvpc/public/be/misacciones/lista|[]
B31041|::1|Windows|7|Chrome|72.0.3626.109|2019-02-19 11:49:31|200|GET|http://localhost:8080/webvpc/public/be/actividades|[]
B31041|::1|Windows|7|Chrome|72.0.3626.109|2019-02-19 11:49:33|200|GET|http://localhost:8080/webvpc/public/be/micontacto|[]
B31041|::1|Windows|7|Chrome|72.0.3626.109|2019-02-19 11:49:34|200|GET|http://localhost:8080/webvpc/public/ecosistema/principal|[]
B31041|::1|Windows|7|Chrome|72.0.3626.109|2019-02-19 11:49:35|500|GET|http://localhost:8080/webvpc/public/ecosistema/obtener-empresas|[]
B31041|::1|Windows|7|Chrome|72.0.3626.109|2019-02-19 11:49:36|200|GET|http://localhost:8080/webvpc/public/_debugbar/open|{"op":"get","id":"100084ec48ee77a9d0d4866c4b1bece9"}
B31041|::1|Windows|7|Chrome|72.0.3626.109|2019-02-19 11:49:36|500|GET|http://localhost:8080/webvpc/public/ecosistema/seguimiento-ingresado|[]
B31041|::1|Windows|7|Chrome|72.0.3626.109|2019-02-19 11:49:40|200|GET|http://localhost:8080/webvpc/public/pass-change|[]
B31041|::1|Windows|7|Chrome|72.0.3626.109|2019-02-19 11:49:44|200|GET|http://localhost:8080/webvpc/public/be/misacciones/lista|[]
B31041|::1|Windows|7|Chrome|72.0.3626.109|2019-02-19 11:53:08|200|GET|http://localhost:8080/webvpc/public/be/actividades|[]
B31041|::1|Windows|7|Chrome|72.0.3626.109|2019-02-19 11:53:11|200|GET|http://localhost:8080/webvpc/public/be/misacciones/lista|[]
B31041|::1|Windows|7|Chrome|72.0.3626.109|2019-02-19 11:53:14|200|GET|http://localhost:8080/webvpc/public/be/misacciones/lista|{"helpBug":"0","ejecutivo":null,"ejecutivoProducto":null,"razonSocial":null,"codUnico":null,"categoria":null,"estrategia":null,"accion":null,"etapa":null,"semaforo":null}
B31041|::1|Windows|7|Chrome|72.0.3626.109|2019-02-19 11:59:38|302|GET|http://localhost:8080/webvpc/public|[]
B31041|::1|Windows|7|Chrome|72.0.3626.109|2019-02-19 11:59:39|200|GET|http://localhost:8080/webvpc/public/be/misacciones/lista|[]
B31041|::1|Windows|7|Chrome|72.0.3626.109|2019-02-19 11:59:45|200|GET|http://localhost:8080/webvpc/public/be/misacciones/lista|{"helpBug":"0","flgAccion":"0","ejecutivo":null,"ejecutivoProducto":null,"razonSocial":null,"codUnico":null,"categoria":null,"estrategia":null,"accion":null,"etapa":null,"semaforo":null}
B31041|::1|Windows|7|Chrome|72.0.3626.109|2019-02-19 11:59:51|200|GET|http://localhost:8080/webvpc/public/be/misacciones/lista|{"helpBug":"0","flgAccion":"1","ejecutivo":null,"ejecutivoProducto":null,"razonSocial":null,"codUnico":null,"categoria":null,"estrategia":null,"accion":null,"etapa":null,"semaforo":null}
B31041|::1|Windows|7|Chrome|72.0.3626.109|2019-02-19 12:00:11|200|GET|http://localhost:8080/webvpc/public/be/actividades|[]
B31041|::1|Windows|7|Chrome|72.0.3626.109|2019-02-19 12:02:53|200|GET|http://localhost:8080/webvpc/public/be/misacciones/lista|[]
guest|::1|Windows|7|Chrome|72.0.3626.109|2019-02-19 12:03:27|302|GET|http://localhost:8080/webvpc/public/logout|[]
guest|::1|Windows|7|Chrome|72.0.3626.109|2019-02-19 12:03:27|200|GET|http://localhost:8080/webvpc/public|[]
guest|::1|Windows|7|Chrome|72.0.3626.109|2019-02-19 12:03:44|302|POST|http://localhost:8080/webvpc/public/login|{"_token":"Plovf3QX38odK4qaZwa0WNcupVSiuSJXfNW46En9","registro":"B19422","passw":"VPC201801*"}
guest|::1|Windows|7|Chrome|72.0.3626.109|2019-02-19 12:03:44|200|GET|http://localhost:8080/webvpc/public|[]
guest|::1|Windows|7|Chrome|72.0.3626.109|2019-02-19 12:03:57|302|POST|http://localhost:8080/webvpc/public/login|{"_token":"Plovf3QX38odK4qaZwa0WNcupVSiuSJXfNW46En9","registro":"B19422","passw":"VPC201801*"}
guest|::1|Windows|7|Chrome|72.0.3626.109|2019-02-19 12:03:58|200|GET|http://localhost:8080/webvpc/public|[]
guest|::1|Windows|7|Chrome|72.0.3626.109|2019-02-19 12:04:22|302|POST|http://localhost:8080/webvpc/public/login|{"_token":"Plovf3QX38odK4qaZwa0WNcupVSiuSJXfNW46En9","registro":"B28384","passw":"VPC201801*"}
guest|::1|Windows|7|Chrome|72.0.3626.109|2019-02-19 12:04:22|200|GET|http://localhost:8080/webvpc/public|[]
guest|::1|Windows|7|Chrome|72.0.3626.109|2019-02-19 12:04:42|302|POST|http://localhost:8080/webvpc/public/login|{"_token":"Plovf3QX38odK4qaZwa0WNcupVSiuSJXfNW46En9","registro":"B27796","passw":"VPC201801"}
guest|::1|Windows|7|Chrome|72.0.3626.109|2019-02-19 12:04:42|200|GET|http://localhost:8080/webvpc/public|[]
guest|::1|Windows|7|Chrome|72.0.3626.109|2019-02-19 12:04:51|302|POST|http://localhost:8080/webvpc/public/login|{"_token":"Plovf3QX38odK4qaZwa0WNcupVSiuSJXfNW46En9","registro":"B27796","passw":"VPC201801*"}
guest|::1|Windows|7|Chrome|72.0.3626.109|2019-02-19 12:04:51|200|GET|http://localhost:8080/webvpc/public|[]
guest|::1|Windows|7|Chrome|72.0.3626.109|2019-02-19 12:05:03|302|POST|http://localhost:8080/webvpc/public/login|{"_token":"Plovf3QX38odK4qaZwa0WNcupVSiuSJXfNW46En9","registro":"B27796","passw":"VPC201801*"}
guest|::1|Windows|7|Chrome|72.0.3626.109|2019-02-19 12:05:04|200|GET|http://localhost:8080/webvpc/public|[]
guest|::1|Windows|7|Chrome|72.0.3626.109|2019-02-19 12:05:16|302|POST|http://localhost:8080/webvpc/public/login|{"_token":"Plovf3QX38odK4qaZwa0WNcupVSiuSJXfNW46En9","registro":"B25163","passw":"VCP201801"}
guest|::1|Windows|7|Chrome|72.0.3626.109|2019-02-19 12:05:16|200|GET|http://localhost:8080/webvpc/public|[]
guest|::1|Windows|7|Chrome|72.0.3626.109|2019-02-19 12:51:18|302|POST|http://localhost:8080/webvpc/public/login|{"_token":"Plovf3QX38odK4qaZwa0WNcupVSiuSJXfNW46En9","registro":"B8884","passw":"VPC201801*"}
guest|::1|Windows|7|Chrome|72.0.3626.109|2019-02-19 12:51:18|200|GET|http://localhost:8080/webvpc/public|[]
guest|::1|Windows|7|Chrome|72.0.3626.109|2019-02-19 12:51:26|200|GET|http://localhost:8080/webvpc/public|[]
guest|::1|Windows|7|Chrome|72.0.3626.109|2019-02-19 12:51:26|200|GET|http://localhost:8080/webvpc/public/_debugbar/assets/stylesheets|{"v":"1502731300"}
guest|::1|Windows|7|Chrome|72.0.3626.109|2019-02-19 12:51:26|200|GET|http://localhost:8080/webvpc/public/_debugbar/assets/javascript|{"v":"1502731300"}
guest|::1|Windows|7|Chrome|72.0.3626.109|2019-02-19 12:51:47|302|POST|http://localhost:8080/webvpc/public/login|{"_token":"Plovf3QX38odK4qaZwa0WNcupVSiuSJXfNW46En9","registro":"B8884","passw":"VPC201801*"}
guest|::1|Windows|7|Chrome|72.0.3626.109|2019-02-19 12:51:47|200|GET|http://localhost:8080/webvpc/public|[]
guest|::1|Windows|7|Chrome|72.0.3626.109|2019-02-19 12:52:00|302|POST|http://localhost:8080/webvpc/public/login|{"_token":"Plovf3QX38odK4qaZwa0WNcupVSiuSJXfNW46En9","registro":"B8884","passw":"VPC201801"}
guest|::1|Windows|7|Chrome|72.0.3626.109|2019-02-19 12:52:00|200|GET|http://localhost:8080/webvpc/public|[]
guest|::1|Windows|7|Chrome|72.0.3626.109|2019-02-19 12:52:15|302|POST|http://localhost:8080/webvpc/public/login|{"_token":"Plovf3QX38odK4qaZwa0WNcupVSiuSJXfNW46En9","registro":"B15683","passw":"VPC201801*"}
guest|::1|Windows|7|Chrome|72.0.3626.109|2019-02-19 12:52:15|200|GET|http://localhost:8080/webvpc/public|[]
guest|::1|Windows|7|Chrome|72.0.3626.109|2019-02-19 12:52:25|200|GET|http://localhost:8080/webvpc/public|[]
guest|::1|Windows|7|Chrome|72.0.3626.109|2019-02-19 12:53:42|302|POST|http://localhost:8080/webvpc/public/login|{"_token":"Plovf3QX38odK4qaZwa0WNcupVSiuSJXfNW46En9","registro":"B8884","passw":"VPC201801*"}
guest|::1|Windows|7|Chrome|72.0.3626.109|2019-02-19 12:53:43|200|GET|http://localhost:8080/webvpc/public|[]
guest|::1|Windows|7|Chrome|72.0.3626.109|2019-02-19 12:53:57|302|POST|http://localhost:8080/webvpc/public/login|{"_token":"Plovf3QX38odK4qaZwa0WNcupVSiuSJXfNW46En9","registro":"B30940","passw":"VPC201801*"}
guest|::1|Windows|7|Chrome|72.0.3626.109|2019-02-19 12:53:57|200|GET|http://localhost:8080/webvpc/public|[]
guest|::1|Windows|7|Chrome|72.0.3626.109|2019-02-19 12:54:33|302|POST|http://localhost:8080/webvpc/public/login|{"_token":"Plovf3QX38odK4qaZwa0WNcupVSiuSJXfNW46En9","registro":"B36149","passw":"VPC201801*"}
guest|::1|Windows|7|Chrome|72.0.3626.109|2019-02-19 12:54:33|200|GET|http://localhost:8080/webvpc/public|[]
guest|::1|Windows|7|Chrome|72.0.3626.109|2019-02-19 12:54:42|200|GET|http://localhost:8080/webvpc/public|[]
guest|::1|Windows|7|Chrome|72.0.3626.109|2019-02-19 12:54:50|200|GET|http://localhost:8080/webvpc/public/extra-login|[]
B36371|::1|Windows|7|Chrome|72.0.3626.109|2019-02-19 12:55:04|302|POST|http://localhost:8080/webvpc/public/extra-attempt|{"_token":"Plovf3QX38odK4qaZwa0WNcupVSiuSJXfNW46En9","registro":"B36371","passw":"VPC201801*"}
B36371|::1|Windows|7|Chrome|72.0.3626.109|2019-02-19 12:55:12|200|GET|http://localhost:8080/webvpc/public/be/miprospecto/lista|[]
B36371|::1|Windows|7|Chrome|72.0.3626.109|2019-02-19 12:55:29|200|GET|http://localhost:8080/webvpc/public/be/miprospecto/lista|{"page":"1","sort":"deudaD","order":"asc"}
B36371|::1|Windows|7|Chrome|72.0.3626.109|2019-02-19 12:55:34|200|GET|http://localhost:8080/webvpc/public/be/miprospecto/lista|{"page":"1","sort":"deudaD","order":"desc"}
B36371|::1|Windows|7|Chrome|72.0.3626.109|2019-02-19 12:56:01|200|GET|http://localhost:8080/webvpc/public/be/miprospecto/lista|{"documento":null,"razonSocial":null,"banca":null,"zonal":null,"jefatura":null,"ejecutivo":null,"semaforo":null,"estrategia":null,"etapa":"Todos","verificado":null,"bcoPrincipal":null,"minDeudaDirecta":null,"maxDeudaDirecta":null,"minDeudaIndirecta":null,"maxDeudaIndirecta":null,"bcoPrincipalGarantia":"Todos","minGarantia":null,"maxGarantia":null}
B36371|::1|Windows|7|Chrome|72.0.3626.109|2019-02-19 13:11:27|200|GET|http://localhost:8080/webvpc/public/be/miprospecto/lista|{"documento":null,"razonSocial":null,"banca":null,"zonal":null,"jefatura":null,"ejecutivo":null,"semaforo":null,"estrategia":null,"etapa":"Todos","verificado":null,"bcoPrincipal":null,"minDeudaDirecta":null,"maxDeudaDirecta":null,"minDeudaIndirecta":null,"maxDeudaIndirecta":null,"bcoPrincipalGarantia":"Todos","minGarantia":null,"maxGarantia":null}
B36371|::1|Windows|7|Chrome|72.0.3626.109|2019-02-19 13:11:31|200|GET|http://localhost:8080/webvpc/public/be/miprospecto/lista|{"documento":null,"razonSocial":null,"banca":null,"zonal":null,"jefatura":null,"ejecutivo":null,"semaforo":null,"estrategia":null,"etapa":"Todos","verificado":null,"bcoPrincipal":null,"minDeudaDirecta":null,"maxDeudaDirecta":null,"minDeudaIndirecta":null,"maxDeudaIndirecta":null,"bcoPrincipalGarantia":"Todos","minGarantia":null,"maxGarantia":null}
B36371|::1|Windows|7|Chrome|72.0.3626.109|2019-02-19 13:12:12|500|GET|http://localhost:8080/webvpc/public/be/miprospecto/lista|{"documento":null,"razonSocial":null,"banca":null,"zonal":null,"jefatura":null,"ejecutivo":null,"semaforo":null,"estrategia":null,"etapa":"Todos","verificado":null,"bcoPrincipal":null,"minDeudaDirecta":null,"maxDeudaDirecta":null,"minDeudaIndirecta":null,"maxDeudaIndirecta":null,"bcoPrincipalGarantia":"Todos","minGarantia":null,"maxGarantia":null}
B36371|::1|Windows|7|Chrome|72.0.3626.109|2019-02-19 13:12:22|500|GET|http://localhost:8080/webvpc/public/be/miprospecto/lista|{"documento":null,"razonSocial":null,"banca":null,"zonal":null,"jefatura":null,"ejecutivo":null,"semaforo":null,"estrategia":null,"etapa":"Todos","verificado":null,"bcoPrincipal":null,"minDeudaDirecta":null,"maxDeudaDirecta":null,"minDeudaIndirecta":null,"maxDeudaIndirecta":null,"bcoPrincipalGarantia":"Todos","minGarantia":null,"maxGarantia":null}
guest|::1|Windows|7|Chrome|72.0.3626.109|2019-02-19 13:20:52|200|GET|http://localhost:8080/webvpc/public/extra-login|[]
B33886|::1|Windows|7|Chrome|72.0.3626.109|2019-02-19 13:21:04|302|POST|http://localhost:8080/webvpc/public/extra-attempt|{"_token":"y71wvhIIQlWv3DnMkG3lpMeWtZHIBuhl7snVAVz1","registro":"B33886","passw":"VPC201801*"}
B33886|::1|Windows|7|Chrome|72.0.3626.109|2019-02-19 13:21:05|200|GET|http://localhost:8080/webvpc/public/encuesta-interna/principal|[]
guest|::1|Windows|7|Chrome|72.0.3626.109|2019-02-19 13:21:20|302|GET|http://localhost:8080/webvpc/public/logout|[]
guest|::1|Windows|7|Chrome|72.0.3626.109|2019-02-19 13:21:20|200|GET|http://localhost:8080/webvpc/public|[]
guest|::1|Windows|7|Chrome|72.0.3626.109|2019-02-19 13:21:29|302|POST|http://localhost:8080/webvpc/public/login|{"_token":"y71wvhIIQlWv3DnMkG3lpMeWtZHIBuhl7snVAVz1","registro":"B36290","passw":"VPC201801*"}
guest|::1|Windows|7|Chrome|72.0.3626.109|2019-02-19 13:21:30|200|GET|http://localhost:8080/webvpc/public|[]
guest|::1|Windows|7|Chrome|72.0.3626.109|2019-02-19 13:21:35|200|GET|http://localhost:8080/webvpc/public/extra-login|[]
B36290|::1|Windows|7|Chrome|72.0.3626.109|2019-02-19 13:21:41|302|POST|http://localhost:8080/webvpc/public/extra-attempt|{"_token":"y71wvhIIQlWv3DnMkG3lpMeWtZHIBuhl7snVAVz1","registro":"B36290","passw":"VPC201801*"}
B36290|::1|Windows|7|Chrome|72.0.3626.109|2019-02-19 13:22:00|200|GET|http://localhost:8080/webvpc/public/bpe/en/leads|[]
B36290|::1|Windows|7|Chrome|72.0.3626.109|2019-02-19 13:22:07|200|GET|http://localhost:8080/webvpc/public/bpe/en/leads|[]
B36290|::1|Windows|7|Chrome|72.0.3626.109|2019-02-19 13:22:15|200|GET|http://localhost:8080/webvpc/public/bpe/campanha/consulta-nuevos|[]
guest|::1|Windows|7|Chrome|72.0.3626.109|2019-02-19 13:22:19|302|GET|http://localhost:8080/webvpc/public/logout|[]
guest|::1|Windows|7|Chrome|72.0.3626.109|2019-02-19 13:22:19|200|GET|http://localhost:8080/webvpc/public|[]
guest|::1|Windows|7|Chrome|72.0.3626.109|2019-02-19 13:22:38|302|POST|http://localhost:8080/webvpc/public/login|{"_token":"y71wvhIIQlWv3DnMkG3lpMeWtZHIBuhl7snVAVz1","registro":"B12613","passw":"VPC201801*"}
guest|::1|Windows|7|Chrome|72.0.3626.109|2019-02-19 13:22:39|200|GET|http://localhost:8080/webvpc/public|[]
guest|::1|Windows|7|Chrome|72.0.3626.109|2019-02-19 13:22:41|200|GET|http://localhost:8080/webvpc/public/extra-login|[]
B12613|::1|Windows|7|Chrome|72.0.3626.109|2019-02-19 13:22:54|302|POST|http://localhost:8080/webvpc/public/extra-attempt|{"_token":"y71wvhIIQlWv3DnMkG3lpMeWtZHIBuhl7snVAVz1","registro":"B12613","passw":"VPC201801*"}
B12613|::1|Windows|7|Chrome|72.0.3626.109|2019-02-19 13:22:54|200|GET|http://localhost:8080/webvpc/public/bpe/campanha/consulta-nuevos|[]
B12613|::1|Windows|7|Chrome|72.0.3626.109|2019-02-19 13:23:03|200|GET|http://localhost:8080/webvpc/public/bpe/soporte/asignacion|[]
B12613|::1|Windows|7|Chrome|72.0.3626.109|2019-02-19 13:23:06|200|GET|http://localhost:8080/webvpc/public/bpe/campanha/consulta-nuevos|[]
guest|::1|Windows|7|Chrome|72.0.3626.109|2019-02-19 13:23:09|302|GET|http://localhost:8080/webvpc/public/logout|[]
guest|::1|Windows|7|Chrome|72.0.3626.109|2019-02-19 13:23:10|200|GET|http://localhost:8080/webvpc/public|[]
guest|::1|Windows|7|Chrome|72.0.3626.109|2019-02-19 13:24:22|200|GET|http://localhost:8080/webvpc/public/extra-login|[]
guest|::1|Windows|7|Chrome|72.0.3626.109|2019-02-19 13:24:27|302|POST|http://localhost:8080/webvpc/public/extra-attempt|{"_token":"y71wvhIIQlWv3DnMkG3lpMeWtZHIBuhl7snVAVz1","registro":"B27462","passw":"B27462"}
guest|::1|Windows|7|Chrome|72.0.3626.109|2019-02-19 13:24:27|200|GET|http://localhost:8080/webvpc/public/extra-login|[]
B27462|::1|Windows|7|Chrome|72.0.3626.109|2019-02-19 13:24:34|302|POST|http://localhost:8080/webvpc/public/extra-attempt|{"_token":"y71wvhIIQlWv3DnMkG3lpMeWtZHIBuhl7snVAVz1","registro":"B27462","passw":"VPC201801*"}
B27462|::1|Windows|7|Chrome|72.0.3626.109|2019-02-19 13:24:40|200|GET|http://localhost:8080/webvpc/public/be/resumen|[]
B27462|::1|Windows|7|Chrome|72.0.3626.109|2019-02-19 13:29:29|500|GET|http://localhost:8080/webvpc/public/be/miprospecto/lista|[]
B27462|::1|Windows|7|Chrome|72.0.3626.109|2019-02-19 13:30:14|500|GET|http://localhost:8080/webvpc/public/be/miprospecto/lista|[]
B27462|::1|Windows|7|Chrome|72.0.3626.109|2019-02-19 13:30:14|200|GET|http://localhost:8080/webvpc/public/_debugbar/assets/stylesheets|{"v":"1502731300"}
B27462|::1|Windows|7|Chrome|72.0.3626.109|2019-02-19 13:30:14|200|GET|http://localhost:8080/webvpc/public/_debugbar/assets/javascript|{"v":"1502731300"}
B27462|::1|Windows|7|Chrome|72.0.3626.109|2019-02-19 13:37:04|200|GET|http://localhost:8080/webvpc/public/be/miprospecto/lista|[]
B27462|::1|Windows|7|Chrome|72.0.3626.109|2019-02-19 13:37:04|200|GET|http://localhost:8080/webvpc/public/_debugbar/assets/stylesheets|{"v":"1502731300"}
B27462|::1|Windows|7|Chrome|72.0.3626.109|2019-02-19 13:37:04|200|GET|http://localhost:8080/webvpc/public/_debugbar/assets/javascript|{"v":"1502731300"}
B27462|::1|Windows|7|Chrome|72.0.3626.109|2019-02-19 13:45:26|200|GET|http://localhost:8080/webvpc/public/be/miprospecto/lista|[]
B27462|::1|Windows|7|Chrome|72.0.3626.109|2019-02-19 13:45:27|200|GET|http://localhost:8080/webvpc/public/_debugbar/assets/stylesheets|{"v":"1502731300"}
B27462|::1|Windows|7|Chrome|72.0.3626.109|2019-02-19 13:45:27|200|GET|http://localhost:8080/webvpc/public/_debugbar/assets/javascript|{"v":"1502731300"}
B27462|::1|Windows|7|Chrome|72.0.3626.109|2019-02-19 13:45:54|200|GET|http://localhost:8080/webvpc/public/be/miprospecto/lista|[]
B27462|::1|Windows|7|Chrome|72.0.3626.109|2019-02-19 13:45:54|200|GET|http://localhost:8080/webvpc/public/_debugbar/assets/stylesheets|{"v":"1502731300"}
B27462|::1|Windows|7|Chrome|72.0.3626.109|2019-02-19 13:45:54|200|GET|http://localhost:8080/webvpc/public/_debugbar/assets/javascript|{"v":"1502731300"}
B27462|::1|Windows|7|Chrome|72.0.3626.109|2019-02-19 13:48:29|200|GET|http://localhost:8080/webvpc/public/be/miprospecto/lista|[]
B27462|::1|Windows|7|Chrome|72.0.3626.109|2019-02-19 13:48:29|200|GET|http://localhost:8080/webvpc/public/_debugbar/assets/stylesheets|{"v":"1502731300"}
B27462|::1|Windows|7|Chrome|72.0.3626.109|2019-02-19 13:48:29|200|GET|http://localhost:8080/webvpc/public/_debugbar/assets/javascript|{"v":"1502731300"}
B27462|::1|Windows|7|Chrome|72.0.3626.109|2019-02-19 13:48:36|200|GET|http://localhost:8080/webvpc/public/be/miprospecto/lista|[]
B27462|::1|Windows|7|Chrome|72.0.3626.109|2019-02-19 13:48:37|200|GET|http://localhost:8080/webvpc/public/_debugbar/assets/stylesheets|{"v":"1502731300"}
B27462|::1|Windows|7|Chrome|72.0.3626.109|2019-02-19 13:48:37|200|GET|http://localhost:8080/webvpc/public/_debugbar/assets/javascript|{"v":"1502731300"}
B27462|::1|Windows|7|Chrome|72.0.3626.109|2019-02-19 13:49:47|200|GET|http://localhost:8080/webvpc/public/be/miprospecto/lista|[]
B27462|::1|Windows|7|Chrome|72.0.3626.109|2019-02-19 13:49:47|200|GET|http://localhost:8080/webvpc/public/_debugbar/assets/stylesheets|{"v":"1502731300"}
B27462|::1|Windows|7|Chrome|72.0.3626.109|2019-02-19 13:49:47|200|GET|http://localhost:8080/webvpc/public/_debugbar/assets/javascript|{"v":"1502731300"}
B27462|::1|Windows|7|Chrome|72.0.3626.109|2019-02-19 13:50:12|200|GET|http://localhost:8080/webvpc/public/be/miprospecto/lista|[]
B27462|::1|Windows|7|Chrome|72.0.3626.109|2019-02-19 13:50:12|200|GET|http://localhost:8080/webvpc/public/_debugbar/assets/stylesheets|{"v":"1502731300"}
B27462|::1|Windows|7|Chrome|72.0.3626.109|2019-02-19 13:50:12|200|GET|http://localhost:8080/webvpc/public/_debugbar/assets/javascript|{"v":"1502731300"}
B27462|::1|Windows|7|Chrome|72.0.3626.109|2019-02-19 13:50:46|200|GET|http://localhost:8080/webvpc/public/be/miprospecto/lista|[]
B27462|::1|Windows|7|Chrome|72.0.3626.109|2019-02-19 13:50:47|200|GET|http://localhost:8080/webvpc/public/_debugbar/assets/stylesheets|{"v":"1502731300"}
B27462|::1|Windows|7|Chrome|72.0.3626.109|2019-02-19 13:50:47|200|GET|http://localhost:8080/webvpc/public/_debugbar/assets/javascript|{"v":"1502731300"}
B27462|::1|Windows|7|Chrome|72.0.3626.109|2019-02-19 13:50:55|200|GET|http://localhost:8080/webvpc/public/be/miprospecto/lista|[]
B27462|::1|Windows|7|Chrome|72.0.3626.109|2019-02-19 13:50:56|200|GET|http://localhost:8080/webvpc/public/_debugbar/assets/stylesheets|{"v":"1502731300"}
B27462|::1|Windows|7|Chrome|72.0.3626.109|2019-02-19 13:50:56|200|GET|http://localhost:8080/webvpc/public/_debugbar/assets/javascript|{"v":"1502731300"}
B27462|::1|Windows|7|Chrome|72.0.3626.109|2019-02-19 13:51:07|200|GET|http://localhost:8080/webvpc/public/be/miprospecto/lista|[]
B27462|::1|Windows|7|Chrome|72.0.3626.109|2019-02-19 13:51:07|200|GET|http://localhost:8080/webvpc/public/_debugbar/assets/stylesheets|{"v":"1502731300"}
B27462|::1|Windows|7|Chrome|72.0.3626.109|2019-02-19 13:51:07|200|GET|http://localhost:8080/webvpc/public/_debugbar/assets/javascript|{"v":"1502731300"}
B27462|::1|Windows|7|Chrome|72.0.3626.109|2019-02-19 13:53:46|200|GET|http://localhost:8080/webvpc/public/be/miprospecto/lista|[]
B27462|::1|Windows|7|Chrome|72.0.3626.109|2019-02-19 13:53:47|200|GET|http://localhost:8080/webvpc/public/_debugbar/assets/stylesheets|{"v":"1502731300"}
B27462|::1|Windows|7|Chrome|72.0.3626.109|2019-02-19 13:53:47|200|GET|http://localhost:8080/webvpc/public/_debugbar/assets/javascript|{"v":"1502731300"}
B27462|::1|Windows|7|Chrome|72.0.3626.109|2019-02-19 13:57:02|200|GET|http://localhost:8080/webvpc/public/be/utils/get-jefaturas-by-zonal|{"zonal":"BELZONAL1"}
B27462|::1|Windows|7|Chrome|72.0.3626.109|2019-02-19 13:57:02|200|GET|http://localhost:8080/webvpc/public/_debugbar/open|{"op":"get","id":"90a28e0528c6440871f3648961686c19"}
B27462|::1|Windows|7|Chrome|72.0.3626.109|2019-02-19 13:57:02|200|GET|http://localhost:8080/webvpc/public/be/utils/get-ejecutivos-by-jefatura|{"jefatura":null,"zonal":"BELZONAL1"}
B27462|::1|Windows|7|Chrome|72.0.3626.109|2019-02-19 13:57:03|200|GET|http://localhost:8080/webvpc/public/_debugbar/open|{"op":"get","id":"3bd046c657618c1e458f12b320f01bdb"}
B27462|::1|Windows|7|Chrome|72.0.3626.109|2019-02-19 13:57:13|200|GET|http://localhost:8080/webvpc/public/be/utils/get-jefaturas-by-zonal|{"zonal":"BELZONAL2"}
B27462|::1|Windows|7|Chrome|72.0.3626.109|2019-02-19 13:57:14|200|GET|http://localhost:8080/webvpc/public/_debugbar/open|{"op":"get","id":"e12cbdc386d57ed8a0ddfef71596b407"}
B27462|::1|Windows|7|Chrome|72.0.3626.109|2019-02-19 13:57:14|200|GET|http://localhost:8080/webvpc/public/be/utils/get-ejecutivos-by-jefatura|{"jefatura":null,"zonal":"BELZONAL2"}
B27462|::1|Windows|7|Chrome|72.0.3626.109|2019-02-19 13:57:14|200|GET|http://localhost:8080/webvpc/public/_debugbar/open|{"op":"get","id":"894cb63e88315cd489c33c5d06f2addc"}
B27462|::1|Windows|7|Chrome|72.0.3626.109|2019-02-19 13:58:42|200|GET|http://localhost:8080/webvpc/public/be/miprospecto/lista|[]
B27462|::1|Windows|7|Chrome|72.0.3626.109|2019-02-19 13:58:43|200|GET|http://localhost:8080/webvpc/public/_debugbar/assets/stylesheets|{"v":"1502731300"}
B27462|::1|Windows|7|Chrome|72.0.3626.109|2019-02-19 13:58:43|200|GET|http://localhost:8080/webvpc/public/_debugbar/assets/javascript|{"v":"1502731300"}
B27462|::1|Windows|7|Chrome|72.0.3626.109|2019-02-19 13:58:45|200|GET|http://localhost:8080/webvpc/public/be/utils/get-jefaturas-by-zonal|{"zonal":"BELZONAL2"}
B27462|::1|Windows|7|Chrome|72.0.3626.109|2019-02-19 13:58:46|200|GET|http://localhost:8080/webvpc/public/_debugbar/open|{"op":"get","id":"702b2ee8fcbec8c26b67ccb022c6ff32"}
B27462|::1|Windows|7|Chrome|72.0.3626.109|2019-02-19 13:58:46|200|GET|http://localhost:8080/webvpc/public/be/utils/get-ejecutivos-by-jefatura|{"jefatura":null,"zonal":"BELZONAL2"}
B27462|::1|Windows|7|Chrome|72.0.3626.109|2019-02-19 13:58:46|200|GET|http://localhost:8080/webvpc/public/_debugbar/open|{"op":"get","id":"f90beefb0fd0b99259902a998b433211"}
B27462|::1|Windows|7|Chrome|72.0.3626.109|2019-02-19 13:59:50|200|GET|http://localhost:8080/webvpc/public/be/utils/get-jefaturas-by-zonal|{"zonal":"BELZONAL1"}
B27462|::1|Windows|7|Chrome|72.0.3626.109|2019-02-19 13:59:50|200|GET|http://localhost:8080/webvpc/public/_debugbar/open|{"op":"get","id":"1a2f06092b7f22ce0c5e7e3b8ff62cbc"}
B27462|::1|Windows|7|Chrome|72.0.3626.109|2019-02-19 13:59:50|200|GET|http://localhost:8080/webvpc/public/be/utils/get-ejecutivos-by-jefatura|{"jefatura":null,"zonal":"BELZONAL1"}
B27462|::1|Windows|7|Chrome|72.0.3626.109|2019-02-19 13:59:51|200|GET|http://localhost:8080/webvpc/public/_debugbar/open|{"op":"get","id":"f3c2974e5a4bb25ea5c880b64b96f9cd"}
B27462|::1|Windows|7|Chrome|72.0.3626.109|2019-02-19 13:59:55|200|GET|http://localhost:8080/webvpc/public/be/utils/get-jefaturas-by-zonal|{"zonal":"BELZONAL3"}
B27462|::1|Windows|7|Chrome|72.0.3626.109|2019-02-19 13:59:56|200|GET|http://localhost:8080/webvpc/public/_debugbar/open|{"op":"get","id":"889c38cdbe08d9f471418e3f11a951a8"}
B27462|::1|Windows|7|Chrome|72.0.3626.109|2019-02-19 13:59:56|200|GET|http://localhost:8080/webvpc/public/be/utils/get-ejecutivos-by-jefatura|{"jefatura":null,"zonal":"BELZONAL3"}
B27462|::1|Windows|7|Chrome|72.0.3626.109|2019-02-19 13:59:56|200|GET|http://localhost:8080/webvpc/public/_debugbar/open|{"op":"get","id":"889080e8b3bc2b587c2b1dcc19296324"}
B27462|::1|Windows|7|Chrome|72.0.3626.109|2019-02-19 14:00:00|200|GET|http://localhost:8080/webvpc/public/be/utils/get-jefaturas-by-zonal|{"zonal":"BELZONAL2"}
B27462|::1|Windows|7|Chrome|72.0.3626.109|2019-02-19 14:00:00|200|GET|http://localhost:8080/webvpc/public/_debugbar/open|{"op":"get","id":"c825a866d345c312e118ff21a932f752"}
B27462|::1|Windows|7|Chrome|72.0.3626.109|2019-02-19 14:00:00|200|GET|http://localhost:8080/webvpc/public/be/utils/get-ejecutivos-by-jefatura|{"jefatura":null,"zonal":"BELZONAL2"}
B27462|::1|Windows|7|Chrome|72.0.3626.109|2019-02-19 14:00:01|200|GET|http://localhost:8080/webvpc/public/_debugbar/open|{"op":"get","id":"fe474de40130ec8da493b27626938078"}