guest|::1|Windows|7|Chrome|73.0.3683.86|2019-03-28 09:45:04|200|GET|http://localhost:8080/webvpc/public|[]
guest|::1|Windows|7|Chrome|73.0.3683.86|2019-03-28 09:45:15|302|POST|http://localhost:8080/webvpc/public/login|{"_token":"ejFDKjjPplnfocx8PEn1Y2so8NIP3ENHwVJAOABm","registro":"BP2567","passw":"BP2567"}
guest|::1|Windows|7|Chrome|73.0.3683.86|2019-03-28 09:45:15|200|GET|http://localhost:8080/webvpc/public|[]
guest|::1|Windows|7|Chrome|73.0.3683.86|2019-03-28 09:45:21|302|POST|http://localhost:8080/webvpc/public/login|{"_token":"ejFDKjjPplnfocx8PEn1Y2so8NIP3ENHwVJAOABm","registro":"bp2567","passw":"bp2567"}
guest|::1|Windows|7|Chrome|73.0.3683.86|2019-03-28 09:45:22|200|GET|http://localhost:8080/webvpc/public|[]
BP2567|::1|Windows|7|Chrome|73.0.3683.86|2019-03-28 09:48:06|302|POST|http://localhost:8080/webvpc/public/login|{"_token":"ejFDKjjPplnfocx8PEn1Y2so8NIP3ENHwVJAOABm","registro":"bp2567","passw":"BP2567"}
BP2567|::1|Windows|7|Chrome|73.0.3683.86|2019-03-28 09:48:06|200|GET|http://localhost:8080/webvpc/public/bpe/campanha/consulta-nuevos|[]
BP2567|::1|Windows|7|Chrome|73.0.3683.86|2019-03-28 09:52:41|200|GET|http://localhost:8080/webvpc/public/bpe/campanha/consulta-nuevos|[]
BP2567|::1|Windows|7|Chrome|73.0.3683.86|2019-03-28 09:52:51|302|GET|http://localhost:8080/webvpc/public/bpe/campanha/consulta-nuevos|[]
BP2567|::1|Windows|7|Chrome|73.0.3683.86|2019-03-28 09:52:51|302|GET|http://localhost:8080/webvpc/public/addusuario/addusuario|[]
BP2567|::1|Windows|7|Chrome|73.0.3683.86|2019-03-28 09:52:51|302|GET|http://localhost:8080/webvpc/public/addusuario/addusuario|[]
BP2567|::1|Windows|7|Chrome|73.0.3683.86|2019-03-28 09:52:52|302|GET|http://localhost:8080/webvpc/public/addusuario/addusuario|[]
BP2567|::1|Windows|7|Chrome|73.0.3683.86|2019-03-28 09:52:52|302|GET|http://localhost:8080/webvpc/public/addusuario/addusuario|[]
BP2567|::1|Windows|7|Chrome|73.0.3683.86|2019-03-28 09:52:52|302|GET|http://localhost:8080/webvpc/public/addusuario/addusuario|[]
BP2567|::1|Windows|7|Chrome|73.0.3683.86|2019-03-28 09:52:53|302|GET|http://localhost:8080/webvpc/public/addusuario/addusuario|[]
BP2567|::1|Windows|7|Chrome|73.0.3683.86|2019-03-28 09:52:53|302|GET|http://localhost:8080/webvpc/public/addusuario/addusuario|[]
BP2567|::1|Windows|7|Chrome|73.0.3683.86|2019-03-28 09:52:53|302|GET|http://localhost:8080/webvpc/public/addusuario/addusuario|[]
BP2567|::1|Windows|7|Chrome|73.0.3683.86|2019-03-28 09:52:54|302|GET|http://localhost:8080/webvpc/public/addusuario/addusuario|[]
BP2567|::1|Windows|7|Chrome|73.0.3683.86|2019-03-28 09:52:54|302|GET|http://localhost:8080/webvpc/public/addusuario/addusuario|[]
BP2567|::1|Windows|7|Chrome|73.0.3683.86|2019-03-28 09:52:55|302|GET|http://localhost:8080/webvpc/public/addusuario/addusuario|[]
BP2567|::1|Windows|7|Chrome|73.0.3683.86|2019-03-28 09:52:55|302|GET|http://localhost:8080/webvpc/public/addusuario/addusuario|[]
BP2567|::1|Windows|7|Chrome|73.0.3683.86|2019-03-28 09:52:55|302|GET|http://localhost:8080/webvpc/public/addusuario/addusuario|[]
BP2567|::1|Windows|7|Chrome|73.0.3683.86|2019-03-28 09:52:56|302|GET|http://localhost:8080/webvpc/public/addusuario/addusuario|[]
BP2567|::1|Windows|7|Chrome|73.0.3683.86|2019-03-28 09:52:56|302|GET|http://localhost:8080/webvpc/public/addusuario/addusuario|[]
BP2567|::1|Windows|7|Chrome|73.0.3683.86|2019-03-28 09:52:56|302|GET|http://localhost:8080/webvpc/public/addusuario/addusuario|[]
BP2567|::1|Windows|7|Chrome|73.0.3683.86|2019-03-28 09:52:57|302|GET|http://localhost:8080/webvpc/public/addusuario/addusuario|[]
BP2567|::1|Windows|7|Chrome|73.0.3683.86|2019-03-28 09:52:57|302|GET|http://localhost:8080/webvpc/public/addusuario/addusuario|[]
BP2567|::1|Windows|7|Chrome|73.0.3683.86|2019-03-28 09:52:58|302|GET|http://localhost:8080/webvpc/public/addusuario/addusuario|[]
BP2567|::1|Windows|7|Chrome|73.0.3683.86|2019-03-28 09:52:58|302|GET|http://localhost:8080/webvpc/public/addusuario/addusuario|[]
BP2567|::1|Windows|7|Chrome|73.0.3683.86|2019-03-28 09:52:58|302|GET|http://localhost:8080/webvpc/public/addusuario/addusuario|[]
BP2567|::1|Windows|7|Chrome|73.0.3683.86|2019-03-28 09:52:59|302|GET|http://localhost:8080/webvpc/public/addusuario/addusuario|[]
BP2567|::1|Windows|7|Chrome|73.0.3683.86|2019-03-28 09:52:59|302|GET|http://localhost:8080/webvpc/public/addusuario/addusuario|[]
BP2567|::1|Windows|7|Chrome|73.0.3683.86|2019-03-28 09:53:00|302|GET|http://localhost:8080/webvpc/public/addusuario/addusuario|[]
BP2567|::1|Windows|7|Chrome|73.0.3683.86|2019-03-28 09:53:00|302|GET|http://localhost:8080/webvpc/public/addusuario/addusuario|[]
BP2567|::1|Windows|7|Chrome|73.0.3683.86|2019-03-28 09:53:00|302|GET|http://localhost:8080/webvpc/public/addusuario/addusuario|[]
BP2567|::1|Windows|7|Chrome|73.0.3683.86|2019-03-28 09:53:01|302|GET|http://localhost:8080/webvpc/public/addusuario/addusuario|[]
BP2567|::1|Windows|7|Chrome|73.0.3683.86|2019-03-28 09:53:01|302|GET|http://localhost:8080/webvpc/public/addusuario/addusuario|[]
BP2567|::1|Windows|7|Chrome|73.0.3683.86|2019-03-28 09:53:02|302|GET|http://localhost:8080/webvpc/public/addusuario/addusuario|[]
BP2567|::1|Windows|7|Chrome|73.0.3683.86|2019-03-28 09:53:02|302|GET|http://localhost:8080/webvpc/public/addusuario/addusuario|[]
BP2567|::1|Windows|7|Chrome|73.0.3683.86|2019-03-28 09:53:02|302|GET|http://localhost:8080/webvpc/public/addusuario/addusuario|[]
BP2567|::1|Windows|7|Chrome|73.0.3683.86|2019-03-28 09:53:03|302|GET|http://localhost:8080/webvpc/public/addusuario/addusuario|[]
BP2567|::1|Windows|7|Chrome|73.0.3683.86|2019-03-28 09:53:03|302|GET|http://localhost:8080/webvpc/public/addusuario/addusuario|[]
BP2567|::1|Windows|7|Chrome|73.0.3683.86|2019-03-28 09:53:03|302|GET|http://localhost:8080/webvpc/public/addusuario/addusuario|[]
BP2567|::1|Windows|7|Chrome|73.0.3683.86|2019-03-28 09:53:04|302|GET|http://localhost:8080/webvpc/public/addusuario/addusuario|[]
BP2567|::1|Windows|7|Chrome|73.0.3683.86|2019-03-28 09:53:04|302|GET|http://localhost:8080/webvpc/public/addusuario/addusuario|[]
BP2567|::1|Windows|7|Chrome|73.0.3683.86|2019-03-28 09:53:05|302|GET|http://localhost:8080/webvpc/public/addusuario/addusuario|[]
BP2567|::1|Windows|7|Chrome|73.0.3683.86|2019-03-28 09:53:05|302|GET|http://localhost:8080/webvpc/public/addusuario/addusuario|[]
BP2567|::1|Windows|7|Chrome|73.0.3683.86|2019-03-28 09:53:05|302|GET|http://localhost:8080/webvpc/public/addusuario/addusuario|[]
BP2567|::1|Windows|7|Chrome|73.0.3683.86|2019-03-28 09:53:11|302|GET|http://localhost:8080/webvpc/public/addusuario/addusuario|[]
BP2567|::1|Windows|7|Chrome|73.0.3683.86|2019-03-28 09:53:11|302|GET|http://localhost:8080/webvpc/public/addusuario/addusuario|[]
BP2567|::1|Windows|7|Chrome|73.0.3683.86|2019-03-28 09:53:12|302|GET|http://localhost:8080/webvpc/public/addusuario/addusuario|[]
BP2567|::1|Windows|7|Chrome|73.0.3683.86|2019-03-28 09:53:12|302|GET|http://localhost:8080/webvpc/public/addusuario/addusuario|[]
BP2567|::1|Windows|7|Chrome|73.0.3683.86|2019-03-28 09:53:12|302|GET|http://localhost:8080/webvpc/public/addusuario/addusuario|[]
BP2567|::1|Windows|7|Chrome|73.0.3683.86|2019-03-28 09:53:13|302|GET|http://localhost:8080/webvpc/public/addusuario/addusuario|[]
BP2567|::1|Windows|7|Chrome|73.0.3683.86|2019-03-28 09:53:13|302|GET|http://localhost:8080/webvpc/public/addusuario/addusuario|[]
BP2567|::1|Windows|7|Chrome|73.0.3683.86|2019-03-28 09:53:14|302|GET|http://localhost:8080/webvpc/public/addusuario/addusuario|[]
BP2567|::1|Windows|7|Chrome|73.0.3683.86|2019-03-28 09:53:14|302|GET|http://localhost:8080/webvpc/public/addusuario/addusuario|[]
BP2567|::1|Windows|7|Chrome|73.0.3683.86|2019-03-28 09:53:14|302|GET|http://localhost:8080/webvpc/public/addusuario/addusuario|[]
BP2567|::1|Windows|7|Chrome|73.0.3683.86|2019-03-28 09:53:15|302|GET|http://localhost:8080/webvpc/public/addusuario/addusuario|[]
BP2567|::1|Windows|7|Chrome|73.0.3683.86|2019-03-28 09:53:15|302|GET|http://localhost:8080/webvpc/public/addusuario/addusuario|[]
BP2567|::1|Windows|7|Chrome|73.0.3683.86|2019-03-28 09:53:16|302|GET|http://localhost:8080/webvpc/public/addusuario/addusuario|[]
BP2567|::1|Windows|7|Chrome|73.0.3683.86|2019-03-28 09:53:16|302|GET|http://localhost:8080/webvpc/public/addusuario/addusuario|[]
BP2567|::1|Windows|7|Chrome|73.0.3683.86|2019-03-28 09:53:16|302|GET|http://localhost:8080/webvpc/public/addusuario/addusuario|[]
BP2567|::1|Windows|7|Chrome|73.0.3683.86|2019-03-28 09:53:17|302|GET|http://localhost:8080/webvpc/public/addusuario/addusuario|[]
BP2567|::1|Windows|7|Chrome|73.0.3683.86|2019-03-28 09:53:17|302|GET|http://localhost:8080/webvpc/public/addusuario/addusuario|[]
BP2567|::1|Windows|7|Chrome|73.0.3683.86|2019-03-28 09:53:18|302|GET|http://localhost:8080/webvpc/public/addusuario/addusuario|[]
BP2567|::1|Windows|7|Chrome|73.0.3683.86|2019-03-28 09:53:18|302|GET|http://localhost:8080/webvpc/public/addusuario/addusuario|[]
BP2567|::1|Windows|7|Chrome|73.0.3683.86|2019-03-28 09:53:18|302|GET|http://localhost:8080/webvpc/public/addusuario/addusuario|[]
BP2567|::1|Windows|7|Chrome|73.0.3683.86|2019-03-28 09:53:24|200|GET|http://localhost:8080/webvpc/public/addusuario/addusuario|[]
BP2567|::1|Windows|7|Chrome|73.0.3683.86|2019-03-28 09:53:26|200|GET|http://localhost:8080/webvpc/public/_debugbar/assets/stylesheets|{"v":"1502731300"}
BP2567|::1|Windows|7|Chrome|73.0.3683.86|2019-03-28 09:53:26|200|GET|http://localhost:8080/webvpc/public/_debugbar/assets/javascript|{"v":"1502731300"}
BP2567|::1|Windows|7|Chrome|73.0.3683.86|2019-03-28 10:00:35|200|GET|http://localhost:8080/webvpc/public/addusuario/addusuario|[]
BP2567|::1|Windows|7|Chrome|73.0.3683.86|2019-03-28 11:18:09|200|POST|http://localhost:8080/webvpc/public/addusuario/addusuario/get-usuario|{"registro":"B22485"}
BP2567|::1|Windows|7|Chrome|73.0.3683.86|2019-03-28 11:18:10|200|POST|http://localhost:8080/webvpc/public/addusuario/addusuario/comboZonas|{"banca":"BE"}
BP2567|::1|Windows|7|Chrome|73.0.3683.86|2019-03-28 11:18:10|200|GET|http://localhost:8080/webvpc/public/_debugbar/open|{"op":"get","id":"b7b98e26361e078fd25ba63b7b31a813"}
BP2567|::1|Windows|7|Chrome|73.0.3683.86|2019-03-28 11:18:10|200|POST|http://localhost:8080/webvpc/public/addusuario/addusuario/comboRoles|{"banca":"BE"}
BP2567|::1|Windows|7|Chrome|73.0.3683.86|2019-03-28 11:18:11|200|GET|http://localhost:8080/webvpc/public/_debugbar/open|{"op":"get","id":"f72d26fbe3b9f6b1033ce2794d35464d"}
BP2567|::1|Windows|7|Chrome|73.0.3683.86|2019-03-28 11:18:11|200|POST|http://localhost:8080/webvpc/public/addusuario/addusuario/comboJefaturas|{"id_zonal":"BELZONAL3"}
BP2567|::1|Windows|7|Chrome|73.0.3683.86|2019-03-28 11:18:11|200|GET|http://localhost:8080/webvpc/public/_debugbar/open|{"op":"get","id":"4fb9717c4d18b50cc3710dd9260c0686"}
BP2567|::1|Windows|7|Chrome|73.0.3683.86|2019-03-28 11:18:12|200|GET|http://localhost:8080/webvpc/public/_debugbar/open|{"op":"get","id":"cb4c4dd441456e2812aea915f473628c"}
BP2567|::1|Windows|7|Chrome|73.0.3683.86|2019-03-28 11:18:16|200|POST|http://localhost:8080/webvpc/public/addusuario/addusuario/get-usuario|{"registro":"B32400"}
BP2567|::1|Windows|7|Chrome|73.0.3683.86|2019-03-28 11:18:17|200|POST|http://localhost:8080/webvpc/public/addusuario/addusuario/comboJefaturas|{"id_zonal":"BEPZONAL2"}
BP2567|::1|Windows|7|Chrome|73.0.3683.86|2019-03-28 11:18:17|200|POST|http://localhost:8080/webvpc/public/addusuario/addusuario/comboZonas|{"banca":"BE"}
BP2567|::1|Windows|7|Chrome|73.0.3683.86|2019-03-28 11:18:17|200|POST|http://localhost:8080/webvpc/public/addusuario/addusuario/comboRoles|{"banca":"BE"}
BP2567|::1|Windows|7|Chrome|73.0.3683.86|2019-03-28 11:18:17|200|GET|http://localhost:8080/webvpc/public/_debugbar/open|{"op":"get","id":"feea9bca4fafc7a0573ddf6d8f676599"}
BP2567|::1|Windows|7|Chrome|73.0.3683.86|2019-03-28 11:18:17|200|GET|http://localhost:8080/webvpc/public/_debugbar/open|{"op":"get","id":"de31256ae59d80373e3ec8a2cbd76c3b"}
B33703|::1|Windows|7|Chrome|73.0.3683.86|2019-03-28 11:18:17|404|GET|http://localhost:8080/webvpc/public/_debugbar/open|{"op":"get","id":"94497469570057995951d8cc2a1b5c66"}
BP2567|::1|Windows|7|Chrome|73.0.3683.86|2019-03-28 11:18:21|200|POST|http://localhost:8080/webvpc/public/addusuario/addusuario/get-usuario|{"registro":"B25139"}
BP2567|::1|Windows|7|Chrome|73.0.3683.86|2019-03-28 11:18:21|200|POST|http://localhost:8080/webvpc/public/addusuario/addusuario/comboJefaturas|{"id_zonal":"BC"}
BP2567|::1|Windows|7|Chrome|73.0.3683.86|2019-03-28 11:18:21|200|POST|http://localhost:8080/webvpc/public/addusuario/addusuario/comboRoles|{"banca":"BC"}
BP2567|::1|Windows|7|Chrome|73.0.3683.86|2019-03-28 11:18:21|200|GET|http://localhost:8080/webvpc/public/_debugbar/open|{"op":"get","id":"a2b846f95cff8148c561f06c722f88e2"}
BP2567|::1|Windows|7|Chrome|73.0.3683.86|2019-03-28 11:18:22|200|GET|http://localhost:8080/webvpc/public/_debugbar/open|{"op":"get","id":"900c304d78fb5df8882b5db004113a8b"}
BP2567|::1|Windows|7|Chrome|73.0.3683.86|2019-03-28 11:18:22|200|POST|http://localhost:8080/webvpc/public/addusuario/addusuario/comboZonas|{"banca":"BC"}
BP2567|::1|Windows|7|Chrome|73.0.3683.86|2019-03-28 11:18:22|200|GET|http://localhost:8080/webvpc/public/_debugbar/open|{"op":"get","id":"ce1fbdffeb100c0e4b806583f2e441f4"}
BP2567|::1|Windows|7|Chrome|73.0.3683.86|2019-03-28 11:18:22|200|GET|http://localhost:8080/webvpc/public/_debugbar/open|{"op":"get","id":"1406b2de98c54173ef40f1f6ce9e89db"}
guest|::1|Windows|7|Chrome|73.0.3683.86|2019-03-28 13:30:06|200|GET|http://localhost:8080/webvpc/public|[]
guest|::1|Windows|7|Chrome|73.0.3683.86|2019-03-28 13:30:14|302|POST|http://localhost:8080/webvpc/public/login|{"_token":"qsZFZ1jCWQnEcjMIgpqs8C1p0DkDz61dYIimTUoJ","registro":"bp2567","passw":"bp2567"}
guest|::1|Windows|7|Chrome|73.0.3683.86|2019-03-28 13:30:14|200|GET|http://localhost:8080/webvpc/public|[]
guest|::1|Windows|7|Chrome|73.0.3683.86|2019-03-28 13:30:26|302|POST|http://localhost:8080/webvpc/public/login|{"_token":"qsZFZ1jCWQnEcjMIgpqs8C1p0DkDz61dYIimTUoJ","registro":"bp2567","passw":"bp2567"}
guest|::1|Windows|7|Chrome|73.0.3683.86|2019-03-28 13:30:26|200|GET|http://localhost:8080/webvpc/public|[]
BP2567|::1|Windows|7|Chrome|73.0.3683.86|2019-03-28 13:36:09|302|POST|http://localhost:8080/webvpc/public/login|{"_token":"qsZFZ1jCWQnEcjMIgpqs8C1p0DkDz61dYIimTUoJ","registro":"BP2567","passw":"BP2567"}
BP2567|::1|Windows|7|Chrome|73.0.3683.86|2019-03-28 13:36:10|200|GET|http://localhost:8080/webvpc/public/addusuario/addusuario|[]
guest|::1|Windows|7|Chrome|73.0.3683.86|2019-03-28 13:38:52|302|GET|http://localhost:8080/webvpc/public/logout|[]
guest|::1|Windows|7|Chrome|73.0.3683.86|2019-03-28 13:38:52|200|GET|http://localhost:8080/webvpc/public|[]
guest|::1|Windows|7|Chrome|73.0.3683.86|2019-03-28 13:38:54|302|POST|http://localhost:8080/webvpc/public/login|{"_token":"qsZFZ1jCWQnEcjMIgpqs8C1p0DkDz61dYIimTUoJ","registro":"B17636","passw":"B17636"}
guest|::1|Windows|7|Chrome|73.0.3683.86|2019-03-28 13:38:55|200|GET|http://localhost:8080/webvpc/public|[]
B17636|::1|Windows|7|Chrome|73.0.3683.86|2019-03-28 13:39:02|302|POST|http://localhost:8080/webvpc/public/login|{"_token":"qsZFZ1jCWQnEcjMIgpqs8C1p0DkDz61dYIimTUoJ","registro":"B17636","passw":"41348815"}
B17636|::1|Windows|7|Chrome|73.0.3683.86|2019-03-28 13:39:03|200|GET|http://localhost:8080/webvpc/public/be/misacciones/lista|[]