guest|::1|Windows|7|Chrome|72.0.3626.121|2019-03-12 10:12:25|200|GET|http://localhost:8080/webvpc/public|[]
guest|::1|Windows|7|Chrome|72.0.3626.121|2019-03-12 10:13:15|200|GET|http://localhost:8080/webvpc/public/extra-login|[]
B26231|::1|Windows|7|Chrome|72.0.3626.121|2019-03-12 10:13:31|302|POST|http://localhost:8080/webvpc/public/extra-attempt|{"_token":"S9SpCB7Q9AOddPvXF9xheg0IXFhhK6QzPRZej0qn","registro":"B26231","passw":"VPC201801*"}
B26231|::1|Windows|7|Chrome|72.0.3626.121|2019-03-12 10:13:32|200|GET|http://localhost:8080/webvpc/public/be/misacciones/lista|[]
B26231|::1|Windows|7|Chrome|72.0.3626.121|2019-03-12 10:13:41|200|GET|http://localhost:8080/webvpc/public/be/misacciones/lista|[]
B26231|::1|Windows|7|Chrome|72.0.3626.121|2019-03-12 10:13:42|200|GET|http://localhost:8080/webvpc/public/_debugbar/assets/javascript|{"v":"1502731300"}
B26231|::1|Windows|7|Chrome|72.0.3626.121|2019-03-12 10:13:49|200|GET|http://localhost:8080/webvpc/public/be/miprospecto/lista|[]
B26231|::1|Windows|7|Chrome|72.0.3626.121|2019-03-12 10:13:57|200|GET|http://localhost:8080/webvpc/public/be/miprospecto/lista|[]
B26231|::1|Windows|7|Chrome|72.0.3626.121|2019-03-12 10:14:45|200|GET|http://localhost:8080/webvpc/public/be/micontacto|{"documento":"20101462081"}
B26231|::1|Windows|7|Chrome|72.0.3626.121|2019-03-12 10:16:07|200|GET|http://localhost:8080/webvpc/public/be/micontacto|{"documento":"20101462081"}
B26231|::1|Windows|7|Chrome|72.0.3626.121|2019-03-12 10:16:07|200|GET|http://localhost:8080/webvpc/public/_debugbar/assets/stylesheets|{"v":"1502731300"}
B26231|::1|Windows|7|Chrome|72.0.3626.121|2019-03-12 10:16:08|200|GET|http://localhost:8080/webvpc/public/_debugbar/assets/javascript|{"v":"1502731300"}
B26231|::1|Windows|7|Chrome|72.0.3626.121|2019-03-12 10:16:25|200|GET|http://localhost:8080/webvpc/public/be/micontacto|{"documento":"20101462081"}
B26231|::1|Windows|7|Chrome|72.0.3626.121|2019-03-12 10:16:25|200|GET|http://localhost:8080/webvpc/public/_debugbar/assets/javascript|{"v":"1502731300"}
B26231|::1|Windows|7|Chrome|72.0.3626.121|2019-03-12 10:16:25|200|GET|http://localhost:8080/webvpc/public/_debugbar/assets/stylesheets|{"v":"1502731300"}
B26231|::1|Windows|7|Chrome|72.0.3626.121|2019-03-12 10:16:53|200|GET|http://localhost:8080/webvpc/public/be/micontacto|{"documento":"20101462081"}
B26231|::1|Windows|7|Chrome|72.0.3626.121|2019-03-12 10:17:02|200|GET|http://localhost:8080/webvpc/public//be/micontacto/autocomplete-cliente|{"termino":"GRUPO LA REPUBLICA"}
B26231|::1|Windows|7|Chrome|72.0.3626.121|2019-03-12 10:17:02|200|GET|http://localhost:8080/webvpc/public/_debugbar/open|{"op":"get","id":"e64ca4befb491aacfeeb0437fa58aadb"}
B26231|::1|Windows|7|Chrome|72.0.3626.121|2019-03-12 11:07:25|200|GET|http://localhost:8080/webvpc/public/be/micontacto|{"documento":"20101462081"}
B26231|::1|Windows|7|Chrome|72.0.3626.121|2019-03-12 11:07:26|200|GET|http://localhost:8080/webvpc/public/_debugbar/assets/stylesheets|{"v":"1502731300"}
B26231|::1|Windows|7|Chrome|72.0.3626.121|2019-03-12 11:07:26|200|GET|http://localhost:8080/webvpc/public/_debugbar/assets/javascript|{"v":"1502731300"}
B26231|::1|Windows|7|Chrome|72.0.3626.121|2019-03-12 11:07:48|200|GET|http://localhost:8080/webvpc/public/be/micontacto|{"documento":"20101462081"}
B26231|::1|Windows|7|Chrome|72.0.3626.121|2019-03-12 11:07:48|200|GET|http://localhost:8080/webvpc/public/_debugbar/assets/stylesheets|{"v":"1502731300"}
B26231|::1|Windows|7|Chrome|72.0.3626.121|2019-03-12 11:07:49|200|GET|http://localhost:8080/webvpc/public/_debugbar/assets/javascript|{"v":"1502731300"}
B26231|::1|Windows|7|Chrome|72.0.3626.121|2019-03-12 11:11:45|200|GET|http://localhost:8080/webvpc/public/be/micontacto|{"documento":"20101462081"}
B26231|::1|Windows|7|Chrome|72.0.3626.121|2019-03-12 11:49:02|200|GET|http://localhost:8080/webvpc/public/be/miprospecto/lista|[]
B26231|::1|Windows|7|Chrome|72.0.3626.121|2019-03-12 11:49:02|200|GET|http://localhost:8080/webvpc/public/be/micontacto|{"documento":"20101462081"}
B26231|::1|Windows|7|Chrome|72.0.3626.121|2019-03-12 11:49:03|200|GET|http://localhost:8080/webvpc/public/_debugbar/assets/stylesheets|{"v":"1502731300"}
B26231|::1|Windows|7|Chrome|72.0.3626.121|2019-03-12 11:49:03|200|GET|http://localhost:8080/webvpc/public/_debugbar/assets/stylesheets|{"v":"1502731300"}
B26231|::1|Windows|7|Chrome|72.0.3626.121|2019-03-12 11:49:03|200|GET|http://localhost:8080/webvpc/public/_debugbar/assets/javascript|{"v":"1502731300"}
B26231|::1|Windows|7|Chrome|72.0.3626.121|2019-03-12 11:49:03|200|GET|http://localhost:8080/webvpc/public/_debugbar/assets/javascript|{"v":"1502731300"}
B26231|::1|Windows|7|Chrome|72.0.3626.121|2019-03-12 11:49:13|200|GET|http://localhost:8080/webvpc/public/be/micontacto|{"documento":"20101462081"}
B26231|::1|Windows|7|Chrome|72.0.3626.121|2019-03-12 11:49:15|200|GET|http://localhost:8080/webvpc/public/be/miprospecto/lista|[]
B26231|::1|Windows|7|Chrome|72.0.3626.121|2019-03-12 11:49:28|200|GET|http://localhost:8080/webvpc/public/be/micontacto|{"documento":"20101462081"}
B26231|::1|Windows|7|Chrome|72.0.3626.121|2019-03-12 11:49:32|200|GET|http://localhost:8080/webvpc/public/be/miprospecto/lista|[]
B26231|::1|Windows|7|Chrome|72.0.3626.121|2019-03-12 11:49:32|200|GET|http://localhost:8080/webvpc/public/_debugbar/assets/stylesheets|{"v":"1502731300"}
B26231|::1|Windows|7|Chrome|72.0.3626.121|2019-03-12 11:49:32|200|GET|http://localhost:8080/webvpc/public/_debugbar/assets/javascript|{"v":"1502731300"}
B26231|::1|Windows|7|Chrome|72.0.3626.121|2019-03-12 11:51:16|200|GET|http://localhost:8080/webvpc/public/be/micontacto|{"documento":"20101462081"}
B26231|::1|Windows|7|Chrome|72.0.3626.121|2019-03-12 11:51:17|200|GET|http://localhost:8080/webvpc/public/_debugbar/assets/javascript|{"v":"1502731300"}
B26231|::1|Windows|7|Chrome|72.0.3626.121|2019-03-12 11:51:17|200|GET|http://localhost:8080/webvpc/public/_debugbar/assets/stylesheets|{"v":"1502731300"}
B26231|::1|Windows|7|Chrome|72.0.3626.121|2019-03-12 11:51:22|200|GET|http://localhost:8080/webvpc/public/be/miprospecto/lista|[]
B26231|::1|Windows|7|Chrome|72.0.3626.121|2019-03-12 11:51:22|200|GET|http://localhost:8080/webvpc/public/_debugbar/assets/stylesheets|{"v":"1502731300"}
B26231|::1|Windows|7|Chrome|72.0.3626.121|2019-03-12 11:51:22|200|GET|http://localhost:8080/webvpc/public/_debugbar/assets/javascript|{"v":"1502731300"}
B26231|::1|Windows|7|Chrome|72.0.3626.121|2019-03-12 11:51:54|200|GET|http://localhost:8080/webvpc/public/be/micontacto|{"documento":"20101462081"}
B26231|::1|Windows|7|Chrome|72.0.3626.121|2019-03-12 11:51:54|200|GET|http://localhost:8080/webvpc/public/_debugbar/assets/stylesheets|{"v":"1502731300"}
B26231|::1|Windows|7|Chrome|72.0.3626.121|2019-03-12 11:51:54|200|GET|http://localhost:8080/webvpc/public/_debugbar/assets/javascript|{"v":"1502731300"}
B26231|::1|Windows|7|Chrome|72.0.3626.121|2019-03-12 11:52:03|200|GET|http://localhost:8080/webvpc/public/be/miprospecto/lista|[]
B26231|::1|Windows|7|Chrome|72.0.3626.121|2019-03-12 11:52:03|200|GET|http://localhost:8080/webvpc/public/_debugbar/assets/stylesheets|{"v":"1502731300"}
B26231|::1|Windows|7|Chrome|72.0.3626.121|2019-03-12 11:52:03|200|GET|http://localhost:8080/webvpc/public/_debugbar/assets/javascript|{"v":"1502731300"}
B26231|::1|Windows|7|Chrome|72.0.3626.121|2019-03-12 13:16:26|200|GET|http://localhost:8080/webvpc/public/be/micontacto|{"documento":"20101462081"}
B26231|::1|Windows|7|Chrome|72.0.3626.121|2019-03-12 13:16:27|200|GET|http://localhost:8080/webvpc/public/_debugbar/assets/javascript|{"v":"1502731300"}
B26231|::1|Windows|7|Chrome|72.0.3626.121|2019-03-12 13:16:27|200|GET|http://localhost:8080/webvpc/public/_debugbar/assets/stylesheets|{"v":"1502731300"}
B26231|::1|Windows|7|Chrome|72.0.3626.121|2019-03-12 13:16:30|200|GET|http://localhost:8080/webvpc/public/be/micontacto|{"documento":"20101462081"}
B26231|::1|Windows|7|Chrome|72.0.3626.121|2019-03-12 13:38:35|200|GET|http://localhost:8080/webvpc/public/be/actividades|[]
B26231|::1|Windows|7|Chrome|72.0.3626.121|2019-03-12 13:40:07|200|GET|http://localhost:8080/webvpc/public/be/misacciones/lista|[]
B26231|::1|Windows|7|Chrome|72.0.3626.121|2019-03-12 13:43:21|200|GET|http://localhost:8080/webvpc/public/be/miprospecto/lista|[]
B26231|::1|Windows|7|Chrome|72.0.3626.121|2019-03-12 13:43:24|200|GET|http://localhost:8080/webvpc/public/be/miprospecto/nota/listar|{"lead":"20101462081","ejecutivo":"B26231"}
B26231|::1|Windows|7|Chrome|72.0.3626.121|2019-03-12 13:43:25|200|GET|http://localhost:8080/webvpc/public/_debugbar/open|{"op":"get","id":"ec8e3258aa72ba521f8c0fad52f0cff8"}
B26231|::1|Windows|7|Chrome|72.0.3626.121|2019-03-12 13:43:30|200|GET|http://localhost:8080/webvpc/public/be/actividades|{"documento":"20101462081"}
B26231|::1|Windows|7|Chrome|72.0.3626.121|2019-03-12 13:44:04|200|GET|http://localhost:8080/webvpc/public//be/actividades/historialActividad|{"documento":"20101462081","page":"2"}
B26231|::1|Windows|7|Chrome|72.0.3626.121|2019-03-12 13:44:04|200|GET|http://localhost:8080/webvpc/public/_debugbar/open|{"op":"get","id":"496b7059d75597a1546fe9f8bffd0128"}
B26231|::1|Windows|7|Chrome|72.0.3626.121|2019-03-12 13:52:35|200|GET|http://localhost:8080/webvpc/public/be/misacciones/lista|[]
B26231|::1|Windows|7|Chrome|72.0.3626.121|2019-03-12 13:52:43|200|GET|http://localhost:8080/webvpc/public/be/creditosvencidos|[]
B26231|::1|Windows|7|Chrome|72.0.3626.121|2019-03-12 13:52:49|200|GET|http://localhost:8080/webvpc/public/be/micontacto|[]
B26231|::1|Windows|7|Chrome|72.0.3626.121|2019-03-12 13:52:50|200|GET|http://localhost:8080/webvpc/public/be/actividades|[]
B26231|::1|Windows|7|Chrome|72.0.3626.121|2019-03-12 13:52:59|200|GET|http://localhost:8080/webvpc/public/be/miprospecto/lista|[]
guest|::1|Windows|7|Chrome|72.0.3626.121|2019-03-12 13:53:42|302|GET|http://localhost:8080/webvpc/public/logout|[]
guest|::1|Windows|7|Chrome|72.0.3626.121|2019-03-12 13:53:43|200|GET|http://localhost:8080/webvpc/public|[]
XT7823|::1|Windows|7|Chrome|72.0.3626.121|2019-03-12 13:53:51|302|POST|http://localhost:8080/webvpc/public/login|{"_token":"S9SpCB7Q9AOddPvXF9xheg0IXFhhK6QzPRZej0qn","registro":"XT7823","passw":"XT7823"}
XT7823|::1|Windows|7|Chrome|72.0.3626.121|2019-03-12 13:54:00|200|GET|http://localhost:8080/webvpc/public/bpe/tools/resumen-call|[]
guest|::1|Windows|7|Chrome|72.0.3626.121|2019-03-12 13:55:25|302|GET|http://localhost:8080/webvpc/public/logout|[]
guest|::1|Windows|7|Chrome|72.0.3626.121|2019-03-12 13:55:25|200|GET|http://localhost:8080/webvpc/public|[]
XT7609|::1|Windows|7|Chrome|72.0.3626.121|2019-03-12 13:55:47|302|POST|http://localhost:8080/webvpc/public/login|{"_token":"S9SpCB7Q9AOddPvXF9xheg0IXFhhK6QzPRZej0qn","registro":"XT7609","passw":"XT7609"}
XT7609|::1|Windows|7|Chrome|72.0.3626.121|2019-03-12 13:55:48|200|GET|http://localhost:8080/webvpc/public/bpe/call/nuevo|[]
XT7609|::1|Windows|7|Chrome|72.0.3626.121|2019-03-12 13:56:09|200|GET|http://localhost:8080/webvpc/public/bpe/call/nuevo|[]
guest|::1|Windows|7|Chrome|72.0.3626.121|2019-03-12 13:57:24|302|GET|http://localhost:8080/webvpc/public/logout|[]
guest|::1|Windows|7|Chrome|72.0.3626.121|2019-03-12 13:57:24|200|GET|http://localhost:8080/webvpc/public|[]
B27234|::1|Windows|7|Chrome|72.0.3626.121|2019-03-12 13:57:28|302|POST|http://localhost:8080/webvpc/public/login|{"_token":"S9SpCB7Q9AOddPvXF9xheg0IXFhhK6QzPRZej0qn","registro":"B27234","passw":"B27234"}
B27234|::1|Windows|7|Chrome|72.0.3626.121|2019-03-12 13:58:24|200|GET|http://localhost:8080/webvpc/public/bpe/en/leads|[]
B27234|::1|Windows|7|Chrome|72.0.3626.121|2019-03-12 13:58:40|200|GET|http://localhost:8080/webvpc/public/bpe/campanha/consulta-nuevos|[]
B27234|::1|Windows|7|Chrome|72.0.3626.121|2019-03-12 13:58:45|200|GET|http://localhost:8080/webvpc/public/bpe/cli/cartera|[]
B27234|::1|Windows|7|Chrome|72.0.3626.121|2019-03-12 13:58:50|200|GET|http://localhost:8080/webvpc/public/bpe/en/leads|[]
B27234|::1|Windows|7|Chrome|72.0.3626.121|2019-03-12 13:58:53|200|GET|http://localhost:8080/webvpc/public/bpe/en/detalle|{"lead":"17565562"}
B27234|::1|Windows|7|Chrome|72.0.3626.121|2019-03-12 13:59:04|200|GET|http://localhost:8080/webvpc/public/bpe/en/detalle|{"lead":"20487579522"}
guest|::1|Windows|7|Chrome|72.0.3626.121|2019-03-12 13:59:18|302|GET|http://localhost:8080/webvpc/public/logout|[]
guest|::1|Windows|7|Chrome|72.0.3626.121|2019-03-12 13:59:19|200|GET|http://localhost:8080/webvpc/public|[]
XT8286|::1|Windows|7|Chrome|72.0.3626.121|2019-03-12 14:00:35|302|POST|http://localhost:8080/webvpc/public/login|{"_token":"S9SpCB7Q9AOddPvXF9xheg0IXFhhK6QzPRZej0qn","registro":"XT8286","passw":"XT8286"}
XT8286|::1|Windows|7|Chrome|72.0.3626.121|2019-03-12 14:00:36|200|GET|http://localhost:8080/webvpc/public/bpe/call/nuevo|[]
XT8286|::1|Windows|7|Chrome|72.0.3626.121|2019-03-12 14:00:39|200|GET|http://localhost:8080/webvpc/public/bpe/call/nuevo|[]
XT8286|::1|Windows|7|Chrome|72.0.3626.121|2019-03-12 14:00:42|200|GET|http://localhost:8080/webvpc/public/bpe/call/nuevo|[]
guest|::1|Windows|7|Chrome|72.0.3626.121|2019-03-12 14:01:11|302|GET|http://localhost:8080/webvpc/public/logout|[]
guest|::1|Windows|7|Chrome|72.0.3626.121|2019-03-12 14:01:12|200|GET|http://localhost:8080/webvpc/public|[]
B14814|::1|Windows|7|Chrome|72.0.3626.121|2019-03-12 14:01:15|302|POST|http://localhost:8080/webvpc/public/login|{"_token":"S9SpCB7Q9AOddPvXF9xheg0IXFhhK6QzPRZej0qn","registro":"B14814","passw":"B14814"}
B14814|::1|Windows|7|Chrome|72.0.3626.121|2019-03-12 14:01:30|200|GET|http://localhost:8080/webvpc/public/bpe/en/leads|[]
B14814|::1|Windows|7|Chrome|72.0.3626.121|2019-03-12 14:01:36|200|GET|http://localhost:8080/webvpc/public/bpe/en/detalle|{"lead":"20549563041"}
B14814|::1|Windows|7|Chrome|72.0.3626.121|2019-03-12 14:01:52|200|GET|http://localhost:8080/webvpc/public/bpe/en/detalle|{"lead":"20536655787"}
B14814|::1|Windows|7|Chrome|72.0.3626.121|2019-03-12 14:02:18|200|GET|http://localhost:8080/webvpc/public/bpe/en/detalle|{"lead":"20549563041"}
B14814|::1|Windows|7|Chrome|72.0.3626.121|2019-03-12 14:02:28|200|GET|http://localhost:8080/webvpc/public/bpe/en/detalle|{"lead":"20517749576"}
guest|::1|Windows|7|Chrome|72.0.3626.121|2019-03-12 14:05:16|302|GET|http://localhost:8080/webvpc/public/logout|[]
guest|::1|Windows|7|Chrome|72.0.3626.121|2019-03-12 14:05:17|200|GET|http://localhost:8080/webvpc/public|[]
B27693|::1|Windows|7|Chrome|72.0.3626.121|2019-03-12 14:05:21|302|POST|http://localhost:8080/webvpc/public/login|{"_token":"S9SpCB7Q9AOddPvXF9xheg0IXFhhK6QzPRZej0qn","registro":"B27693","passw":"B27693"}
B27693|::1|Windows|7|Chrome|72.0.3626.121|2019-03-12 14:05:29|200|GET|http://localhost:8080/webvpc/public/bpe/en/leads|[]
guest|::1|Windows|7|Chrome|72.0.3626.121|2019-03-12 14:39:30|302|GET|http://localhost:8080/webvpc/public/logout|[]
guest|::1|Windows|7|Chrome|72.0.3626.121|2019-03-12 14:39:30|200|GET|http://localhost:8080/webvpc/public|[]
guest|::1|Windows|7|Chrome|72.0.3626.121|2019-03-12 14:39:34|302|POST|http://localhost:8080/webvpc/public/login|{"_token":"S9SpCB7Q9AOddPvXF9xheg0IXFhhK6QzPRZej0qn","registro":"B31041","passw":"B31041"}
guest|::1|Windows|7|Chrome|72.0.3626.121|2019-03-12 14:39:34|200|GET|http://localhost:8080/webvpc/public|[]
guest|::1|Windows|7|Chrome|72.0.3626.121|2019-03-12 14:39:40|302|POST|http://localhost:8080/webvpc/public/login|{"_token":"S9SpCB7Q9AOddPvXF9xheg0IXFhhK6QzPRZej0qn","registro":"B31041","passw":"0"}
guest|::1|Windows|7|Chrome|72.0.3626.121|2019-03-12 14:39:40|200|GET|http://localhost:8080/webvpc/public|[]
guest|::1|Windows|7|Chrome|72.0.3626.121|2019-03-12 14:39:47|200|GET|http://localhost:8080/webvpc/public/extra-login|[]
B31041|::1|Windows|7|Chrome|72.0.3626.121|2019-03-12 14:39:54|302|POST|http://localhost:8080/webvpc/public/extra-attempt|{"_token":"S9SpCB7Q9AOddPvXF9xheg0IXFhhK6QzPRZej0qn","registro":"B31041","passw":"VPC201801*"}
B31041|::1|Windows|7|Chrome|72.0.3626.121|2019-03-12 14:39:55|200|GET|http://localhost:8080/webvpc/public/be/misacciones/lista|[]
guest|::1|Windows|7|Chrome|72.0.3626.121|2019-03-12 14:41:04|302|GET|http://localhost:8080/webvpc/public/logout|[]
guest|::1|Windows|7|Chrome|72.0.3626.121|2019-03-12 14:41:05|200|GET|http://localhost:8080/webvpc/public|[]
guest|::1|Windows|7|Chrome|72.0.3626.121|2019-03-12 14:41:08|302|POST|http://localhost:8080/webvpc/public/login|{"_token":"S9SpCB7Q9AOddPvXF9xheg0IXFhhK6QzPRZej0qn","registro":"B35941","passw":"B35941"}
guest|::1|Windows|7|Chrome|72.0.3626.121|2019-03-12 14:41:09|200|GET|http://localhost:8080/webvpc/public|[]
B35941|::1|Windows|7|Chrome|72.0.3626.121|2019-03-12 14:41:20|302|POST|http://localhost:8080/webvpc/public/extra-attempt|{"_token":"S9SpCB7Q9AOddPvXF9xheg0IXFhhK6QzPRZej0qn","registro":"B35941","passw":"VPC201801*"}
B35941|::1|Windows|7|Chrome|72.0.3626.121|2019-03-12 14:41:24|200|GET|http://localhost:8080/webvpc/public/be/miprospecto/lista|[]
guest|::1|Windows|7|Chrome|72.0.3626.121|2019-03-12 14:58:26|302|GET|http://localhost:8080/webvpc/public/logout|[]
guest|::1|Windows|7|Chrome|72.0.3626.121|2019-03-12 14:58:26|200|GET|http://localhost:8080/webvpc/public|[]
B24018|::1|Windows|7|Chrome|72.0.3626.121|2019-03-12 14:58:57|302|POST|http://localhost:8080/webvpc/public/login|{"_token":"S9SpCB7Q9AOddPvXF9xheg0IXFhhK6QzPRZej0qn","registro":"B24018","passw":"B24018"}
B24018|::1|Windows|7|Chrome|72.0.3626.121|2019-03-12 14:58:58|200|GET|http://localhost:8080/webvpc/public/encuesta-interna/principal|[]
guest|::1|Windows|7|Chrome|72.0.3626.121|2019-03-12 14:59:15|302|GET|http://localhost:8080/webvpc/public/logout|[]
guest|::1|Windows|7|Chrome|72.0.3626.121|2019-03-12 14:59:15|200|GET|http://localhost:8080/webvpc/public|[]
B10550|::1|Windows|7|Chrome|72.0.3626.121|2019-03-12 14:59:19|302|POST|http://localhost:8080/webvpc/public/login|{"_token":"S9SpCB7Q9AOddPvXF9xheg0IXFhhK6QzPRZej0qn","registro":"B10550","passw":"B10550"}
B10550|::1|Windows|7|Chrome|72.0.3626.121|2019-03-12 14:59:20|200|GET|http://localhost:8080/webvpc/public/encuesta-interna/principal|[]
guest|::1|Windows|7|Chrome|72.0.3626.121|2019-03-12 14:59:40|302|GET|http://localhost:8080/webvpc/public/logout|[]
guest|::1|Windows|7|Chrome|72.0.3626.121|2019-03-12 14:59:41|200|GET|http://localhost:8080/webvpc/public|[]
B35064|::1|Windows|7|Chrome|72.0.3626.121|2019-03-12 14:59:44|302|POST|http://localhost:8080/webvpc/public/login|{"_token":"S9SpCB7Q9AOddPvXF9xheg0IXFhhK6QzPRZej0qn","registro":"B35064","passw":"B35064"}
B35064|::1|Windows|7|Chrome|72.0.3626.121|2019-03-12 14:59:47|200|GET|http://localhost:8080/webvpc/public/be/miprospecto/lista|[]
B35064|::1|Windows|7|Chrome|72.0.3626.121|2019-03-12 15:00:26|200|GET|http://localhost:8080/webvpc/public/be/miprospecto/lista|[]
guest|::1|Windows|7|Chrome|72.0.3626.121|2019-03-12 15:00:30|302|GET|http://localhost:8080/webvpc/public/logout|[]
guest|::1|Windows|7|Chrome|72.0.3626.121|2019-03-12 15:00:31|200|GET|http://localhost:8080/webvpc/public|[]
guest|::1|Windows|7|Chrome|72.0.3626.121|2019-03-12 15:00:34|302|POST|http://localhost:8080/webvpc/public/login|{"_token":"S9SpCB7Q9AOddPvXF9xheg0IXFhhK6QzPRZej0qn","registro":"B35530","passw":"B35530"}
guest|::1|Windows|7|Chrome|72.0.3626.121|2019-03-12 15:00:34|200|GET|http://localhost:8080/webvpc/public|[]
B29309|::1|Windows|7|Chrome|72.0.3626.121|2019-03-12 15:00:43|302|POST|http://localhost:8080/webvpc/public/login|{"_token":"S9SpCB7Q9AOddPvXF9xheg0IXFhhK6QzPRZej0qn","registro":"B29309","passw":"B29309"}
B29309|::1|Windows|7|Chrome|72.0.3626.121|2019-03-12 15:00:44|200|GET|http://localhost:8080/webvpc/public/bpe/campanha/consulta-nuevos|[]
B29309|::1|Windows|7|Chrome|72.0.3626.121|2019-03-12 15:00:48|200|GET|http://localhost:8080/webvpc/public/bpe/soporte/asignacion|[]
B29309|::1|Windows|7|Chrome|72.0.3626.121|2019-03-12 15:00:51|200|GET|http://localhost:8080/webvpc/public/pass-change|[]
B29309|::1|Windows|7|Chrome|72.0.3626.121|2019-03-12 15:00:52|200|GET|http://localhost:8080/webvpc/public/addusuario|[]
guest|::1|Windows|7|Chrome|72.0.3626.121|2019-03-12 15:02:01|302|GET|http://localhost:8080/webvpc/public/logout|[]
guest|::1|Windows|7|Chrome|72.0.3626.121|2019-03-12 15:02:02|200|GET|http://localhost:8080/webvpc/public|[]
B13910|::1|Windows|7|Chrome|72.0.3626.121|2019-03-12 15:02:05|302|POST|http://localhost:8080/webvpc/public/login|{"_token":"S9SpCB7Q9AOddPvXF9xheg0IXFhhK6QzPRZej0qn","registro":"B13910","passw":"B13910"}
B13910|::1|Windows|7|Chrome|72.0.3626.121|2019-03-12 15:02:19|200|GET|http://localhost:8080/webvpc/public/bpe/gt/resumen-ejecutivos|[]
B13910|::1|Windows|7|Chrome|72.0.3626.121|2019-03-12 15:02:31|200|GET|http://localhost:8080/webvpc/public/bpe/campanha/consulta-nuevos|[]
B13910|::1|Windows|7|Chrome|72.0.3626.121|2019-03-12 15:02:32|200|GET|http://localhost:8080/webvpc/public/bpe/tools/resumen-citas|[]
B13910|::1|Windows|7|Chrome|72.0.3626.121|2019-03-12 15:02:36|200|GET|http://localhost:8080/webvpc/public/bpe/tools/resumen-call|[]
B13910|::1|Windows|7|Chrome|72.0.3626.121|2019-03-12 15:02:40|200|GET|http://localhost:8080/webvpc/public/bpe/tools/reasignacion|[]
B13910|::1|Windows|7|Chrome|72.0.3626.121|2019-03-12 15:02:42|200|GET|http://localhost:8080/webvpc/public/bpe/soporte/asignacion|[]
B13910|::1|Windows|7|Chrome|72.0.3626.121|2019-03-12 15:02:45|200|GET|http://localhost:8080/webvpc/public/bpe/tools/resumen-call|[]
B13910|::1|Windows|7|Chrome|72.0.3626.121|2019-03-12 15:02:46|200|GET|http://localhost:8080/webvpc/public/bpe/tools/reasignacion|[]
B13910|::1|Windows|7|Chrome|72.0.3626.121|2019-03-12 15:02:50|200|GET|http://localhost:8080/webvpc/public/bpe/soporte/asignacion|[]
guest|::1|Windows|7|Chrome|72.0.3626.121|2019-03-12 15:03:12|302|GET|http://localhost:8080/webvpc/public/logout|[]
guest|::1|Windows|7|Chrome|72.0.3626.121|2019-03-12 15:03:12|200|GET|http://localhost:8080/webvpc/public|[]
B10874|::1|Windows|7|Chrome|72.0.3626.121|2019-03-12 15:03:15|302|POST|http://localhost:8080/webvpc/public/login|{"_token":"S9SpCB7Q9AOddPvXF9xheg0IXFhhK6QzPRZej0qn","registro":"B10874","passw":"B10874"}
B10874|::1|Windows|7|Chrome|72.0.3626.121|2019-03-12 15:03:17|200|GET|http://localhost:8080/webvpc/public/bpe/gt/resumen-ejecutivos|[]
B10874|::1|Windows|7|Chrome|72.0.3626.121|2019-03-12 15:04:24|200|GET|http://localhost:8080/webvpc/public/bpe/campanha/consulta-nuevos|[]
B10874|::1|Windows|7|Chrome|72.0.3626.121|2019-03-12 15:04:25|200|GET|http://localhost:8080/webvpc/public/bpe/tools/resumen-citas|[]
B10874|::1|Windows|7|Chrome|72.0.3626.121|2019-03-12 15:04:26|200|GET|http://localhost:8080/webvpc/public/bpe/tools/resumen-citas|[]
B10874|::1|Windows|7|Chrome|72.0.3626.121|2019-03-12 15:04:36|200|GET|http://localhost:8080/webvpc/public/bpe/tools/resumen-citas|{"fechaIni":"2019-01-11","fechaFin":"2019-03-12"}
B10874|::1|Windows|7|Chrome|72.0.3626.121|2019-03-12 15:04:40|200|GET|http://localhost:8080/webvpc/public/bpe/tools/resumen-citas|{"fechaIni":"2019-01-11","fechaFin":"2019-03-22"}
B10874|::1|Windows|7|Chrome|72.0.3626.121|2019-03-12 15:05:02|200|GET|http://localhost:8080/webvpc/public/bpe/tools/resumen-citas|{"fechaIni":null,"fechaFin":"2019-03-22"}
B10874|::1|Windows|7|Chrome|72.0.3626.121|2019-03-12 15:05:43|200|GET|http://localhost:8080/webvpc/public/bpe/tools/resumen-citas|{"fechaIni":"2017-03-12","fechaFin":"2019-03-22"}
B10874|::1|Windows|7|Chrome|72.0.3626.121|2019-03-12 15:05:50|200|GET|http://localhost:8080/webvpc/public/bpe/tools/resumen-citas|{"fechaIni":"2019-03-29","fechaFin":"2019-03-22"}
B10874|::1|Windows|7|Chrome|72.0.3626.121|2019-03-12 15:05:53|200|GET|http://localhost:8080/webvpc/public/bpe/tools/resumen-citas|{"fechaIni":"2019-03-01","fechaFin":"2019-03-22"}
B10874|::1|Windows|7|Chrome|72.0.3626.121|2019-03-12 15:05:59|200|GET|http://localhost:8080/webvpc/public/bpe/tools/resumen-citas|{"fechaIni":"2019-01-11","fechaFin":"2019-03-22"}
B10874|::1|Windows|7|Chrome|72.0.3626.121|2019-03-12 15:06:07|200|GET|http://localhost:8080/webvpc/public/bpe/tools/resumen-citas|{"fechaIni":null,"fechaFin":"2019-03-22"}
B10874|::1|Windows|7|Chrome|72.0.3626.121|2019-03-12 15:06:12|200|GET|http://localhost:8080/webvpc/public/bpe/campanha/consulta-nuevos|[]
B10874|::1|Windows|7|Chrome|72.0.3626.121|2019-03-12 15:06:13|200|GET|http://localhost:8080/webvpc/public/bpe/tools/resumen-citas|[]