
JUNIOR|::1|Windows|10.0|Chrome|77.0.3865.120|2019-10-19 23:52:46|200|GET|http://localhost/wpaddy/public/_debugbar/assets/stylesheets|{"v":"1502731300"}
JUNIOR|::1|Windows|10.0|Chrome|77.0.3865.120|2019-10-19 23:52:48|404|GET|http://localhost/wpaddy/public/videos/libs/swfobject.js|[]
JUNIOR|::1|Windows|10.0|Chrome|77.0.3865.120|2019-10-19 23:52:47|200|GET|http://localhost/wpaddy/public/_debugbar/assets/javascript|{"v":"1502731300"}
JUNIOR|::1|Windows|10.0|Chrome|77.0.3865.120|2019-10-19 23:53:02|404|GET|http://localhost/wpaddy/public/genious/css/bootstrap.min.css.map|[]
JUNIOR|::1|Windows|10.0|Chrome|77.0.3865.120|2019-10-19 23:57:15|200|GET|http://localhost/wpaddy/public/productos|[]
JUNIOR|::1|Windows|10.0|Chrome|77.0.3865.120|2019-10-19 23:57:16|404|GET|http://localhost/wpaddy/public/videos/libs/video_background.js|[]
JUNIOR|::1|Windows|10.0|Chrome|77.0.3865.120|2019-10-19 23:57:16|404|GET|http://localhost/wpaddy/public/videos/libs/swfobject.js|[]
JUNIOR|::1|Windows|10.0|Chrome|77.0.3865.120|2019-10-19 23:57:16|404|GET|http://localhost/wpaddy/public/videos/libs/modernizr.video.js|[]
JUNIOR|::1|Windows|10.0|Chrome|77.0.3865.120|2019-10-19 23:57:16|404|GET|http://localhost/wpaddy/public/videos/libs/video_background.js|[]
JUNIOR|::1|Windows|10.0|Chrome|77.0.3865.120|2019-10-19 23:57:17|404|GET|http://localhost/wpaddy/public/genious/css/bootstrap.min.css.map|[]
JUNIOR|::1|Windows|10.0|Chrome|77.0.3865.120|2019-10-19 23:57:31|200|GET|http://localhost/wpaddy/public/productos|[]
JUNIOR|::1|Windows|10.0|Chrome|77.0.3865.120|2019-10-19 23:57:31|404|GET|http://localhost/wpaddy/public/videos/libs/swfobject.js|[]
JUNIOR|::1|Windows|10.0|Chrome|77.0.3865.120|2019-10-19 23:57:32|404|GET|http://localhost/wpaddy/public/videos/libs/video_background.js|[]
JUNIOR|::1|Windows|10.0|Chrome|77.0.3865.120|2019-10-19 23:57:33|404|GET|http://localhost/wpaddy/public/genious/css/bootstrap.min.css.map|[]
JUNIOR|::1|Windows|10.0|Chrome|77.0.3865.120|2019-10-19 23:58:00|200|GET|http://localhost/wpaddy/public/productos|[]
JUNIOR|::1|Windows|10.0|Chrome|77.0.3865.120|2019-10-19 23:58:01|404|GET|http://localhost/wpaddy/public/videos/libs/swfobject.js|[]
JUNIOR|::1|Windows|10.0|Chrome|77.0.3865.120|2019-10-19 23:58:01|404|GET|http://localhost/wpaddy/public/videos/libs/video_background.js|[]
JUNIOR|::1|Windows|10.0|Chrome|77.0.3865.120|2019-10-19 23:58:01|404|GET|http://localhost/wpaddy/public/videos/libs/modernizr.video.js|[]
JUNIOR|::1|Windows|10.0|Chrome|77.0.3865.120|2019-10-19 23:58:02|404|GET|http://localhost/wpaddy/public/videos/libs/video_background.js|[]
JUNIOR|::1|Windows|10.0|Chrome|77.0.3865.120|2019-10-19 23:58:03|404|GET|http://localhost/wpaddy/public/genious/css/bootstrap.min.css.map|[]
JUNIOR|::1|Windows|10.0|Chrome|77.0.3865.120|2019-10-19 23:58:33|200|GET|http://localhost/wpaddy/public/productos|[]
JUNIOR|::1|Windows|10.0|Chrome|77.0.3865.120|2019-10-19 23:58:34|404|GET|http://localhost/wpaddy/public/videos/libs/video_background.js|[]
JUNIOR|::1|Windows|10.0|Chrome|77.0.3865.120|2019-10-19 23:58:34|404|GET|http://localhost/wpaddy/public/videos/libs/swfobject.js|[]
JUNIOR|::1|Windows|10.0|Chrome|77.0.3865.120|2019-10-19 23:58:34|404|GET|http://localhost/wpaddy/public/videos/libs/modernizr.video.js|[]
JUNIOR|::1|Windows|10.0|Chrome|77.0.3865.120|2019-10-19 23:58:34|404|GET|http://localhost/wpaddy/public/videos/libs/video_background.js|[]
JUNIOR|::1|Windows|10.0|Chrome|77.0.3865.120|2019-10-19 23:58:35|404|GET|http://localhost/wpaddy/public/genious/css/bootstrap.min.css.map|[]
JUNIOR|::1|Windows|10.0|Chrome|77.0.3865.120|2019-10-19 23:58:53|200|GET|http://localhost/wpaddy/public/productos|[]
JUNIOR|::1|Windows|10.0|Chrome|77.0.3865.120|2019-10-19 23:58:53|404|GET|http://localhost/wpaddy/public/videos/libs/modernizr.video.js|[]
JUNIOR|::1|Windows|10.0|Chrome|77.0.3865.120|2019-10-19 23:58:53|404|GET|http://localhost/wpaddy/public/videos/libs/video_background.js|[]
JUNIOR|::1|Windows|10.0|Chrome|77.0.3865.120|2019-10-19 23:58:53|404|GET|http://localhost/wpaddy/public/videos/libs/swfobject.js|[]
JUNIOR|::1|Windows|10.0|Chrome|77.0.3865.120|2019-10-19 23:58:54|404|GET|http://localhost/wpaddy/public/videos/libs/modernizr.video.js|[]
JUNIOR|::1|Windows|10.0|Chrome|77.0.3865.120|2019-10-19 23:58:54|404|GET|http://localhost/wpaddy/public/videos/libs/video_background.js|[]
JUNIOR|::1|Windows|10.0|Chrome|77.0.3865.120|2019-10-19 23:58:55|404|GET|http://localhost/wpaddy/public/genious/css/bootstrap.min.css.map|[]
JUNIOR|::1|Windows|10.0|Chrome|77.0.3865.120|2019-10-19 23:59:05|200|GET|http://localhost/wpaddy/public/productos|[]
JUNIOR|::1|Windows|10.0|Chrome|77.0.3865.120|2019-10-19 23:59:06|404|GET|http://localhost/wpaddy/public/videos/libs/modernizr.video.js|[]
JUNIOR|::1|Windows|10.0|Chrome|77.0.3865.120|2019-10-19 23:59:06|404|GET|http://localhost/wpaddy/public/videos/libs/video_background.js|[]
JUNIOR|::1|Windows|10.0|Chrome|77.0.3865.120|2019-10-19 23:59:07|404|GET|http://localhost/wpaddy/public/videos/libs/swfobject.js|[]
JUNIOR|::1|Windows|10.0|Chrome|77.0.3865.120|2019-10-19 23:59:08|404|GET|http://localhost/wpaddy/public/videos/libs/modernizr.video.js|[]
JUNIOR|::1|Windows|10.0|Chrome|77.0.3865.120|2019-10-19 23:59:08|404|GET|http://localhost/wpaddy/public/videos/libs/video_background.js|[]
JUNIOR|::1|Windows|10.0|Chrome|77.0.3865.120|2019-10-19 23:59:09|404|GET|http://localhost/wpaddy/public/genious/css/bootstrap.min.css.map|[]
JUNIOR|::1|Windows|10.0|Chrome|77.0.3865.120|2019-10-19 23:59:39|200|GET|http://localhost/wpaddy/public/productos|[]
JUNIOR|::1|Windows|10.0|Chrome|77.0.3865.120|2019-10-19 23:59:40|404|GET|http://localhost/wpaddy/public/videos/libs/modernizr.video.js|[]
JUNIOR|::1|Windows|10.0|Chrome|77.0.3865.120|2019-10-19 23:59:40|404|GET|http://localhost/wpaddy/public/videos/libs/video_background.js|[]
JUNIOR|::1|Windows|10.0|Chrome|77.0.3865.120|2019-10-19 23:59:40|404|GET|http://localhost/wpaddy/public/videos/libs/modernizr.video.js|[]
JUNIOR|::1|Windows|10.0|Chrome|77.0.3865.120|2019-10-19 23:59:41|404|GET|http://localhost/wpaddy/public/videos/libs/video_background.js|[]
JUNIOR|::1|Windows|10.0|Chrome|77.0.3865.120|2019-10-19 23:59:42|404|GET|http://localhost/wpaddy/public/genious/css/bootstrap.min.css.map|[]
JUNIOR|::1|Windows|10.0|Chrome|77.0.3865.120|2019-10-19 23:59:55|200|GET|http://localhost/wpaddy/public/productos|[]
JUNIOR|::1|Windows|10.0|Chrome|77.0.3865.120|2019-10-19 23:59:55|404|GET|http://localhost/wpaddy/public/videos/libs/modernizr.video.js|[]
JUNIOR|::1|Windows|10.0|Chrome|77.0.3865.120|2019-10-19 23:59:56|404|GET|http://localhost/wpaddy/public/videos/libs/video_background.js|[]
JUNIOR|::1|Windows|10.0|Chrome|77.0.3865.120|2019-10-19 23:59:56|404|GET|http://localhost/wpaddy/public/videos/libs/modernizr.video.js|[]
JUNIOR|::1|Windows|10.0|Chrome|77.0.3865.120|2019-10-19 23:59:56|404|GET|http://localhost/wpaddy/public/videos/libs/video_background.js|[]
JUNIOR|::1|Windows|10.0|Chrome|77.0.3865.120|2019-10-19 23:59:57|404|GET|http://localhost/wpaddy/public/genious/css/bootstrap.min.css.map|[]