
bp2567|::1|Windows|7|Chrome|73.0.3683.86|2019-03-25 13:45:44|200|GET|http://localhost:8080/webvpc/public/_debugbar/open|{"op":"get","id":"fc7ed3d988c53de29e721f197e4e7f76"}
bp2567|::1|Windows|7|Chrome|73.0.3683.86|2019-03-25 13:45:44|200|POST|http://localhost:8080/webvpc/public/addusuario/addusuario/comboRoles|{"banca":"BE"}
bp2567|::1|Windows|7|Chrome|73.0.3683.86|2019-03-25 13:45:44|200|POST|http://localhost:8080/webvpc/public/addusuario/addusuario/comboZonas|{"banca":"BE"}
bp2567|::1|Windows|7|Chrome|73.0.3683.86|2019-03-25 13:45:45|200|GET|http://localhost:8080/webvpc/public/_debugbar/open|{"op":"get","id":"facbbcfefd779737b51a49fc8226eb6f"}
bp2567|::1|Windows|7|Chrome|73.0.3683.86|2019-03-25 13:45:45|200|GET|http://localhost:8080/webvpc/public/_debugbar/open|{"op":"get","id":"a3a833cece6a0f6d836014a7f957bd9a"}
bp2567|::1|Windows|7|Chrome|73.0.3683.86|2019-03-25 13:45:45|200|GET|http://localhost:8080/webvpc/public/_debugbar/open|{"op":"get","id":"a4883383709c5a987f5405ab077b15a5"}
bp2567|::1|Windows|7|Chrome|73.0.3683.86|2019-03-25 13:49:29|200|POST|http://localhost:8080/webvpc/public/addusuario/addusuario/get-usuario|{"registro":"B22485"}
bp2567|::1|Windows|7|Chrome|73.0.3683.86|2019-03-25 13:49:30|200|GET|http://localhost:8080/webvpc/public/_debugbar/open|{"op":"get","id":"eebd93d26fdf4e91170f7524ad406044"}
bp2567|::1|Windows|7|Chrome|73.0.3683.86|2019-03-25 13:49:30|200|POST|http://localhost:8080/webvpc/public/addusuario/addusuario/comboRoles|{"banca":"BE"}
bp2567|::1|Windows|7|Chrome|73.0.3683.86|2019-03-25 13:49:30|200|POST|http://localhost:8080/webvpc/public/addusuario/addusuario/comboJefaturas|{"id_zonal":null}
bp2567|::1|Windows|7|Chrome|73.0.3683.86|2019-03-25 13:49:30|200|POST|http://localhost:8080/webvpc/public/addusuario/addusuario/comboZonas|{"banca":"BE"}
bp2567|::1|Windows|7|Chrome|73.0.3683.86|2019-03-25 13:49:30|200|GET|http://localhost:8080/webvpc/public/_debugbar/open|{"op":"get","id":"1df67f034bc74267c988e16ed4d7373d"}
bp2567|::1|Windows|7|Chrome|73.0.3683.86|2019-03-25 13:49:30|200|GET|http://localhost:8080/webvpc/public/_debugbar/open|{"op":"get","id":"77e0951b7c61ab74a96856362703af43"}
bp2567|::1|Windows|7|Chrome|73.0.3683.86|2019-03-25 13:49:30|200|GET|http://localhost:8080/webvpc/public/_debugbar/open|{"op":"get","id":"2433b1fe1bf41eba029686b249830b37"}
bp2567|::1|Windows|7|Chrome|73.0.3683.86|2019-03-25 13:49:53|200|GET|http://localhost:8080/webvpc/public/addusuario/addusuario|[]
bp2567|::1|Windows|7|Chrome|73.0.3683.86|2019-03-25 13:49:54|200|GET|http://localhost:8080/webvpc/public/_debugbar/assets/javascript|{"v":"1502731300"}
bp2567|::1|Windows|7|Chrome|73.0.3683.86|2019-03-25 13:49:59|200|POST|http://localhost:8080/webvpc/public/addusuario/addusuario/get-usuario|{"registro":"B17647"}
bp2567|::1|Windows|7|Chrome|73.0.3683.86|2019-03-25 13:49:59|200|GET|http://localhost:8080/webvpc/public/_debugbar/open|{"op":"get","id":"e90cacaa6e2ad48339e21cf24a80e167"}
bp2567|::1|Windows|7|Chrome|73.0.3683.86|2019-03-25 13:49:59|200|POST|http://localhost:8080/webvpc/public/addusuario/addusuario/comboZonas|{"banca":"BE"}
bp2567|::1|Windows|7|Chrome|73.0.3683.86|2019-03-25 13:49:59|200|POST|http://localhost:8080/webvpc/public/addusuario/addusuario/comboRoles|{"banca":"BE"}
bp2567|::1|Windows|7|Chrome|73.0.3683.86|2019-03-25 13:49:59|200|POST|http://localhost:8080/webvpc/public/addusuario/addusuario/comboJefaturas|{"id_zonal":null}
bp2567|::1|Windows|7|Chrome|73.0.3683.86|2019-03-25 13:50:00|200|GET|http://localhost:8080/webvpc/public/_debugbar/open|{"op":"get","id":"261d1b9b9cc8f1d6425375fd31eab85d"}
bp2567|::1|Windows|7|Chrome|73.0.3683.86|2019-03-25 13:50:00|200|GET|http://localhost:8080/webvpc/public/_debugbar/open|{"op":"get","id":"383148fddbfad7abf26665fa10ba60e9"}
bp2567|::1|Windows|7|Chrome|73.0.3683.86|2019-03-25 13:50:00|200|GET|http://localhost:8080/webvpc/public/_debugbar/open|{"op":"get","id":"9a34fc1dc9b749ba5bdac1a2e576a429"}
bp2567|::1|Windows|7|Chrome|73.0.3683.86|2019-03-25 13:52:31|200|GET|http://localhost:8080/webvpc/public/addusuario/addusuario|[]
bp2567|::1|Windows|7|Chrome|73.0.3683.86|2019-03-25 13:52:35|200|POST|http://localhost:8080/webvpc/public/addusuario/addusuario/get-usuario|{"registro":"B22485"}
bp2567|::1|Windows|7|Chrome|73.0.3683.86|2019-03-25 13:52:35|200|GET|http://localhost:8080/webvpc/public/_debugbar/open|{"op":"get","id":"0eb540a9c00d5cc2280a2eb2a7475966"}
bp2567|::1|Windows|7|Chrome|73.0.3683.86|2019-03-25 13:52:35|200|POST|http://localhost:8080/webvpc/public/addusuario/addusuario/comboRoles|{"banca":"BE"}
bp2567|::1|Windows|7|Chrome|73.0.3683.86|2019-03-25 13:52:35|200|POST|http://localhost:8080/webvpc/public/addusuario/addusuario/comboZonas|{"banca":"BE"}
bp2567|::1|Windows|7|Chrome|73.0.3683.86|2019-03-25 13:52:35|200|POST|http://localhost:8080/webvpc/public/addusuario/addusuario/comboJefaturas|{"id_zonal":null}
bp2567|::1|Windows|7|Chrome|73.0.3683.86|2019-03-25 13:52:36|200|GET|http://localhost:8080/webvpc/public/_debugbar/open|{"op":"get","id":"4281c03db9af9fbc7758fe1b352f6707"}
bp2567|::1|Windows|7|Chrome|73.0.3683.86|2019-03-25 13:52:36|200|GET|http://localhost:8080/webvpc/public/_debugbar/open|{"op":"get","id":"858a8ff3d87344ffaff040b9d25629d2"}
bp2567|::1|Windows|7|Chrome|73.0.3683.86|2019-03-25 13:52:36|200|GET|http://localhost:8080/webvpc/public/_debugbar/open|{"op":"get","id":"951ffc7ddf62e3f8c09c21ffe6d97fa3"}
bp2567|::1|Windows|7|Chrome|73.0.3683.86|2019-03-25 13:54:26|200|GET|http://localhost:8080/webvpc/public/addusuario/addusuario|[]
bp2567|::1|Windows|7|Chrome|73.0.3683.86|2019-03-25 13:54:31|200|POST|http://localhost:8080/webvpc/public/addusuario/addusuario/get-usuario|{"registro":"B22485"}
bp2567|::1|Windows|7|Chrome|73.0.3683.86|2019-03-25 13:54:31|200|POST|http://localhost:8080/webvpc/public/addusuario/addusuario/comboRoles|{"banca":"BE"}
bp2567|::1|Windows|7|Chrome|73.0.3683.86|2019-03-25 13:54:31|200|POST|http://localhost:8080/webvpc/public/addusuario/addusuario/comboZonas|{"banca":"BE"}
bp2567|::1|Windows|7|Chrome|73.0.3683.86|2019-03-25 13:54:31|200|GET|http://localhost:8080/webvpc/public/_debugbar/open|{"op":"get","id":"68fe32e3000aeae80ab7f5c01509a458"}
bp2567|::1|Windows|7|Chrome|73.0.3683.86|2019-03-25 13:54:31|200|POST|http://localhost:8080/webvpc/public/addusuario/addusuario/comboJefaturas|{"id_zonal":null}
bp2567|::1|Windows|7|Chrome|73.0.3683.86|2019-03-25 13:54:31|200|GET|http://localhost:8080/webvpc/public/_debugbar/open|{"op":"get","id":"e4eff0b4275f57a53731af8d3cf53537"}
bp2567|::1|Windows|7|Chrome|73.0.3683.86|2019-03-25 13:54:31|200|GET|http://localhost:8080/webvpc/public/_debugbar/open|{"op":"get","id":"2ce26d8f614d94768de424c126550768"}
bp2567|::1|Windows|7|Chrome|73.0.3683.86|2019-03-25 13:54:32|200|GET|http://localhost:8080/webvpc/public/_debugbar/open|{"op":"get","id":"e9a4d54cfe1f1c78e195821af63d2cce"}
bp2567|::1|Windows|7|Chrome|73.0.3683.86|2019-03-25 13:55:04|200|GET|http://localhost:8080/webvpc/public/addusuario/addusuario|[]
bp2567|::1|Windows|7|Chrome|73.0.3683.86|2019-03-25 13:55:07|200|POST|http://localhost:8080/webvpc/public/addusuario/addusuario/get-usuario|{"registro":"B22485"}
bp2567|::1|Windows|7|Chrome|73.0.3683.86|2019-03-25 13:55:08|200|POST|http://localhost:8080/webvpc/public/addusuario/addusuario/comboRoles|{"banca":"BE"}
bp2567|::1|Windows|7|Chrome|73.0.3683.86|2019-03-25 13:55:08|200|GET|http://localhost:8080/webvpc/public/_debugbar/open|{"op":"get","id":"78cdc579e9293877b6c0646b7bdbfecb"}
bp2567|::1|Windows|7|Chrome|73.0.3683.86|2019-03-25 13:55:08|200|POST|http://localhost:8080/webvpc/public/addusuario/addusuario/comboJefaturas|{"id_zonal":null}
guest|::1|Windows|7|Chrome|73.0.3683.86|2019-03-25 13:55:08|200|GET|http://localhost:8080/webvpc/public/_debugbar/open|{"op":"get","id":"0adcdb509c6600dde1170dc037fad1a4"}
bp2567|::1|Windows|7|Chrome|73.0.3683.86|2019-03-25 13:55:08|200|GET|http://localhost:8080/webvpc/public/_debugbar/open|{"op":"get","id":"dcdde870289a5a680a1fb25d5f2755ca"}
bp2567|::1|Windows|7|Chrome|73.0.3683.86|2019-03-25 13:55:58|200|POST|http://localhost:8080/webvpc/public/addusuario/addusuario/get-usuario|{"registro":"B22485"}
bp2567|::1|Windows|7|Chrome|73.0.3683.86|2019-03-25 13:55:59|200|POST|http://localhost:8080/webvpc/public/addusuario/addusuario/comboRoles|{"banca":"BE"}
bp2567|::1|Windows|7|Chrome|73.0.3683.86|2019-03-25 13:55:59|200|POST|http://localhost:8080/webvpc/public/addusuario/addusuario/comboJefaturas|{"id_zonal":null}
bp2567|::1|Windows|7|Chrome|73.0.3683.86|2019-03-25 13:55:59|200|GET|http://localhost:8080/webvpc/public/_debugbar/open|{"op":"get","id":"c4ad7fc0527512380f6e5ba949d000c5"}
bp2567|::1|Windows|7|Chrome|73.0.3683.86|2019-03-25 13:55:59|200|GET|http://localhost:8080/webvpc/public/_debugbar/open|{"op":"get","id":"67fd2fcfff8f12c139d708088a01f3f2"}
bp2567|::1|Windows|7|Chrome|73.0.3683.86|2019-03-25 13:55:59|200|GET|http://localhost:8080/webvpc/public/_debugbar/open|{"op":"get","id":"b2144831b1dbf3bdda84a312feb406ec"}
bp2567|::1|Windows|7|Chrome|73.0.3683.86|2019-03-25 13:55:59|200|GET|http://localhost:8080/webvpc/public/_debugbar/open|{"op":"get","id":"2b61bed32ac462cd44c2b42963d6cda9"}
bp2567|::1|Windows|7|Chrome|73.0.3683.86|2019-03-25 13:57:25|200|GET|http://localhost:8080/webvpc/public/addusuario/addusuario|[]
bp2567|::1|Windows|7|Chrome|73.0.3683.86|2019-03-25 13:57:26|200|GET|http://localhost:8080/webvpc/public/_debugbar/assets/stylesheets|{"v":"1502731300"}
bp2567|::1|Windows|7|Chrome|73.0.3683.86|2019-03-25 13:57:26|200|GET|http://localhost:8080/webvpc/public/_debugbar/assets/javascript|{"v":"1502731300"}
bp2567|::1|Windows|7|Chrome|73.0.3683.86|2019-03-25 13:57:33|200|POST|http://localhost:8080/webvpc/public/addusuario/addusuario/get-usuario|{"registro":"B22485"}
bp2567|::1|Windows|7|Chrome|73.0.3683.86|2019-03-25 13:57:33|200|POST|http://localhost:8080/webvpc/public/addusuario/addusuario/comboJefaturas|{"id_zonal":null}
bp2567|::1|Windows|7|Chrome|73.0.3683.86|2019-03-25 13:57:33|200|GET|http://localhost:8080/webvpc/public/_debugbar/open|{"op":"get","id":"1a97c662d061f429fdb488bb3b943b10"}
bp2567|::1|Windows|7|Chrome|73.0.3683.86|2019-03-25 13:57:33|200|POST|http://localhost:8080/webvpc/public/addusuario/addusuario/comboRoles|{"banca":"BE"}
bp2567|::1|Windows|7|Chrome|73.0.3683.86|2019-03-25 13:57:33|200|POST|http://localhost:8080/webvpc/public/addusuario/addusuario/comboZonas|{"banca":"BE"}
bp2567|::1|Windows|7|Chrome|73.0.3683.86|2019-03-25 13:57:34|200|GET|http://localhost:8080/webvpc/public/_debugbar/open|{"op":"get","id":"4eec09b38505400cac758f4fecba72c5"}
bp2567|::1|Windows|7|Chrome|73.0.3683.86|2019-03-25 13:57:34|200|GET|http://localhost:8080/webvpc/public/_debugbar/open|{"op":"get","id":"95a21bdcc1eb25ef1466b891b23e299b"}
bp2567|::1|Windows|7|Chrome|73.0.3683.86|2019-03-25 13:57:34|200|GET|http://localhost:8080/webvpc/public/_debugbar/open|{"op":"get","id":"0d6014bcf2998e7ea1eebaf558f40ae7"}
bp2567|::1|Windows|7|Chrome|73.0.3683.86|2019-03-25 13:57:49|200|POST|http://localhost:8080/webvpc/public/addusuario/addusuario/get-usuario|{"registro":"B16839"}
bp2567|::1|Windows|7|Chrome|73.0.3683.86|2019-03-25 13:57:49|200|GET|http://localhost:8080/webvpc/public/_debugbar/open|{"op":"get","id":"9ef89aa6156a5e28479ac69e49c147d5"}
bp2567|::1|Windows|7|Chrome|73.0.3683.86|2019-03-25 13:58:00|200|POST|http://localhost:8080/webvpc/public/addusuario/addusuario/get-usuario|{"registro":"B19181"}
bp2567|::1|Windows|7|Chrome|73.0.3683.86|2019-03-25 13:58:00|200|POST|http://localhost:8080/webvpc/public/addusuario/addusuario/comboRoles|{"banca":"BE"}
bp2567|::1|Windows|7|Chrome|73.0.3683.86|2019-03-25 13:58:00|200|GET|http://localhost:8080/webvpc/public/_debugbar/open|{"op":"get","id":"6ce7e9472502b1a842105ea316231800"}
bp2567|::1|Windows|7|Chrome|73.0.3683.86|2019-03-25 13:58:01|200|POST|http://localhost:8080/webvpc/public/addusuario/addusuario/comboZonas|{"banca":"BE"}
bp2567|::1|Windows|7|Chrome|73.0.3683.86|2019-03-25 13:58:01|200|POST|http://localhost:8080/webvpc/public/addusuario/addusuario/comboJefaturas|{"id_zonal":null}
bp2567|::1|Windows|7|Chrome|73.0.3683.86|2019-03-25 13:58:01|200|GET|http://localhost:8080/webvpc/public/_debugbar/open|{"op":"get","id":"bcdafd61b678deefd5a0fbee759d53a3"}
bp2567|::1|Windows|7|Chrome|73.0.3683.86|2019-03-25 13:58:01|200|GET|http://localhost:8080/webvpc/public/_debugbar/open|{"op":"get","id":"865b05c343094af6466cc6e9089ec43b"}
guest|::1|Windows|7|Chrome|73.0.3683.86|2019-03-25 13:58:01|404|GET|http://localhost:8080/webvpc/public/_debugbar/open|{"op":"get","id":"605c3b73d457005ca274d63d705ac7c4"}
bp2567|::1|Windows|7|Chrome|73.0.3683.86|2019-03-25 13:58:10|200|POST|http://localhost:8080/webvpc/public/addusuario/addusuario/get-usuario|{"registro":"B31243"}
bp2567|::1|Windows|7|Chrome|73.0.3683.86|2019-03-25 13:58:10|200|GET|http://localhost:8080/webvpc/public/_debugbar/open|{"op":"get","id":"a8f918e320f67ef02f83e06cdd935e92"}
bp2567|::1|Windows|7|Chrome|73.0.3683.86|2019-03-25 13:59:18|200|GET|http://localhost:8080/webvpc/public/addusuario/addusuario|[]
bp2567|::1|Windows|7|Chrome|73.0.3683.86|2019-03-25 13:59:21|200|POST|http://localhost:8080/webvpc/public/addusuario/addusuario/get-usuario|{"registro":"B31243"}
bp2567|::1|Windows|7|Chrome|73.0.3683.86|2019-03-25 13:59:22|200|GET|http://localhost:8080/webvpc/public/_debugbar/open|{"op":"get","id":"cd5f6c0249225ab828cbf88139859129"}
bp2567|::1|Windows|7|Chrome|73.0.3683.86|2019-03-25 14:01:10|200|GET|http://localhost:8080/webvpc/public/addusuario/addusuario|[]
bp2567|::1|Windows|7|Chrome|73.0.3683.86|2019-03-25 14:01:14|200|POST|http://localhost:8080/webvpc/public/addusuario/addusuario/get-usuario|{"registro":"B30681"}
bp2567|::1|Windows|7|Chrome|73.0.3683.86|2019-03-25 14:01:15|200|GET|http://localhost:8080/webvpc/public/_debugbar/open|{"op":"get","id":"5b8af968af6b3ada316af4fa3131f1d6"}
bp2567|::1|Windows|7|Chrome|73.0.3683.86|2019-03-25 14:01:44|200|POST|http://localhost:8080/webvpc/public/addusuario/addusuario/get-usuario|{"registro":"B31243"}
bp2567|::1|Windows|7|Chrome|73.0.3683.86|2019-03-25 14:01:44|200|GET|http://localhost:8080/webvpc/public/_debugbar/open|{"op":"get","id":"d258c1ec9d8566f617c0dfc4283dafed"}
bp2567|::1|Windows|7|Chrome|73.0.3683.86|2019-03-25 14:01:49|200|POST|http://localhost:8080/webvpc/public/addusuario/addusuario/get-usuario|{"registro":"B17647"}
bp2567|::1|Windows|7|Chrome|73.0.3683.86|2019-03-25 14:01:49|200|POST|http://localhost:8080/webvpc/public/addusuario/addusuario/comboJefaturas|{"id_zonal":null}
bp2567|::1|Windows|7|Chrome|73.0.3683.86|2019-03-25 14:01:49|200|GET|http://localhost:8080/webvpc/public/_debugbar/open|{"op":"get","id":"67edd5d5891ab799610fabd843a97f4e"}
bp2567|::1|Windows|7|Chrome|73.0.3683.86|2019-03-25 14:01:50|200|POST|http://localhost:8080/webvpc/public/addusuario/addusuario/comboRoles|{"banca":"BE"}
bp2567|::1|Windows|7|Chrome|73.0.3683.86|2019-03-25 14:01:50|200|GET|http://localhost:8080/webvpc/public/_debugbar/open|{"op":"get","id":"d87c6bc13c8bb0edea515d4facdccda9"}
bp2567|::1|Windows|7|Chrome|73.0.3683.86|2019-03-25 14:01:50|200|GET|http://localhost:8080/webvpc/public/_debugbar/open|{"op":"get","id":"40138727998f300914243e81178c46ee"}
bp2567|::1|Windows|7|Chrome|73.0.3683.86|2019-03-25 14:01:50|200|GET|http://localhost:8080/webvpc/public/_debugbar/open|{"op":"get","id":"cae38aab899c59327a085aa495fa2332"}
bp2567|::1|Windows|7|Chrome|73.0.3683.86|2019-03-25 14:02:31|200|POST|http://localhost:8080/webvpc/public/addusuario/addusuario/comboJefaturas|{"id_zonal":"BEPZONAL1"}
bp2567|::1|Windows|7|Chrome|73.0.3683.86|2019-03-25 14:02:32|200|GET|http://localhost:8080/webvpc/public/_debugbar/open|{"op":"get","id":"7b5e6979906717202c65c556f4c9589d"}
bp2567|::1|Windows|7|Chrome|73.0.3683.86|2019-03-25 14:02:35|200|POST|http://localhost:8080/webvpc/public/addusuario/addusuario/comboJefaturas|{"id_zonal":"BELZONAL2"}
bp2567|::1|Windows|7|Chrome|73.0.3683.86|2019-03-25 14:02:35|200|GET|http://localhost:8080/webvpc/public/_debugbar/open|{"op":"get","id":"2bb07372783ecb443feb36d60fc19708"}
bp2567|::1|Windows|7|Chrome|73.0.3683.86|2019-03-25 14:10:08|200|GET|http://localhost:8080/webvpc/public/addusuario/addusuario|[]
bp2567|::1|Windows|7|Chrome|73.0.3683.86|2019-03-25 14:10:09|200|GET|http://localhost:8080/webvpc/public/_debugbar/assets/stylesheets|{"v":"1502731300"}
bp2567|::1|Windows|7|Chrome|73.0.3683.86|2019-03-25 14:10:09|200|GET|http://localhost:8080/webvpc/public/_debugbar/assets/javascript|{"v":"1502731300"}
bp2567|::1|Windows|7|Chrome|73.0.3683.86|2019-03-25 14:10:12|200|POST|http://localhost:8080/webvpc/public/addusuario/addusuario/get-usuario|{"registro":"B17647"}
bp2567|::1|Windows|7|Chrome|73.0.3683.86|2019-03-25 14:10:12|200|GET|http://localhost:8080/webvpc/public/_debugbar/open|{"op":"get","id":"3d04f9396f317366459e952625c020c3"}
bp2567|::1|Windows|7|Chrome|73.0.3683.86|2019-03-25 14:10:12|200|POST|http://localhost:8080/webvpc/public/addusuario/addusuario/comboRoles|{"banca":"BE"}
bp2567|::1|Windows|7|Chrome|73.0.3683.86|2019-03-25 14:10:13|200|POST|http://localhost:8080/webvpc/public/addusuario/addusuario/comboZonas|{"banca":"BE"}
bp2567|::1|Windows|7|Chrome|73.0.3683.86|2019-03-25 14:10:13|200|POST|http://localhost:8080/webvpc/public/addusuario/addusuario/comboJefaturas|{"id_zonal":"BELZONAL2"}
bp2567|::1|Windows|7|Chrome|73.0.3683.86|2019-03-25 14:10:13|200|GET|http://localhost:8080/webvpc/public/_debugbar/open|{"op":"get","id":"734d78794977da7bc3fa5391ac241712"}
bp2567|::1|Windows|7|Chrome|73.0.3683.86|2019-03-25 14:10:13|200|GET|http://localhost:8080/webvpc/public/_debugbar/open|{"op":"get","id":"55335b975d4962fed0cc058251093432"}
bp2567|::1|Windows|7|Chrome|73.0.3683.86|2019-03-25 14:10:13|200|GET|http://localhost:8080/webvpc/public/_debugbar/open|{"op":"get","id":"43284f5491becc60cc5bb7b84286083c"}
bp2567|::1|Windows|7|Chrome|73.0.3683.86|2019-03-25 14:14:01|200|GET|http://localhost:8080/webvpc/public/addusuario/addusuario|[]
bp2567|::1|Windows|7|Chrome|73.0.3683.86|2019-03-25 14:14:04|200|POST|http://localhost:8080/webvpc/public/addusuario/addusuario/get-usuario|{"registro":"B34669"}
bp2567|::1|Windows|7|Chrome|73.0.3683.86|2019-03-25 14:14:05|200|GET|http://localhost:8080/webvpc/public/_debugbar/open|{"op":"get","id":"efc10bcfa43702bb30688523f2ad99d0"}
bp2567|::1|Windows|7|Chrome|73.0.3683.86|2019-03-25 14:14:05|200|POST|http://localhost:8080/webvpc/public/addusuario/addusuario/comboCentros|{"id_zonal":"PROV CENTRO"}
bp2567|::1|Windows|7|Chrome|73.0.3683.86|2019-03-25 14:14:05|200|GET|http://localhost:8080/webvpc/public/_debugbar/open|{"op":"get","id":"cd2e4da2bfd4a1814c0763405d851fbf"}
bp2567|::1|Windows|7|Chrome|73.0.3683.86|2019-03-25 14:14:10|200|POST|http://localhost:8080/webvpc/public/addusuario/addusuario/get-usuario|{"registro":"B19181"}
bp2567|::1|Windows|7|Chrome|73.0.3683.86|2019-03-25 14:14:11|200|GET|http://localhost:8080/webvpc/public/_debugbar/open|{"op":"get","id":"f2d022d20a5424896d33b36f49d9f4b8"}
bp2567|::1|Windows|7|Chrome|73.0.3683.86|2019-03-25 14:14:11|200|POST|http://localhost:8080/webvpc/public/addusuario/addusuario/comboRoles|{"banca":"BE"}
bp2567|::1|Windows|7|Chrome|73.0.3683.86|2019-03-25 14:14:11|200|POST|http://localhost:8080/webvpc/public/addusuario/addusuario/comboJefaturas|{"id_zonal":"BELZONAL2"}
bp2567|::1|Windows|7|Chrome|73.0.3683.86|2019-03-25 14:14:11|200|GET|http://localhost:8080/webvpc/public/_debugbar/open|{"op":"get","id":"7d4b4d2c2e30460fd27d8de5efe6760c"}
bp2567|::1|Windows|7|Chrome|73.0.3683.86|2019-03-25 14:14:11|200|GET|http://localhost:8080/webvpc/public/_debugbar/open|{"op":"get","id":"251fe7936a9c1e9df9bd3a32a8e17a05"}
bp2567|::1|Windows|7|Chrome|73.0.3683.86|2019-03-25 14:14:11|200|GET|http://localhost:8080/webvpc/public/_debugbar/open|{"op":"get","id":"202227afc382d7e800e357644246e2e9"}
bp2567|::1|Windows|7|Chrome|73.0.3683.86|2019-03-25 14:16:10|200|GET|http://localhost:8080/webvpc/public/addusuario/addusuario|[]
bp2567|::1|Windows|7|Chrome|73.0.3683.86|2019-03-25 14:16:13|200|POST|http://localhost:8080/webvpc/public/addusuario/addusuario/get-usuario|{"registro":"B22485"}
bp2567|::1|Windows|7|Chrome|73.0.3683.86|2019-03-25 14:16:13|200|POST|http://localhost:8080/webvpc/public/addusuario/addusuario/comboJefaturas|{"id_zonal":"BELZONAL3"}
bp2567|::1|Windows|7|Chrome|73.0.3683.86|2019-03-25 14:16:13|200|POST|http://localhost:8080/webvpc/public/addusuario/addusuario/comboRoles|{"banca":"BE"}
bp2567|::1|Windows|7|Chrome|73.0.3683.86|2019-03-25 14:16:14|200|POST|http://localhost:8080/webvpc/public/addusuario/addusuario/comboZonas|{"banca":"BE"}
bp2567|::1|Windows|7|Chrome|73.0.3683.86|2019-03-25 14:16:14|200|GET|http://localhost:8080/webvpc/public/_debugbar/open|{"op":"get","id":"f75881be87c11adb437f287ceb993ad4"}
bp2567|::1|Windows|7|Chrome|73.0.3683.86|2019-03-25 14:16:14|200|GET|http://localhost:8080/webvpc/public/_debugbar/open|{"op":"get","id":"e95ca12f9f7c38bca535de2c8da26bd5"}
bp2567|::1|Windows|7|Chrome|73.0.3683.86|2019-03-25 14:16:14|200|GET|http://localhost:8080/webvpc/public/_debugbar/open|{"op":"get","id":"f74063128299592c80ac5f65ad2c325e"}
bp2567|::1|Windows|7|Chrome|73.0.3683.86|2019-03-25 14:16:19|200|POST|http://localhost:8080/webvpc/public/addusuario/addusuario/get-usuario|{"registro":"B19181"}
bp2567|::1|Windows|7|Chrome|73.0.3683.86|2019-03-25 14:16:20|200|GET|http://localhost:8080/webvpc/public/_debugbar/open|{"op":"get","id":"f85ed10540d3e70e8d091e19fdfb1d74"}
bp2567|::1|Windows|7|Chrome|73.0.3683.86|2019-03-25 14:16:20|200|POST|http://localhost:8080/webvpc/public/addusuario/addusuario/comboRoles|{"banca":"BE"}
bp2567|::1|Windows|7|Chrome|73.0.3683.86|2019-03-25 14:16:20|200|POST|http://localhost:8080/webvpc/public/addusuario/addusuario/comboJefaturas|{"id_zonal":"BELZONAL2"}
bp2567|::1|Windows|7|Chrome|73.0.3683.86|2019-03-25 14:16:20|200|GET|http://localhost:8080/webvpc/public/_debugbar/open|{"op":"get","id":"cbc72c775170aada4fcf7937e7395525"}
bp2567|::1|Windows|7|Chrome|73.0.3683.86|2019-03-25 14:16:20|200|GET|http://localhost:8080/webvpc/public/_debugbar/open|{"op":"get","id":"0074792488b2513b1a1ce36e5d84ffc4"}
bp2567|::1|Windows|7|Chrome|73.0.3683.86|2019-03-25 14:16:20|200|GET|http://localhost:8080/webvpc/public/_debugbar/open|{"op":"get","id":"983094c63b8b88f425afdee6ef892ed8"}