guest|::1|Windows|7|Chrome|73.0.3683.86|2019-03-26 09:33:12|200|GET|http://localhost:8080/webvpc/public|[]
bp2567|::1|Windows|7|Chrome|73.0.3683.86|2019-03-26 09:33:25|302|POST|http://localhost:8080/webvpc/public/login|{"_token":"OviM66FzQlkHa5mgWqzXUlJWCzpJFyEp2fDuDdgi","registro":"bp2567","passw":"bp2567"}
bp2567|::1|Windows|7|Chrome|73.0.3683.86|2019-03-26 09:33:26|200|GET|http://localhost:8080/webvpc/public/addusuario/addusuario|[]
bp2567|::1|Windows|7|Chrome|73.0.3683.86|2019-03-26 09:33:36|200|GET|http://localhost:8080/webvpc/public/addusuario/addusuario|[]
bp2567|::1|Windows|7|Chrome|73.0.3683.86|2019-03-26 09:33:55|200|POST|http://localhost:8080/webvpc/public/addusuario/addusuario/delete-usuario|{"registro":"B5436"}
bp2567|::1|Windows|7|Chrome|73.0.3683.86|2019-03-26 09:33:56|200|GET|http://localhost:8080/webvpc/public/_debugbar/open|{"op":"get","id":"04c7acdcb965abcd6a6b59c38623472e"}
bp2567|::1|Windows|7|Chrome|73.0.3683.86|2019-03-26 09:33:56|200|GET|http://localhost:8080/webvpc/public/addusuario/addusuario|[]
bp2567|::1|Windows|7|Chrome|73.0.3683.86|2019-03-26 09:34:32|200|POST|http://localhost:8080/webvpc/public/addusuario/addusuario/delete-usuario|{"registro":"B5436"}
bp2567|::1|Windows|7|Chrome|73.0.3683.86|2019-03-26 09:34:32|200|GET|http://localhost:8080/webvpc/public/addusuario/addusuario|[]
bp2567|::1|Windows|7|Chrome|73.0.3683.86|2019-03-26 09:34:32|200|GET|http://localhost:8080/webvpc/public/_debugbar/open|{"op":"get","id":"438d082247f011fbf82eebc90e6a73dd"}
bp2567|::1|Windows|7|Chrome|73.0.3683.86|2019-03-26 09:34:48|200|POST|http://localhost:8080/webvpc/public/addusuario/addusuario/get-usuario|{"registro":"B5436"}
bp2567|::1|Windows|7|Chrome|73.0.3683.86|2019-03-26 09:34:48|200|GET|http://localhost:8080/webvpc/public/_debugbar/open|{"op":"get","id":"d5a2e96462ba8e8a985188c517483bd3"}
bp2567|::1|Windows|7|Chrome|73.0.3683.86|2019-03-26 09:34:48|200|POST|http://localhost:8080/webvpc/public/addusuario/addusuario/comboCentros|{"id_zonal":"PROV SUR"}
bp2567|::1|Windows|7|Chrome|73.0.3683.86|2019-03-26 09:34:49|200|GET|http://localhost:8080/webvpc/public/_debugbar/open|{"op":"get","id":"673da7b611523666d1075958c4ce3f8b"}
bp2567|::1|Windows|7|Chrome|73.0.3683.86|2019-03-26 09:35:19|200|POST|http://localhost:8080/webvpc/public/addusuario/addusuario/delete-usuario|{"registro":"B5436"}
bp2567|::1|Windows|7|Chrome|73.0.3683.86|2019-03-26 09:35:19|200|GET|http://localhost:8080/webvpc/public/_debugbar/open|{"op":"get","id":"449421b54413929bc4b00fc961d976de"}
bp2567|::1|Windows|7|Chrome|73.0.3683.86|2019-03-26 09:35:20|200|GET|http://localhost:8080/webvpc/public/addusuario/addusuario|[]
bp2567|::1|Windows|7|Chrome|73.0.3683.86|2019-03-26 09:37:05|200|POST|http://localhost:8080/webvpc/public/addusuario/addusuario/delete-usuario|{"registro":"B5436"}
bp2567|::1|Windows|7|Chrome|73.0.3683.86|2019-03-26 09:37:05|200|GET|http://localhost:8080/webvpc/public/_debugbar/open|{"op":"get","id":"b582d9ac403489c32eed13f77e173da6"}
bp2567|::1|Windows|7|Chrome|73.0.3683.86|2019-03-26 09:37:05|200|GET|http://localhost:8080/webvpc/public/addusuario/addusuario|[]
bp2567|::1|Windows|7|Chrome|73.0.3683.86|2019-03-26 09:37:30|200|GET|http://localhost:8080/webvpc/public/addusuario/addusuario|[]
bp2567|::1|Windows|7|Chrome|73.0.3683.86|2019-03-26 09:37:31|200|GET|http://localhost:8080/webvpc/public/_debugbar/assets/stylesheets|{"v":"1502731300"}
bp2567|::1|Windows|7|Chrome|73.0.3683.86|2019-03-26 09:37:31|200|GET|http://localhost:8080/webvpc/public/_debugbar/assets/javascript|{"v":"1502731300"}
bp2567|::1|Windows|7|Chrome|73.0.3683.86|2019-03-26 09:38:02|200|GET|http://localhost:8080/webvpc/public/addusuario/addusuario|[]
guest|::1|Windows|7|Chrome|73.0.3683.86|2019-03-26 10:46:12|200|GET|http://localhost:8080/webvpc/public|[]
guest|::1|Windows|7|Chrome|73.0.3683.86|2019-03-26 10:46:13|200|GET|http://localhost:8080/webvpc/public/_debugbar/assets/stylesheets|{"v":"1502731300"}
guest|::1|Windows|7|Chrome|73.0.3683.86|2019-03-26 10:46:13|200|GET|http://localhost:8080/webvpc/public/_debugbar/assets/javascript|{"v":"1502731300"}
guest|::1|Windows|7|Chrome|73.0.3683.86|2019-03-26 10:46:32|302|POST|http://localhost:8080/webvpc/public/login|{"_token":"w90koIYS4N3ca0Bxfh6ZRosOLESjIyQxxyEIr2az","registro":"B29500","passw":"B29500"}
guest|::1|Windows|7|Chrome|73.0.3683.86|2019-03-26 10:46:32|200|GET|http://localhost:8080/webvpc/public|[]
guest|::1|Windows|7|Chrome|73.0.3683.86|2019-03-26 10:46:36|200|GET|http://localhost:8080/webvpc/public/extra-login|[]
guest|::1|Windows|7|Chrome|73.0.3683.86|2019-03-26 10:46:39|302|POST|http://localhost:8080/webvpc/public/extra-attempt|{"_token":"w90koIYS4N3ca0Bxfh6ZRosOLESjIyQxxyEIr2az","registro":"B29500","passw":"B29500"}
guest|::1|Windows|7|Chrome|73.0.3683.86|2019-03-26 10:46:40|200|GET|http://localhost:8080/webvpc/public/extra-login|[]
B29500|::1|Windows|7|Chrome|73.0.3683.86|2019-03-26 10:46:46|302|POST|http://localhost:8080/webvpc/public/extra-attempt|{"_token":"w90koIYS4N3ca0Bxfh6ZRosOLESjIyQxxyEIr2az","registro":"B29500","passw":"VPC201801*"}
B29500|::1|Windows|7|Chrome|73.0.3683.86|2019-03-26 10:46:50|200|GET|http://localhost:8080/webvpc/public/be/miprospecto/lista|[]
B29500|::1|Windows|7|Chrome|73.0.3683.86|2019-03-26 10:46:51|200|GET|http://localhost:8080/webvpc/public/be/utils/get-ejecutivos-by-jefatura|{"jefatura":null}
B29500|::1|Windows|7|Chrome|73.0.3683.86|2019-03-26 10:46:51|200|GET|http://localhost:8080/webvpc/public/_debugbar/open|{"op":"get","id":"a5c8ca000b71d6438c9bc06e3b0db894"}
B29500|::1|Windows|7|Chrome|73.0.3683.86|2019-03-26 10:47:19|200|GET|http://localhost:8080/webvpc/public/be/miprospecto/lista|[]
B29500|::1|Windows|7|Chrome|73.0.3683.86|2019-03-26 10:47:19|200|GET|http://localhost:8080/webvpc/public/be/utils/get-ejecutivos-by-jefatura|{"jefatura":null}
B29500|::1|Windows|7|Chrome|73.0.3683.86|2019-03-26 10:47:20|200|GET|http://localhost:8080/webvpc/public/_debugbar/open|{"op":"get","id":"a9e0b078ca48e3b37007bed2f23ee8ac"}
B29500|::1|Windows|7|Chrome|73.0.3683.86|2019-03-26 10:49:22|200|GET|http://localhost:8080/webvpc/public/be/micontacto|{"documento":"21087188"}
B29500|::1|Windows|7|Chrome|73.0.3683.86|2019-03-26 10:49:23|200|GET|http://localhost:8080/webvpc/public//utils/get-provincias-by-departamento|{"departamento":"JUNIN"}
B29500|::1|Windows|7|Chrome|73.0.3683.86|2019-03-26 10:49:23|200|GET|http://localhost:8080/webvpc/public/_debugbar/open|{"op":"get","id":"5597688f3efdcec5c0a71a9ce2e5c87b"}
B29500|::1|Windows|7|Chrome|73.0.3683.86|2019-03-26 10:49:23|200|GET|http://localhost:8080/webvpc/public//utils/get-distritos-by-provincia|{"provincia":"TARMA"}
B29500|::1|Windows|7|Chrome|73.0.3683.86|2019-03-26 10:49:23|200|GET|http://localhost:8080/webvpc/public/_debugbar/open|{"op":"get","id":"0375bfd791818e761fbd05672a26b787"}
B29500|::1|Windows|7|Chrome|73.0.3683.86|2019-03-26 10:51:02|200|GET|http://localhost:8080/webvpc/public/be/micontacto|{"documento":"21087188"}
B29500|::1|Windows|7|Chrome|73.0.3683.86|2019-03-26 10:51:03|200|GET|http://localhost:8080/webvpc/public//utils/get-provincias-by-departamento|{"departamento":"JUNIN"}
B29500|::1|Windows|7|Chrome|73.0.3683.86|2019-03-26 10:51:03|200|GET|http://localhost:8080/webvpc/public//utils/get-distritos-by-provincia|{"provincia":"TARMA"}
B29500|::1|Windows|7|Chrome|73.0.3683.86|2019-03-26 10:51:04|200|GET|http://localhost:8080/webvpc/public/_debugbar/open|{"op":"get","id":"b715ed320e66199755d29c69ce73d7a9"}
B29500|::1|Windows|7|Chrome|73.0.3683.86|2019-03-26 10:52:27|200|GET|http://localhost:8080/webvpc/public/be/micontacto|{"documento":"21087188"}
B29500|::1|Windows|7|Chrome|73.0.3683.86|2019-03-26 10:52:28|200|GET|http://localhost:8080/webvpc/public//utils/get-provincias-by-departamento|{"departamento":"JUNIN"}
B29500|::1|Windows|7|Chrome|73.0.3683.86|2019-03-26 10:52:28|200|GET|http://localhost:8080/webvpc/public/_debugbar/open|{"op":"get","id":"b7df90d09f93574534ccabc458afa9ec"}
B29500|::1|Windows|7|Chrome|73.0.3683.86|2019-03-26 10:52:28|200|GET|http://localhost:8080/webvpc/public//utils/get-distritos-by-provincia|{"provincia":"TARMA"}
B29500|::1|Windows|7|Chrome|73.0.3683.86|2019-03-26 10:52:29|200|GET|http://localhost:8080/webvpc/public/_debugbar/open|{"op":"get","id":"509144e81d972d1b85e32641393d17b1"}
B29500|::1|Windows|7|Chrome|73.0.3683.86|2019-03-26 10:52:36|200|GET|http://localhost:8080/webvpc/public/be/micontacto|{"documento":"21087188"}
B29500|::1|Windows|7|Chrome|73.0.3683.86|2019-03-26 10:52:36|200|GET|http://localhost:8080/webvpc/public/_debugbar/assets/stylesheets|{"v":"1502731300"}
B29500|::1|Windows|7|Chrome|73.0.3683.86|2019-03-26 10:52:36|200|GET|http://localhost:8080/webvpc/public/_debugbar/assets/javascript|{"v":"1502731300"}
B29500|::1|Windows|7|Chrome|73.0.3683.86|2019-03-26 10:52:37|200|GET|http://localhost:8080/webvpc/public//utils/get-provincias-by-departamento|{"departamento":"JUNIN"}
B29500|::1|Windows|7|Chrome|73.0.3683.86|2019-03-26 10:52:37|200|GET|http://localhost:8080/webvpc/public/_debugbar/open|{"op":"get","id":"ac3d86f3d436061fe0df93a058380cda"}
B29500|::1|Windows|7|Chrome|73.0.3683.86|2019-03-26 10:52:37|200|GET|http://localhost:8080/webvpc/public//utils/get-distritos-by-provincia|{"provincia":"TARMA"}
B29500|::1|Windows|7|Chrome|73.0.3683.86|2019-03-26 10:52:38|200|GET|http://localhost:8080/webvpc/public/_debugbar/open|{"op":"get","id":"5a2cd38587d83326cc5e7353d8220aba"}
B29500|::1|Windows|7|Chrome|73.0.3683.86|2019-03-26 10:52:46|200|GET|http://localhost:8080/webvpc/public/be/micontacto|{"documento":"21087188"}
B29500|::1|Windows|7|Chrome|73.0.3683.86|2019-03-26 10:52:47|200|GET|http://localhost:8080/webvpc/public/_debugbar/assets/stylesheets|{"v":"1502731300"}
B29500|::1|Windows|7|Chrome|73.0.3683.86|2019-03-26 10:52:47|200|GET|http://localhost:8080/webvpc/public/_debugbar/assets/javascript|{"v":"1502731300"}
B29500|::1|Windows|7|Chrome|73.0.3683.86|2019-03-26 10:52:47|200|GET|http://localhost:8080/webvpc/public//utils/get-provincias-by-departamento|{"departamento":"JUNIN"}
B29500|::1|Windows|7|Chrome|73.0.3683.86|2019-03-26 10:52:48|200|GET|http://localhost:8080/webvpc/public/_debugbar/open|{"op":"get","id":"eefc7d71b6240cafceb2c026ce371e40"}
B29500|::1|Windows|7|Chrome|73.0.3683.86|2019-03-26 10:52:48|200|GET|http://localhost:8080/webvpc/public//utils/get-distritos-by-provincia|{"provincia":"TARMA"}
B29500|::1|Windows|7|Chrome|73.0.3683.86|2019-03-26 10:52:48|200|GET|http://localhost:8080/webvpc/public/_debugbar/open|{"op":"get","id":"76378440c50cba7f81ec5ff080acd2b6"}
B29500|::1|Windows|7|Chrome|73.0.3683.86|2019-03-26 10:53:00|200|GET|http://localhost:8080/webvpc/public/be/micontacto|{"documento":"21087188"}
B29500|::1|Windows|7|Chrome|73.0.3683.86|2019-03-26 10:53:01|200|GET|http://localhost:8080/webvpc/public//utils/get-provincias-by-departamento|{"departamento":"JUNIN"}
B29500|::1|Windows|7|Chrome|73.0.3683.86|2019-03-26 10:53:01|200|GET|http://localhost:8080/webvpc/public/_debugbar/open|{"op":"get","id":"80ef6295e94c124093ab2223c60b73ad"}
B29500|::1|Windows|7|Chrome|73.0.3683.86|2019-03-26 10:53:01|200|GET|http://localhost:8080/webvpc/public//utils/get-distritos-by-provincia|{"provincia":"TARMA"}
B29500|::1|Windows|7|Chrome|73.0.3683.86|2019-03-26 10:53:02|200|GET|http://localhost:8080/webvpc/public/_debugbar/open|{"op":"get","id":"d04655fddf126fd00d19e56ae6d2111d"}
B29500|::1|Windows|7|Chrome|73.0.3683.86|2019-03-26 10:53:02|200|GET|http://localhost:8080/webvpc/public/be/micontacto|{"documento":"21087188"}
B29500|::1|Windows|7|Chrome|73.0.3683.86|2019-03-26 10:53:02|200|GET|http://localhost:8080/webvpc/public//utils/get-provincias-by-departamento|{"departamento":"JUNIN"}
B29500|::1|Windows|7|Chrome|73.0.3683.86|2019-03-26 10:53:02|200|GET|http://localhost:8080/webvpc/public/_debugbar/open|{"op":"get","id":"3df91679d9b7dc01a016d8b7978c3f6d"}
B29500|::1|Windows|7|Chrome|73.0.3683.86|2019-03-26 10:53:02|200|GET|http://localhost:8080/webvpc/public//utils/get-distritos-by-provincia|{"provincia":"TARMA"}
B29500|::1|Windows|7|Chrome|73.0.3683.86|2019-03-26 10:53:03|200|GET|http://localhost:8080/webvpc/public/_debugbar/open|{"op":"get","id":"2cb4884d371ebb727e3afefd2c838586"}
B29500|::1|Windows|7|Chrome|73.0.3683.86|2019-03-26 10:53:04|200|GET|http://localhost:8080/webvpc/public/be/micontacto|{"documento":"21087188"}
B29500|::1|Windows|7|Chrome|73.0.3683.86|2019-03-26 10:53:05|200|GET|http://localhost:8080/webvpc/public//utils/get-provincias-by-departamento|{"departamento":"JUNIN"}
B29500|::1|Windows|7|Chrome|73.0.3683.86|2019-03-26 10:53:05|200|GET|http://localhost:8080/webvpc/public/_debugbar/open|{"op":"get","id":"10c9a561c33d76d51e1ed2ee18b6fb8f"}
B29500|::1|Windows|7|Chrome|73.0.3683.86|2019-03-26 10:53:05|200|GET|http://localhost:8080/webvpc/public//utils/get-distritos-by-provincia|{"provincia":"TARMA"}
B29500|::1|Windows|7|Chrome|73.0.3683.86|2019-03-26 10:53:05|200|GET|http://localhost:8080/webvpc/public/_debugbar/open|{"op":"get","id":"e9dba900f6142d7f2f5b647de891c8e3"}
B29500|::1|Windows|7|Chrome|73.0.3683.86|2019-03-26 10:55:00|200|GET|http://localhost:8080/webvpc/public/be/micontacto|{"documento":"21087188"}
B29500|::1|Windows|7|Chrome|73.0.3683.86|2019-03-26 10:55:00|200|GET|http://localhost:8080/webvpc/public//utils/get-provincias-by-departamento|{"departamento":"JUNIN"}
B29500|::1|Windows|7|Chrome|73.0.3683.86|2019-03-26 10:55:01|200|GET|http://localhost:8080/webvpc/public/_debugbar/open|{"op":"get","id":"f2642d2ba5ca97eb84dbc2158a48a218"}
B29500|::1|Windows|7|Chrome|73.0.3683.86|2019-03-26 10:55:01|200|GET|http://localhost:8080/webvpc/public//utils/get-distritos-by-provincia|{"provincia":"TARMA"}
B29500|::1|Windows|7|Chrome|73.0.3683.86|2019-03-26 10:55:01|200|GET|http://localhost:8080/webvpc/public/_debugbar/open|{"op":"get","id":"da0e12af61d61bbb0f12bafa7271b96e"}
B29500|::1|Windows|7|Chrome|73.0.3683.86|2019-03-26 10:58:15|200|GET|http://localhost:8080/webvpc/public/be/micontacto|{"documento":"21087188"}
B29500|::1|Windows|7|Chrome|73.0.3683.86|2019-03-26 10:58:15|200|GET|http://localhost:8080/webvpc/public/_debugbar/assets/stylesheets|{"v":"1502731300"}
B29500|::1|Windows|7|Chrome|73.0.3683.86|2019-03-26 10:58:15|200|GET|http://localhost:8080/webvpc/public/_debugbar/assets/javascript|{"v":"1502731300"}
B29500|::1|Windows|7|Chrome|73.0.3683.86|2019-03-26 10:58:16|200|GET|http://localhost:8080/webvpc/public//utils/get-provincias-by-departamento|{"departamento":"JUNIN"}
B29500|::1|Windows|7|Chrome|73.0.3683.86|2019-03-26 10:58:16|200|GET|http://localhost:8080/webvpc/public/_debugbar/open|{"op":"get","id":"c94f6985e106e7b1e3697c032d17c455"}
B29500|::1|Windows|7|Chrome|73.0.3683.86|2019-03-26 10:58:16|200|GET|http://localhost:8080/webvpc/public/_debugbar/open|{"op":"get","id":"b957f30cdcd000fcdcba560ad471c106"}
B29500|::1|Windows|7|Chrome|73.0.3683.86|2019-03-26 11:10:04|200|GET|http://localhost:8080/webvpc/public/be/micontacto|{"documento":"21087188"}
B29500|::1|Windows|7|Chrome|73.0.3683.86|2019-03-26 11:10:05|200|GET|http://localhost:8080/webvpc/public/_debugbar/assets/stylesheets|{"v":"1502731300"}
B29500|::1|Windows|7|Chrome|73.0.3683.86|2019-03-26 11:10:05|200|GET|http://localhost:8080/webvpc/public//utils/get-provincias-by-departamento|{"departamento":"JUNIN"}
B29500|::1|Windows|7|Chrome|73.0.3683.86|2019-03-26 11:10:05|200|GET|http://localhost:8080/webvpc/public/_debugbar/open|{"op":"get","id":"11067deb8ba865b0464ffa3a499eaa83"}
B29500|::1|Windows|7|Chrome|73.0.3683.86|2019-03-26 11:10:05|200|GET|http://localhost:8080/webvpc/public//utils/get-distritos-by-provincia|{"provincia":"TARMA"}
B29500|::1|Windows|7|Chrome|73.0.3683.86|2019-03-26 11:10:06|200|GET|http://localhost:8080/webvpc/public/_debugbar/open|{"op":"get","id":"f2750e85f7bd0d333e936714fe29e5f8"}
B29500|::1|Windows|7|Chrome|73.0.3683.86|2019-03-26 11:10:10|200|POST|http://localhost:8080/webvpc/public/be/micontacto/update-datos|{"numdoc":"21087188","departamento":"JUNIN","provincia":"TARMA","distrito":"TARMA","direccion":"JIRON AMAZONAS 347 PUEBLO JOVEN","address":"JIRON AMAZONAS 347 PUEBLO JOVEN","telefono":"966781236"}
B29500|::1|Windows|7|Chrome|73.0.3683.86|2019-03-26 11:10:10|200|GET|http://localhost:8080/webvpc/public/_debugbar/open|{"op":"get","id":"89aa05322529862fcabe1c1876c6bb4c"}
B29500|::1|Windows|7|Chrome|73.0.3683.86|2019-03-26 11:10:14|200|GET|http://localhost:8080/webvpc/public/be/micontacto|{"documento":"21087188"}
B29500|::1|Windows|7|Chrome|73.0.3683.86|2019-03-26 11:10:15|200|GET|http://localhost:8080/webvpc/public//utils/get-provincias-by-departamento|{"departamento":"JUNIN"}
B29500|::1|Windows|7|Chrome|73.0.3683.86|2019-03-26 11:10:15|200|GET|http://localhost:8080/webvpc/public/_debugbar/open|{"op":"get","id":"895b7a3cf6e9a404f4e74088034f3a63"}
B29500|::1|Windows|7|Chrome|73.0.3683.86|2019-03-26 11:10:15|200|GET|http://localhost:8080/webvpc/public//utils/get-distritos-by-provincia|{"provincia":"TARMA"}
B29500|::1|Windows|7|Chrome|73.0.3683.86|2019-03-26 11:10:16|200|GET|http://localhost:8080/webvpc/public/_debugbar/open|{"op":"get","id":"6c28103cacaf329bca19e4c34e65eda6"}
B29500|::1|Windows|7|Chrome|73.0.3683.86|2019-03-26 11:11:50|200|GET|http://localhost:8080/webvpc/public/be/micontacto|{"documento":"21087188"}
B29500|::1|Windows|7|Chrome|73.0.3683.86|2019-03-26 11:11:50|200|GET|http://localhost:8080/webvpc/public//utils/get-provincias-by-departamento|{"departamento":"JUNIN"}
B29500|::1|Windows|7|Chrome|73.0.3683.86|2019-03-26 11:11:51|200|GET|http://localhost:8080/webvpc/public/_debugbar/open|{"op":"get","id":"585a3339821b91bbb5d697c71d39950d"}
B29500|::1|Windows|7|Chrome|73.0.3683.86|2019-03-26 11:11:51|200|GET|http://localhost:8080/webvpc/public//utils/get-distritos-by-provincia|{"provincia":"TARMA"}
B29500|::1|Windows|7|Chrome|73.0.3683.86|2019-03-26 11:11:51|200|GET|http://localhost:8080/webvpc/public/_debugbar/open|{"op":"get","id":"13dd21edffb4a96ae72e26cbadb3a23d"}
B29500|::1|Windows|7|Chrome|73.0.3683.86|2019-03-26 11:11:57|200|POST|http://localhost:8080/webvpc/public/be/micontacto/update-datos|{"numdoc":"21087188","departamento":"JUNIN","provincia":"TARMA","distrito":"TARMA","direccion":"JIRON AMAZONAS 347 PUEBLO JOVEN","address":"JIRON AMAZONAS 347 PUEBLO JOVEN","telefono":"966781236"}
B29500|::1|Windows|7|Chrome|73.0.3683.86|2019-03-26 11:11:58|200|GET|http://localhost:8080/webvpc/public/_debugbar/open|{"op":"get","id":"3203c9e8674b1a80822b134215a25bb8"}
B29500|::1|Windows|7|Chrome|73.0.3683.86|2019-03-26 11:11:59|200|POST|http://localhost:8080/webvpc/public/be/micontacto/update-datos|{"numdoc":"21087188","departamento":"JUNIN","provincia":"TARMA","distrito":"TARMA","direccion":"JIRON AMAZONAS 347 PUEBLO JOVEN","address":"JIRON AMAZONAS 347 PUEBLO JOVEN","telefono":"966781236"}
B29500|::1|Windows|7|Chrome|73.0.3683.86|2019-03-26 11:11:59|200|GET|http://localhost:8080/webvpc/public/_debugbar/open|{"op":"get","id":"0e030c7eb44547929b7cceb4dc55e9e1"}
B29500|::1|Windows|7|Chrome|73.0.3683.86|2019-03-26 11:12:03|200|GET|http://localhost:8080/webvpc/public/be/micontacto|{"documento":"21087188"}
B29500|::1|Windows|7|Chrome|73.0.3683.86|2019-03-26 11:12:04|200|GET|http://localhost:8080/webvpc/public//utils/get-provincias-by-departamento|{"departamento":"JUNIN"}
B29500|::1|Windows|7|Chrome|73.0.3683.86|2019-03-26 11:12:04|200|GET|http://localhost:8080/webvpc/public/_debugbar/open|{"op":"get","id":"65ff5e7c4ce58e8353d01fb9879b371f"}
B29500|::1|Windows|7|Chrome|73.0.3683.86|2019-03-26 11:12:04|200|GET|http://localhost:8080/webvpc/public//utils/get-distritos-by-provincia|{"provincia":"TARMA"}
B29500|::1|Windows|7|Chrome|73.0.3683.86|2019-03-26 11:12:04|200|GET|http://localhost:8080/webvpc/public/_debugbar/open|{"op":"get","id":"a468e0e2cbe1d03041ecfee661faf1c1"}
B29500|::1|Windows|7|Chrome|73.0.3683.86|2019-03-26 11:12:23|200|GET|http://localhost:8080/webvpc/public/be/micontacto|{"documento":"21087188"}
B29500|::1|Windows|7|Chrome|73.0.3683.86|2019-03-26 11:12:23|200|GET|http://localhost:8080/webvpc/public//utils/get-provincias-by-departamento|{"departamento":"JUNIN"}
B29500|::1|Windows|7|Chrome|73.0.3683.86|2019-03-26 11:12:23|200|GET|http://localhost:8080/webvpc/public/_debugbar/open|{"op":"get","id":"9a431b157412724f23b5d3e06f0f6456"}
B29500|::1|Windows|7|Chrome|73.0.3683.86|2019-03-26 11:12:23|200|GET|http://localhost:8080/webvpc/public//utils/get-distritos-by-provincia|{"provincia":"TARMA"}
B29500|::1|Windows|7|Chrome|73.0.3683.86|2019-03-26 11:12:24|200|GET|http://localhost:8080/webvpc/public/_debugbar/open|{"op":"get","id":"27047793d291bd9f817254f1f2bb2571"}
B29500|::1|Windows|7|Chrome|73.0.3683.86|2019-03-26 11:12:27|200|POST|http://localhost:8080/webvpc/public/be/micontacto/update-datos|{"numdoc":"21087188","departamento":"JUNIN","provincia":"TARMA","distrito":"TARMA","direccion":"JIRON AMAZONAS 347 PUEBLO JOVEN","address":"JIRON AMAZONAS 347 PUEBLO JOVEN","telefono":"966781236"}
B29500|::1|Windows|7|Chrome|73.0.3683.86|2019-03-26 11:12:27|200|GET|http://localhost:8080/webvpc/public/_debugbar/open|{"op":"get","id":"d2b6946d20d8d48dc58576fc1ce9b28b"}
B29500|::1|Windows|7|Chrome|73.0.3683.86|2019-03-26 11:12:28|200|POST|http://localhost:8080/webvpc/public/be/micontacto/update-datos|{"numdoc":"21087188","departamento":"JUNIN","provincia":"TARMA","distrito":"TARMA","direccion":"JIRON AMAZONAS 347 PUEBLO JOVEN","address":"JIRON AMAZONAS 347 PUEBLO JOVEN","telefono":"966781236"}
B29500|::1|Windows|7|Chrome|73.0.3683.86|2019-03-26 11:12:29|200|POST|http://localhost:8080/webvpc/public/be/micontacto/update-datos|{"numdoc":"21087188","departamento":"JUNIN","provincia":"TARMA","distrito":"TARMA","direccion":"JIRON AMAZONAS 347 PUEBLO JOVEN","address":"JIRON AMAZONAS 347 PUEBLO JOVEN","telefono":"966781236"}
B29500|::1|Windows|7|Chrome|73.0.3683.86|2019-03-26 11:12:29|200|GET|http://localhost:8080/webvpc/public/_debugbar/open|{"op":"get","id":"b55cba2a7a4dd03cd409c9237b8aef4b"}
B29500|::1|Windows|7|Chrome|73.0.3683.86|2019-03-26 11:12:29|200|POST|http://localhost:8080/webvpc/public/be/micontacto/update-datos|{"numdoc":"21087188","departamento":"JUNIN","provincia":"TARMA","distrito":"TARMA","direccion":"JIRON AMAZONAS 347 PUEBLO JOVEN","address":"JIRON AMAZONAS 347 PUEBLO JOVEN","telefono":"966781236"}
B29500|::1|Windows|7|Chrome|73.0.3683.86|2019-03-26 11:12:29|200|POST|http://localhost:8080/webvpc/public/be/micontacto/update-datos|{"numdoc":"21087188","departamento":"JUNIN","provincia":"TARMA","distrito":"TARMA","direccion":"JIRON AMAZONAS 347 PUEBLO JOVEN","address":"JIRON AMAZONAS 347 PUEBLO JOVEN","telefono":"966781236"}
B29500|::1|Windows|7|Chrome|73.0.3683.86|2019-03-26 11:12:29|200|GET|http://localhost:8080/webvpc/public/_debugbar/open|{"op":"get","id":"52531c694f3aa1bd9d5a4b879ebb727a"}
B29500|::1|Windows|7|Chrome|73.0.3683.86|2019-03-26 11:12:29|200|POST|http://localhost:8080/webvpc/public/be/micontacto/update-datos|{"numdoc":"21087188","departamento":"JUNIN","provincia":"TARMA","distrito":"TARMA","direccion":"JIRON AMAZONAS 347 PUEBLO JOVEN","address":"JIRON AMAZONAS 347 PUEBLO JOVEN","telefono":"966781236"}
B29500|::1|Windows|7|Chrome|73.0.3683.86|2019-03-26 11:12:30|200|POST|http://localhost:8080/webvpc/public/be/micontacto/update-datos|{"numdoc":"21087188","departamento":"JUNIN","provincia":"TARMA","distrito":"TARMA","direccion":"JIRON AMAZONAS 347 PUEBLO JOVEN","address":"JIRON AMAZONAS 347 PUEBLO JOVEN","telefono":"966781236"}
B29500|::1|Windows|7|Chrome|73.0.3683.86|2019-03-26 11:12:30|200|POST|http://localhost:8080/webvpc/public/be/micontacto/update-datos|{"numdoc":"21087188","departamento":"JUNIN","provincia":"TARMA","distrito":"TARMA","direccion":"JIRON AMAZONAS 347 PUEBLO JOVEN","address":"JIRON AMAZONAS 347 PUEBLO JOVEN","telefono":"966781236"}
B29500|::1|Windows|7|Chrome|73.0.3683.86|2019-03-26 11:12:30|200|GET|http://localhost:8080/webvpc/public/_debugbar/open|{"op":"get","id":"7ad06039309b045d902c62bde37f2a80"}
B29500|::1|Windows|7|Chrome|73.0.3683.86|2019-03-26 11:12:30|200|GET|http://localhost:8080/webvpc/public/_debugbar/open|{"op":"get","id":"a8d2b3552e91833621e500b8880a724a"}
B29500|::1|Windows|7|Chrome|73.0.3683.86|2019-03-26 11:12:30|200|POST|http://localhost:8080/webvpc/public/be/micontacto/update-datos|{"numdoc":"21087188","departamento":"JUNIN","provincia":"TARMA","distrito":"TARMA","direccion":"JIRON AMAZONAS 347 PUEBLO JOVEN","address":"JIRON AMAZONAS 347 PUEBLO JOVEN","telefono":"966781236"}
B29500|::1|Windows|7|Chrome|73.0.3683.86|2019-03-26 11:12:30|200|POST|http://localhost:8080/webvpc/public/be/micontacto/update-datos|{"numdoc":"21087188","departamento":"JUNIN","provincia":"TARMA","distrito":"TARMA","direccion":"JIRON AMAZONAS 347 PUEBLO JOVEN","address":"JIRON AMAZONAS 347 PUEBLO JOVEN","telefono":"966781236"}
B29500|::1|Windows|7|Chrome|73.0.3683.86|2019-03-26 11:12:30|200|GET|http://localhost:8080/webvpc/public/_debugbar/open|{"op":"get","id":"5de16d74fe850c96920571ad41ab6f7b"}
B29500|::1|Windows|7|Chrome|73.0.3683.86|2019-03-26 11:12:30|200|GET|http://localhost:8080/webvpc/public/_debugbar/open|{"op":"get","id":"9a62852f861b4b204625167d94f9599e"}
B29500|::1|Windows|7|Chrome|73.0.3683.86|2019-03-26 11:12:31|200|GET|http://localhost:8080/webvpc/public/_debugbar/open|{"op":"get","id":"1299869695193e2125c0667c4010efff"}
B29500|::1|Windows|7|Chrome|73.0.3683.86|2019-03-26 11:12:31|200|GET|http://localhost:8080/webvpc/public/_debugbar/open|{"op":"get","id":"ae4d92b856dd813b41d59fd1c76e7bac"}
B29500|::1|Windows|7|Chrome|73.0.3683.86|2019-03-26 11:12:31|200|POST|http://localhost:8080/webvpc/public/be/micontacto/update-datos|{"numdoc":"21087188","departamento":"JUNIN","provincia":"TARMA","distrito":"TARMA","direccion":"JIRON AMAZONAS 347 PUEBLO JOVEN","address":"JIRON AMAZONAS 347 PUEBLO JOVEN","telefono":"966781236"}
B29500|::1|Windows|7|Chrome|73.0.3683.86|2019-03-26 11:12:31|200|GET|http://localhost:8080/webvpc/public/_debugbar/open|{"op":"get","id":"817e8665b4b651efaf31fc33e757363d"}
B29500|::1|Windows|7|Chrome|73.0.3683.86|2019-03-26 11:12:31|200|GET|http://localhost:8080/webvpc/public/_debugbar/open|{"op":"get","id":"fba1bcd3889668e0e30f8df51d367828"}
B29500|::1|Windows|7|Chrome|73.0.3683.86|2019-03-26 11:13:40|200|GET|http://localhost:8080/webvpc/public/be/micontacto|{"documento":"21087188"}
B29500|::1|Windows|7|Chrome|73.0.3683.86|2019-03-26 11:13:41|200|GET|http://localhost:8080/webvpc/public/_debugbar/assets/stylesheets|{"v":"1502731300"}
B29500|::1|Windows|7|Chrome|73.0.3683.86|2019-03-26 11:13:41|200|GET|http://localhost:8080/webvpc/public/_debugbar/assets/javascript|{"v":"1502731300"}
B29500|::1|Windows|7|Chrome|73.0.3683.86|2019-03-26 11:13:42|200|GET|http://localhost:8080/webvpc/public//utils/get-provincias-by-departamento|{"departamento":"JUNIN"}
B29500|::1|Windows|7|Chrome|73.0.3683.86|2019-03-26 11:13:42|200|GET|http://localhost:8080/webvpc/public/_debugbar/open|{"op":"get","id":"af40723559da657124a506c9f8cba8ed"}
B29500|::1|Windows|7|Chrome|73.0.3683.86|2019-03-26 11:13:42|200|GET|http://localhost:8080/webvpc/public//utils/get-distritos-by-provincia|{"provincia":"TARMA"}
B29500|::1|Windows|7|Chrome|73.0.3683.86|2019-03-26 11:13:42|200|GET|http://localhost:8080/webvpc/public/_debugbar/open|{"op":"get","id":"0871ba38d30c877fd8d2fbc9715f676c"}
B29500|::1|Windows|7|Chrome|73.0.3683.86|2019-03-26 11:13:46|200|POST|http://localhost:8080/webvpc/public/be/micontacto/update-datos|{"numdoc":"21087188","departamento":"JUNIN","provincia":"TARMA","distrito":"TARMA","direccion":"JIRON AMAZONAS 347 PUEBLO JOVEN","address":"JIRON AMAZONAS 347 PUEBLO JOVEN","telefono":"966781236"}
B29500|::1|Windows|7|Chrome|73.0.3683.86|2019-03-26 11:13:46|200|GET|http://localhost:8080/webvpc/public/_debugbar/open|{"op":"get","id":"1e4a2167f975332559e9af821098b5be"}
B29500|::1|Windows|7|Chrome|73.0.3683.86|2019-03-26 11:14:26|200|GET|http://localhost:8080/webvpc/public/be/micontacto|{"documento":"21087188"}
B29500|::1|Windows|7|Chrome|73.0.3683.86|2019-03-26 11:14:26|200|GET|http://localhost:8080/webvpc/public//utils/get-provincias-by-departamento|{"departamento":"JUNIN"}
B29500|::1|Windows|7|Chrome|73.0.3683.86|2019-03-26 11:14:27|200|GET|http://localhost:8080/webvpc/public/_debugbar/open|{"op":"get","id":"2e047b80ce45316772b53c2d75f0164b"}
B29500|::1|Windows|7|Chrome|73.0.3683.86|2019-03-26 11:14:27|200|GET|http://localhost:8080/webvpc/public//utils/get-distritos-by-provincia|{"provincia":"TARMA"}
B29500|::1|Windows|7|Chrome|73.0.3683.86|2019-03-26 11:14:27|200|GET|http://localhost:8080/webvpc/public/_debugbar/open|{"op":"get","id":"51a067c5e5baefae6adc348ee9002bc9"}
B29500|::1|Windows|7|Chrome|73.0.3683.86|2019-03-26 11:14:30|200|POST|http://localhost:8080/webvpc/public/be/micontacto/update-datos|{"numdoc":"21087188","departamento":"JUNIN","provincia":"TARMA","distrito":"TARMA","direccion":"JIRON AMAZONAS 347 PUEBLO JOVEN","direc":"JIRON AMAZONAS 347 PUEBLO JOVEN","telefono":"966781236"}
B29500|::1|Windows|7|Chrome|73.0.3683.86|2019-03-26 11:14:30|200|GET|http://localhost:8080/webvpc/public/_debugbar/open|{"op":"get","id":"e36674735d611296fad1314c9cebf22e"}
B29500|::1|Windows|7|Chrome|73.0.3683.86|2019-03-26 11:16:36|200|GET|http://localhost:8080/webvpc/public/be/micontacto|{"documento":"21087188"}
B29500|::1|Windows|7|Chrome|73.0.3683.86|2019-03-26 11:16:37|200|GET|http://localhost:8080/webvpc/public//utils/get-provincias-by-departamento|{"departamento":"JUNIN"}
B29500|::1|Windows|7|Chrome|73.0.3683.86|2019-03-26 11:16:37|200|GET|http://localhost:8080/webvpc/public/_debugbar/open|{"op":"get","id":"5408a4d9e68ee7214bfc19c416dccfc5"}
B29500|::1|Windows|7|Chrome|73.0.3683.86|2019-03-26 11:16:37|200|GET|http://localhost:8080/webvpc/public//utils/get-distritos-by-provincia|{"provincia":"TARMA"}
B29500|::1|Windows|7|Chrome|73.0.3683.86|2019-03-26 11:16:38|200|GET|http://localhost:8080/webvpc/public/_debugbar/open|{"op":"get","id":"9830ff6c39cf0c0b1a2146390846b1e6"}
B29500|::1|Windows|7|Chrome|73.0.3683.86|2019-03-26 11:16:42|200|POST|http://localhost:8080/webvpc/public/be/micontacto/update-datos|{"numdoc":"21087188","departamento":"JUNIN","provincia":"TARMA","distrito":"TARMA","direccion":"JIRON AMAZONAS 347 PUEBLO JOVEN","direc":"JIRON AMAZONAS 347 PUEBLO JOVEN","telefono":"966781236"}
B29500|::1|Windows|7|Chrome|73.0.3683.86|2019-03-26 11:16:42|200|GET|http://localhost:8080/webvpc/public/_debugbar/open|{"op":"get","id":"fa541fff4e4752f0f3f694aa12b07895"}
B29500|::1|Windows|7|Chrome|73.0.3683.86|2019-03-26 11:17:00|200|GET|http://localhost:8080/webvpc/public/be/micontacto|{"documento":"21087188"}
B29500|::1|Windows|7|Chrome|73.0.3683.86|2019-03-26 11:17:01|200|GET|http://localhost:8080/webvpc/public/_debugbar/assets/stylesheets|{"v":"1502731300"}
B29500|::1|Windows|7|Chrome|73.0.3683.86|2019-03-26 11:17:01|200|GET|http://localhost:8080/webvpc/public/_debugbar/assets/javascript|{"v":"1502731300"}
B29500|::1|Windows|7|Chrome|73.0.3683.86|2019-03-26 11:17:01|200|GET|http://localhost:8080/webvpc/public//utils/get-provincias-by-departamento|{"departamento":"JUNIN"}
B29500|::1|Windows|7|Chrome|73.0.3683.86|2019-03-26 11:17:01|200|GET|http://localhost:8080/webvpc/public/_debugbar/open|{"op":"get","id":"5ae3c3731153b861f35fe1461300b2b4"}
B29500|::1|Windows|7|Chrome|73.0.3683.86|2019-03-26 11:17:01|200|GET|http://localhost:8080/webvpc/public//utils/get-distritos-by-provincia|{"provincia":"TARMA"}
B29500|::1|Windows|7|Chrome|73.0.3683.86|2019-03-26 11:17:02|200|GET|http://localhost:8080/webvpc/public/_debugbar/open|{"op":"get","id":"8a02d9dd39b369ac6b60392cb357e0bd"}
B29500|::1|Windows|7|Chrome|73.0.3683.86|2019-03-26 11:17:21|200|GET|http://localhost:8080/webvpc/public/be/micontacto|{"documento":"21087188"}
B29500|::1|Windows|7|Chrome|73.0.3683.86|2019-03-26 11:17:22|200|GET|http://localhost:8080/webvpc/public//utils/get-provincias-by-departamento|{"departamento":"JUNIN"}
B29500|::1|Windows|7|Chrome|73.0.3683.86|2019-03-26 11:17:22|200|GET|http://localhost:8080/webvpc/public/_debugbar/open|{"op":"get","id":"779e3e19088de2ad231977ba71c2d698"}
B29500|::1|Windows|7|Chrome|73.0.3683.86|2019-03-26 11:17:22|200|GET|http://localhost:8080/webvpc/public//utils/get-distritos-by-provincia|{"provincia":"TARMA"}
B29500|::1|Windows|7|Chrome|73.0.3683.86|2019-03-26 11:17:23|200|GET|http://localhost:8080/webvpc/public/_debugbar/open|{"op":"get","id":"ee5d1af53a65c3bd4ee9959960d76587"}
B29500|::1|Windows|7|Chrome|73.0.3683.86|2019-03-26 11:17:48|200|GET|http://localhost:8080/webvpc/public/be/micontacto|{"documento":"21087188"}
B29500|::1|Windows|7|Chrome|73.0.3683.86|2019-03-26 11:17:49|200|GET|http://localhost:8080/webvpc/public/_debugbar/assets/stylesheets|{"v":"1502731300"}
B29500|::1|Windows|7|Chrome|73.0.3683.86|2019-03-26 11:17:49|200|GET|http://localhost:8080/webvpc/public/_debugbar/assets/javascript|{"v":"1502731300"}
B29500|::1|Windows|7|Chrome|73.0.3683.86|2019-03-26 11:17:49|200|GET|http://localhost:8080/webvpc/public//utils/get-provincias-by-departamento|{"departamento":"JUNIN"}
B29500|::1|Windows|7|Chrome|73.0.3683.86|2019-03-26 11:17:50|200|GET|http://localhost:8080/webvpc/public/_debugbar/open|{"op":"get","id":"8b3242cc18f60f33cdc99f5e7bf423dc"}
B29500|::1|Windows|7|Chrome|73.0.3683.86|2019-03-26 11:17:50|200|GET|http://localhost:8080/webvpc/public//utils/get-distritos-by-provincia|{"provincia":"TARMA"}
B29500|::1|Windows|7|Chrome|73.0.3683.86|2019-03-26 11:17:50|200|GET|http://localhost:8080/webvpc/public/_debugbar/open|{"op":"get","id":"c90281e587e6fa239f3c42e93915061b"}
B29500|::1|Windows|7|Chrome|73.0.3683.86|2019-03-26 11:19:42|200|GET|http://localhost:8080/webvpc/public/be/micontacto|{"documento":"21087188"}
B29500|::1|Windows|7|Chrome|73.0.3683.86|2019-03-26 11:23:55|200|GET|http://localhost:8080/webvpc/public/be/micontacto|{"documento":"21087188"}
B29500|::1|Windows|7|Chrome|73.0.3683.86|2019-03-26 11:25:11|200|GET|http://localhost:8080/webvpc/public/be/micontacto|{"documento":"21087188"}
B29500|::1|Windows|7|Chrome|73.0.3683.86|2019-03-26 11:25:12|200|GET|http://localhost:8080/webvpc/public/_debugbar/assets/stylesheets|{"v":"1502731300"}
B29500|::1|Windows|7|Chrome|73.0.3683.86|2019-03-26 11:25:12|200|GET|http://localhost:8080/webvpc/public/_debugbar/assets/javascript|{"v":"1502731300"}
B29500|::1|Windows|7|Chrome|73.0.3683.86|2019-03-26 11:25:45|200|GET|http://localhost:8080/webvpc/public/be/micontacto|{"documento":"21087188"}
B29500|::1|Windows|7|Chrome|73.0.3683.86|2019-03-26 11:26:18|200|GET|http://localhost:8080/webvpc/public/be/micontacto|{"documento":"21087188"}
B29500|::1|Windows|7|Chrome|73.0.3683.86|2019-03-26 11:26:19|200|GET|http://localhost:8080/webvpc/public/_debugbar/assets/stylesheets|{"v":"1502731300"}
B29500|::1|Windows|7|Chrome|73.0.3683.86|2019-03-26 11:26:19|200|GET|http://localhost:8080/webvpc/public/_debugbar/assets/javascript|{"v":"1502731300"}
B29500|::1|Windows|7|Chrome|73.0.3683.86|2019-03-26 11:29:44|200|GET|http://localhost:8080/webvpc/public/be/micontacto|{"documento":"21087188"}
B29500|::1|Windows|7|Chrome|73.0.3683.86|2019-03-26 11:30:02|200|GET|http://localhost:8080/webvpc/public/be/micontacto|{"documento":"21087188"}
B29500|::1|Windows|7|Chrome|73.0.3683.86|2019-03-26 11:57:22|200|GET|http://localhost:8080/webvpc/public/be/micontacto|{"documento":"21087188"}
B29500|::1|Windows|7|Chrome|73.0.3683.86|2019-03-26 11:58:31|200|GET|http://localhost:8080/webvpc/public/be/micontacto|{"documento":"21087188"}
B29500|::1|Windows|7|Chrome|73.0.3683.86|2019-03-26 11:59:04|200|GET|http://localhost:8080/webvpc/public/be/micontacto|{"documento":"21087188"}
B29500|::1|Windows|7|Chrome|73.0.3683.86|2019-03-26 11:59:25|200|GET|http://localhost:8080/webvpc/public/be/micontacto|{"documento":"21087188"}
B29500|::1|Windows|7|Chrome|73.0.3683.86|2019-03-26 11:59:26|200|GET|http://localhost:8080/webvpc/public/_debugbar/assets/stylesheets|{"v":"1502731300"}
B29500|::1|Windows|7|Chrome|73.0.3683.86|2019-03-26 11:59:26|200|GET|http://localhost:8080/webvpc/public/_debugbar/assets/javascript|{"v":"1502731300"}
B29500|::1|Windows|7|Chrome|73.0.3683.86|2019-03-26 11:59:29|200|POST|http://localhost:8080/webvpc/public/be/micontacto/update-datos|{"numdoc":"21087188","departamento":"JUNIN","provincia":"TARMA","distrito":"TARMA","direccion":"JIRON AMAZONAS 347 PUEBLO JOVEN","telefono":"966781236"}
B29500|::1|Windows|7|Chrome|73.0.3683.86|2019-03-26 11:59:34|200|GET|http://localhost:8080/webvpc/public/be/micontacto|{"documento":"21087188"}
B29500|::1|Windows|7|Chrome|73.0.3683.86|2019-03-26 11:59:59|200|GET|http://localhost:8080/webvpc/public/be/micontacto|{"documento":"21087188"}
guest|::1|Windows|7|Chrome|73.0.3683.86|2019-03-26 13:01:45|302|GET|http://localhost:8080/webvpc/public/addusuario/addusuario|[]
guest|::1|Windows|7|Chrome|73.0.3683.86|2019-03-26 13:01:45|200|GET|http://localhost:8080/webvpc/public|[]
B29500|::1|Windows|7|Chrome|73.0.3683.86|2019-03-26 13:06:00|200|GET|http://localhost:8080/webvpc/public/be/micontacto|{"documento":"21087188"}
B29500|::1|Windows|7|Chrome|73.0.3683.86|2019-03-26 13:07:31|200|GET|http://localhost:8080/webvpc/public/be/micontacto|{"documento":"21087188"}
B29500|::1|Windows|7|Chrome|73.0.3683.86|2019-03-26 13:09:04|200|GET|http://localhost:8080/webvpc/public/be/micontacto|{"documento":"21087188"}
B29500|::1|Windows|7|Chrome|73.0.3683.86|2019-03-26 13:09:05|200|GET|http://localhost:8080/webvpc/public/_debugbar/assets/stylesheets|{"v":"1502731300"}
B29500|::1|Windows|7|Chrome|73.0.3683.86|2019-03-26 13:09:05|200|GET|http://localhost:8080/webvpc/public/_debugbar/assets/javascript|{"v":"1502731300"}
B29500|::1|Windows|7|Chrome|73.0.3683.86|2019-03-26 13:11:11|200|GET|http://localhost:8080/webvpc/public/be/micontacto|{"documento":"21087188"}
B29500|::1|Windows|7|Chrome|73.0.3683.86|2019-03-26 13:11:12|200|GET|http://localhost:8080/webvpc/public/_debugbar/assets/stylesheets|{"v":"1502731300"}
B29500|::1|Windows|7|Chrome|73.0.3683.86|2019-03-26 13:11:12|200|GET|http://localhost:8080/webvpc/public/_debugbar/assets/javascript|{"v":"1502731300"}
B29500|::1|Windows|7|Chrome|73.0.3683.86|2019-03-26 13:20:30|200|GET|http://localhost:8080/webvpc/public/be/micontacto|{"documento":"21087188"}
B29500|::1|Windows|7|Chrome|73.0.3683.86|2019-03-26 13:20:50|200|GET|http://localhost:8080/webvpc/public/be/micontacto|{"documento":"21087188"}
B29500|::1|Windows|7|Chrome|73.0.3683.86|2019-03-26 13:21:50|200|GET|http://localhost:8080/webvpc/public/be/micontacto|{"documento":"21087188"}
B29500|::1|Windows|7|Chrome|73.0.3683.86|2019-03-26 13:23:01|200|GET|http://localhost:8080/webvpc/public/be/micontacto|{"documento":"21087188"}
B29500|::1|Windows|7|Chrome|73.0.3683.86|2019-03-26 13:23:58|200|GET|http://localhost:8080/webvpc/public/be/micontacto|{"documento":"21087188"}
B29500|::1|Windows|7|Chrome|73.0.3683.86|2019-03-26 13:23:58|200|GET|http://localhost:8080/webvpc/public/_debugbar/assets/stylesheets|{"v":"1502731300"}
B29500|::1|Windows|7|Chrome|73.0.3683.86|2019-03-26 13:23:58|200|GET|http://localhost:8080/webvpc/public/_debugbar/assets/javascript|{"v":"1502731300"}
B29500|::1|Windows|7|Chrome|73.0.3683.86|2019-03-26 13:24:51|200|GET|http://localhost:8080/webvpc/public/be/micontacto|{"documento":"21087188"}
B29500|::1|Windows|7|Chrome|73.0.3683.86|2019-03-26 13:26:17|200|GET|http://localhost:8080/webvpc/public/be/micontacto|{"documento":"21087188"}
B29500|::1|Windows|7|Chrome|73.0.3683.86|2019-03-26 13:27:03|200|GET|http://localhost:8080/webvpc/public/be/micontacto|{"documento":"21087188"}
B29500|::1|Windows|7|Chrome|73.0.3683.86|2019-03-26 13:27:04|200|GET|http://localhost:8080/webvpc/public/_debugbar/assets/stylesheets|{"v":"1502731300"}
B29500|::1|Windows|7|Chrome|73.0.3683.86|2019-03-26 13:27:04|200|GET|http://localhost:8080/webvpc/public/_debugbar/assets/javascript|{"v":"1502731300"}
B29500|::1|Windows|7|Chrome|73.0.3683.86|2019-03-26 13:27:53|200|GET|http://localhost:8080/webvpc/public/be/micontacto|{"documento":"21087188"}
B29500|::1|Windows|7|Chrome|73.0.3683.86|2019-03-26 13:27:54|200|GET|http://localhost:8080/webvpc/public//utils/get-provincias-by-departamento|{"departamento":"JUNIN"}
B29500|::1|Windows|7|Chrome|73.0.3683.86|2019-03-26 13:27:54|200|GET|http://localhost:8080/webvpc/public/_debugbar/open|{"op":"get","id":"8c2c25141aa869181763820f0f54b45b"}
B29500|::1|Windows|7|Chrome|73.0.3683.86|2019-03-26 13:27:54|200|GET|http://localhost:8080/webvpc/public//utils/get-distritos-by-provincia|{"provincia":"TARMA"}
B29500|::1|Windows|7|Chrome|73.0.3683.86|2019-03-26 13:27:54|200|GET|http://localhost:8080/webvpc/public/_debugbar/open|{"op":"get","id":"733a59986847b295e9706be464f62a5e"}
B29500|::1|Windows|7|Chrome|73.0.3683.86|2019-03-26 13:28:57|200|GET|http://localhost:8080/webvpc/public/be/micontacto|{"documento":"21087188"}
B29500|::1|Windows|7|Chrome|73.0.3683.86|2019-03-26 13:29:04|200|GET|http://localhost:8080/webvpc/public/be/micontacto|{"documento":"21087188"}
B29500|::1|Windows|7|Chrome|73.0.3683.86|2019-03-26 13:29:04|200|GET|http://localhost:8080/webvpc/public/_debugbar/assets/stylesheets|{"v":"1502731300"}
B29500|::1|Windows|7|Chrome|73.0.3683.86|2019-03-26 13:29:04|200|GET|http://localhost:8080/webvpc/public/_debugbar/assets/javascript|{"v":"1502731300"}
B29500|::1|Windows|7|Chrome|73.0.3683.86|2019-03-26 13:29:11|200|GET|http://localhost:8080/webvpc/public/be/micontacto|{"documento":"21087188"}
B29500|::1|Windows|7|Chrome|73.0.3683.86|2019-03-26 13:29:29|200|GET|http://localhost:8080/webvpc/public/be/micontacto|{"documento":"21087188"}
B29500|::1|Windows|7|Chrome|73.0.3683.86|2019-03-26 13:29:34|200|GET|http://localhost:8080/webvpc/public/be/micontacto|{"documento":"21087188"}
B29500|::1|Windows|7|Chrome|73.0.3683.86|2019-03-26 13:29:50|200|GET|http://localhost:8080/webvpc/public/be/micontacto|{"documento":"21087188"}
B29500|::1|Windows|7|Chrome|73.0.3683.86|2019-03-26 13:29:50|200|GET|http://localhost:8080/webvpc/public/_debugbar/assets/javascript|{"v":"1502731300"}
B29500|::1|Windows|7|Chrome|73.0.3683.86|2019-03-26 13:29:50|200|GET|http://localhost:8080/webvpc/public/_debugbar/assets/stylesheets|{"v":"1502731300"}
B29500|::1|Windows|7|Chrome|73.0.3683.86|2019-03-26 13:30:12|200|GET|http://localhost:8080/webvpc/public/be/micontacto|{"documento":"21087188"}
B29500|::1|Windows|7|Chrome|73.0.3683.86|2019-03-26 13:30:12|200|GET|http://localhost:8080/webvpc/public/_debugbar/assets/javascript|{"v":"1502731300"}
B29500|::1|Windows|7|Chrome|73.0.3683.86|2019-03-26 13:30:12|200|GET|http://localhost:8080/webvpc/public/_debugbar/assets/stylesheets|{"v":"1502731300"}
B29500|::1|Windows|7|Chrome|73.0.3683.86|2019-03-26 13:30:31|200|GET|http://localhost:8080/webvpc/public/be/micontacto|{"documento":"21087188"}
B29500|::1|Windows|7|Chrome|73.0.3683.86|2019-03-26 13:30:31|200|GET|http://localhost:8080/webvpc/public/_debugbar/assets/stylesheets|{"v":"1502731300"}
B29500|::1|Windows|7|Chrome|73.0.3683.86|2019-03-26 13:30:31|200|GET|http://localhost:8080/webvpc/public/_debugbar/assets/javascript|{"v":"1502731300"}
B29500|::1|Windows|7|Chrome|73.0.3683.86|2019-03-26 13:31:03|200|GET|http://localhost:8080/webvpc/public/be/micontacto|{"documento":"21087188"}
B29500|::1|Windows|7|Chrome|73.0.3683.86|2019-03-26 13:31:03|200|GET|http://localhost:8080/webvpc/public/_debugbar/assets/stylesheets|{"v":"1502731300"}
B29500|::1|Windows|7|Chrome|73.0.3683.86|2019-03-26 13:31:03|200|GET|http://localhost:8080/webvpc/public/_debugbar/assets/javascript|{"v":"1502731300"}
B29500|::1|Windows|7|Chrome|73.0.3683.86|2019-03-26 13:31:31|200|GET|http://localhost:8080/webvpc/public/be/micontacto|{"documento":"21087188"}
B29500|::1|Windows|7|Chrome|73.0.3683.86|2019-03-26 13:31:31|200|GET|http://localhost:8080/webvpc/public/_debugbar/assets/stylesheets|{"v":"1502731300"}
B29500|::1|Windows|7|Chrome|73.0.3683.86|2019-03-26 13:31:31|200|GET|http://localhost:8080/webvpc/public/_debugbar/assets/javascript|{"v":"1502731300"}
B29500|::1|Windows|7|Chrome|73.0.3683.86|2019-03-26 13:32:13|200|GET|http://localhost:8080/webvpc/public/be/micontacto|{"documento":"21087188"}
B29500|::1|Windows|7|Chrome|73.0.3683.86|2019-03-26 13:33:34|200|GET|http://localhost:8080/webvpc/public/be/micontacto|{"documento":"21087188"}
B29500|::1|Windows|7|Chrome|73.0.3683.86|2019-03-26 13:33:59|200|GET|http://localhost:8080/webvpc/public/be/micontacto|{"documento":"21087188"}
B29500|::1|Windows|7|Chrome|73.0.3683.86|2019-03-26 13:35:03|200|GET|http://localhost:8080/webvpc/public/be/micontacto|{"documento":"21087188"}
B29500|::1|Windows|7|Chrome|73.0.3683.86|2019-03-26 13:36:45|200|GET|http://localhost:8080/webvpc/public/be/micontacto|{"documento":"21087188"}
B29500|::1|Windows|7|Chrome|73.0.3683.86|2019-03-26 13:37:14|200|GET|http://localhost:8080/webvpc/public/be/micontacto|{"documento":"21087188"}
B29500|::1|Windows|7|Chrome|73.0.3683.86|2019-03-26 13:37:14|200|GET|http://localhost:8080/webvpc/public/_debugbar/assets/stylesheets|{"v":"1502731300"}
B29500|::1|Windows|7|Chrome|73.0.3683.86|2019-03-26 13:37:14|200|GET|http://localhost:8080/webvpc/public/_debugbar/assets/javascript|{"v":"1502731300"}
B29500|::1|Windows|7|Chrome|73.0.3683.86|2019-03-26 13:37:41|200|GET|http://localhost:8080/webvpc/public/be/micontacto|{"documento":"21087188"}
B29500|::1|Windows|7|Chrome|73.0.3683.86|2019-03-26 13:37:41|200|GET|http://localhost:8080/webvpc/public/_debugbar/assets/stylesheets|{"v":"1502731300"}
B29500|::1|Windows|7|Chrome|73.0.3683.86|2019-03-26 13:37:41|200|GET|http://localhost:8080/webvpc/public/_debugbar/assets/javascript|{"v":"1502731300"}
B29500|::1|Windows|7|Chrome|73.0.3683.86|2019-03-26 13:37:53|200|GET|http://localhost:8080/webvpc/public/be/micontacto|{"documento":"21087188"}
B29500|::1|Windows|7|Chrome|73.0.3683.86|2019-03-26 13:37:53|200|GET|http://localhost:8080/webvpc/public/_debugbar/assets/stylesheets|{"v":"1502731300"}
B29500|::1|Windows|7|Chrome|73.0.3683.86|2019-03-26 13:37:54|200|GET|http://localhost:8080/webvpc/public/_debugbar/assets/javascript|{"v":"1502731300"}
B29500|::1|Windows|7|Chrome|73.0.3683.86|2019-03-26 13:38:58|200|GET|http://localhost:8080/webvpc/public/be/micontacto|{"documento":"21087188"}
B29500|::1|Windows|7|Chrome|73.0.3683.86|2019-03-26 13:39:22|200|GET|http://localhost:8080/webvpc/public/be/micontacto|{"documento":"21087188"}
B29500|::1|Windows|7|Chrome|73.0.3683.86|2019-03-26 13:39:22|200|GET|http://localhost:8080/webvpc/public/_debugbar/assets/stylesheets|{"v":"1502731300"}
B29500|::1|Windows|7|Chrome|73.0.3683.86|2019-03-26 13:39:22|200|GET|http://localhost:8080/webvpc/public/_debugbar/assets/javascript|{"v":"1502731300"}
B29500|::1|Windows|7|Chrome|73.0.3683.86|2019-03-26 13:40:03|200|GET|http://localhost:8080/webvpc/public/be/miprospecto/lista|[]
B29500|::1|Windows|7|Chrome|73.0.3683.86|2019-03-26 13:40:03|200|GET|http://localhost:8080/webvpc/public/be/utils/get-ejecutivos-by-jefatura|{"jefatura":null}
B29500|::1|Windows|7|Chrome|73.0.3683.86|2019-03-26 13:40:04|200|GET|http://localhost:8080/webvpc/public/_debugbar/open|{"op":"get","id":"cbbc10626eeb9d69d77f36c9ec569d5d"}
B29500|::1|Windows|7|Chrome|73.0.3683.86|2019-03-26 13:40:08|200|GET|http://localhost:8080/webvpc/public/be/micontacto|{"documento":"20494453003"}
B29500|::1|Windows|7|Chrome|73.0.3683.86|2019-03-26 13:40:26|200|GET|http://localhost:8080/webvpc/public/be/micontacto|{"documento":"20494453003"}
B29500|::1|Windows|7|Chrome|73.0.3683.86|2019-03-26 13:43:50|200|GET|http://localhost:8080/webvpc/public/be/micontacto|{"documento":"20494453003"}
B29500|::1|Windows|7|Chrome|73.0.3683.86|2019-03-26 13:43:50|200|GET|http://localhost:8080/webvpc/public//utils/get-provincias-by-departamento|{"departamento":"ICA"}
B29500|::1|Windows|7|Chrome|73.0.3683.86|2019-03-26 13:43:51|200|GET|http://localhost:8080/webvpc/public/_debugbar/open|{"op":"get","id":"f54312caec5c1d3f25c7c1c9b99c6649"}
B29500|::1|Windows|7|Chrome|73.0.3683.86|2019-03-26 13:43:51|200|GET|http://localhost:8080/webvpc/public//utils/get-distritos-by-provincia|{"provincia":"CHINCHA"}
B29500|::1|Windows|7|Chrome|73.0.3683.86|2019-03-26 13:43:51|200|GET|http://localhost:8080/webvpc/public/_debugbar/open|{"op":"get","id":"78717a1a06c1d1802b19a1847a13df4d"}
B29500|::1|Windows|7|Chrome|73.0.3683.86|2019-03-26 13:52:29|200|GET|http://localhost:8080/webvpc/public/be/micontacto|{"documento":"20494453003"}
B29500|::1|Windows|7|Chrome|73.0.3683.86|2019-03-26 13:52:30|200|GET|http://localhost:8080/webvpc/public//utils/get-provincias-by-departamento|{"departamento":"ICA"}
B29500|::1|Windows|7|Chrome|73.0.3683.86|2019-03-26 13:52:30|200|GET|http://localhost:8080/webvpc/public/_debugbar/open|{"op":"get","id":"83f147f776198b7246181e292e53c8ff"}
B29500|::1|Windows|7|Chrome|73.0.3683.86|2019-03-26 13:52:30|200|GET|http://localhost:8080/webvpc/public//utils/get-distritos-by-provincia|{"provincia":"CHINCHA"}
B29500|::1|Windows|7|Chrome|73.0.3683.86|2019-03-26 13:52:30|200|GET|http://localhost:8080/webvpc/public/_debugbar/open|{"op":"get","id":"81db4e72b82a066c58b20b8c247955a5"}
guest|::1|Windows|7|Chrome|73.0.3683.86|2019-03-26 13:52:32|302|GET|http://localhost:8080/webvpc/public/logout|[]
guest|::1|Windows|7|Chrome|73.0.3683.86|2019-03-26 13:52:33|200|GET|http://localhost:8080/webvpc/public|[]
bp2567|::1|Windows|7|Chrome|73.0.3683.86|2019-03-26 13:54:24|302|POST|http://localhost:8080/webvpc/public/login|{"_token":"w90koIYS4N3ca0Bxfh6ZRosOLESjIyQxxyEIr2az","registro":"bp2567","passw":"bp2567"}
bp2567|::1|Windows|7|Chrome|73.0.3683.86|2019-03-26 13:54:25|200|GET|http://localhost:8080/webvpc/public/addusuario/addusuario|[]
bp2567|::1|Windows|7|Chrome|73.0.3683.86|2019-03-26 14:39:58|200|GET|http://localhost:8080/webvpc/public/addusuario/addusuario|[]
bp2567|::1|Windows|7|Chrome|73.0.3683.86|2019-03-26 14:39:58|200|GET|http://localhost:8080/webvpc/public/_debugbar/assets/stylesheets|{"v":"1502731300"}
bp2567|::1|Windows|7|Chrome|73.0.3683.86|2019-03-26 14:51:11|200|GET|http://localhost:8080/webvpc/public/addusuario/addusuario|[]