guest|::1|Windows|7|Chrome|72.0.3626.119|2019-02-28 12:20:46|200|GET|http://localhost:8080/webvpc/public/extra-login|[]
guest|::1|Windows|7|Chrome|72.0.3626.119|2019-02-28 12:22:02|500|POST|http://localhost:8080/webvpc/public/extra-attempt|{"_token":"72LcRjeVeuE5mnSKqGcLvCxAw1jHvYwAzumEEyVw","registro":"B12458","passw":"VPC201801*"}
guest|::1|Windows|7|Chrome|72.0.3626.119|2019-02-28 12:23:34|302|POST|http://localhost:8080/webvpc/public/extra-attempt|{"_token":"72LcRjeVeuE5mnSKqGcLvCxAw1jHvYwAzumEEyVw","registro":"B9659","passw":"BPV201801*"}
guest|::1|Windows|7|Chrome|72.0.3626.119|2019-02-28 12:23:34|200|GET|http://localhost:8080/webvpc/public/extra-login|[]
B9659|::1|Windows|7|Chrome|72.0.3626.119|2019-02-28 12:23:44|302|POST|http://localhost:8080/webvpc/public/extra-attempt|{"_token":"72LcRjeVeuE5mnSKqGcLvCxAw1jHvYwAzumEEyVw","registro":"B9659","passw":"VPC201801*"}
B9659|::1|Windows|7|Chrome|72.0.3626.119|2019-02-28 12:24:27|200|GET|http://localhost:8080/webvpc/public/bpe/en/leads|[]
B9659|::1|Windows|7|Chrome|72.0.3626.119|2019-02-28 12:24:31|200|GET|http://localhost:8080/webvpc/public/addusuario|[]
B9659|::1|Windows|7|Chrome|72.0.3626.119|2019-02-28 12:24:52|200|GET|http://localhost:8080/webvpc/public/addusuario|[]
B9659|::1|Windows|7|Chrome|72.0.3626.119|2019-02-28 12:24:52|200|GET|http://localhost:8080/webvpc/public/_debugbar/assets/stylesheets|{"v":"1502731300"}
B9659|::1|Windows|7|Chrome|72.0.3626.119|2019-02-28 12:24:52|200|GET|http://localhost:8080/webvpc/public/_debugbar/assets/javascript|{"v":"1502731300"}
B9659|::1|Windows|7|Chrome|72.0.3626.119|2019-02-28 12:25:06|200|GET|http://localhost:8080/webvpc/public/addusuario|[]
B9659|::1|Windows|7|Chrome|72.0.3626.119|2019-02-28 12:25:07|200|GET|http://localhost:8080/webvpc/public/_debugbar/assets/stylesheets|{"v":"1502731300"}
B9659|::1|Windows|7|Chrome|72.0.3626.119|2019-02-28 12:25:07|200|GET|http://localhost:8080/webvpc/public/_debugbar/assets/javascript|{"v":"1502731300"}
B9659|::1|Windows|7|Chrome|72.0.3626.119|2019-02-28 12:25:50|200|GET|http://localhost:8080/webvpc/public/addusuario|[]
B9659|::1|Windows|7|Chrome|72.0.3626.119|2019-02-28 12:25:51|200|GET|http://localhost:8080/webvpc/public/_debugbar/assets/javascript|{"v":"1502731300"}
B9659|::1|Windows|7|Chrome|72.0.3626.119|2019-02-28 12:25:51|200|GET|http://localhost:8080/webvpc/public/_debugbar/assets/stylesheets|{"v":"1502731300"}
B9659|::1|Windows|7|Chrome|72.0.3626.119|2019-02-28 12:26:29|500|GET|http://localhost:8080/webvpc/public/addusuario|[]
B9659|::1|Windows|7|Chrome|72.0.3626.119|2019-02-28 12:26:29|200|GET|http://localhost:8080/webvpc/public/_debugbar/assets/javascript|{"v":"1502731300"}
B9659|::1|Windows|7|Chrome|72.0.3626.119|2019-02-28 12:26:29|200|GET|http://localhost:8080/webvpc/public/_debugbar/assets/stylesheets|{"v":"1502731300"}
B9659|::1|Windows|7|Chrome|72.0.3626.119|2019-02-28 12:26:34|500|GET|http://localhost:8080/webvpc/public/addusuario|[]
B9659|::1|Windows|7|Chrome|72.0.3626.119|2019-02-28 12:26:35|200|GET|http://localhost:8080/webvpc/public/_debugbar/assets/stylesheets|{"v":"1502731300"}
B9659|::1|Windows|7|Chrome|72.0.3626.119|2019-02-28 12:26:35|200|GET|http://localhost:8080/webvpc/public/_debugbar/assets/javascript|{"v":"1502731300"}
B9659|::1|Windows|7|Chrome|72.0.3626.119|2019-02-28 12:26:48|500|GET|http://localhost:8080/webvpc/public/addusuario|[]
B9659|::1|Windows|7|Chrome|72.0.3626.119|2019-02-28 12:26:49|200|GET|http://localhost:8080/webvpc/public/_debugbar/assets/javascript|{"v":"1502731300"}
B9659|::1|Windows|7|Chrome|72.0.3626.119|2019-02-28 12:26:49|200|GET|http://localhost:8080/webvpc/public/_debugbar/assets/stylesheets|{"v":"1502731300"}
B9659|::1|Windows|7|Chrome|72.0.3626.119|2019-02-28 12:27:02|500|GET|http://localhost:8080/webvpc/public/addusuario|[]
B9659|::1|Windows|7|Chrome|72.0.3626.119|2019-02-28 12:27:03|200|GET|http://localhost:8080/webvpc/public/_debugbar/assets/stylesheets|{"v":"1502731300"}
B9659|::1|Windows|7|Chrome|72.0.3626.119|2019-02-28 12:27:03|200|GET|http://localhost:8080/webvpc/public/_debugbar/assets/javascript|{"v":"1502731300"}
B9659|::1|Windows|7|Chrome|72.0.3626.119|2019-02-28 12:27:20|200|GET|http://localhost:8080/webvpc/public/addusuario|[]
B9659|::1|Windows|7|Chrome|72.0.3626.119|2019-02-28 12:27:21|200|GET|http://localhost:8080/webvpc/public/_debugbar/assets/stylesheets|{"v":"1502731300"}
B9659|::1|Windows|7|Chrome|72.0.3626.119|2019-02-28 12:27:21|200|GET|http://localhost:8080/webvpc/public/_debugbar/assets/javascript|{"v":"1502731300"}
B9659|::1|Windows|7|Chrome|72.0.3626.119|2019-02-28 12:27:36|500|GET|http://localhost:8080/webvpc/public/addusuario|[]
B9659|::1|Windows|7|Chrome|72.0.3626.119|2019-02-28 12:27:37|200|GET|http://localhost:8080/webvpc/public/_debugbar/assets/stylesheets|{"v":"1502731300"}
B9659|::1|Windows|7|Chrome|72.0.3626.119|2019-02-28 12:27:37|200|GET|http://localhost:8080/webvpc/public/_debugbar/assets/javascript|{"v":"1502731300"}
B9659|::1|Windows|7|Chrome|72.0.3626.119|2019-02-28 12:29:38|200|GET|http://localhost:8080/webvpc/public/addusuario|[]
B9659|::1|Windows|7|Chrome|72.0.3626.119|2019-02-28 12:29:56|200|GET|http://localhost:8080/webvpc/public/addusuario|[]
B9659|::1|Windows|7|Chrome|72.0.3626.119|2019-02-28 12:29:56|200|GET|http://localhost:8080/webvpc/public/_debugbar/assets/stylesheets|{"v":"1502731300"}
B9659|::1|Windows|7|Chrome|72.0.3626.119|2019-02-28 12:29:56|200|GET|http://localhost:8080/webvpc/public/_debugbar/assets/javascript|{"v":"1502731300"}
B9659|::1|Windows|7|Chrome|72.0.3626.119|2019-02-28 12:31:19|200|GET|http://localhost:8080/webvpc/public/addusuario|[]
B9659|::1|Windows|7|Chrome|72.0.3626.119|2019-02-28 12:31:19|200|GET|http://localhost:8080/webvpc/public/_debugbar/assets/stylesheets|{"v":"1502731300"}
B9659|::1|Windows|7|Chrome|72.0.3626.119|2019-02-28 12:31:19|200|GET|http://localhost:8080/webvpc/public/_debugbar/assets/javascript|{"v":"1502731300"}
B9659|::1|Windows|7|Chrome|72.0.3626.119|2019-02-28 12:31:26|200|GET|http://localhost:8080/webvpc/public/addusuario|[]
B9659|::1|Windows|7|Chrome|72.0.3626.119|2019-02-28 12:31:26|200|GET|http://localhost:8080/webvpc/public/_debugbar/assets/stylesheets|{"v":"1502731300"}
B9659|::1|Windows|7|Chrome|72.0.3626.119|2019-02-28 12:31:27|200|GET|http://localhost:8080/webvpc/public/_debugbar/assets/javascript|{"v":"1502731300"}
B9659|::1|Windows|7|Chrome|72.0.3626.119|2019-02-28 12:31:39|200|GET|http://localhost:8080/webvpc/public/addusuario|[]
B9659|::1|Windows|7|Chrome|72.0.3626.119|2019-02-28 12:31:40|200|GET|http://localhost:8080/webvpc/public/_debugbar/assets/stylesheets|{"v":"1502731300"}
B9659|::1|Windows|7|Chrome|72.0.3626.119|2019-02-28 12:31:40|200|GET|http://localhost:8080/webvpc/public/_debugbar/assets/javascript|{"v":"1502731300"}
B9659|::1|Windows|7|Chrome|72.0.3626.119|2019-02-28 12:31:54|500|GET|http://localhost:8080/webvpc/public/addusuario|[]
B9659|::1|Windows|7|Chrome|72.0.3626.119|2019-02-28 12:31:54|200|GET|http://localhost:8080/webvpc/public/_debugbar/assets/stylesheets|{"v":"1502731300"}
B9659|::1|Windows|7|Chrome|72.0.3626.119|2019-02-28 12:31:54|200|GET|http://localhost:8080/webvpc/public/_debugbar/assets/javascript|{"v":"1502731300"}
B9659|::1|Windows|7|Chrome|72.0.3626.119|2019-02-28 12:31:58|500|GET|http://localhost:8080/webvpc/public/addusuario|[]
B9659|::1|Windows|7|Chrome|72.0.3626.119|2019-02-28 12:31:58|200|GET|http://localhost:8080/webvpc/public/_debugbar/assets/javascript|{"v":"1502731300"}
B9659|::1|Windows|7|Chrome|72.0.3626.119|2019-02-28 12:31:58|200|GET|http://localhost:8080/webvpc/public/_debugbar/assets/stylesheets|{"v":"1502731300"}
B9659|::1|Windows|7|Chrome|72.0.3626.119|2019-02-28 12:32:20|500|GET|http://localhost:8080/webvpc/public/addusuario|[]
B9659|::1|Windows|7|Chrome|72.0.3626.119|2019-02-28 12:32:20|200|GET|http://localhost:8080/webvpc/public/_debugbar/assets/javascript|{"v":"1502731300"}
B9659|::1|Windows|7|Chrome|72.0.3626.119|2019-02-28 12:33:15|500|GET|http://localhost:8080/webvpc/public/addusuario|[]
B9659|::1|Windows|7|Chrome|72.0.3626.119|2019-02-28 12:33:16|200|GET|http://localhost:8080/webvpc/public/_debugbar/assets/stylesheets|{"v":"1502731300"}
B9659|::1|Windows|7|Chrome|72.0.3626.119|2019-02-28 12:33:16|200|GET|http://localhost:8080/webvpc/public/_debugbar/assets/javascript|{"v":"1502731300"}
B9659|::1|Windows|7|Chrome|72.0.3626.119|2019-02-28 12:33:25|200|GET|http://localhost:8080/webvpc/public/addusuario|[]
B9659|::1|Windows|7|Chrome|72.0.3626.119|2019-02-28 12:33:25|200|GET|http://localhost:8080/webvpc/public/_debugbar/assets/stylesheets|{"v":"1502731300"}
B9659|::1|Windows|7|Chrome|72.0.3626.119|2019-02-28 12:33:25|200|GET|http://localhost:8080/webvpc/public/_debugbar/assets/javascript|{"v":"1502731300"}
B9659|::1|Windows|7|Chrome|72.0.3626.119|2019-02-28 12:33:39|200|GET|http://localhost:8080/webvpc/public/addusuario|[]
B9659|::1|Windows|7|Chrome|72.0.3626.119|2019-02-28 12:33:39|200|GET|http://localhost:8080/webvpc/public/_debugbar/assets/stylesheets|{"v":"1502731300"}
B9659|::1|Windows|7|Chrome|72.0.3626.119|2019-02-28 12:33:39|200|GET|http://localhost:8080/webvpc/public/_debugbar/assets/javascript|{"v":"1502731300"}
B9659|::1|Windows|7|Chrome|72.0.3626.119|2019-02-28 12:33:45|200|GET|http://localhost:8080/webvpc/public/addusuario|[]
B9659|::1|Windows|7|Chrome|72.0.3626.119|2019-02-28 12:33:46|200|GET|http://localhost:8080/webvpc/public/_debugbar/assets/javascript|{"v":"1502731300"}
B9659|::1|Windows|7|Chrome|72.0.3626.119|2019-02-28 12:33:46|200|GET|http://localhost:8080/webvpc/public/_debugbar/assets/stylesheets|{"v":"1502731300"}
B9659|::1|Windows|7|Chrome|72.0.3626.119|2019-02-28 12:35:22|200|GET|http://localhost:8080/webvpc/public/addusuario|[]
B9659|::1|Windows|7|Chrome|72.0.3626.119|2019-02-28 12:35:22|200|GET|http://localhost:8080/webvpc/public/_debugbar/assets/stylesheets|{"v":"1502731300"}
B9659|::1|Windows|7|Chrome|72.0.3626.119|2019-02-28 12:35:22|200|GET|http://localhost:8080/webvpc/public/_debugbar/assets/javascript|{"v":"1502731300"}
B9659|::1|Windows|7|Chrome|72.0.3626.119|2019-02-28 12:35:39|200|GET|http://localhost:8080/webvpc/public/addusuario|[]
B9659|::1|Windows|7|Chrome|72.0.3626.119|2019-02-28 12:35:40|200|GET|http://localhost:8080/webvpc/public/_debugbar/assets/javascript|{"v":"1502731300"}
B9659|::1|Windows|7|Chrome|72.0.3626.119|2019-02-28 12:35:56|200|GET|http://localhost:8080/webvpc/public/addusuario|[]
B9659|::1|Windows|7|Chrome|72.0.3626.119|2019-02-28 12:35:56|200|GET|http://localhost:8080/webvpc/public/_debugbar/assets/stylesheets|{"v":"1502731300"}
B9659|::1|Windows|7|Chrome|72.0.3626.119|2019-02-28 12:35:56|200|GET|http://localhost:8080/webvpc/public/_debugbar/assets/javascript|{"v":"1502731300"}
B9659|::1|Windows|7|Chrome|72.0.3626.119|2019-02-28 12:39:06|500|GET|http://localhost:8080/webvpc/public/addusuario|[]
B9659|::1|Windows|7|Chrome|72.0.3626.119|2019-02-28 12:39:06|200|GET|http://localhost:8080/webvpc/public/_debugbar/assets/stylesheets|{"v":"1502731300"}
B9659|::1|Windows|7|Chrome|72.0.3626.119|2019-02-28 12:39:06|200|GET|http://localhost:8080/webvpc/public/_debugbar/assets/javascript|{"v":"1502731300"}
B9659|::1|Windows|7|Chrome|72.0.3626.119|2019-02-28 12:39:19|500|GET|http://localhost:8080/webvpc/public/addusuario|[]
B9659|::1|Windows|7|Chrome|72.0.3626.119|2019-02-28 12:39:19|200|GET|http://localhost:8080/webvpc/public/_debugbar/assets/stylesheets|{"v":"1502731300"}
B9659|::1|Windows|7|Chrome|72.0.3626.119|2019-02-28 12:39:19|200|GET|http://localhost:8080/webvpc/public/_debugbar/assets/javascript|{"v":"1502731300"}
B9659|::1|Windows|7|Chrome|72.0.3626.119|2019-02-28 12:39:32|500|GET|http://localhost:8080/webvpc/public/addusuario|[]
B9659|::1|Windows|7|Chrome|72.0.3626.119|2019-02-28 12:39:32|200|GET|http://localhost:8080/webvpc/public/_debugbar/assets/javascript|{"v":"1502731300"}
B9659|::1|Windows|7|Chrome|72.0.3626.119|2019-02-28 12:39:38|500|GET|http://localhost:8080/webvpc/public/addusuario|[]
B9659|::1|Windows|7|Chrome|72.0.3626.119|2019-02-28 12:39:38|200|GET|http://localhost:8080/webvpc/public/_debugbar/assets/stylesheets|{"v":"1502731300"}
B9659|::1|Windows|7|Chrome|72.0.3626.119|2019-02-28 12:39:38|200|GET|http://localhost:8080/webvpc/public/_debugbar/assets/javascript|{"v":"1502731300"}
B9659|::1|Windows|7|Chrome|72.0.3626.119|2019-02-28 12:39:50|200|GET|http://localhost:8080/webvpc/public/addusuario|[]
B9659|::1|Windows|7|Chrome|72.0.3626.119|2019-02-28 12:39:51|200|GET|http://localhost:8080/webvpc/public/_debugbar/assets/stylesheets|{"v":"1502731300"}
B9659|::1|Windows|7|Chrome|72.0.3626.119|2019-02-28 12:39:51|200|GET|http://localhost:8080/webvpc/public/_debugbar/assets/javascript|{"v":"1502731300"}
B9659|::1|Windows|7|Chrome|72.0.3626.119|2019-02-28 12:39:55|200|GET|http://localhost:8080/webvpc/public/addusuario/nuevo|[]
B9659|::1|Windows|7|Chrome|72.0.3626.119|2019-02-28 12:41:51|500|GET|http://localhost:8080/webvpc/public/addusuario|[]
B9659|::1|Windows|7|Chrome|72.0.3626.119|2019-02-28 12:41:51|200|GET|http://localhost:8080/webvpc/public/_debugbar/assets/javascript|{"v":"1502731300"}
B9659|::1|Windows|7|Chrome|72.0.3626.119|2019-02-28 12:43:00|500|GET|http://localhost:8080/webvpc/public/addusuario|[]
B9659|::1|Windows|7|Chrome|72.0.3626.119|2019-02-28 12:44:32|500|GET|http://localhost:8080/webvpc/public/addusuario|[]
B9659|::1|Windows|7|Chrome|72.0.3626.119|2019-02-28 12:44:32|200|GET|http://localhost:8080/webvpc/public/_debugbar/assets/stylesheets|{"v":"1502731300"}
B9659|::1|Windows|7|Chrome|72.0.3626.119|2019-02-28 12:44:32|200|GET|http://localhost:8080/webvpc/public/_debugbar/assets/javascript|{"v":"1502731300"}
B9659|::1|Windows|7|Chrome|72.0.3626.119|2019-02-28 12:45:01|200|GET|http://localhost:8080/webvpc/public/bpe/en/leads|[]
B9659|::1|Windows|7|Chrome|72.0.3626.119|2019-02-28 12:45:02|200|GET|http://localhost:8080/webvpc/public/_debugbar/assets/javascript|{"v":"1502731300"}
B9659|::1|Windows|7|Chrome|72.0.3626.119|2019-02-28 12:45:03|500|GET|http://localhost:8080/webvpc/public/addusuario|[]
B9659|::1|Windows|7|Chrome|72.0.3626.119|2019-02-28 12:46:22|500|GET|http://localhost:8080/webvpc/public/addusuario|[]
B9659|::1|Windows|7|Chrome|72.0.3626.119|2019-02-28 12:46:22|200|GET|http://localhost:8080/webvpc/public/_debugbar/assets/javascript|{"v":"1502731300"}
B9659|::1|Windows|7|Chrome|72.0.3626.119|2019-02-28 12:46:32|500|GET|http://localhost:8080/webvpc/public/addusuario|[]
B9659|::1|Windows|7|Chrome|72.0.3626.119|2019-02-28 12:46:33|200|GET|http://localhost:8080/webvpc/public/_debugbar/assets/stylesheets|{"v":"1502731300"}
B9659|::1|Windows|7|Chrome|72.0.3626.119|2019-02-28 12:46:33|200|GET|http://localhost:8080/webvpc/public/_debugbar/assets/javascript|{"v":"1502731300"}
B9659|::1|Windows|7|Chrome|72.0.3626.119|2019-02-28 12:48:06|200|GET|http://localhost:8080/webvpc/public/addusuario|[]
B9659|::1|Windows|7|Chrome|72.0.3626.119|2019-02-28 12:48:07|200|GET|http://localhost:8080/webvpc/public/_debugbar/assets/javascript|{"v":"1502731300"}
B9659|::1|Windows|7|Chrome|72.0.3626.119|2019-02-28 12:48:07|200|GET|http://localhost:8080/webvpc/public/_debugbar/assets/stylesheets|{"v":"1502731300"}
B9659|::1|Windows|7|Chrome|72.0.3626.119|2019-02-28 12:48:13|200|GET|http://localhost:8080/webvpc/public/addusuario/nuevo|[]
B9659|::1|Windows|7|Chrome|72.0.3626.119|2019-02-28 12:50:01|200|GET|http://localhost:8080/webvpc/public/addusuario|[]
B9659|::1|Windows|7|Chrome|72.0.3626.119|2019-02-28 12:50:02|200|GET|http://localhost:8080/webvpc/public/_debugbar/assets/javascript|{"v":"1502731300"}
B9659|::1|Windows|7|Chrome|72.0.3626.119|2019-02-28 12:50:02|200|GET|http://localhost:8080/webvpc/public/_debugbar/assets/stylesheets|{"v":"1502731300"}
B9659|::1|Windows|7|Chrome|72.0.3626.119|2019-02-28 12:50:08|200|GET|http://localhost:8080/webvpc/public/addusuario/nuevo|[]
B9659|::1|Windows|7|Chrome|72.0.3626.119|2019-02-28 12:50:30|200|GET|http://localhost:8080/webvpc/public/addusuario|[]
B9659|::1|Windows|7|Chrome|72.0.3626.119|2019-02-28 12:50:30|200|GET|http://localhost:8080/webvpc/public/_debugbar/assets/stylesheets|{"v":"1502731300"}
B9659|::1|Windows|7|Chrome|72.0.3626.119|2019-02-28 12:50:30|200|GET|http://localhost:8080/webvpc/public/_debugbar/assets/javascript|{"v":"1502731300"}
B9659|::1|Windows|7|Chrome|72.0.3626.119|2019-02-28 12:50:36|200|GET|http://localhost:8080/webvpc/public/addusuario/nuevo|[]
B9659|::1|Windows|7|Chrome|72.0.3626.119|2019-02-28 12:50:55|500|GET|http://localhost:8080/webvpc/public/addusuario/lista|{"nombre_j":"aaa","registro":"asd","dni":"asd","passwordusu":"asd","cargo":"asd","rol":"31","area":"asd","centro":"asd","banca":"BE","zona":"BELZONAL2","tienda":"610"}
B9659|::1|Windows|7|Chrome|72.0.3626.119|2019-02-28 12:56:14|500|GET|http://localhost:8080/webvpc/public/addusuario/lista|{"nombre_j":"aaa","registro":"asd","dni":"asd","passwordusu":"asd","cargo":"asd","rol":"31","area":"asd","centro":"asd","banca":"BE","zona":"BELZONAL2","tienda":"610"}
B9659|::1|Windows|7|Chrome|72.0.3626.119|2019-02-28 13:00:25|500|GET|http://localhost:8080/webvpc/public/addusuario/lista|{"nombre_j":"aaa","registro":"asd","dni":"asd","passwordusu":"asd","cargo":"asd","rol":"31","area":"asd","centro":"asd","banca":"BE","zona":"BELZONAL2","tienda":"610"}
B9659|::1|Windows|7|Chrome|72.0.3626.119|2019-02-28 13:01:02|200|GET|http://localhost:8080/webvpc/public/addusuario/lista|{"nombre_j":"aaa","registro":"asd","dni":"asd","passwordusu":"asd","cargo":"asd","rol":"31","area":"asd","centro":"asd","banca":"BE","zona":"BELZONAL2","tienda":"610"}
B9659|::1|Windows|7|Chrome|72.0.3626.119|2019-02-28 13:01:02|200|GET|http://localhost:8080/webvpc/public/_debugbar/assets/stylesheets|{"v":"1502731300"}
B9659|::1|Windows|7|Chrome|72.0.3626.119|2019-02-28 13:01:02|200|GET|http://localhost:8080/webvpc/public/_debugbar/assets/javascript|{"v":"1502731300"}
B9659|::1|Windows|7|Chrome|72.0.3626.119|2019-02-28 13:01:10|200|GET|http://localhost:8080/webvpc/public/addusuario|[]
B9659|::1|Windows|7|Chrome|72.0.3626.119|2019-02-28 13:01:25|200|GET|http://localhost:8080/webvpc/public/addusuario|[]
B9659|::1|Windows|7|Chrome|72.0.3626.119|2019-02-28 13:01:25|200|GET|http://localhost:8080/webvpc/public/_debugbar/assets/stylesheets|{"v":"1502731300"}
B9659|::1|Windows|7|Chrome|72.0.3626.119|2019-02-28 13:01:25|200|GET|http://localhost:8080/webvpc/public/_debugbar/assets/javascript|{"v":"1502731300"}
B9659|::1|Windows|7|Chrome|72.0.3626.119|2019-02-28 13:02:22|200|GET|http://localhost:8080/webvpc/public/addusuario|[]
B9659|::1|Windows|7|Chrome|72.0.3626.119|2019-02-28 13:02:23|200|GET|http://localhost:8080/webvpc/public/_debugbar/assets/stylesheets|{"v":"1502731300"}
B9659|::1|Windows|7|Chrome|72.0.3626.119|2019-02-28 13:02:23|200|GET|http://localhost:8080/webvpc/public/_debugbar/assets/javascript|{"v":"1502731300"}
B9659|::1|Windows|7|Chrome|72.0.3626.119|2019-02-28 13:03:34|200|GET|http://localhost:8080/webvpc/public/addusuario|[]
B9659|::1|Windows|7|Chrome|72.0.3626.119|2019-02-28 13:03:38|500|POST|http://localhost:8080/webvpc/public/addusuario/get-usuario|{"registro":"asd"}
B9659|::1|Windows|7|Chrome|72.0.3626.119|2019-02-28 13:03:38|200|GET|http://localhost:8080/webvpc/public/_debugbar/open|{"op":"get","id":"239a49c95eee8eb95bdcfeb0f51a33cb"}
B9659|::1|Windows|7|Chrome|72.0.3626.119|2019-02-28 13:06:46|200|GET|http://localhost:8080/webvpc/public/addusuario|[]
B9659|::1|Windows|7|Chrome|72.0.3626.119|2019-02-28 13:06:52|200|POST|http://localhost:8080/webvpc/public/addusuario/get-usuario|{"registro":"asd"}
B9659|::1|Windows|7|Chrome|72.0.3626.119|2019-02-28 13:06:52|200|GET|http://localhost:8080/webvpc/public/_debugbar/open|{"op":"get","id":"c9d05ad21d59f484daa75665c96158b6"}
B9659|::1|Windows|7|Chrome|72.0.3626.119|2019-02-28 13:07:07|200|POST|http://localhost:8080/webvpc/public/addusuario/get-usuario|{"registro":"asd"}
B9659|::1|Windows|7|Chrome|72.0.3626.119|2019-02-28 13:07:07|200|GET|http://localhost:8080/webvpc/public/_debugbar/open|{"op":"get","id":"be92abd6fab9ba26e8e0bf17d68d71fc"}
B9659|::1|Windows|7|Chrome|72.0.3626.119|2019-02-28 13:07:52|200|GET|http://localhost:8080/webvpc/public/addusuario|[]
B9659|::1|Windows|7|Chrome|72.0.3626.119|2019-02-28 13:07:53|200|GET|http://localhost:8080/webvpc/public/_debugbar/assets/stylesheets|{"v":"1502731300"}
B9659|::1|Windows|7|Chrome|72.0.3626.119|2019-02-28 13:07:53|200|GET|http://localhost:8080/webvpc/public/_debugbar/assets/javascript|{"v":"1502731300"}
B9659|::1|Windows|7|Chrome|72.0.3626.119|2019-02-28 13:07:56|200|POST|http://localhost:8080/webvpc/public/addusuario/get-usuario|{"registro":"asd"}
B9659|::1|Windows|7|Chrome|72.0.3626.119|2019-02-28 13:07:57|200|GET|http://localhost:8080/webvpc/public/_debugbar/open|{"op":"get","id":"6e5e68fb8a22b765ffbdc64c88fbd370"}
B9659|::1|Windows|7|Chrome|72.0.3626.119|2019-02-28 13:10:46|500|GET|http://localhost:8080/webvpc/public/addusuario|[]
B9659|::1|Windows|7|Chrome|72.0.3626.119|2019-02-28 13:10:46|200|GET|http://localhost:8080/webvpc/public/_debugbar/assets/javascript|{"v":"1502731300"}
B9659|::1|Windows|7|Chrome|72.0.3626.119|2019-02-28 13:10:46|200|GET|http://localhost:8080/webvpc/public/_debugbar/assets/stylesheets|{"v":"1502731300"}
B9659|::1|Windows|7|Chrome|72.0.3626.119|2019-02-28 13:11:44|200|GET|http://localhost:8080/webvpc/public/addusuario|[]
B9659|::1|Windows|7|Chrome|72.0.3626.119|2019-02-28 13:11:45|200|GET|http://localhost:8080/webvpc/public/_debugbar/assets/stylesheets|{"v":"1502731300"}
B9659|::1|Windows|7|Chrome|72.0.3626.119|2019-02-28 13:11:45|200|GET|http://localhost:8080/webvpc/public/_debugbar/assets/javascript|{"v":"1502731300"}
B9659|::1|Windows|7|Chrome|72.0.3626.119|2019-02-28 13:11:46|200|POST|http://localhost:8080/webvpc/public/addusuario/get-usuario|{"registro":"asd"}
B9659|::1|Windows|7|Chrome|72.0.3626.119|2019-02-28 13:11:47|200|GET|http://localhost:8080/webvpc/public/_debugbar/open|{"op":"get","id":"a6dc2d8a4d4d1fb27e34c4163d6b48db"}
B9659|::1|Windows|7|Chrome|72.0.3626.119|2019-02-28 13:13:02|200|GET|http://localhost:8080/webvpc/public/addusuario|[]
B9659|::1|Windows|7|Chrome|72.0.3626.119|2019-02-28 13:13:03|200|GET|http://localhost:8080/webvpc/public/_debugbar/assets/stylesheets|{"v":"1502731300"}
B9659|::1|Windows|7|Chrome|72.0.3626.119|2019-02-28 13:13:03|200|GET|http://localhost:8080/webvpc/public/_debugbar/assets/javascript|{"v":"1502731300"}
B9659|::1|Windows|7|Chrome|72.0.3626.119|2019-02-28 13:13:06|200|POST|http://localhost:8080/webvpc/public/addusuario/get-usuario|{"registro":"asd"}
B9659|::1|Windows|7|Chrome|72.0.3626.119|2019-02-28 13:13:06|200|GET|http://localhost:8080/webvpc/public/_debugbar/open|{"op":"get","id":"04cc47e0de27a8ae854052d6f8150ad9"}
B9659|::1|Windows|7|Chrome|72.0.3626.119|2019-02-28 13:14:00|200|GET|http://localhost:8080/webvpc/public/addusuario|[]
B9659|::1|Windows|7|Chrome|72.0.3626.119|2019-02-28 13:14:00|200|GET|http://localhost:8080/webvpc/public/_debugbar/assets/javascript|{"v":"1502731300"}
B9659|::1|Windows|7|Chrome|72.0.3626.119|2019-02-28 13:14:00|200|GET|http://localhost:8080/webvpc/public/_debugbar/assets/stylesheets|{"v":"1502731300"}
B9659|::1|Windows|7|Chrome|72.0.3626.119|2019-02-28 13:14:03|200|POST|http://localhost:8080/webvpc/public/addusuario/get-usuario|{"registro":"asd"}
B9659|::1|Windows|7|Chrome|72.0.3626.119|2019-02-28 13:14:04|200|GET|http://localhost:8080/webvpc/public/_debugbar/open|{"op":"get","id":"f5106fa97b67f7eb360c052bc4a09448"}
B9659|::1|Windows|7|Chrome|72.0.3626.119|2019-02-28 13:17:41|200|GET|http://localhost:8080/webvpc/public/addusuario|[]
B9659|::1|Windows|7|Chrome|72.0.3626.119|2019-02-28 13:17:41|200|GET|http://localhost:8080/webvpc/public/_debugbar/assets/stylesheets|{"v":"1502731300"}
B9659|::1|Windows|7|Chrome|72.0.3626.119|2019-02-28 13:17:41|200|GET|http://localhost:8080/webvpc/public/_debugbar/assets/javascript|{"v":"1502731300"}
B9659|::1|Windows|7|Chrome|72.0.3626.119|2019-02-28 13:17:42|200|POST|http://localhost:8080/webvpc/public/addusuario/get-usuario|{"registro":"asd"}
B9659|::1|Windows|7|Chrome|72.0.3626.119|2019-02-28 13:17:43|200|GET|http://localhost:8080/webvpc/public/_debugbar/open|{"op":"get","id":"80978e6a6f954bbee8b92f5b3b4eeb7d"}
B9659|::1|Windows|7|Chrome|72.0.3626.119|2019-02-28 13:17:57|200|POST|http://localhost:8080/webvpc/public/addusuario/get-usuario|{"registro":"asd"}
B9659|::1|Windows|7|Chrome|72.0.3626.119|2019-02-28 13:17:57|200|GET|http://localhost:8080/webvpc/public/_debugbar/open|{"op":"get","id":"b8315543185b3e43547b4468a9b3998e"}
B9659|::1|Windows|7|Chrome|72.0.3626.119|2019-02-28 13:18:44|200|GET|http://localhost:8080/webvpc/public/addusuario|[]
B9659|::1|Windows|7|Chrome|72.0.3626.119|2019-02-28 13:18:44|200|GET|http://localhost:8080/webvpc/public/_debugbar/assets/javascript|{"v":"1502731300"}
B9659|::1|Windows|7|Chrome|72.0.3626.119|2019-02-28 13:18:44|200|GET|http://localhost:8080/webvpc/public/_debugbar/assets/stylesheets|{"v":"1502731300"}
B9659|::1|Windows|7|Chrome|72.0.3626.119|2019-02-28 13:18:46|200|POST|http://localhost:8080/webvpc/public/addusuario/get-usuario|{"registro":"asd"}
B9659|::1|Windows|7|Chrome|72.0.3626.119|2019-02-28 13:18:47|200|GET|http://localhost:8080/webvpc/public/_debugbar/open|{"op":"get","id":"0420811fcfc940d778899a50f1cf0737"}
B9659|::1|Windows|7|Chrome|72.0.3626.119|2019-02-28 13:18:55|200|GET|http://localhost:8080/webvpc/public/addusuario|[]
B9659|::1|Windows|7|Chrome|72.0.3626.119|2019-02-28 13:18:55|200|GET|http://localhost:8080/webvpc/public/_debugbar/assets/stylesheets|{"v":"1502731300"}
B9659|::1|Windows|7|Chrome|72.0.3626.119|2019-02-28 13:18:55|200|GET|http://localhost:8080/webvpc/public/_debugbar/assets/javascript|{"v":"1502731300"}
B9659|::1|Windows|7|Chrome|72.0.3626.119|2019-02-28 13:18:58|200|POST|http://localhost:8080/webvpc/public/addusuario/get-usuario|{"registro":"asd"}
B9659|::1|Windows|7|Chrome|72.0.3626.119|2019-02-28 13:18:58|200|GET|http://localhost:8080/webvpc/public/_debugbar/open|{"op":"get","id":"5098437b108e5e61dca43b2f7486d4d1"}
B9659|::1|Windows|7|Chrome|72.0.3626.119|2019-02-28 13:19:04|200|GET|http://localhost:8080/webvpc/public/addusuario|[]
B9659|::1|Windows|7|Chrome|72.0.3626.119|2019-02-28 13:19:04|200|GET|http://localhost:8080/webvpc/public/_debugbar/assets/stylesheets|{"v":"1502731300"}
B9659|::1|Windows|7|Chrome|72.0.3626.119|2019-02-28 13:19:05|200|GET|http://localhost:8080/webvpc/public/_debugbar/assets/javascript|{"v":"1502731300"}
B9659|::1|Windows|7|Chrome|72.0.3626.119|2019-02-28 13:19:06|200|POST|http://localhost:8080/webvpc/public/addusuario/get-usuario|{"registro":"asd"}
B9659|::1|Windows|7|Chrome|72.0.3626.119|2019-02-28 13:19:06|200|GET|http://localhost:8080/webvpc/public/_debugbar/open|{"op":"get","id":"6cbb6e432245fa7cf6bce6cb5f861877"}
B9659|::1|Windows|7|Chrome|72.0.3626.119|2019-02-28 13:20:27|200|GET|http://localhost:8080/webvpc/public/addusuario|[]
B9659|::1|Windows|7|Chrome|72.0.3626.119|2019-02-28 13:20:27|200|GET|http://localhost:8080/webvpc/public/_debugbar/assets/stylesheets|{"v":"1502731300"}
B9659|::1|Windows|7|Chrome|72.0.3626.119|2019-02-28 13:20:27|200|GET|http://localhost:8080/webvpc/public/_debugbar/assets/javascript|{"v":"1502731300"}
B9659|::1|Windows|7|Chrome|72.0.3626.119|2019-02-28 13:20:29|200|POST|http://localhost:8080/webvpc/public/addusuario/get-usuario|{"registro":"asd"}
B9659|::1|Windows|7|Chrome|72.0.3626.119|2019-02-28 13:20:29|200|GET|http://localhost:8080/webvpc/public/_debugbar/open|{"op":"get","id":"8e258b33d19a8cb50a0d1b7241cf402e"}
B9659|::1|Windows|7|Chrome|72.0.3626.119|2019-02-28 13:20:33|200|GET|http://localhost:8080/webvpc/public/addusuario|[]
B9659|::1|Windows|7|Chrome|72.0.3626.119|2019-02-28 13:20:33|200|GET|http://localhost:8080/webvpc/public/_debugbar/assets/stylesheets|{"v":"1502731300"}
B9659|::1|Windows|7|Chrome|72.0.3626.119|2019-02-28 13:20:33|200|GET|http://localhost:8080/webvpc/public/_debugbar/assets/javascript|{"v":"1502731300"}
B9659|::1|Windows|7|Chrome|72.0.3626.119|2019-02-28 13:20:34|200|POST|http://localhost:8080/webvpc/public/addusuario/get-usuario|{"registro":"asd"}
B9659|::1|Windows|7|Chrome|72.0.3626.119|2019-02-28 13:20:35|200|GET|http://localhost:8080/webvpc/public/_debugbar/open|{"op":"get","id":"9ffa63f68a2cb458ba7bdf6411a86709"}
B9659|::1|Windows|7|Chrome|72.0.3626.119|2019-02-28 13:20:54|200|GET|http://localhost:8080/webvpc/public/addusuario|[]
B9659|::1|Windows|7|Chrome|72.0.3626.119|2019-02-28 13:20:55|200|GET|http://localhost:8080/webvpc/public/_debugbar/assets/stylesheets|{"v":"1502731300"}
B9659|::1|Windows|7|Chrome|72.0.3626.119|2019-02-28 13:20:55|200|GET|http://localhost:8080/webvpc/public/_debugbar/assets/javascript|{"v":"1502731300"}
B9659|::1|Windows|7|Chrome|72.0.3626.119|2019-02-28 13:20:56|200|POST|http://localhost:8080/webvpc/public/addusuario/get-usuario|{"registro":"asd"}
B9659|::1|Windows|7|Chrome|72.0.3626.119|2019-02-28 13:20:57|200|GET|http://localhost:8080/webvpc/public/_debugbar/open|{"op":"get","id":"f23a98fc86052a06831bd2b12489720d"}
B9659|::1|Windows|7|Chrome|72.0.3626.119|2019-02-28 13:21:04|200|GET|http://localhost:8080/webvpc/public/addusuario|[]
B9659|::1|Windows|7|Chrome|72.0.3626.119|2019-02-28 13:21:04|200|GET|http://localhost:8080/webvpc/public/_debugbar/assets/stylesheets|{"v":"1502731300"}
B9659|::1|Windows|7|Chrome|72.0.3626.119|2019-02-28 13:21:04|200|GET|http://localhost:8080/webvpc/public/_debugbar/assets/javascript|{"v":"1502731300"}
B9659|::1|Windows|7|Chrome|72.0.3626.119|2019-02-28 13:21:06|200|POST|http://localhost:8080/webvpc/public/addusuario/get-usuario|{"registro":"asd"}
B9659|::1|Windows|7|Chrome|72.0.3626.119|2019-02-28 13:21:06|200|GET|http://localhost:8080/webvpc/public/_debugbar/open|{"op":"get","id":"64f1d07ef321386b5b13aad3d8019879"}
B9659|::1|Windows|7|Chrome|72.0.3626.119|2019-02-28 13:21:14|200|GET|http://localhost:8080/webvpc/public/addusuario|[]
B9659|::1|Windows|7|Chrome|72.0.3626.119|2019-02-28 13:21:15|200|GET|http://localhost:8080/webvpc/public/_debugbar/assets/stylesheets|{"v":"1502731300"}
B9659|::1|Windows|7|Chrome|72.0.3626.119|2019-02-28 13:21:15|200|GET|http://localhost:8080/webvpc/public/_debugbar/assets/javascript|{"v":"1502731300"}
B9659|::1|Windows|7|Chrome|72.0.3626.119|2019-02-28 13:21:18|200|POST|http://localhost:8080/webvpc/public/addusuario/get-usuario|{"registro":"asd"}
B9659|::1|Windows|7|Chrome|72.0.3626.119|2019-02-28 13:21:18|200|GET|http://localhost:8080/webvpc/public/_debugbar/open|{"op":"get","id":"0df2719c67d2952b9aa33c1fc0716159"}
B9659|::1|Windows|7|Chrome|72.0.3626.119|2019-02-28 13:21:30|200|GET|http://localhost:8080/webvpc/public/addusuario/nuevo|[]
B9659|::1|Windows|7|Chrome|72.0.3626.119|2019-02-28 13:21:59|200|GET|http://localhost:8080/webvpc/public/addusuario/nuevo|[]
B9659|::1|Windows|7|Chrome|72.0.3626.119|2019-02-28 13:21:59|200|GET|http://localhost:8080/webvpc/public/_debugbar/assets/stylesheets|{"v":"1502731300"}
B9659|::1|Windows|7|Chrome|72.0.3626.119|2019-02-28 13:21:59|200|GET|http://localhost:8080/webvpc/public/_debugbar/assets/javascript|{"v":"1502731300"}
B9659|::1|Windows|7|Chrome|72.0.3626.119|2019-02-28 13:22:00|200|GET|http://localhost:8080/webvpc/public/addusuario|[]
B9659|::1|Windows|7|Chrome|72.0.3626.119|2019-02-28 13:22:01|200|GET|http://localhost:8080/webvpc/public/addusuario/nuevo|[]
B9659|::1|Windows|7|Chrome|72.0.3626.119|2019-02-28 13:22:03|200|GET|http://localhost:8080/webvpc/public/addusuario|[]
B9659|::1|Windows|7|Chrome|72.0.3626.119|2019-02-28 13:22:04|200|GET|http://localhost:8080/webvpc/public/addusuario/nuevo|[]
B9659|::1|Windows|7|Chrome|72.0.3626.119|2019-02-28 13:22:05|200|GET|http://localhost:8080/webvpc/public/addusuario|[]
B9659|::1|Windows|7|Chrome|72.0.3626.119|2019-02-28 13:22:06|200|GET|http://localhost:8080/webvpc/public/addusuario/nuevo|[]
B9659|::1|Windows|7|Chrome|72.0.3626.119|2019-02-28 13:22:07|200|GET|http://localhost:8080/webvpc/public/addusuario|[]
B9659|::1|Windows|7|Chrome|72.0.3626.119|2019-02-28 13:23:21|200|GET|http://localhost:8080/webvpc/public/bpe/campanha/consulta-nuevos|[]
B9659|::1|Windows|7|Chrome|72.0.3626.119|2019-02-28 13:23:24|200|GET|http://localhost:8080/webvpc/public/bpe/en/leads|[]
B9659|::1|Windows|7|Chrome|72.0.3626.119|2019-02-28 13:23:26|200|GET|http://localhost:8080/webvpc/public/addusuario|[]
B9659|::1|Windows|7|Chrome|72.0.3626.119|2019-02-28 13:23:31|200|GET|http://localhost:8080/webvpc/public/bpe/cli/cartera|[]
B9659|::1|Windows|7|Chrome|72.0.3626.119|2019-02-28 13:25:42|200|GET|http://localhost:8080/webvpc/public/addusuario|[]
B9659|::1|Windows|7|Chrome|72.0.3626.119|2019-02-28 13:26:07|200|GET|http://localhost:8080/webvpc/public/addusuario/nuevo|[]
B9659|::1|Windows|7|Chrome|72.0.3626.119|2019-02-28 13:26:45|200|GET|http://localhost:8080/webvpc/public/addusuario/lista|{"nombre_j":"Usuario1","registro":"BP2567","dni":"75741818","passwordusu":"1234","cargo":"Cargo1","rol":"21","area":"Area1","centro":"Centro1","banca":"BPE","zona":"BELZONAL1","tienda":"165"}
B9659|::1|Windows|7|Chrome|72.0.3626.119|2019-02-28 13:26:49|200|GET|http://localhost:8080/webvpc/public/addusuario|[]