guest|::1|Windows|10.0|Chrome|77.0.3865.120|2019-10-18 21:18:01|200|GET|http://localhost/webvpc/public|[]
guest|::1|Windows|10.0|Chrome|77.0.3865.120|2019-10-18 21:18:01|200|GET|http://localhost/webvpc/public|[]
guest|::1|Windows|10.0|Chrome|77.0.3865.120|2019-10-18 21:18:05|200|GET|http://localhost/webvpc/public/_debugbar/assets/javascript|{"v":"1502731300"}
guest|::1|Windows|10.0|Chrome|77.0.3865.120|2019-10-18 21:18:05|200|GET|http://localhost/webvpc/public/_debugbar/assets/stylesheets|{"v":"1502731300"}
guest|::1|Windows|10.0|Chrome|77.0.3865.120|2019-10-18 22:01:32|500|POST|http://localhost/webvpc/public/login|{"_token":"8qaNpDOio8c7KV3rh6idJI5sSNnrbkgY01hKi23l","NOMBRE_USUARIO":"SS","CLAVE_USUARIO":"USU1"}
guest|::1|Windows|10.0|Chrome|77.0.3865.120|2019-10-18 22:19:30|500|POST|http://localhost/webvpc/public/login|{"_token":"8qaNpDOio8c7KV3rh6idJI5sSNnrbkgY01hKi23l","NOMBRE_USUARIO":"usu1","CLAVE_USUARIO":"1233"}
guest|::1|Windows|10.0|Chrome|77.0.3865.120|2019-10-18 22:19:51|500|POST|http://localhost/webvpc/public/login|{"_token":"8qaNpDOio8c7KV3rh6idJI5sSNnrbkgY01hKi23l","NOMBRE_USUARIO":"usu1","CLAVE_USUARIO":"1233"}
guest|::1|Windows|10.0|Chrome|77.0.3865.120|2019-10-18 22:19:54|200|GET|http://localhost/webvpc/public|[]
guest|::1|Windows|10.0|Chrome|77.0.3865.120|2019-10-18 22:19:58|500|POST|http://localhost/webvpc/public/login|{"_token":"8qaNpDOio8c7KV3rh6idJI5sSNnrbkgY01hKi23l","usuario":"usu1","password":"123"}
guest|::1|Windows|10.0|Chrome|77.0.3865.120|2019-10-18 22:20:41|302|POST|http://localhost/webvpc/public/login|{"_token":"8qaNpDOio8c7KV3rh6idJI5sSNnrbkgY01hKi23l","usuario":"usu1","password":"123"}
guest|::1|Windows|10.0|Chrome|77.0.3865.120|2019-10-18 22:20:41|200|GET|http://localhost/webvpc/public|[]
guest|::1|Windows|10.0|Chrome|77.0.3865.120|2019-10-18 22:20:57|302|POST|http://localhost/webvpc/public/login|{"_token":"8qaNpDOio8c7KV3rh6idJI5sSNnrbkgY01hKi23l","usuario":"usu1","password":"1234"}
guest|::1|Windows|10.0|Chrome|77.0.3865.120|2019-10-18 22:20:58|200|GET|http://localhost/webvpc/public|[]
guest|::1|Windows|10.0|Chrome|77.0.3865.120|2019-10-18 22:21:10|200|GET|http://localhost/webvpc/public/pass-gen|[]
guest|::1|Windows|10.0|Chrome|77.0.3865.120|2019-10-18 22:21:20|500|POST|http://localhost/webvpc/public/pass-save|{"_token":"8qaNpDOio8c7KV3rh6idJI5sSNnrbkgY01hKi23l","registro":"usu1","passw":"1234"}
guest|::1|Windows|10.0|Chrome|77.0.3865.120|2019-10-18 22:22:11|500|POST|http://localhost/webvpc/public/pass-save|{"_token":"8qaNpDOio8c7KV3rh6idJI5sSNnrbkgY01hKi23l","registro":"usu1","passw":"1234"}
guest|::1|Windows|10.0|Chrome|77.0.3865.120|2019-10-18 22:22:38|500|POST|http://localhost/webvpc/public/pass-save|{"_token":"8qaNpDOio8c7KV3rh6idJI5sSNnrbkgY01hKi23l","registro":"usu1","passw":"1234"}
guest|::1|Windows|10.0|Chrome|77.0.3865.120|2019-10-18 22:22:54|302|POST|http://localhost/webvpc/public/pass-save|{"_token":"8qaNpDOio8c7KV3rh6idJI5sSNnrbkgY01hKi23l","registro":"usu1","passw":"1234"}
guest|::1|Windows|10.0|Chrome|77.0.3865.120|2019-10-18 22:22:55|200|GET|http://localhost/webvpc/public/pass-gen|[]
guest|::1|Windows|10.0|Chrome|77.0.3865.120|2019-10-18 22:23:12|302|POST|http://localhost/webvpc/public/login|{"_token":"8qaNpDOio8c7KV3rh6idJI5sSNnrbkgY01hKi23l","usuario":"USU1","password":"1234"}
guest|::1|Windows|10.0|Chrome|77.0.3865.120|2019-10-18 22:23:12|200|GET|http://localhost/webvpc/public|[]
guest|::1|Windows|10.0|Chrome|77.0.3865.120|2019-10-18 22:23:21|302|POST|http://localhost/webvpc/public/login|{"_token":"8qaNpDOio8c7KV3rh6idJI5sSNnrbkgY01hKi23l","usuario":"usu1","password":"1234"}
guest|::1|Windows|10.0|Chrome|77.0.3865.120|2019-10-18 22:23:21|200|GET|http://localhost/webvpc/public|[]
guest|::1|Windows|10.0|Chrome|77.0.3865.120|2019-10-18 22:23:27|302|POST|http://localhost/webvpc/public/login|{"_token":"8qaNpDOio8c7KV3rh6idJI5sSNnrbkgY01hKi23l","usuario":"usu1","password":"123"}
guest|::1|Windows|10.0|Chrome|77.0.3865.120|2019-10-18 22:23:27|200|GET|http://localhost/webvpc/public|[]
guest|::1|Windows|10.0|Chrome|77.0.3865.120|2019-10-18 22:27:23|200|GET|http://localhost/webvpc/public|[]
guest|::1|Windows|10.0|Chrome|77.0.3865.120|2019-10-18 22:27:31|302|POST|http://localhost/webvpc/public/login|{"_token":"8qaNpDOio8c7KV3rh6idJI5sSNnrbkgY01hKi23l","usuario":"usu1","password":"1234"}
guest|::1|Windows|10.0|Chrome|77.0.3865.120|2019-10-18 22:27:31|200|GET|http://localhost/webvpc/public|[]
guest|::1|Windows|10.0|Chrome|77.0.3865.120|2019-10-18 22:46:03|302|POST|http://localhost/webvpc/public/login|{"_token":"8qaNpDOio8c7KV3rh6idJI5sSNnrbkgY01hKi23l","usuario":"usu1","password":"1234"}
guest|::1|Windows|10.0|Chrome|77.0.3865.120|2019-10-18 22:46:03|200|GET|http://localhost/webvpc/public|[]
guest|::1|Windows|10.0|Chrome|77.0.3865.120|2019-10-18 22:46:59|302|POST|http://localhost/webvpc/public/login|{"_token":"8qaNpDOio8c7KV3rh6idJI5sSNnrbkgY01hKi23l","usuario":"usu1","password":"1234"}
guest|::1|Windows|10.0|Chrome|77.0.3865.120|2019-10-18 22:46:59|200|GET|http://localhost/webvpc/public|[]
guest|::1|Windows|10.0|Chrome|77.0.3865.120|2019-10-18 22:49:53|302|POST|http://localhost/webvpc/public/login|{"_token":"8qaNpDOio8c7KV3rh6idJI5sSNnrbkgY01hKi23l","usuario":"usu1","password":"1234"}
guest|::1|Windows|10.0|Chrome|77.0.3865.120|2019-10-18 22:49:53|200|GET|http://localhost/webvpc/public|[]
guest|::1|Windows|10.0|Chrome|77.0.3865.120|2019-10-18 22:50:47|302|POST|http://localhost/webvpc/public/login|{"_token":"8qaNpDOio8c7KV3rh6idJI5sSNnrbkgY01hKi23l","usuario":"usu1","password":"123"}
guest|::1|Windows|10.0|Chrome|77.0.3865.120|2019-10-18 22:50:48|200|GET|http://localhost/webvpc/public|[]
guest|::1|Windows|10.0|Chrome|77.0.3865.120|2019-10-18 22:51:12|500|POST|http://localhost/webvpc/public/login|{"_token":"8qaNpDOio8c7KV3rh6idJI5sSNnrbkgY01hKi23l","usuario":"USU2","password":"123"}
guest|::1|Windows|10.0|Chrome|77.0.3865.120|2019-10-18 22:53:28|500|POST|http://localhost/webvpc/public/login|{"_token":"8qaNpDOio8c7KV3rh6idJI5sSNnrbkgY01hKi23l","usuario":"USU2","password":"123"}
guest|::1|Windows|10.0|Chrome|77.0.3865.120|2019-10-18 22:54:01|302|POST|http://localhost/webvpc/public/login|{"_token":"8qaNpDOio8c7KV3rh6idJI5sSNnrbkgY01hKi23l","usuario":"USU2","password":"123"}
guest|::1|Windows|10.0|Chrome|77.0.3865.120|2019-10-18 22:54:01|200|GET|http://localhost/webvpc/public|[]
guest|::1|Windows|10.0|Chrome|77.0.3865.120|2019-10-18 22:56:13|302|POST|http://localhost/webvpc/public/login|{"_token":"8qaNpDOio8c7KV3rh6idJI5sSNnrbkgY01hKi23l","usuario":"USU2","password":"123"}
guest|::1|Windows|10.0|Chrome|77.0.3865.120|2019-10-18 22:56:13|200|GET|http://localhost/webvpc/public|[]
guest|::1|Windows|10.0|Chrome|77.0.3865.120|2019-10-18 23:00:08|302|POST|http://localhost/webvpc/public/login|{"_token":"8qaNpDOio8c7KV3rh6idJI5sSNnrbkgY01hKi23l","usuario":"USU1","password":"USU1"}
guest|::1|Windows|10.0|Chrome|77.0.3865.120|2019-10-18 23:00:08|200|GET|http://localhost/webvpc/public|[]
guest|::1|Windows|10.0|Chrome|77.0.3865.120|2019-10-18 23:01:24|200|GET|http://localhost/webvpc/public|[]
guest|::1|Windows|10.0|Chrome|77.0.3865.120|2019-10-18 23:01:30|302|POST|http://localhost/webvpc/public/login|{"_token":"8qaNpDOio8c7KV3rh6idJI5sSNnrbkgY01hKi23l","usuario":"usu1","password":"123"}
guest|::1|Windows|10.0|Chrome|77.0.3865.120|2019-10-18 23:01:31|200|GET|http://localhost/webvpc/public|[]
usu1|::1|Windows|10.0|Chrome|77.0.3865.120|2019-10-18 23:01:38|500|POST|http://localhost/webvpc/public/login|{"_token":"8qaNpDOio8c7KV3rh6idJI5sSNnrbkgY01hKi23l","usuario":"usu1","password":"1234"}
usu1|::1|Windows|10.0|Chrome|77.0.3865.120|2019-10-18 23:03:07|500|POST|http://localhost/webvpc/public/login|{"_token":"8qaNpDOio8c7KV3rh6idJI5sSNnrbkgY01hKi23l","usuario":"usu1","password":"1234"}
usu1|::1|Windows|10.0|Chrome|77.0.3865.120|2019-10-18 23:03:17|500|POST|http://localhost/webvpc/public/login|{"_token":"8qaNpDOio8c7KV3rh6idJI5sSNnrbkgY01hKi23l","usuario":"usu1","password":"1234"}
usu1|::1|Windows|10.0|Chrome|77.0.3865.120|2019-10-18 23:04:54|500|POST|http://localhost/webvpc/public/login|{"_token":"8qaNpDOio8c7KV3rh6idJI5sSNnrbkgY01hKi23l","usuario":"usu1","password":"1234"}
usu1|::1|Windows|10.0|Chrome|77.0.3865.120|2019-10-18 23:05:06|302|POST|http://localhost/webvpc/public/login|{"_token":"8qaNpDOio8c7KV3rh6idJI5sSNnrbkgY01hKi23l","usuario":"usu1","password":"1234"}
usu1|::1|Windows|10.0|Chrome|77.0.3865.120|2019-10-18 23:05:06|200|GET|http://localhost/webvpc/public/ejemplo1|[]
usu1|::1|Windows|10.0|Chrome|77.0.3865.120|2019-10-18 23:05:14|302|GET|http://localhost/webvpc/public|[]
usu1|::1|Windows|10.0|Chrome|77.0.3865.120|2019-10-18 23:05:15|200|GET|http://localhost/webvpc/public/ejemplo1|[]
usu1|::1|Windows|10.0|Chrome|77.0.3865.120|2019-10-18 23:05:43|500|GET|http://localhost/webvpc/public/ejemplo1|[]
usu1|::1|Windows|10.0|Chrome|77.0.3865.120|2019-10-18 23:06:24|500|GET|http://localhost/webvpc/public/ejemplo1|[]
usu1|::1|Windows|10.0|Chrome|77.0.3865.120|2019-10-18 23:07:27|200|GET|http://localhost/webvpc/public/ejemplo1|[]
usu1|::1|Windows|10.0|Chrome|77.0.3865.120|2019-10-18 23:08:10|200|GET|http://localhost/webvpc/public/ejemplo1|[]
guest|::1|Windows|10.0|Chrome|77.0.3865.120|2019-10-18 23:08:19|302|GET|http://localhost/webvpc/public/logout|[]
guest|::1|Windows|10.0|Chrome|77.0.3865.120|2019-10-18 23:08:20|200|GET|http://localhost/webvpc/public|[]
usu1|::1|Windows|10.0|Chrome|77.0.3865.120|2019-10-18 23:08:28|302|POST|http://localhost/webvpc/public/login|{"_token":"8qaNpDOio8c7KV3rh6idJI5sSNnrbkgY01hKi23l","usuario":"usu1","password":"1234"}
usu1|::1|Windows|10.0|Chrome|77.0.3865.120|2019-10-18 23:08:29|200|GET|http://localhost/webvpc/public/ejemplo1|[]
guest|::1|Windows|10.0|Chrome|77.0.3865.120|2019-10-18 23:08:31|302|GET|http://localhost/webvpc/public/logout|[]
guest|::1|Windows|10.0|Chrome|77.0.3865.120|2019-10-18 23:08:31|200|GET|http://localhost/webvpc/public|[]
guest|::1|Windows|10.0|Chrome|77.0.3865.120|2019-10-18 23:08:35|302|POST|http://localhost/webvpc/public/login|{"_token":"8qaNpDOio8c7KV3rh6idJI5sSNnrbkgY01hKi23l","usuario":"usu1","password":"123"}
guest|::1|Windows|10.0|Chrome|77.0.3865.120|2019-10-18 23:08:35|200|GET|http://localhost/webvpc/public|[]
guest|::1|Windows|10.0|Chrome|77.0.3865.120|2019-10-18 23:08:41|302|POST|http://localhost/webvpc/public/login|{"_token":"8qaNpDOio8c7KV3rh6idJI5sSNnrbkgY01hKi23l","usuario":"USU2","password":"123"}
guest|::1|Windows|10.0|Chrome|77.0.3865.120|2019-10-18 23:08:41|200|GET|http://localhost/webvpc/public|[]
guest|::1|Windows|10.0|Chrome|77.0.3865.120|2019-10-18 23:08:50|302|POST|http://localhost/webvpc/public/pass-save|{"_token":"8qaNpDOio8c7KV3rh6idJI5sSNnrbkgY01hKi23l","registro":"USU2","passw":"123"}
guest|::1|Windows|10.0|Chrome|77.0.3865.120|2019-10-18 23:08:51|200|GET|http://localhost/webvpc/public/pass-gen|[]
USU2|::1|Windows|10.0|Chrome|77.0.3865.120|2019-10-18 23:09:03|302|POST|http://localhost/webvpc/public/login|{"_token":"8qaNpDOio8c7KV3rh6idJI5sSNnrbkgY01hKi23l","usuario":"USU2","password":"123"}
USU2|::1|Windows|10.0|Chrome|77.0.3865.120|2019-10-18 23:09:04|200|GET|http://localhost/webvpc/public/ejemplo1|[]
USU2|::1|Windows|10.0|Chrome|77.0.3865.120|2019-10-18 23:12:18|200|GET|http://localhost/webvpc/public/ejemplo1|[]
USU2|::1|Windows|10.0|Chrome|77.0.3865.120|2019-10-18 23:12:51|200|GET|http://localhost/webvpc/public/ejemplo1|[]
USU2|::1|Windows|10.0|Chrome|77.0.3865.120|2019-10-18 23:13:01|200|GET|http://localhost/webvpc/public/ejemplo1|[]
USU2|::1|Windows|10.0|Chrome|77.0.3865.120|2019-10-18 23:13:20|200|GET|http://localhost/webvpc/public/ejemplo1|[]
USU2|::1|Windows|10.0|Chrome|77.0.3865.120|2019-10-18 23:14:26|200|GET|http://localhost/webvpc/public/ejemplo1|[]
USU2|::1|Windows|10.0|Chrome|77.0.3865.120|2019-10-18 23:19:44|200|GET|http://localhost/webvpc/public/ejemplo1|[]
guest|::1|Windows|10.0|Chrome|77.0.3865.120|2019-10-18 23:19:56|302|GET|http://localhost/webvpc/public/logout|[]
guest|::1|Windows|10.0|Chrome|77.0.3865.120|2019-10-18 23:19:56|200|GET|http://localhost/webvpc/public|[]
guest|::1|Windows|10.0|Chrome|77.0.3865.120|2019-10-18 23:21:04|200|GET|http://localhost/wpaddy/public|[]
guest|::1|Windows|10.0|Chrome|77.0.3865.120|2019-10-18 23:21:06|200|GET|http://localhost/wpaddy/public/_debugbar/assets/stylesheets|{"v":"1502731300"}
guest|::1|Windows|10.0|Chrome|77.0.3865.120|2019-10-18 23:21:06|200|GET|http://localhost/wpaddy/public/_debugbar/assets/javascript|{"v":"1502731300"}
guest|::1|Windows|10.0|Chrome|77.0.3865.120|2019-10-18 23:22:46|200|GET|http://localhost/wpaddy/public|[]
guest|::1|Windows|10.0|Chrome|77.0.3865.120|2019-10-18 23:23:13|200|GET|http://localhost/wpaddy/public|[]
guest|::1|Windows|10.0|Chrome|77.0.3865.120|2019-10-18 23:25:09|200|GET|http://localhost/wpaddy/public|[]
guest|::1|Windows|10.0|Chrome|77.0.3865.120|2019-10-18 23:25:09|404|GET|http://localhost/wpaddy/public/img/paddy/paddy_1.png|[]
guest|::1|Windows|10.0|Chrome|77.0.3865.120|2019-10-18 23:25:16|200|GET|http://localhost/wpaddy/public|[]
guest|::1|Windows|10.0|Chrome|77.0.3865.120|2019-10-18 23:26:08|200|GET|http://localhost/wpaddy/public|[]
guest|::1|Windows|10.0|Chrome|77.0.3865.120|2019-10-18 23:28:33|302|POST|http://localhost/wpaddy/public/login|{"_token":"8qaNpDOio8c7KV3rh6idJI5sSNnrbkgY01hKi23l","usuario":"GIAN","password":"123"}
guest|::1|Windows|10.0|Chrome|77.0.3865.120|2019-10-18 23:28:34|200|GET|http://localhost/wpaddy/public|[]
GIAN|::1|Windows|10.0|Chrome|77.0.3865.120|2019-10-18 23:28:39|302|POST|http://localhost/wpaddy/public/login|{"_token":"8qaNpDOio8c7KV3rh6idJI5sSNnrbkgY01hKi23l","usuario":"GIAN","password":"1234"}
GIAN|::1|Windows|10.0|Chrome|77.0.3865.120|2019-10-18 23:28:39|200|GET|http://localhost/wpaddy/public/ejemplo1|[]
GIAN|::1|Windows|10.0|Chrome|77.0.3865.120|2019-10-18 23:29:23|200|GET|http://localhost/wpaddy/public/ejemplo1|[]
GIAN|::1|Windows|10.0|Chrome|77.0.3865.120|2019-10-18 23:29:36|200|GET|http://localhost/wpaddy/public/ejemplo1|[]
GIAN|::1|Windows|10.0|Chrome|77.0.3865.120|2019-10-18 23:30:15|200|GET|http://localhost/wpaddy/public/ejemplo1|[]
GIAN|::1|Windows|10.0|Chrome|77.0.3865.120|2019-10-18 23:30:36|200|GET|http://localhost/wpaddy/public/ejemplo1|[]
GIAN|::1|Windows|10.0|Chrome|77.0.3865.120|2019-10-18 23:31:31|404|GET|http://localhost/wpaddy/public/ejemplo1|[]
GIAN|::1|Windows|10.0|Chrome|77.0.3865.120|2019-10-18 23:31:34|302|GET|http://localhost/wpaddy/public|[]
GIAN|::1|Windows|10.0|Chrome|77.0.3865.120|2019-10-18 23:31:34|200|GET|http://localhost/wpaddy/public/vista1|[]
GIAN|::1|Windows|10.0|Chrome|77.0.3865.120|2019-10-18 23:31:42|200|GET|http://localhost/wpaddy/public/pass-change|[]
GIAN|::1|Windows|10.0|Chrome|77.0.3865.120|2019-10-18 23:34:12|200|GET|http://localhost/wpaddy/public/pass-change|[]
GIAN|::1|Windows|10.0|Chrome|77.0.3865.120|2019-10-18 23:34:32|200|GET|http://localhost/wpaddy/public/pass-change|[]
GIAN|::1|Windows|10.0|Chrome|77.0.3865.120|2019-10-18 23:36:25|200|GET|http://localhost/wpaddy/public/pass-change|[]
GIAN|::1|Windows|10.0|Chrome|77.0.3865.120|2019-10-18 23:38:31|200|GET|http://localhost/wpaddy/public/pass-change|[]
GIAN|::1|Windows|10.0|Chrome|77.0.3865.120|2019-10-18 23:39:09|200|GET|http://localhost/wpaddy/public/pass-change|[]
GIAN|::1|Windows|10.0|Chrome|77.0.3865.120|2019-10-18 23:39:10|404|GET|http://localhost/wpaddy/public/img/paddy/paddy_logo-copia.png|[]
GIAN|::1|Windows|10.0|Chrome|77.0.3865.120|2019-10-18 23:39:16|200|GET|http://localhost/wpaddy/public/pass-change|[]
GIAN|::1|Windows|10.0|Chrome|77.0.3865.120|2019-10-18 23:39:17|404|GET|http://localhost/wpaddy/public/img/paddy/paddy_logo-copia.jpg|[]
GIAN|::1|Windows|10.0|Chrome|77.0.3865.120|2019-10-18 23:39:40|200|GET|http://localhost/wpaddy/public/pass-change|[]
GIAN|::1|Windows|10.0|Chrome|77.0.3865.120|2019-10-18 23:39:41|404|GET|http://localhost/wpaddy/public/img/paddy/paddy_logo_1.png|[]
GIAN|::1|Windows|10.0|Chrome|77.0.3865.120|2019-10-18 23:39:46|200|GET|http://localhost/wpaddy/public/pass-change|[]
GIAN|::1|Windows|10.0|Chrome|77.0.3865.120|2019-10-18 23:40:12|200|GET|http://localhost/wpaddy/public/pass-change|[]
GIAN|::1|Windows|10.0|Chrome|77.0.3865.120|2019-10-18 23:40:18|200|GET|http://localhost/wpaddy/public/pass-change|[]
GIAN|::1|Windows|10.0|Chrome|77.0.3865.120|2019-10-18 23:40:22|200|GET|http://localhost/wpaddy/public/pass-change|[]
GIAN|::1|Windows|10.0|Chrome|77.0.3865.120|2019-10-18 23:40:25|200|GET|http://localhost/wpaddy/public/pass-change|[]
GIAN|::1|Windows|10.0|Chrome|77.0.3865.120|2019-10-18 23:40:43|200|GET|http://localhost/wpaddy/public/pass-change|[]
GIAN|::1|Windows|10.0|Chrome|77.0.3865.120|2019-10-18 23:40:47|200|GET|http://localhost/wpaddy/public/pass-change|[]
GIAN|::1|Windows|10.0|Chrome|77.0.3865.120|2019-10-18 23:40:51|200|GET|http://localhost/wpaddy/public/pass-change|[]
GIAN|::1|Windows|10.0|Chrome|77.0.3865.120|2019-10-18 23:40:55|200|GET|http://localhost/wpaddy/public/pass-change|[]
GIAN|::1|Windows|10.0|Chrome|77.0.3865.120|2019-10-18 23:41:02|200|GET|http://localhost/wpaddy/public/pass-change|[]
GIAN|::1|Windows|10.0|Chrome|77.0.3865.120|2019-10-18 23:41:06|200|GET|http://localhost/wpaddy/public/pass-change|[]
GIAN|::1|Windows|10.0|Chrome|77.0.3865.120|2019-10-18 23:41:32|200|GET|http://localhost/wpaddy/public/pass-change|[]
GIAN|::1|Windows|10.0|Chrome|77.0.3865.120|2019-10-18 23:41:39|200|GET|http://localhost/wpaddy/public/pass-change|[]
GIAN|::1|Windows|10.0|Chrome|77.0.3865.120|2019-10-18 23:41:47|200|GET|http://localhost/wpaddy/public/pass-change|[]
GIAN|::1|Windows|10.0|Chrome|77.0.3865.120|2019-10-18 23:41:59|200|GET|http://localhost/wpaddy/public/pass-change|[]
GIAN|::1|Windows|10.0|Chrome|77.0.3865.120|2019-10-18 23:42:05|200|GET|http://localhost/wpaddy/public/pass-change|[]
GIAN|::1|Windows|10.0|Chrome|77.0.3865.120|2019-10-18 23:42:27|200|GET|http://localhost/wpaddy/public/pass-change|[]
GIAN|::1|Windows|10.0|Chrome|77.0.3865.120|2019-10-18 23:42:33|200|GET|http://localhost/wpaddy/public/pass-change|[]
GIAN|::1|Windows|10.0|Chrome|77.0.3865.120|2019-10-18 23:42:37|200|GET|http://localhost/wpaddy/public/pass-change|[]
GIAN|::1|Windows|10.0|Chrome|77.0.3865.120|2019-10-18 23:42:50|200|GET|http://localhost/wpaddy/public/pass-change|[]
GIAN|::1|Windows|10.0|Chrome|77.0.3865.120|2019-10-18 23:42:57|302|GET|http://localhost/wpaddy/public|[]
GIAN|::1|Windows|10.0|Chrome|77.0.3865.120|2019-10-18 23:42:58|200|GET|http://localhost/wpaddy/public/vista1|[]
GIAN|::1|Windows|10.0|Chrome|77.0.3865.120|2019-10-18 23:43:25|200|GET|http://localhost/wpaddy/public/vista1|[]
GIAN|::1|Windows|10.0|Chrome|77.0.3865.120|2019-10-18 23:43:40|200|GET|http://localhost/wpaddy/public/vista1|[]
GIAN|::1|Windows|10.0|Chrome|77.0.3865.120|2019-10-18 23:43:56|200|GET|http://localhost/wpaddy/public/vista1|[]
GIAN|::1|Windows|10.0|Chrome|77.0.3865.120|2019-10-18 23:47:30|200|GET|http://localhost/wpaddy/public/vista1|[]
GIAN|::1|Windows|10.0|Chrome|77.0.3865.120|2019-10-18 23:47:39|200|GET|http://localhost/wpaddy/public/vista1|[]
GIAN|::1|Windows|10.0|Chrome|77.0.3865.120|2019-10-18 23:47:45|200|GET|http://localhost/wpaddy/public/vista1|[]
GIAN|::1|Windows|10.0|Chrome|77.0.3865.120|2019-10-18 23:47:50|200|GET|http://localhost/wpaddy/public/vista1|[]
GIAN|::1|Windows|10.0|Chrome|77.0.3865.120|2019-10-18 23:47:56|200|GET|http://localhost/wpaddy/public/vista1|[]
GIAN|::1|Windows|10.0|Chrome|77.0.3865.120|2019-10-18 23:48:01|200|GET|http://localhost/wpaddy/public/vista1|[]
GIAN|::1|Windows|10.0|Chrome|77.0.3865.120|2019-10-18 23:48:11|200|GET|http://localhost/wpaddy/public/vista1|[]
GIAN|::1|Windows|10.0|Chrome|77.0.3865.120|2019-10-18 23:48:17|200|GET|http://localhost/wpaddy/public/vista1|[]
GIAN|::1|Windows|10.0|Chrome|77.0.3865.120|2019-10-18 23:48:35|200|GET|http://localhost/wpaddy/public/vista1|[]
GIAN|::1|Windows|10.0|Chrome|77.0.3865.120|2019-10-18 23:48:49|200|GET|http://localhost/wpaddy/public/vista1|[]
GIAN|::1|Windows|10.0|Chrome|77.0.3865.120|2019-10-18 23:48:54|200|GET|http://localhost/wpaddy/public/vista1|[]
GIAN|::1|Windows|10.0|Chrome|77.0.3865.120|2019-10-18 23:49:03|200|GET|http://localhost/wpaddy/public/vista1|[]
GIAN|::1|Windows|10.0|Chrome|77.0.3865.120|2019-10-18 23:49:11|200|GET|http://localhost/wpaddy/public/vista1|[]
GIAN|::1|Windows|10.0|Chrome|77.0.3865.120|2019-10-18 23:49:16|200|GET|http://localhost/wpaddy/public/vista1|[]
GIAN|::1|Windows|10.0|Chrome|77.0.3865.120|2019-10-18 23:50:11|200|GET|http://localhost/wpaddy/public/vista1|[]
GIAN|::1|Windows|10.0|Chrome|77.0.3865.120|2019-10-18 23:50:16|200|GET|http://localhost/wpaddy/public/vista1|[]
GIAN|::1|Windows|10.0|Chrome|77.0.3865.120|2019-10-18 23:50:41|200|GET|http://localhost/wpaddy/public/vista1|[]
GIAN|::1|Windows|10.0|Chrome|77.0.3865.120|2019-10-18 23:50:53|200|GET|http://localhost/wpaddy/public/vista1|[]
GIAN|::1|Windows|10.0|Chrome|77.0.3865.120|2019-10-18 23:50:58|200|GET|http://localhost/wpaddy/public/vista1|[]
GIAN|::1|Windows|10.0|Chrome|77.0.3865.120|2019-10-18 23:51:01|200|GET|http://localhost/wpaddy/public/vista1|[]
GIAN|::1|Windows|10.0|Chrome|77.0.3865.120|2019-10-18 23:51:47|200|GET|http://localhost/wpaddy/public/vista1|[]
GIAN|::1|Windows|10.0|Chrome|77.0.3865.120|2019-10-18 23:52:51|200|GET|http://localhost/wpaddy/public/vista1|[]
GIAN|::1|Windows|10.0|Chrome|77.0.3865.120|2019-10-18 23:53:17|200|GET|http://localhost/wpaddy/public/vista1|[]
GIAN|::1|Windows|10.0|Chrome|77.0.3865.120|2019-10-18 23:53:24|200|GET|http://localhost/wpaddy/public/vista1|[]
GIAN|::1|Windows|10.0|Chrome|77.0.3865.120|2019-10-18 23:54:41|200|GET|http://localhost/wpaddy/public/vista1|[]
GIAN|::1|Windows|10.0|Chrome|77.0.3865.120|2019-10-18 23:54:53|200|GET|http://localhost/wpaddy/public/vista1|[]
GIAN|::1|Windows|10.0|Chrome|77.0.3865.120|2019-10-18 23:55:36|200|GET|http://localhost/wpaddy/public/vista1|[]
GIAN|::1|Windows|10.0|Chrome|77.0.3865.120|2019-10-18 23:55:45|200|GET|http://localhost/wpaddy/public/vista1|[]
GIAN|::1|Windows|10.0|Chrome|77.0.3865.120|2019-10-18 23:55:49|200|GET|http://localhost/wpaddy/public/vista1|[]
GIAN|::1|Windows|10.0|Chrome|77.0.3865.120|2019-10-18 23:55:54|200|GET|http://localhost/wpaddy/public/vista1|[]
GIAN|::1|Windows|10.0|Chrome|77.0.3865.120|2019-10-18 23:56:01|200|GET|http://localhost/wpaddy/public/vista1|[]
GIAN|::1|Windows|10.0|Chrome|77.0.3865.120|2019-10-18 23:56:06|200|GET|http://localhost/wpaddy/public/vista1|[]
GIAN|::1|Windows|10.0|Chrome|77.0.3865.120|2019-10-18 23:56:16|200|GET|http://localhost/wpaddy/public/vista1|[]
GIAN|::1|Windows|10.0|Chrome|77.0.3865.120|2019-10-18 23:56:19|200|GET|http://localhost/wpaddy/public/vista1|[]