guest|::1|Windows|7|Chrome|72.0.3626.119|2019-03-01 09:26:43|200|GET|http://localhost:8080/webvpc/public/extra-login|[]
B33098|::1|Windows|7|Chrome|72.0.3626.119|2019-03-01 09:27:16|302|POST|http://localhost:8080/webvpc/public/extra-attempt|{"_token":"2KCeHZGy1VC1vuJR0rKRpVS7sBg7Z6TlF0Gil0wZ","registro":"B33098","passw":"VPC201801*"}
B33098|::1|Windows|7|Chrome|72.0.3626.119|2019-03-01 09:27:25|200|GET|http://localhost:8080/webvpc/public/be/miprospecto/lista|[]
B33098|::1|Windows|7|Chrome|72.0.3626.119|2019-03-01 09:27:26|200|GET|http://localhost:8080/webvpc/public/be/utils/get-ejecutivos-by-jefatura|{"jefatura":null}
B33098|::1|Windows|7|Chrome|72.0.3626.119|2019-03-01 09:27:27|200|GET|http://localhost:8080/webvpc/public/_debugbar/open|{"op":"get","id":"0261f75ea51c815f943548151274c4f4"}
B33098|::1|Windows|7|Chrome|72.0.3626.119|2019-03-01 09:28:13|200|GET|http://localhost:8080/webvpc/public/addusuario|[]
B33098|::1|Windows|7|Chrome|72.0.3626.119|2019-03-01 09:28:51|200|GET|http://localhost:8080/webvpc/public/addusuario|[]
B33098|::1|Windows|7|Chrome|72.0.3626.119|2019-03-01 09:28:52|200|GET|http://localhost:8080/webvpc/public/_debugbar/assets/stylesheets|{"v":"1502731300"}
B33098|::1|Windows|7|Chrome|72.0.3626.119|2019-03-01 09:28:52|200|GET|http://localhost:8080/webvpc/public/_debugbar/assets/javascript|{"v":"1502731300"}
B33098|::1|Windows|7|Chrome|72.0.3626.119|2019-03-01 09:43:02|200|GET|http://localhost:8080/webvpc/public/addusuario/nuevo|[]
B33098|::1|Windows|7|Chrome|72.0.3626.119|2019-03-01 09:47:20|200|GET|http://localhost:8080/webvpc/public/addusuario|[]
B33098|::1|Windows|7|Chrome|72.0.3626.119|2019-03-01 09:47:29|200|POST|http://localhost:8080/webvpc/public/addusuario/get-usuario|{"registro":"B31243"}
B33098|::1|Windows|7|Chrome|72.0.3626.119|2019-03-01 09:47:29|200|GET|http://localhost:8080/webvpc/public/_debugbar/open|{"op":"get","id":"8ffe4c41d8521a175333de965bc22a1e"}
B33098|::1|Windows|7|Chrome|72.0.3626.119|2019-03-01 09:47:43|200|POST|http://localhost:8080/webvpc/public/addusuario/get-usuario|{"registro":"B31243"}
B33098|::1|Windows|7|Chrome|72.0.3626.119|2019-03-01 09:47:44|200|GET|http://localhost:8080/webvpc/public/_debugbar/open|{"op":"get","id":"217770495a0776afc62558d18139ca2e"}
B33098|::1|Windows|7|Chrome|72.0.3626.119|2019-03-01 09:47:58|200|POST|http://localhost:8080/webvpc/public/addusuario/get-usuario|{"registro":"B17647"}
B33098|::1|Windows|7|Chrome|72.0.3626.119|2019-03-01 09:47:59|200|GET|http://localhost:8080/webvpc/public/_debugbar/open|{"op":"get","id":"c8ec3bc010a842bc4691c4ef164ac4ea"}
guest|::1|Windows|7|Chrome|72.0.3626.119|2019-03-01 09:48:20|200|GET|http://localhost:8080/webvpc/public/extra-login|[]
guest|::1|Windows|7|Chrome|72.0.3626.119|2019-03-01 09:48:20|200|GET|http://localhost:8080/webvpc/public/_debugbar/assets/javascript|{"v":"1502731300"}
guest|::1|Windows|7|Chrome|72.0.3626.119|2019-03-01 09:48:20|200|GET|http://localhost:8080/webvpc/public/_debugbar/assets/stylesheets|{"v":"1502731300"}
guest|::1|Windows|7|Chrome|72.0.3626.119|2019-03-01 09:48:22|200|GET|http://localhost:8080/webvpc/public|[]
guest|::1|Windows|7|Chrome|72.0.3626.119|2019-03-01 09:48:32|302|POST|http://localhost:8080/webvpc/public/login|{"_token":"X21fmDvf7ESiKIjKrTc5DVZBm7NZ6eHk0HjOcrF9","registro":"B17647","passw":"42783694"}
guest|::1|Windows|7|Chrome|72.0.3626.119|2019-03-01 09:48:32|200|GET|http://localhost:8080/webvpc/public|[]
guest|::1|Windows|7|Chrome|72.0.3626.119|2019-03-01 09:48:49|302|POST|http://localhost:8080/webvpc/public/login|{"_token":"X21fmDvf7ESiKIjKrTc5DVZBm7NZ6eHk0HjOcrF9","registro":"B17647","passw":"42783694"}
guest|::1|Windows|7|Chrome|72.0.3626.119|2019-03-01 09:48:50|200|GET|http://localhost:8080/webvpc/public|[]
B17647|::1|Windows|7|Chrome|72.0.3626.119|2019-03-01 09:49:03|302|POST|http://localhost:8080/webvpc/public/login|{"_token":"X21fmDvf7ESiKIjKrTc5DVZBm7NZ6eHk0HjOcrF9","registro":"B17647","passw":"B17647"}
B17647|::1|Windows|7|Chrome|72.0.3626.119|2019-03-01 09:49:16|200|GET|http://localhost:8080/webvpc/public/be/miprospecto/lista|[]
B17647|::1|Windows|7|Chrome|72.0.3626.119|2019-03-01 09:49:33|200|GET|http://localhost:8080/webvpc/public/addusuario|[]
B17647|::1|Windows|7|Chrome|72.0.3626.119|2019-03-01 09:49:45|200|POST|http://localhost:8080/webvpc/public/addusuario/get-usuario|{"registro":"B19181"}
B17647|::1|Windows|7|Chrome|72.0.3626.119|2019-03-01 09:49:45|200|GET|http://localhost:8080/webvpc/public/_debugbar/open|{"op":"get","id":"55f11ab46c49dcc6e97917a85d73464b"}
guest|::1|Windows|7|Chrome|72.0.3626.119|2019-03-01 09:50:57|200|GET|http://localhost:8080/webvpc/public/pass-gen|[]
guest|::1|Windows|7|Chrome|72.0.3626.119|2019-03-01 09:50:57|200|GET|http://localhost:8080/webvpc/public/_debugbar/assets/javascript|{"v":"1502731300"}
guest|::1|Windows|7|Chrome|72.0.3626.119|2019-03-01 09:50:57|200|GET|http://localhost:8080/webvpc/public/_debugbar/assets/stylesheets|{"v":"1502731300"}
B33098|::1|Windows|7|Chrome|72.0.3626.119|2019-03-01 09:52:56|200|GET|http://localhost:8080/webvpc/public/addusuario|[]
B33098|::1|Windows|7|Chrome|72.0.3626.119|2019-03-01 09:52:56|200|GET|http://localhost:8080/webvpc/public/_debugbar/assets/javascript|{"v":"1502731300"}
B33098|::1|Windows|7|Chrome|72.0.3626.119|2019-03-01 09:52:57|200|GET|http://localhost:8080/webvpc/public/_debugbar/assets/stylesheets|{"v":"1502731300"}
guest|::1|Windows|7|Chrome|72.0.3626.119|2019-03-01 09:53:15|302|GET|http://localhost:8080/webvpc/public/logout|[]
guest|::1|Windows|7|Chrome|72.0.3626.119|2019-03-01 09:53:15|200|GET|http://localhost:8080/webvpc/public|[]
guest|::1|Windows|7|Chrome|72.0.3626.119|2019-03-01 09:53:18|200|GET|http://localhost:8080/webvpc/public/extra-login|[]
B33098|::1|Windows|7|Chrome|72.0.3626.119|2019-03-01 09:53:28|302|POST|http://localhost:8080/webvpc/public/extra-attempt|{"_token":"2KCeHZGy1VC1vuJR0rKRpVS7sBg7Z6TlF0Gil0wZ","registro":"B33098","passw":"VPC201901*"}
B33098|::1|Windows|7|Chrome|72.0.3626.119|2019-03-01 09:53:30|200|GET|http://localhost:8080/webvpc/public/be/miprospecto/lista|[]
B33098|::1|Windows|7|Chrome|72.0.3626.119|2019-03-01 09:53:31|200|GET|http://localhost:8080/webvpc/public/be/utils/get-ejecutivos-by-jefatura|{"jefatura":null}
B33098|::1|Windows|7|Chrome|72.0.3626.119|2019-03-01 09:53:31|200|GET|http://localhost:8080/webvpc/public/_debugbar/open|{"op":"get","id":"a8633c58b653ffb7b29fced483e71a5e"}
B33098|::1|Windows|7|Chrome|72.0.3626.119|2019-03-01 09:55:56|200|GET|http://localhost:8080/webvpc/public/addusuario|[]
B33098|::1|Windows|7|Chrome|72.0.3626.119|2019-03-01 09:55:59|200|GET|http://localhost:8080/webvpc/public/addusuario/nuevo|[]
B33098|::1|Windows|7|Chrome|72.0.3626.119|2019-03-01 10:04:07|200|GET|http://localhost:8080/webvpc/public/addusuario/lista|{"nombre_j":"gianfrancp","registro":"bp2567","dni":"14651","passwordusu":"1234","cargo":"cargo1","rol":"4","area":"inteligencia de negocios","centro":"centro1","banca":"BE","zona":"BELZONAL2","tienda":"165"}
B33098|::1|Windows|7|Chrome|72.0.3626.119|2019-03-01 10:06:11|200|GET|http://localhost:8080/webvpc/public/addusuario|[]
B33098|::1|Windows|7|Chrome|72.0.3626.119|2019-03-01 10:07:15|200|POST|http://localhost:8080/webvpc/public/addusuario/get-usuario|{"registro":"bp2567"}
B33098|::1|Windows|7|Chrome|72.0.3626.119|2019-03-01 10:07:16|200|GET|http://localhost:8080/webvpc/public/_debugbar/open|{"op":"get","id":"22552d6ac639bdec6f3584460442a0da"}
B33098|::1|Windows|7|Chrome|72.0.3626.119|2019-03-01 10:07:34|200|GET|http://localhost:8080/webvpc/public/addusuario|[]
B33098|::1|Windows|7|Chrome|72.0.3626.119|2019-03-01 10:07:35|200|GET|http://localhost:8080/webvpc/public/_debugbar/assets/stylesheets|{"v":"1502731300"}
B33098|::1|Windows|7|Chrome|72.0.3626.119|2019-03-01 10:07:35|200|GET|http://localhost:8080/webvpc/public/_debugbar/assets/javascript|{"v":"1502731300"}
B33098|::1|Windows|7|Chrome|72.0.3626.119|2019-03-01 10:07:39|200|POST|http://localhost:8080/webvpc/public/addusuario/get-usuario|{"registro":"bp2567"}
B33098|::1|Windows|7|Chrome|72.0.3626.119|2019-03-01 10:07:39|200|GET|http://localhost:8080/webvpc/public/_debugbar/open|{"op":"get","id":"8f28529baab4d34e23a3419c946ef328"}
B33098|::1|Windows|7|Chrome|72.0.3626.119|2019-03-01 10:08:01|200|GET|http://localhost:8080/webvpc/public/addusuario|[]
B33098|::1|Windows|7|Chrome|72.0.3626.119|2019-03-01 10:08:01|200|GET|http://localhost:8080/webvpc/public/_debugbar/assets/stylesheets|{"v":"1502731300"}
B33098|::1|Windows|7|Chrome|72.0.3626.119|2019-03-01 10:08:01|200|GET|http://localhost:8080/webvpc/public/_debugbar/assets/javascript|{"v":"1502731300"}
B33098|::1|Windows|7|Chrome|72.0.3626.119|2019-03-01 10:08:04|200|POST|http://localhost:8080/webvpc/public/addusuario/get-usuario|{"registro":"bp2567"}
B33098|::1|Windows|7|Chrome|72.0.3626.119|2019-03-01 10:08:04|200|GET|http://localhost:8080/webvpc/public/_debugbar/open|{"op":"get","id":"a40a72b80f5e5526d500875b84a3a18d"}
B33098|::1|Windows|7|Chrome|72.0.3626.119|2019-03-01 10:09:28|200|GET|http://localhost:8080/webvpc/public/addusuario|[]
B33098|::1|Windows|7|Chrome|72.0.3626.119|2019-03-01 10:09:29|200|GET|http://localhost:8080/webvpc/public/_debugbar/assets/stylesheets|{"v":"1502731300"}
B33098|::1|Windows|7|Chrome|72.0.3626.119|2019-03-01 10:09:29|200|GET|http://localhost:8080/webvpc/public/_debugbar/assets/javascript|{"v":"1502731300"}
B33098|::1|Windows|7|Chrome|72.0.3626.119|2019-03-01 10:09:32|200|POST|http://localhost:8080/webvpc/public/addusuario/get-usuario|{"registro":"bp2567"}
B33098|::1|Windows|7|Chrome|72.0.3626.119|2019-03-01 10:09:32|200|GET|http://localhost:8080/webvpc/public/_debugbar/open|{"op":"get","id":"a729488b000237454f28bb1b056da107"}
B33098|::1|Windows|7|Chrome|72.0.3626.119|2019-03-01 10:09:54|200|GET|http://localhost:8080/webvpc/public/addusuario|[]
B33098|::1|Windows|7|Chrome|72.0.3626.119|2019-03-01 10:09:54|200|GET|http://localhost:8080/webvpc/public/_debugbar/assets/stylesheets|{"v":"1502731300"}
B33098|::1|Windows|7|Chrome|72.0.3626.119|2019-03-01 10:09:54|200|GET|http://localhost:8080/webvpc/public/_debugbar/assets/javascript|{"v":"1502731300"}
B33098|::1|Windows|7|Chrome|72.0.3626.119|2019-03-01 10:09:57|200|POST|http://localhost:8080/webvpc/public/addusuario/get-usuario|{"registro":"bp2567"}
B33098|::1|Windows|7|Chrome|72.0.3626.119|2019-03-01 10:09:57|200|GET|http://localhost:8080/webvpc/public/_debugbar/open|{"op":"get","id":"ec1273de02afc93fca1bb85327f89814"}
B33098|::1|Windows|7|Chrome|72.0.3626.119|2019-03-01 10:11:48|200|POST|http://localhost:8080/webvpc/public/addusuario/get-usuario|{"registro":"bp2567"}
B33098|::1|Windows|7|Chrome|72.0.3626.119|2019-03-01 10:11:48|200|GET|http://localhost:8080/webvpc/public/_debugbar/open|{"op":"get","id":"363bb63e69fc646fc49b7963bb47db0f"}
B33098|::1|Windows|7|Chrome|72.0.3626.119|2019-03-01 10:11:50|200|POST|http://localhost:8080/webvpc/public/addusuario/get-usuario|{"registro":"B32416"}
B33098|::1|Windows|7|Chrome|72.0.3626.119|2019-03-01 10:11:51|200|GET|http://localhost:8080/webvpc/public/_debugbar/open|{"op":"get","id":"6aed82e26adf6b8558f659a5e7e19726"}
B33098|::1|Windows|7|Chrome|72.0.3626.119|2019-03-01 10:16:01|200|GET|http://localhost:8080/webvpc/public/addusuario/nuevo|[]
B33098|::1|Windows|7|Chrome|72.0.3626.119|2019-03-01 10:16:02|200|GET|http://localhost:8080/webvpc/public/_debugbar/assets/stylesheets|{"v":"1502731300"}
B33098|::1|Windows|7|Chrome|72.0.3626.119|2019-03-01 10:16:02|200|GET|http://localhost:8080/webvpc/public/_debugbar/assets/javascript|{"v":"1502731300"}
B33098|::1|Windows|7|Chrome|72.0.3626.119|2019-03-01 10:16:06|200|GET|http://localhost:8080/webvpc/public/addusuario|[]
B33098|::1|Windows|7|Chrome|72.0.3626.119|2019-03-01 10:16:07|200|GET|http://localhost:8080/webvpc/public/addusuario/nuevo|[]
B33098|::1|Windows|7|Chrome|72.0.3626.119|2019-03-01 10:17:13|500|GET|http://localhost:8080/webvpc/public/addusuario/lista|{"nombre_j":"zz","registro":"bp9999","dni":"1234","passwordusu":"12345","cargo":"cargo1","rol":"5","area":"area1","centro":"centro2","banca":"BPE","zona":"BEPZONAL2","tienda":"513"}
B33098|::1|Windows|7|Chrome|72.0.3626.119|2019-03-01 10:18:57|200|GET|http://localhost:8080/webvpc/public/addusuario/lista|{"nombre_j":"zzz","registro":"bp9998","dni":"1234","passwordusu":"12345","cargo":"cargo2","rol":"5","area":"area1","centro":"centro2","banca":"BPE","zona":"BEPZONAL2","tienda":"513"}
B33098|::1|Windows|7|Chrome|72.0.3626.119|2019-03-01 10:19:50|200|GET|http://localhost:8080/webvpc/public/addusuario/nuevo|[]
B33098|::1|Windows|7|Chrome|72.0.3626.119|2019-03-01 10:19:52|200|GET|http://localhost:8080/webvpc/public/addusuario|[]
B33098|::1|Windows|7|Chrome|72.0.3626.119|2019-03-01 10:20:02|200|POST|http://localhost:8080/webvpc/public/addusuario/get-usuario|{"registro":"B30900"}
B33098|::1|Windows|7|Chrome|72.0.3626.119|2019-03-01 10:20:02|200|GET|http://localhost:8080/webvpc/public/_debugbar/open|{"op":"get","id":"5f7946d39e00c7ad5884f4a383d6b103"}
B33098|::1|Windows|7|Chrome|72.0.3626.119|2019-03-01 10:27:39|200|GET|http://localhost:8080/webvpc/public/addusuario|[]
B33098|::1|Windows|7|Chrome|72.0.3626.119|2019-03-01 10:27:39|200|GET|http://localhost:8080/webvpc/public/_debugbar/assets/stylesheets|{"v":"1502731300"}
B33098|::1|Windows|7|Chrome|72.0.3626.119|2019-03-01 10:27:40|200|GET|http://localhost:8080/webvpc/public/addusuario/nuevo|[]
B33098|::1|Windows|7|Chrome|72.0.3626.119|2019-03-01 10:28:30|200|GET|http://localhost:8080/webvpc/public/addusuario/nuevo|[]
B33098|::1|Windows|7|Chrome|72.0.3626.119|2019-03-01 10:28:32|200|GET|http://localhost:8080/webvpc/public/addusuario|[]
B33098|::1|Windows|7|Chrome|72.0.3626.119|2019-03-01 10:28:58|200|GET|http://localhost:8080/webvpc/public/addusuario/lista|{"nombre_j":"gianfranco","registro":"bp2567","dni":"75741816","passwordusu":"1234","cargo":"cargo1","rol":"4","area":"area1","centro":"centro1","banca":"BPE","zona":"BELZONAL2","tienda":"165"}
B33098|::1|Windows|7|Chrome|72.0.3626.119|2019-03-01 10:29:01|200|GET|http://localhost:8080/webvpc/public/addusuario|[]
guest|::1|Windows|7|Chrome|72.0.3626.119|2019-03-01 10:29:02|302|GET|http://localhost:8080/webvpc/public/logout|[]
guest|::1|Windows|7|Chrome|72.0.3626.119|2019-03-01 10:29:02|200|GET|http://localhost:8080/webvpc/public|[]
guest|::1|Windows|7|Chrome|72.0.3626.119|2019-03-01 10:29:14|302|POST|http://localhost:8080/webvpc/public/login|{"_token":"2KCeHZGy1VC1vuJR0rKRpVS7sBg7Z6TlF0Gil0wZ","registro":"bp2567","passw":"bp2567"}
guest|::1|Windows|7|Chrome|72.0.3626.119|2019-03-01 10:29:15|200|GET|http://localhost:8080/webvpc/public|[]
guest|::1|Windows|7|Chrome|72.0.3626.119|2019-03-01 10:29:24|302|POST|http://localhost:8080/webvpc/public/login|{"_token":"2KCeHZGy1VC1vuJR0rKRpVS7sBg7Z6TlF0Gil0wZ","registro":"bp2567","passw":"75741816"}
guest|::1|Windows|7|Chrome|72.0.3626.119|2019-03-01 10:29:24|200|GET|http://localhost:8080/webvpc/public|[]
guest|::1|Windows|7|Chrome|72.0.3626.119|2019-03-01 10:30:00|302|POST|http://localhost:8080/webvpc/public/login|{"_token":"2KCeHZGy1VC1vuJR0rKRpVS7sBg7Z6TlF0Gil0wZ","registro":"bp2567","passw":"1234"}
guest|::1|Windows|7|Chrome|72.0.3626.119|2019-03-01 10:30:01|200|GET|http://localhost:8080/webvpc/public|[]
guest|::1|Windows|7|Chrome|72.0.3626.119|2019-03-01 10:30:07|302|POST|http://localhost:8080/webvpc/public/login|{"_token":"2KCeHZGy1VC1vuJR0rKRpVS7sBg7Z6TlF0Gil0wZ","registro":"bp2567","passw":"12345"}
guest|::1|Windows|7|Chrome|72.0.3626.119|2019-03-01 10:30:07|200|GET|http://localhost:8080/webvpc/public|[]
guest|::1|Windows|7|Chrome|72.0.3626.119|2019-03-01 10:30:17|302|POST|http://localhost:8080/webvpc/public/login|{"_token":"2KCeHZGy1VC1vuJR0rKRpVS7sBg7Z6TlF0Gil0wZ","registro":"bp2567","passw":"$2y$10$wIcMfEbj1eQAueWIqKz7A.vVLNLY8n9zjojLPLpbZle1gVa0Fe3n6"}
guest|::1|Windows|7|Chrome|72.0.3626.119|2019-03-01 10:30:18|200|GET|http://localhost:8080/webvpc/public|[]
guest|::1|Windows|7|Chrome|72.0.3626.119|2019-03-01 10:30:21|200|GET|http://localhost:8080/webvpc/public/extra-login|[]
guest|::1|Windows|7|Chrome|72.0.3626.119|2019-03-01 10:30:28|500|POST|http://localhost:8080/webvpc/public/extra-attempt|{"_token":"2KCeHZGy1VC1vuJR0rKRpVS7sBg7Z6TlF0Gil0wZ","registro":"bp2567","passw":"VPC201801*"}
guest|::1|Windows|7|Chrome|72.0.3626.119|2019-03-01 10:30:37|200|GET|http://localhost:8080/webvpc/public|[]
guest|::1|Windows|7|Chrome|72.0.3626.119|2019-03-01 10:30:45|500|GET|http://localhost:8080/webvpc/public/addusuario|[]
B33098|::1|Windows|7|Chrome|72.0.3626.119|2019-03-01 10:37:14|302|POST|http://localhost:8080/webvpc/public/extra-attempt|{"_token":"2KCeHZGy1VC1vuJR0rKRpVS7sBg7Z6TlF0Gil0wZ","registro":"B33098","passw":"VPC201801*"}
B33098|::1|Windows|7|Chrome|72.0.3626.119|2019-03-01 10:37:16|200|GET|http://localhost:8080/webvpc/public/be/miprospecto/lista|[]
B33098|::1|Windows|7|Chrome|72.0.3626.119|2019-03-01 10:37:17|200|GET|http://localhost:8080/webvpc/public/be/utils/get-ejecutivos-by-jefatura|{"jefatura":null}
B33098|::1|Windows|7|Chrome|72.0.3626.119|2019-03-01 10:37:17|200|GET|http://localhost:8080/webvpc/public/_debugbar/open|{"op":"get","id":"488dad54ff51688d808eec241b42e584"}
guest|::1|Windows|7|Chrome|72.0.3626.119|2019-03-01 10:38:25|404|GET|http://localhost:8080/webvpc/public/super-login|[]
guest|::1|Windows|7|Chrome|72.0.3626.119|2019-03-01 10:38:26|200|GET|http://localhost:8080/webvpc/public/_debugbar/assets/stylesheets|{"v":"1502731300"}
guest|::1|Windows|7|Chrome|72.0.3626.119|2019-03-01 10:38:26|200|GET|http://localhost:8080/webvpc/public/_debugbar/assets/javascript|{"v":"1502731300"}
guest|::1|Windows|7|Chrome|72.0.3626.119|2019-03-01 10:39:05|200|GET|http://localhost:8080/webvpc/public|[]
guest|::1|Windows|7|Chrome|72.0.3626.119|2019-03-01 10:44:20|200|GET|http://localhost:8080/webvpc/public/extra-login|[]
B33098|::1|Windows|7|Chrome|72.0.3626.119|2019-03-01 10:44:46|302|POST|http://localhost:8080/webvpc/public/extra-attempt|{"_token":"5HNQ9A7JhP9tgRM9UT67HUazaM0T2FkJ2RDf2iBm","registro":"B33098","passw":"VPC201801*"}
B33098|::1|Windows|7|Chrome|72.0.3626.119|2019-03-01 10:44:49|200|GET|http://localhost:8080/webvpc/public/be/miprospecto/lista|[]
B33098|::1|Windows|7|Chrome|72.0.3626.119|2019-03-01 10:44:49|200|GET|http://localhost:8080/webvpc/public/be/utils/get-ejecutivos-by-jefatura|{"jefatura":null}
B33098|::1|Windows|7|Chrome|72.0.3626.119|2019-03-01 10:44:49|200|GET|http://localhost:8080/webvpc/public/_debugbar/open|{"op":"get","id":"973b66a249dca76024c73590b026a8f0"}
B33098|::1|Windows|7|Chrome|72.0.3626.119|2019-03-01 10:44:50|200|GET|http://localhost:8080/webvpc/public/addusuario|[]
B33098|::1|Windows|7|Chrome|72.0.3626.119|2019-03-01 10:45:24|200|GET|http://localhost:8080/webvpc/public/addusuario/nuevo|[]
B33098|::1|Windows|7|Chrome|72.0.3626.119|2019-03-01 10:45:28|200|GET|http://localhost:8080/webvpc/public/addusuario|[]
B33098|::1|Windows|7|Chrome|72.0.3626.119|2019-03-01 10:45:31|200|POST|http://localhost:8080/webvpc/public/addusuario/get-usuario|{"registro":"B33353"}
B33098|::1|Windows|7|Chrome|72.0.3626.119|2019-03-01 10:45:31|200|GET|http://localhost:8080/webvpc/public/_debugbar/open|{"op":"get","id":"442e6821124eb1f767333f229ba64164"}
B33098|::1|Windows|7|Chrome|72.0.3626.119|2019-03-01 10:45:44|200|GET|http://localhost:8080/webvpc/public/addusuario/nuevo|[]
B33098|::1|Windows|7|Chrome|72.0.3626.119|2019-03-01 10:48:25|200|GET|http://localhost:8080/webvpc/public/addusuario/lista|{"nombre_j":"zz","registro":"bp9999","dni":"1234","passwordusu":"1234","cargo":"cargo1","rol":"4","area":"area1","centro":"JEFE6","banca":"BPE","zona":"BELZONAL2","tienda":"Todos"}
B33098|::1|Windows|7|Chrome|72.0.3626.119|2019-03-01 10:48:28|200|GET|http://localhost:8080/webvpc/public/addusuario|[]
B33098|::1|Windows|7|Chrome|72.0.3626.119|2019-03-01 10:48:33|200|POST|http://localhost:8080/webvpc/public/addusuario/get-usuario|{"registro":"bp9999"}
B33098|::1|Windows|7|Chrome|72.0.3626.119|2019-03-01 10:48:33|200|GET|http://localhost:8080/webvpc/public/_debugbar/open|{"op":"get","id":"c7a3357b22bc0829913de1597f5cfdd2"}
B33098|::1|Windows|7|Chrome|72.0.3626.119|2019-03-01 10:50:02|200|GET|http://localhost:8080/webvpc/public/be/actividades|[]
B33098|::1|Windows|7|Chrome|72.0.3626.119|2019-03-01 10:50:04|200|GET|http://localhost:8080/webvpc/public/be/micontacto|[]
B33098|::1|Windows|7|Chrome|72.0.3626.119|2019-03-01 10:50:08|200|GET|http://localhost:8080/webvpc/public/be/miprospecto/lista|[]
B33098|::1|Windows|7|Chrome|72.0.3626.119|2019-03-01 10:50:08|200|GET|http://localhost:8080/webvpc/public/be/utils/get-ejecutivos-by-jefatura|{"jefatura":null}
B33098|::1|Windows|7|Chrome|72.0.3626.119|2019-03-01 10:50:09|200|GET|http://localhost:8080/webvpc/public/_debugbar/open|{"op":"get","id":"7379c13a3c01c589556ab7d6289d7f33"}
B33098|::1|Windows|7|Chrome|72.0.3626.119|2019-03-01 10:51:41|200|GET|http://localhost:8080/webvpc/public/be/miprospecto/consulta-referido|{"documento":"20507429891"}
B33098|::1|Windows|7|Chrome|72.0.3626.119|2019-03-01 10:51:41|200|GET|http://localhost:8080/webvpc/public/_debugbar/open|{"op":"get","id":"1eac73e472a43ca7a0a576d238b51d8e"}
B33098|::1|Windows|7|Chrome|72.0.3626.119|2019-03-01 10:52:03|200|GET|http://localhost:8080/webvpc/public/be/miprospecto/consulta-referido|{"documento":"20601468574"}
B33098|::1|Windows|7|Chrome|72.0.3626.119|2019-03-01 10:52:04|200|GET|http://localhost:8080/webvpc/public/_debugbar/open|{"op":"get","id":"51d5ee30929c5f5f35a7ef27347db441"}
B33098|::1|Windows|7|Chrome|72.0.3626.119|2019-03-01 10:52:13|200|GET|http://localhost:8080/webvpc/public/be/miprospecto/consulta-referido|{"documento":"20549960040"}
B33098|::1|Windows|7|Chrome|72.0.3626.119|2019-03-01 10:52:13|200|GET|http://localhost:8080/webvpc/public/_debugbar/open|{"op":"get","id":"522354796587fe6a563ec8237f5aecd8"}
B33098|::1|Windows|7|Chrome|72.0.3626.119|2019-03-01 10:55:55|200|GET|http://localhost:8080/webvpc/public/addusuario|[]
B33098|::1|Windows|7|Chrome|72.0.3626.119|2019-03-01 10:57:53|200|GET|http://localhost:8080/webvpc/public/addusuario|[]
B33098|::1|Windows|7|Chrome|72.0.3626.119|2019-03-01 10:57:54|200|GET|http://localhost:8080/webvpc/public/_debugbar/assets/javascript|{"v":"1502731300"}
B33098|::1|Windows|7|Chrome|72.0.3626.119|2019-03-01 10:57:54|200|GET|http://localhost:8080/webvpc/public/_debugbar/assets/stylesheets|{"v":"1502731300"}
B33098|::1|Windows|7|Chrome|72.0.3626.119|2019-03-01 10:58:09|200|GET|http://localhost:8080/webvpc/public/addusuario|[]
B33098|::1|Windows|7|Chrome|72.0.3626.119|2019-03-01 10:58:09|200|GET|http://localhost:8080/webvpc/public/_debugbar/assets/stylesheets|{"v":"1502731300"}
B33098|::1|Windows|7|Chrome|72.0.3626.119|2019-03-01 10:58:09|200|GET|http://localhost:8080/webvpc/public/_debugbar/assets/javascript|{"v":"1502731300"}
B33098|::1|Windows|7|Chrome|72.0.3626.119|2019-03-01 10:58:22|200|GET|http://localhost:8080/webvpc/public/addusuario|[]
B33098|::1|Windows|7|Chrome|72.0.3626.119|2019-03-01 10:58:22|200|GET|http://localhost:8080/webvpc/public/_debugbar/assets/stylesheets|{"v":"1502731300"}
B33098|::1|Windows|7|Chrome|72.0.3626.119|2019-03-01 10:58:32|200|GET|http://localhost:8080/webvpc/public/addusuario|[]
B33098|::1|Windows|7|Chrome|72.0.3626.119|2019-03-01 10:58:33|200|GET|http://localhost:8080/webvpc/public/_debugbar/assets/javascript|{"v":"1502731300"}
B33098|::1|Windows|7|Chrome|72.0.3626.119|2019-03-01 10:58:33|200|GET|http://localhost:8080/webvpc/public/_debugbar/assets/stylesheets|{"v":"1502731300"}
B33098|::1|Windows|7|Chrome|72.0.3626.119|2019-03-01 10:59:33|200|GET|http://localhost:8080/webvpc/public/addusuario|[]
B33098|::1|Windows|7|Chrome|72.0.3626.119|2019-03-01 10:59:33|200|GET|http://localhost:8080/webvpc/public/_debugbar/assets/stylesheets|{"v":"1502731300"}
B33098|::1|Windows|7|Chrome|72.0.3626.119|2019-03-01 10:59:33|200|GET|http://localhost:8080/webvpc/public/_debugbar/assets/javascript|{"v":"1502731300"}
B33098|::1|Windows|7|Chrome|72.0.3626.119|2019-03-01 10:59:42|200|GET|http://localhost:8080/webvpc/public/addusuario|[]
B33098|::1|Windows|7|Chrome|72.0.3626.119|2019-03-01 10:59:43|200|GET|http://localhost:8080/webvpc/public/_debugbar/assets/javascript|{"v":"1502731300"}
B33098|::1|Windows|7|Chrome|72.0.3626.119|2019-03-01 10:59:43|200|GET|http://localhost:8080/webvpc/public/_debugbar/assets/stylesheets|{"v":"1502731300"}
B33098|::1|Windows|7|Chrome|72.0.3626.119|2019-03-01 10:59:52|200|GET|http://localhost:8080/webvpc/public/addusuario|[]
B33098|::1|Windows|7|Chrome|72.0.3626.119|2019-03-01 10:59:52|200|GET|http://localhost:8080/webvpc/public/_debugbar/assets/stylesheets|{"v":"1502731300"}
B33098|::1|Windows|7|Chrome|72.0.3626.119|2019-03-01 10:59:53|200|GET|http://localhost:8080/webvpc/public/_debugbar/assets/javascript|{"v":"1502731300"}
B33098|::1|Windows|7|Chrome|72.0.3626.119|2019-03-01 11:01:36|200|GET|http://localhost:8080/webvpc/public/addusuario|[]
B33098|::1|Windows|7|Chrome|72.0.3626.119|2019-03-01 11:01:36|200|GET|http://localhost:8080/webvpc/public/_debugbar/assets/stylesheets|{"v":"1502731300"}
B33098|::1|Windows|7|Chrome|72.0.3626.119|2019-03-01 11:01:37|200|GET|http://localhost:8080/webvpc/public/_debugbar/assets/javascript|{"v":"1502731300"}
B33098|::1|Windows|7|Chrome|72.0.3626.119|2019-03-01 11:02:36|200|GET|http://localhost:8080/webvpc/public/addusuario|[]
B33098|::1|Windows|7|Chrome|72.0.3626.119|2019-03-01 11:02:37|200|GET|http://localhost:8080/webvpc/public/_debugbar/assets/stylesheets|{"v":"1502731300"}
B33098|::1|Windows|7|Chrome|72.0.3626.119|2019-03-01 11:02:37|200|GET|http://localhost:8080/webvpc/public/_debugbar/assets/javascript|{"v":"1502731300"}
B33098|::1|Windows|7|Chrome|72.0.3626.119|2019-03-01 11:03:21|200|GET|http://localhost:8080/webvpc/public/addusuario|[]
B33098|::1|Windows|7|Chrome|72.0.3626.119|2019-03-01 11:04:37|200|GET|http://localhost:8080/webvpc/public/addusuario|[]
B33098|::1|Windows|7|Chrome|72.0.3626.119|2019-03-01 11:04:37|200|GET|http://localhost:8080/webvpc/public/_debugbar/assets/javascript|{"v":"1502731300"}
B33098|::1|Windows|7|Chrome|72.0.3626.119|2019-03-01 11:04:37|200|GET|http://localhost:8080/webvpc/public/_debugbar/assets/stylesheets|{"v":"1502731300"}
B33098|::1|Windows|7|Chrome|72.0.3626.119|2019-03-01 11:04:39|200|POST|http://localhost:8080/webvpc/public/addusuario/get-usuario|{"registro":"B31243"}
B33098|::1|Windows|7|Chrome|72.0.3626.119|2019-03-01 11:04:40|200|GET|http://localhost:8080/webvpc/public/_debugbar/open|{"op":"get","id":"d9d2bb75b95a700f45fefcd8c2a4f896"}
B33098|::1|Windows|7|Chrome|72.0.3626.119|2019-03-01 11:04:46|200|POST|http://localhost:8080/webvpc/public/addusuario/get-usuario|{"registro":"B30681"}
B33098|::1|Windows|7|Chrome|72.0.3626.119|2019-03-01 11:04:46|200|GET|http://localhost:8080/webvpc/public/_debugbar/open|{"op":"get","id":"f9742c066063fe5efa6f3510e164ea66"}
B33098|::1|Windows|7|Chrome|72.0.3626.119|2019-03-01 11:04:49|200|POST|http://localhost:8080/webvpc/public/addusuario/get-usuario|{"registro":"B19181"}
B33098|::1|Windows|7|Chrome|72.0.3626.119|2019-03-01 11:04:49|200|GET|http://localhost:8080/webvpc/public/_debugbar/open|{"op":"get","id":"198a7d80b4921ce398e6c7ee34813092"}
B33098|::1|Windows|7|Chrome|72.0.3626.119|2019-03-01 11:04:54|200|POST|http://localhost:8080/webvpc/public/addusuario/get-usuario|{"registro":"B31243"}
B33098|::1|Windows|7|Chrome|72.0.3626.119|2019-03-01 11:04:54|200|GET|http://localhost:8080/webvpc/public/_debugbar/open|{"op":"get","id":"006585b407498e968e2e85b049540aae"}
B33098|::1|Windows|7|Chrome|72.0.3626.119|2019-03-01 11:04:58|200|POST|http://localhost:8080/webvpc/public/addusuario/get-usuario|{"registro":"B30900"}
B33098|::1|Windows|7|Chrome|72.0.3626.119|2019-03-01 11:04:58|200|GET|http://localhost:8080/webvpc/public/_debugbar/open|{"op":"get","id":"8723023fbcaaef98a4f7b7b372d36544"}
B33098|::1|Windows|7|Chrome|72.0.3626.119|2019-03-01 11:05:09|200|POST|http://localhost:8080/webvpc/public/addusuario/get-usuario|{"registro":"B27462"}
B33098|::1|Windows|7|Chrome|72.0.3626.119|2019-03-01 11:05:09|200|GET|http://localhost:8080/webvpc/public/_debugbar/open|{"op":"get","id":"827ff1ef00e235e7f7cff3f32e8226fb"}
B33098|::1|Windows|7|Chrome|72.0.3626.119|2019-03-01 11:05:18|200|POST|http://localhost:8080/webvpc/public/addusuario/get-usuario|{"registro":"B19181"}
B33098|::1|Windows|7|Chrome|72.0.3626.119|2019-03-01 11:05:18|200|GET|http://localhost:8080/webvpc/public/_debugbar/open|{"op":"get","id":"9512a45859cdf1f6aef3f356aa932c14"}
B33098|::1|Windows|7|Chrome|72.0.3626.119|2019-03-01 11:06:07|200|GET|http://localhost:8080/webvpc/public/addusuario|[]
B33098|::1|Windows|7|Chrome|72.0.3626.119|2019-03-01 11:06:08|200|GET|http://localhost:8080/webvpc/public/_debugbar/assets/stylesheets|{"v":"1502731300"}
B33098|::1|Windows|7|Chrome|72.0.3626.119|2019-03-01 11:06:08|200|GET|http://localhost:8080/webvpc/public/_debugbar/assets/javascript|{"v":"1502731300"}
B33098|::1|Windows|7|Chrome|72.0.3626.119|2019-03-01 11:06:22|200|GET|http://localhost:8080/webvpc/public/addusuario|[]
B33098|::1|Windows|7|Chrome|72.0.3626.119|2019-03-01 11:06:23|200|GET|http://localhost:8080/webvpc/public/_debugbar/assets/javascript|{"v":"1502731300"}
B33098|::1|Windows|7|Chrome|72.0.3626.119|2019-03-01 11:06:23|200|GET|http://localhost:8080/webvpc/public/_debugbar/assets/stylesheets|{"v":"1502731300"}
B33098|::1|Windows|7|Chrome|72.0.3626.119|2019-03-01 11:07:16|200|GET|http://localhost:8080/webvpc/public/addusuario|[]
B33098|::1|Windows|7|Chrome|72.0.3626.119|2019-03-01 11:07:16|200|GET|http://localhost:8080/webvpc/public/_debugbar/assets/stylesheets|{"v":"1502731300"}
B33098|::1|Windows|7|Chrome|72.0.3626.119|2019-03-01 11:07:16|200|GET|http://localhost:8080/webvpc/public/_debugbar/assets/javascript|{"v":"1502731300"}
B33098|::1|Windows|7|Chrome|72.0.3626.119|2019-03-01 11:08:18|200|GET|http://localhost:8080/webvpc/public/addusuario|[]
B33098|::1|Windows|7|Chrome|72.0.3626.119|2019-03-01 11:08:19|200|GET|http://localhost:8080/webvpc/public/addusuario|[]
B33098|::1|Windows|7|Chrome|72.0.3626.119|2019-03-01 11:08:19|200|GET|http://localhost:8080/webvpc/public/_debugbar/assets/stylesheets|{"v":"1502731300"}
B33098|::1|Windows|7|Chrome|72.0.3626.119|2019-03-01 11:08:21|200|POST|http://localhost:8080/webvpc/public/addusuario/get-usuario|{"registro":"B31243"}
B33098|::1|Windows|7|Chrome|72.0.3626.119|2019-03-01 11:08:21|200|GET|http://localhost:8080/webvpc/public/_debugbar/open|{"op":"get","id":"c3dfd96a1ace12a31495fa26e17ef755"}
B33098|::1|Windows|7|Chrome|72.0.3626.119|2019-03-01 11:12:30|200|GET|http://localhost:8080/webvpc/public/addusuario|[]
B33098|::1|Windows|7|Chrome|72.0.3626.119|2019-03-01 11:12:30|200|GET|http://localhost:8080/webvpc/public/addusuario|[]
B33098|::1|Windows|7|Chrome|72.0.3626.119|2019-03-01 11:18:13|200|GET|http://localhost:8080/webvpc/public/addusuario|[]
B33098|::1|Windows|7|Chrome|72.0.3626.119|2019-03-01 11:18:14|200|GET|http://localhost:8080/webvpc/public/addusuario|[]
B33098|::1|Windows|7|Chrome|72.0.3626.119|2019-03-01 11:19:39|200|GET|http://localhost:8080/webvpc/public/addusuario|[]
B33098|::1|Windows|7|Chrome|72.0.3626.119|2019-03-01 11:19:39|200|GET|http://localhost:8080/webvpc/public/addusuario|[]
B33098|::1|Windows|7|Chrome|72.0.3626.119|2019-03-01 11:19:53|200|POST|http://localhost:8080/webvpc/public/addusuario/delete-usuario|{"registro":"bp9999"}
B33098|::1|Windows|7|Chrome|72.0.3626.119|2019-03-01 11:19:53|200|GET|http://localhost:8080/webvpc/public/_debugbar/open|{"op":"get","id":"3e22e6c18601fd6251de7bc6a0c4f6d7"}
B33098|::1|Windows|7|Chrome|72.0.3626.119|2019-03-01 11:20:11|200|POST|http://localhost:8080/webvpc/public/addusuario/delete-usuario|{"registro":"bp9999"}
B33098|::1|Windows|7|Chrome|72.0.3626.119|2019-03-01 11:20:11|200|GET|http://localhost:8080/webvpc/public/_debugbar/open|{"op":"get","id":"8bf69cf5622f964f99ff53789882485d"}
B33098|::1|Windows|7|Chrome|72.0.3626.119|2019-03-01 11:20:51|200|GET|http://localhost:8080/webvpc/public/addusuario|[]
B33098|::1|Windows|7|Chrome|72.0.3626.119|2019-03-01 11:20:51|200|GET|http://localhost:8080/webvpc/public/addusuario|[]
B33098|::1|Windows|7|Chrome|72.0.3626.119|2019-03-01 11:25:23|200|GET|http://localhost:8080/webvpc/public/addusuario|[]
B33098|::1|Windows|7|Chrome|72.0.3626.119|2019-03-01 11:25:23|200|GET|http://localhost:8080/webvpc/public/addusuario|[]
B33098|::1|Windows|7|Chrome|72.0.3626.119|2019-03-01 11:25:23|200|GET|http://localhost:8080/webvpc/public/_debugbar/assets/javascript|{"v":"1502731300"}
B33098|::1|Windows|7|Chrome|72.0.3626.119|2019-03-01 11:25:23|200|GET|http://localhost:8080/webvpc/public/_debugbar/assets/stylesheets|{"v":"1502731300"}
B33098|::1|Windows|7|Chrome|72.0.3626.119|2019-03-01 11:25:32|200|GET|http://localhost:8080/webvpc/public/addusuario|[]
B33098|::1|Windows|7|Chrome|72.0.3626.119|2019-03-01 11:25:33|200|GET|http://localhost:8080/webvpc/public/_debugbar/assets/javascript|{"v":"1502731300"}
B33098|::1|Windows|7|Chrome|72.0.3626.119|2019-03-01 11:25:33|200|GET|http://localhost:8080/webvpc/public/addusuario|[]
B33098|::1|Windows|7|Chrome|72.0.3626.119|2019-03-01 11:25:33|200|GET|http://localhost:8080/webvpc/public/_debugbar/assets/stylesheets|{"v":"1502731300"}
B33098|::1|Windows|7|Chrome|72.0.3626.119|2019-03-01 11:26:47|200|GET|http://localhost:8080/webvpc/public/addusuario|[]
B33098|::1|Windows|7|Chrome|72.0.3626.119|2019-03-01 11:26:47|200|GET|http://localhost:8080/webvpc/public/_debugbar/assets/stylesheets|{"v":"1502731300"}
B33098|::1|Windows|7|Chrome|72.0.3626.119|2019-03-01 11:26:47|200|GET|http://localhost:8080/webvpc/public/_debugbar/assets/javascript|{"v":"1502731300"}
B33098|::1|Windows|7|Chrome|72.0.3626.119|2019-03-01 11:26:47|200|GET|http://localhost:8080/webvpc/public/addusuario|[]
B33098|::1|Windows|7|Chrome|72.0.3626.119|2019-03-01 11:27:09|200|GET|http://localhost:8080/webvpc/public/addusuario|[]
B33098|::1|Windows|7|Chrome|72.0.3626.119|2019-03-01 11:27:09|200|GET|http://localhost:8080/webvpc/public/_debugbar/assets/javascript|{"v":"1502731300"}
B33098|::1|Windows|7|Chrome|72.0.3626.119|2019-03-01 11:27:09|200|GET|http://localhost:8080/webvpc/public/addusuario|[]
B33098|::1|Windows|7|Chrome|72.0.3626.119|2019-03-01 11:27:28|200|GET|http://localhost:8080/webvpc/public/addusuario|[]
B33098|::1|Windows|7|Chrome|72.0.3626.119|2019-03-01 11:27:29|200|GET|http://localhost:8080/webvpc/public/addusuario|[]
B33098|::1|Windows|7|Chrome|72.0.3626.119|2019-03-01 11:27:35|200|GET|http://localhost:8080/webvpc/public/addusuario|[]
B33098|::1|Windows|7|Chrome|72.0.3626.119|2019-03-01 11:27:36|200|GET|http://localhost:8080/webvpc/public/addusuario|[]
B33098|::1|Windows|7|Chrome|72.0.3626.119|2019-03-01 11:27:36|200|GET|http://localhost:8080/webvpc/public/_debugbar/assets/stylesheets|{"v":"1502731300"}
B33098|::1|Windows|7|Chrome|72.0.3626.119|2019-03-01 11:27:36|200|GET|http://localhost:8080/webvpc/public/_debugbar/assets/javascript|{"v":"1502731300"}
B33098|::1|Windows|7|Chrome|72.0.3626.119|2019-03-01 11:27:44|200|GET|http://localhost:8080/webvpc/public/addusuario|[]
B33098|::1|Windows|7|Chrome|72.0.3626.119|2019-03-01 11:27:45|200|GET|http://localhost:8080/webvpc/public/_debugbar/assets/stylesheets|{"v":"1502731300"}
B33098|::1|Windows|7|Chrome|72.0.3626.119|2019-03-01 11:27:45|200|GET|http://localhost:8080/webvpc/public/addusuario|[]
B33098|::1|Windows|7|Chrome|72.0.3626.119|2019-03-01 11:27:45|200|GET|http://localhost:8080/webvpc/public/_debugbar/assets/javascript|{"v":"1502731300"}
B33098|::1|Windows|7|Chrome|72.0.3626.119|2019-03-01 11:28:27|200|GET|http://localhost:8080/webvpc/public/addusuario|[]
B33098|::1|Windows|7|Chrome|72.0.3626.119|2019-03-01 11:28:27|200|GET|http://localhost:8080/webvpc/public/_debugbar/assets/stylesheets|{"v":"1502731300"}
B33098|::1|Windows|7|Chrome|72.0.3626.119|2019-03-01 11:28:27|200|GET|http://localhost:8080/webvpc/public/_debugbar/assets/javascript|{"v":"1502731300"}
B33098|::1|Windows|7|Chrome|72.0.3626.119|2019-03-01 11:28:27|200|GET|http://localhost:8080/webvpc/public/addusuario|[]
B33098|::1|Windows|7|Chrome|72.0.3626.119|2019-03-01 11:28:36|200|GET|http://localhost:8080/webvpc/public/addusuario|[]
B33098|::1|Windows|7|Chrome|72.0.3626.119|2019-03-01 11:28:36|200|GET|http://localhost:8080/webvpc/public/_debugbar/assets/stylesheets|{"v":"1502731300"}
B33098|::1|Windows|7|Chrome|72.0.3626.119|2019-03-01 11:28:36|200|GET|http://localhost:8080/webvpc/public/addusuario|[]
B33098|::1|Windows|7|Chrome|72.0.3626.119|2019-03-01 11:28:36|200|GET|http://localhost:8080/webvpc/public/_debugbar/assets/javascript|{"v":"1502731300"}
B33098|::1|Windows|7|Chrome|72.0.3626.119|2019-03-01 11:28:41|200|POST|http://localhost:8080/webvpc/public/addusuario/delete-usuario|{"registro":"bp9999"}
B33098|::1|Windows|7|Chrome|72.0.3626.119|2019-03-01 11:28:41|200|GET|http://localhost:8080/webvpc/public/_debugbar/open|{"op":"get","id":"f02ca273ebffd05da76500ca5866398e"}
B33098|::1|Windows|7|Chrome|72.0.3626.119|2019-03-01 11:28:43|200|GET|http://localhost:8080/webvpc/public/addusuario|[]
B33098|::1|Windows|7|Chrome|72.0.3626.119|2019-03-01 11:28:44|200|GET|http://localhost:8080/webvpc/public/addusuario|[]
B33098|::1|Windows|7|Chrome|72.0.3626.119|2019-03-01 11:37:47|200|GET|http://localhost:8080/webvpc/public/addusuario|[]
B33098|::1|Windows|7|Chrome|72.0.3626.119|2019-03-01 11:37:47|200|GET|http://localhost:8080/webvpc/public/addusuario|[]
B33098|::1|Windows|7|Chrome|72.0.3626.119|2019-03-01 11:37:47|200|GET|http://localhost:8080/webvpc/public/_debugbar/assets/javascript|{"v":"1502731300"}
B33098|::1|Windows|7|Chrome|72.0.3626.119|2019-03-01 11:37:47|200|GET|http://localhost:8080/webvpc/public/_debugbar/assets/stylesheets|{"v":"1502731300"}
B33098|::1|Windows|7|Chrome|72.0.3626.119|2019-03-01 11:38:40|200|GET|http://localhost:8080/webvpc/public/addusuario|[]
B33098|::1|Windows|7|Chrome|72.0.3626.119|2019-03-01 11:38:41|200|GET|http://localhost:8080/webvpc/public/addusuario|[]
B33098|::1|Windows|7|Chrome|72.0.3626.119|2019-03-01 11:38:41|200|GET|http://localhost:8080/webvpc/public/_debugbar/assets/stylesheets|{"v":"1502731300"}
B33098|::1|Windows|7|Chrome|72.0.3626.119|2019-03-01 11:38:41|200|GET|http://localhost:8080/webvpc/public/_debugbar/assets/javascript|{"v":"1502731300"}
B33098|::1|Windows|7|Chrome|72.0.3626.119|2019-03-01 11:38:48|200|GET|http://localhost:8080/webvpc/public/addusuario|[]
B33098|::1|Windows|7|Chrome|72.0.3626.119|2019-03-01 11:38:49|200|GET|http://localhost:8080/webvpc/public/_debugbar/assets/stylesheets|{"v":"1502731300"}
B33098|::1|Windows|7|Chrome|72.0.3626.119|2019-03-01 11:38:49|200|GET|http://localhost:8080/webvpc/public/_debugbar/assets/javascript|{"v":"1502731300"}
B33098|::1|Windows|7|Chrome|72.0.3626.119|2019-03-01 11:40:50|200|GET|http://localhost:8080/webvpc/public/addusuario|[]
B33098|::1|Windows|7|Chrome|72.0.3626.119|2019-03-01 11:40:51|200|GET|http://localhost:8080/webvpc/public/addusuario|[]
B33098|::1|Windows|7|Chrome|72.0.3626.119|2019-03-01 11:40:51|200|GET|http://localhost:8080/webvpc/public/_debugbar/assets/stylesheets|{"v":"1502731300"}
B33098|::1|Windows|7|Chrome|72.0.3626.119|2019-03-01 11:40:51|200|GET|http://localhost:8080/webvpc/public/_debugbar/assets/javascript|{"v":"1502731300"}
B33098|::1|Windows|7|Chrome|72.0.3626.119|2019-03-01 11:41:04|200|POST|http://localhost:8080/webvpc/public/addusuario/activar-usuario|{"registro":"bp9999"}
B33098|::1|Windows|7|Chrome|72.0.3626.119|2019-03-01 11:41:04|200|GET|http://localhost:8080/webvpc/public/_debugbar/open|{"op":"get","id":"8756fd59372731fa5ea577731a8a1570"}
B33098|::1|Windows|7|Chrome|72.0.3626.119|2019-03-01 11:41:20|200|GET|http://localhost:8080/webvpc/public/addusuario|[]
B33098|::1|Windows|7|Chrome|72.0.3626.119|2019-03-01 11:41:20|200|GET|http://localhost:8080/webvpc/public/addusuario|[]
B33098|::1|Windows|7|Chrome|72.0.3626.119|2019-03-01 11:41:20|200|GET|http://localhost:8080/webvpc/public/_debugbar/assets/stylesheets|{"v":"1502731300"}
B33098|::1|Windows|7|Chrome|72.0.3626.119|2019-03-01 11:41:21|200|GET|http://localhost:8080/webvpc/public/_debugbar/assets/javascript|{"v":"1502731300"}
B33098|::1|Windows|7|Chrome|72.0.3626.119|2019-03-01 11:41:45|200|POST|http://localhost:8080/webvpc/public/addusuario/delete-usuario|{"registro":"bp9999"}
B33098|::1|Windows|7|Chrome|72.0.3626.119|2019-03-01 11:41:45|200|GET|http://localhost:8080/webvpc/public/_debugbar/open|{"op":"get","id":"8d6b10fbc9fa926b2154b3d9cbfafc4d"}
B33098|::1|Windows|7|Chrome|72.0.3626.119|2019-03-01 11:41:47|200|GET|http://localhost:8080/webvpc/public/addusuario|[]
B33098|::1|Windows|7|Chrome|72.0.3626.119|2019-03-01 11:41:48|200|GET|http://localhost:8080/webvpc/public/addusuario|[]
B33098|::1|Windows|7|Chrome|72.0.3626.119|2019-03-01 11:41:52|200|POST|http://localhost:8080/webvpc/public/addusuario/activar-usuario|{"registro":"bp9999"}
B33098|::1|Windows|7|Chrome|72.0.3626.119|2019-03-01 11:41:52|200|GET|http://localhost:8080/webvpc/public/_debugbar/open|{"op":"get","id":"34bf7f128f1438fe352c86dc6a58f475"}
B33098|::1|Windows|7|Chrome|72.0.3626.119|2019-03-01 11:41:54|200|GET|http://localhost:8080/webvpc/public/addusuario|[]
B33098|::1|Windows|7|Chrome|72.0.3626.119|2019-03-01 11:41:54|200|GET|http://localhost:8080/webvpc/public/addusuario|[]
B33098|::1|Windows|7|Chrome|72.0.3626.119|2019-03-01 11:42:47|200|GET|http://localhost:8080/webvpc/public/addusuario|[]
B33098|::1|Windows|7|Chrome|72.0.3626.119|2019-03-01 11:42:47|200|GET|http://localhost:8080/webvpc/public/addusuario|[]
B33098|::1|Windows|7|Chrome|72.0.3626.119|2019-03-01 11:42:49|200|POST|http://localhost:8080/webvpc/public/addusuario/delete-usuario|{"registro":"bp9999"}
B33098|::1|Windows|7|Chrome|72.0.3626.119|2019-03-01 11:42:50|200|GET|http://localhost:8080/webvpc/public/_debugbar/open|{"op":"get","id":"74e947180899eeaa23219e38eb61bfe9"}
B33098|::1|Windows|7|Chrome|72.0.3626.119|2019-03-01 11:42:50|200|GET|http://localhost:8080/webvpc/public/addusuario|[]
B33098|::1|Windows|7|Chrome|72.0.3626.119|2019-03-01 11:42:50|200|GET|http://localhost:8080/webvpc/public/addusuario|[]
B33098|::1|Windows|7|Chrome|72.0.3626.119|2019-03-01 11:42:52|200|POST|http://localhost:8080/webvpc/public/addusuario/activar-usuario|{"registro":"bp9999"}
B33098|::1|Windows|7|Chrome|72.0.3626.119|2019-03-01 11:42:52|200|GET|http://localhost:8080/webvpc/public/_debugbar/open|{"op":"get","id":"7f2d0450e6b07fa354b143c19cb71caa"}
B33098|::1|Windows|7|Chrome|72.0.3626.119|2019-03-01 11:42:52|200|GET|http://localhost:8080/webvpc/public/addusuario|[]
B33098|::1|Windows|7|Chrome|72.0.3626.119|2019-03-01 11:42:53|200|GET|http://localhost:8080/webvpc/public/addusuario|[]
B33098|::1|Windows|7|Chrome|72.0.3626.119|2019-03-01 11:43:05|200|POST|http://localhost:8080/webvpc/public/addusuario/delete-usuario|{"registro":"bp9999"}
B33098|::1|Windows|7|Chrome|72.0.3626.119|2019-03-01 11:43:05|200|GET|http://localhost:8080/webvpc/public/_debugbar/open|{"op":"get","id":"56b94bce6fdb719253938fb33fdd1692"}
B33098|::1|Windows|7|Chrome|72.0.3626.119|2019-03-01 11:43:05|200|GET|http://localhost:8080/webvpc/public/addusuario|[]
B33098|::1|Windows|7|Chrome|72.0.3626.119|2019-03-01 11:43:06|200|GET|http://localhost:8080/webvpc/public/addusuario|[]
B33098|::1|Windows|7|Chrome|72.0.3626.119|2019-03-01 11:43:16|200|POST|http://localhost:8080/webvpc/public/addusuario/activar-usuario|{"registro":"bp9999"}
B33098|::1|Windows|7|Chrome|72.0.3626.119|2019-03-01 11:43:16|200|GET|http://localhost:8080/webvpc/public/_debugbar/open|{"op":"get","id":"658b63e9275cef852644283d72197878"}
B33098|::1|Windows|7|Chrome|72.0.3626.119|2019-03-01 11:43:16|200|GET|http://localhost:8080/webvpc/public/addusuario|[]
B33098|::1|Windows|7|Chrome|72.0.3626.119|2019-03-01 11:43:17|200|GET|http://localhost:8080/webvpc/public/addusuario|[]
B33098|::1|Windows|7|Chrome|72.0.3626.119|2019-03-01 11:43:43|200|GET|http://localhost:8080/webvpc/public/addusuario|[]
B33098|::1|Windows|7|Chrome|72.0.3626.119|2019-03-01 11:43:44|200|GET|http://localhost:8080/webvpc/public/_debugbar/assets/stylesheets|{"v":"1502731300"}
B33098|::1|Windows|7|Chrome|72.0.3626.119|2019-03-01 11:43:44|200|GET|http://localhost:8080/webvpc/public/addusuario|[]
B33098|::1|Windows|7|Chrome|72.0.3626.119|2019-03-01 11:43:44|200|GET|http://localhost:8080/webvpc/public/_debugbar/assets/javascript|{"v":"1502731300"}
B33098|::1|Windows|7|Chrome|72.0.3626.119|2019-03-01 11:44:49|200|POST|http://localhost:8080/webvpc/public/addusuario/get-usuario|{"registro":"B31243"}
B33098|::1|Windows|7|Chrome|72.0.3626.119|2019-03-01 11:44:50|200|GET|http://localhost:8080/webvpc/public/_debugbar/open|{"op":"get","id":"f0a18f009de113938d360b0f0020f06d"}
B33098|::1|Windows|7|Chrome|72.0.3626.119|2019-03-01 11:46:18|200|GET|http://localhost:8080/webvpc/public/be/miprospecto/lista|[]
B33098|::1|Windows|7|Chrome|72.0.3626.119|2019-03-01 11:46:18|200|GET|http://localhost:8080/webvpc/public/be/utils/get-ejecutivos-by-jefatura|{"jefatura":null}
B33098|::1|Windows|7|Chrome|72.0.3626.119|2019-03-01 11:46:19|200|GET|http://localhost:8080/webvpc/public/_debugbar/open|{"op":"get","id":"25d1f88864e448c16753ea99dd677099"}
B33098|::1|Windows|7|Chrome|72.0.3626.119|2019-03-01 11:46:19|200|GET|http://localhost:8080/webvpc/public/addusuario|[]
B33098|::1|Windows|7|Chrome|72.0.3626.119|2019-03-01 11:46:20|200|GET|http://localhost:8080/webvpc/public/addusuario|[]
B33098|::1|Windows|7|Chrome|72.0.3626.119|2019-03-01 11:46:27|200|GET|http://localhost:8080/webvpc/public/addusuario|[]
B33098|::1|Windows|7|Chrome|72.0.3626.119|2019-03-01 11:46:28|200|GET|http://localhost:8080/webvpc/public/addusuario|[]
B33098|::1|Windows|7|Chrome|72.0.3626.119|2019-03-01 12:03:40|200|GET|http://localhost:8080/webvpc/public/addusuario|[]
B33098|::1|Windows|7|Chrome|72.0.3626.119|2019-03-01 12:03:41|200|GET|http://localhost:8080/webvpc/public/addusuario|[]
B33098|::1|Windows|7|Chrome|72.0.3626.119|2019-03-01 12:09:42|200|POST|http://localhost:8080/webvpc/public/addusuario/get-usuario|{"registro":"B31243"}
B33098|::1|Windows|7|Chrome|72.0.3626.119|2019-03-01 12:09:43|200|GET|http://localhost:8080/webvpc/public/_debugbar/open|{"op":"get","id":"22646c137ae1f3a16682455c667cbffd"}
B33098|::1|Windows|7|Chrome|72.0.3626.119|2019-03-01 12:09:57|200|POST|http://localhost:8080/webvpc/public/addusuario/get-usuario|{"registro":"B19181"}
B33098|::1|Windows|7|Chrome|72.0.3626.119|2019-03-01 12:09:58|200|GET|http://localhost:8080/webvpc/public/_debugbar/open|{"op":"get","id":"626da30e2f821ef05c8e83701749d6dd"}
B33098|::1|Windows|7|Chrome|72.0.3626.119|2019-03-01 12:10:03|200|POST|http://localhost:8080/webvpc/public/addusuario/get-usuario|{"registro":"B33691"}
B33098|::1|Windows|7|Chrome|72.0.3626.119|2019-03-01 12:10:03|200|GET|http://localhost:8080/webvpc/public/_debugbar/open|{"op":"get","id":"63a03804377069f6b94c82dacc026601"}
B33098|::1|Windows|7|Chrome|72.0.3626.119|2019-03-01 12:10:05|200|POST|http://localhost:8080/webvpc/public/addusuario/get-usuario|{"registro":"B19181"}
B33098|::1|Windows|7|Chrome|72.0.3626.119|2019-03-01 12:10:06|200|GET|http://localhost:8080/webvpc/public/_debugbar/open|{"op":"get","id":"658bd32a11ca54bab7b3abe33baad09a"}
B33098|::1|Windows|7|Chrome|72.0.3626.119|2019-03-01 12:10:16|200|POST|http://localhost:8080/webvpc/public/addusuario/get-usuario|{"registro":"B19181"}
B33098|::1|Windows|7|Chrome|72.0.3626.119|2019-03-01 12:10:16|200|GET|http://localhost:8080/webvpc/public/_debugbar/open|{"op":"get","id":"4df4a8eaff72247f1bdeed9d9ec7073b"}
B33098|::1|Windows|7|Chrome|72.0.3626.119|2019-03-01 12:14:25|200|GET|http://localhost:8080/webvpc/public/addusuario|[]
B33098|::1|Windows|7|Chrome|72.0.3626.119|2019-03-01 12:14:25|200|GET|http://localhost:8080/webvpc/public/addusuario|[]
B33098|::1|Windows|7|Chrome|72.0.3626.119|2019-03-01 12:14:25|200|GET|http://localhost:8080/webvpc/public/_debugbar/assets/stylesheets|{"v":"1502731300"}
guest|::1|Windows|7|Chrome|72.0.3626.119|2019-03-01 14:43:32|500|GET|http://localhost:8080/webvpc/public/addusuario|[]
guest|::1|Windows|7|Chrome|72.0.3626.119|2019-03-01 14:43:34|200|POST|http://localhost:8080/webvpc/public/addusuario/delete-usuario|{"registro":"B31243"}
guest|::1|Windows|7|Chrome|72.0.3626.119|2019-03-01 14:43:57|200|GET|http://localhost:8080/webvpc/public|[]
guest|::1|Windows|7|Chrome|72.0.3626.119|2019-03-01 14:44:19|200|GET|http://localhost:8080/webvpc/public/extra-login|[]
B33098|::1|Windows|7|Chrome|72.0.3626.119|2019-03-01 14:44:27|302|POST|http://localhost:8080/webvpc/public/extra-attempt|{"_token":"8UkTyCxhujMz2b4m1aZmqgUgQX5cMWKIAF5a0bpO","registro":"B33098","passw":"VPC201801*"}
B33098|::1|Windows|7|Chrome|72.0.3626.119|2019-03-01 14:44:29|200|GET|http://localhost:8080/webvpc/public/be/miprospecto/lista|[]
B33098|::1|Windows|7|Chrome|72.0.3626.119|2019-03-01 14:44:30|200|GET|http://localhost:8080/webvpc/public/be/utils/get-ejecutivos-by-jefatura|{"jefatura":null}
B33098|::1|Windows|7|Chrome|72.0.3626.119|2019-03-01 14:44:31|200|GET|http://localhost:8080/webvpc/public/_debugbar/open|{"op":"get","id":"9add9c6287fef460097326152ab8ebe6"}
B33098|::1|Windows|7|Chrome|72.0.3626.119|2019-03-01 14:44:32|200|GET|http://localhost:8080/webvpc/public/addusuario|[]
B33098|::1|Windows|7|Chrome|72.0.3626.119|2019-03-01 14:44:35|200|POST|http://localhost:8080/webvpc/public/addusuario/activar-usuario|{"registro":"B31243"}
B33098|::1|Windows|7|Chrome|72.0.3626.119|2019-03-01 14:44:36|200|GET|http://localhost:8080/webvpc/public/_debugbar/open|{"op":"get","id":"b1363406b22e4c5f8c328b14e8cad792"}
B33098|::1|Windows|7|Chrome|72.0.3626.119|2019-03-01 14:44:36|200|GET|http://localhost:8080/webvpc/public/addusuario|[]
B33098|::1|Windows|7|Chrome|72.0.3626.119|2019-03-01 14:44:38|200|POST|http://localhost:8080/webvpc/public/addusuario/delete-usuario|{"registro":"B31243"}
B33098|::1|Windows|7|Chrome|72.0.3626.119|2019-03-01 14:44:38|200|GET|http://localhost:8080/webvpc/public/_debugbar/open|{"op":"get","id":"ea68fa1a7ee37c1be90c325056cdb004"}
B33098|::1|Windows|7|Chrome|72.0.3626.119|2019-03-01 14:44:38|200|GET|http://localhost:8080/webvpc/public/addusuario|[]
B33098|::1|Windows|7|Chrome|72.0.3626.119|2019-03-01 14:44:41|200|POST|http://localhost:8080/webvpc/public/addusuario/activar-usuario|{"registro":"B31243"}
B33098|::1|Windows|7|Chrome|72.0.3626.119|2019-03-01 14:44:41|200|GET|http://localhost:8080/webvpc/public/_debugbar/open|{"op":"get","id":"b16bbd648106fca07821b64058f141a6"}
B33098|::1|Windows|7|Chrome|72.0.3626.119|2019-03-01 14:44:41|200|GET|http://localhost:8080/webvpc/public/addusuario|[]
B33098|::1|Windows|7|Chrome|72.0.3626.119|2019-03-01 14:52:45|200|GET|http://localhost:8080/webvpc/public/extra-login|[]
B33098|::1|Windows|7|Chrome|72.0.3626.119|2019-03-01 14:52:59|302|POST|http://localhost:8080/webvpc/public/extra-attempt|{"_token":"8UkTyCxhujMz2b4m1aZmqgUgQX5cMWKIAF5a0bpO","registro":"bp2567","passw":"BPV201801*"}
B33098|::1|Windows|7|Chrome|72.0.3626.119|2019-03-01 14:52:59|200|GET|http://localhost:8080/webvpc/public/extra-login|[]
B33098|::1|Windows|7|Chrome|72.0.3626.119|2019-03-01 14:53:07|500|POST|http://localhost:8080/webvpc/public/extra-attempt|{"_token":"8UkTyCxhujMz2b4m1aZmqgUgQX5cMWKIAF5a0bpO","registro":"bp2567","passw":"VPC201801*"}
B33098|::1|Windows|7|Chrome|72.0.3626.119|2019-03-01 14:53:15|302|GET|http://localhost:8080/webvpc/public|[]
B33098|::1|Windows|7|Chrome|72.0.3626.119|2019-03-01 14:53:17|200|GET|http://localhost:8080/webvpc/public/be/miprospecto/lista|[]
B33098|::1|Windows|7|Chrome|72.0.3626.119|2019-03-01 14:53:18|200|GET|http://localhost:8080/webvpc/public/be/utils/get-ejecutivos-by-jefatura|{"jefatura":null}
B33098|::1|Windows|7|Chrome|72.0.3626.119|2019-03-01 14:53:18|200|GET|http://localhost:8080/webvpc/public/_debugbar/open|{"op":"get","id":"a843063de65eb33b6f1d8bbf41028f93"}
B33098|::1|Windows|7|Chrome|72.0.3626.119|2019-03-01 14:53:29|200|GET|http://localhost:8080/webvpc/public/addusuario|[]
B33098|::1|Windows|7|Chrome|72.0.3626.119|2019-03-01 14:55:52|200|GET|http://localhost:8080/webvpc/public/addusuario|[]
guest|::1|Windows|7|Chrome|72.0.3626.119|2019-03-01 14:56:07|200|GET|http://localhost:8080/webvpc/public|[]
guest|::1|Windows|7|Chrome|72.0.3626.119|2019-03-01 14:56:08|200|GET|http://localhost:8080/webvpc/public/_debugbar/assets/stylesheets|{"v":"1502731300"}
guest|::1|Windows|7|Chrome|72.0.3626.119|2019-03-01 14:56:08|200|GET|http://localhost:8080/webvpc/public/_debugbar/assets/javascript|{"v":"1502731300"}
guest|::1|Windows|7|Chrome|72.0.3626.119|2019-03-01 14:56:14|200|GET|http://localhost:8080/webvpc/public/extra-login|[]
guest|::1|Windows|7|Chrome|72.0.3626.119|2019-03-01 14:56:24|500|POST|http://localhost:8080/webvpc/public/extra-attempt|{"_token":"dHwgQwE4KlWyjtXj7JNejtmQvBweGd3kIVpolKlV","registro":"bp9999","passw":"VPC201801*"}
B33098|::1|Windows|7|Chrome|72.0.3626.119|2019-03-01 14:56:29|200|POST|http://localhost:8080/webvpc/public/addusuario/delete-usuario|{"registro":"bp9999"}
B33098|::1|Windows|7|Chrome|72.0.3626.119|2019-03-01 14:56:30|200|GET|http://localhost:8080/webvpc/public/_debugbar/open|{"op":"get","id":"32fe11b9ca2cf94c7d8edb84bc78be4f"}
B33098|::1|Windows|7|Chrome|72.0.3626.119|2019-03-01 14:56:30|200|GET|http://localhost:8080/webvpc/public/addusuario|[]
B33098|::1|Windows|7|Chrome|72.0.3626.119|2019-03-01 14:56:35|200|POST|http://localhost:8080/webvpc/public/addusuario/activar-usuario|{"registro":"bp9999"}
B33098|::1|Windows|7|Chrome|72.0.3626.119|2019-03-01 14:56:35|200|GET|http://localhost:8080/webvpc/public/_debugbar/open|{"op":"get","id":"b528499f095f689e95b48db88d73fa0a"}
B33098|::1|Windows|7|Chrome|72.0.3626.119|2019-03-01 14:56:35|200|GET|http://localhost:8080/webvpc/public/addusuario|[]
B33098|::1|Windows|7|Chrome|72.0.3626.119|2019-03-01 14:56:41|200|GET|http://localhost:8080/webvpc/public/addusuario/nuevo|[]
B33098|::1|Windows|7|Chrome|72.0.3626.119|2019-03-01 14:56:43|200|GET|http://localhost:8080/webvpc/public/addusuario|[]