B37097|::1|Windows|7|Chrome|73.0.3683.103|2019-04-17 09:44:57|302|GET|http://localhost:8080/webvpc/public|[]
B37097|::1|Windows|7|Chrome|73.0.3683.103|2019-04-17 09:44:58|200|GET|http://localhost:8080/webvpc/public/be/misacciones/lista|[]
guest|::1|Windows|7|Chrome|73.0.3683.103|2019-04-17 09:45:08|302|GET|http://localhost:8080/webvpc/public/logout|[]
guest|::1|Windows|7|Chrome|73.0.3683.103|2019-04-17 09:45:09|200|GET|http://localhost:8080/webvpc/public|[]
B9411|::1|Windows|7|Chrome|73.0.3683.103|2019-04-17 09:45:13|302|POST|http://localhost:8080/webvpc/public/login|{"_token":"hHSd8JsKkQDMDcPUEvFdFtMqQS6Pd2ynplJog3Fh","registro":"B9411","passw":"B9411"}
B9411|::1|Windows|7|Chrome|73.0.3683.103|2019-04-17 09:45:13|200|GET|http://localhost:8080/webvpc/public/encuesta-interna/principal|[]
B9411|::1|Windows|7|Chrome|73.0.3683.103|2019-04-17 10:00:25|302|GET|http://localhost:8080/webvpc/public|[]
B9411|::1|Windows|7|Chrome|73.0.3683.103|2019-04-17 10:00:26|200|GET|http://localhost:8080/webvpc/public/encuesta-interna/principal|[]
guest|::1|Windows|7|Chrome|73.0.3683.103|2019-04-17 10:00:28|302|GET|http://localhost:8080/webvpc/public/logout|[]
guest|::1|Windows|7|Chrome|73.0.3683.103|2019-04-17 10:00:28|200|GET|http://localhost:8080/webvpc/public|[]
guest|::1|Windows|7|Chrome|73.0.3683.103|2019-04-17 10:02:16|200|GET|http://localhost:8080/webvpc/public/extra-login|[]
B35882|::1|Windows|7|Chrome|73.0.3683.103|2019-04-17 10:02:22|302|POST|http://localhost:8080/webvpc/public/extra-attempt|{"_token":"hHSd8JsKkQDMDcPUEvFdFtMqQS6Pd2ynplJog3Fh","registro":"B35882","passw":"VPC201801*"}
B35882|::1|Windows|7|Chrome|73.0.3683.103|2019-04-17 10:02:23|200|GET|http://localhost:8080/webvpc/public/be/misacciones/lista|[]
B35882|::1|Windows|7|Chrome|73.0.3683.103|2019-04-17 10:02:48|200|GET|http://localhost:8080/webvpc/public/be/misacciones/lista|[]
B35882|::1|Windows|7|Chrome|73.0.3683.103|2019-04-17 10:02:48|200|GET|http://localhost:8080/webvpc/public/_debugbar/assets/stylesheets|{"v":"1502731300"}
B35882|::1|Windows|7|Chrome|73.0.3683.103|2019-04-17 10:02:48|200|GET|http://localhost:8080/webvpc/public/_debugbar/assets/javascript|{"v":"1502731300"}
B35882|::1|Windows|7|Chrome|73.0.3683.103|2019-04-17 10:03:20|200|GET|http://localhost:8080/webvpc/public/be/misacciones/lista|{"flgRequest":"0","flgAccion":"1","ejecutivo":null,"ejecutivoProducto":null,"razonSocial":null,"codUnico":null,"categoria":null,"estrategia":null,"accion":null,"etapa":null,"semaforo":null}
B35882|::1|Windows|7|Chrome|73.0.3683.103|2019-04-17 10:03:22|200|GET|http://localhost:8080/webvpc/public/be/misacciones/lista|{"flgRequest":"1","flgAccion":"2","ejecutivo":null,"ejecutivoProducto":null,"razonSocial":null,"codUnico":null,"categoria":null,"estrategia":null,"accion":null,"etapa":null,"semaforo":null}
B35882|::1|Windows|7|Chrome|73.0.3683.103|2019-04-17 10:03:25|200|GET|http://localhost:8080/webvpc/public/be/misacciones/lista|{"flgRequest":"2","flgAccion":"0","ejecutivo":null,"ejecutivoProducto":null,"razonSocial":null,"codUnico":null,"categoria":null,"estrategia":null,"accion":null,"etapa":null,"semaforo":null}
B35882|::1|Windows|7|Chrome|73.0.3683.103|2019-04-17 10:18:38|200|GET|http://localhost:8080/webvpc/public/be/misacciones/lista|{"flgRequest":"2","flgAccion":"0","ejecutivo":null,"ejecutivoProducto":null,"razonSocial":null,"codUnico":null,"categoria":null,"estrategia":null,"accion":null,"etapa":null,"semaforo":null}
B35882|::1|Windows|7|Chrome|73.0.3683.103|2019-04-17 10:18:39|200|GET|http://localhost:8080/webvpc/public/_debugbar/assets/stylesheets|{"v":"1502731300"}
B35882|::1|Windows|7|Chrome|73.0.3683.103|2019-04-17 10:18:39|200|GET|http://localhost:8080/webvpc/public/_debugbar/assets/javascript|{"v":"1502731300"}
B35882|::1|Windows|7|Chrome|73.0.3683.103|2019-04-17 11:13:49|200|GET|http://localhost:8080/webvpc/public/be/misacciones/lista|{"flgRequest":"2","flgAccion":"0","ejecutivo":null,"ejecutivoProducto":null,"razonSocial":null,"codUnico":null,"categoria":null,"estrategia":null,"accion":null,"etapa":null,"semaforo":null}
guest|::1|Windows|7|Chrome|73.0.3683.103|2019-04-17 12:01:12|200|GET|http://localhost:8080/webvpc/public|[]
guest|::1|Windows|7|Chrome|73.0.3683.103|2019-04-17 12:01:12|200|GET|http://localhost:8080/webvpc/public/_debugbar/assets/javascript|{"v":"1502731300"}
guest|::1|Windows|7|Chrome|73.0.3683.103|2019-04-17 12:01:13|200|GET|http://localhost:8080/webvpc/public/_debugbar/assets/stylesheets|{"v":"1502731300"}
guest|::1|Windows|7|Chrome|73.0.3683.103|2019-04-17 12:20:41|302|POST|http://localhost:8080/webvpc/public/login|{"_token":"B6RGFkE4uZUV8jkdwtBbfinXvh22uNAFLniUsBRY","registro":"B33704","passw":"B33704"}
guest|::1|Windows|7|Chrome|73.0.3683.103|2019-04-17 12:20:42|200|GET|http://localhost:8080/webvpc/public|[]
guest|::1|Windows|7|Chrome|73.0.3683.103|2019-04-17 12:20:46|200|GET|http://localhost:8080/webvpc/public/extra-login|[]
guest|::1|Windows|7|Chrome|73.0.3683.103|2019-04-17 12:20:49|302|POST|http://localhost:8080/webvpc/public/extra-attempt|{"_token":"B6RGFkE4uZUV8jkdwtBbfinXvh22uNAFLniUsBRY","registro":"B33704","passw":"B33704"}
guest|::1|Windows|7|Chrome|73.0.3683.103|2019-04-17 12:20:49|200|GET|http://localhost:8080/webvpc/public/extra-login|[]
B33704|::1|Windows|7|Chrome|73.0.3683.103|2019-04-17 12:20:56|302|POST|http://localhost:8080/webvpc/public/extra-attempt|{"_token":"B6RGFkE4uZUV8jkdwtBbfinXvh22uNAFLniUsBRY","registro":"B33704","passw":"VPC201801*"}
B33704|::1|Windows|7|Chrome|73.0.3683.103|2019-04-17 12:21:05|200|GET|http://localhost:8080/webvpc/public/be/miprospecto/lista|[]
B33704|::1|Windows|7|Chrome|73.0.3683.103|2019-04-17 12:21:06|200|GET|http://localhost:8080/webvpc/public/be/utils/get-ejecutivos-by-jefatura|{"jefatura":null}
B33704|::1|Windows|7|Chrome|73.0.3683.103|2019-04-17 12:21:06|200|GET|http://localhost:8080/webvpc/public/_debugbar/open|{"op":"get","id":"f710d0d7f41e061b27f47f15b4bd270c"}
B33704|::1|Windows|7|Chrome|73.0.3683.103|2019-04-17 12:21:12|200|GET|http://localhost:8080/webvpc/public/be/miprospecto/lista|{"documento":"20519242665","razonSocial":null,"jefatura":null,"ejecutivo":null,"semaforo":null,"estrategia":null,"etapa":"Todos","verificado":null,"bcoPrincipal":null,"minDeudaDirecta":null,"maxDeudaDirecta":null,"minDeudaIndirecta":null,"maxDeudaIndirecta":null,"bcoPrincipalGarantia":"Todos","minGarantia":null,"maxGarantia":null}
B33704|::1|Windows|7|Chrome|73.0.3683.103|2019-04-17 12:21:13|200|GET|http://localhost:8080/webvpc/public/be/utils/get-ejecutivos-by-jefatura|{"jefatura":null}
B33704|::1|Windows|7|Chrome|73.0.3683.103|2019-04-17 12:21:13|200|GET|http://localhost:8080/webvpc/public/_debugbar/open|{"op":"get","id":"3f1be89a9d3c83d4983d9225b5d5e7bd"}
B33704|::1|Windows|7|Chrome|73.0.3683.103|2019-04-17 12:21:16|200|GET|http://localhost:8080/webvpc/public/be/actividades|{"documento":"20519242665"}
B33704|::1|Windows|7|Chrome|73.0.3683.103|2019-04-17 12:21:35|200|GET|http://localhost:8080/webvpc/public/be/actividades|{"documento":"20516314711","razonSocial":"SAFETY CAR"}
B33704|::1|Windows|7|Chrome|73.0.3683.103|2019-04-17 12:23:51|200|GET|http://localhost:8080/webvpc/public/be/miprospecto/lista|[]
B33704|::1|Windows|7|Chrome|73.0.3683.103|2019-04-17 12:23:52|200|GET|http://localhost:8080/webvpc/public/be/utils/get-ejecutivos-by-jefatura|{"jefatura":null}
B33704|::1|Windows|7|Chrome|73.0.3683.103|2019-04-17 12:23:52|200|GET|http://localhost:8080/webvpc/public/_debugbar/open|{"op":"get","id":"d73a8477fcf607a01b346962b15d2edb"}
B33704|::1|Windows|7|Chrome|73.0.3683.103|2019-04-17 12:23:57|200|GET|http://localhost:8080/webvpc/public/be/miprospecto/lista|{"documento":"20519242665","razonSocial":null,"jefatura":null,"ejecutivo":null,"semaforo":null,"estrategia":null,"etapa":"Todos","verificado":null,"bcoPrincipal":null,"minDeudaDirecta":null,"maxDeudaDirecta":null,"minDeudaIndirecta":null,"maxDeudaIndirecta":null,"bcoPrincipalGarantia":"Todos","minGarantia":null,"maxGarantia":null}
B33704|::1|Windows|7|Chrome|73.0.3683.103|2019-04-17 12:23:57|200|GET|http://localhost:8080/webvpc/public/be/utils/get-ejecutivos-by-jefatura|{"jefatura":null}
B33704|::1|Windows|7|Chrome|73.0.3683.103|2019-04-17 12:23:57|200|GET|http://localhost:8080/webvpc/public/_debugbar/open|{"op":"get","id":"5a4be27fa94de1519e61a84dc3a79041"}
B33704|::1|Windows|7|Chrome|73.0.3683.103|2019-04-17 12:24:07|200|GET|http://localhost:8080/webvpc/public/be/miprospecto/lista|{"documento":"20516314711","razonSocial":null,"jefatura":null,"ejecutivo":null,"semaforo":null,"estrategia":null,"etapa":"Todos","verificado":null,"bcoPrincipal":null,"minDeudaDirecta":null,"maxDeudaDirecta":null,"minDeudaIndirecta":null,"maxDeudaIndirecta":null,"bcoPrincipalGarantia":"Todos","minGarantia":null,"maxGarantia":null}
B33704|::1|Windows|7|Chrome|73.0.3683.103|2019-04-17 12:24:07|200|GET|http://localhost:8080/webvpc/public/be/utils/get-ejecutivos-by-jefatura|{"jefatura":null}
B33704|::1|Windows|7|Chrome|73.0.3683.103|2019-04-17 12:24:08|200|GET|http://localhost:8080/webvpc/public/_debugbar/open|{"op":"get","id":"077fca7387f2235ea00b8905fa1318c1"}
B33704|::1|Windows|7|Chrome|73.0.3683.103|2019-04-17 12:25:00|200|GET|http://localhost:8080/webvpc/public/be/miprospecto/lista|{"documento":"20516314711","razonSocial":null,"jefatura":null,"ejecutivo":null,"semaforo":null,"estrategia":null,"etapa":"Todos","verificado":null,"bcoPrincipal":null,"minDeudaDirecta":null,"maxDeudaDirecta":null,"minDeudaIndirecta":null,"maxDeudaIndirecta":null,"bcoPrincipalGarantia":"Todos","minGarantia":null,"maxGarantia":null}
B33704|::1|Windows|7|Chrome|73.0.3683.103|2019-04-17 12:25:01|200|GET|http://localhost:8080/webvpc/public/be/utils/get-ejecutivos-by-jefatura|{"jefatura":null}
B33704|::1|Windows|7|Chrome|73.0.3683.103|2019-04-17 12:25:01|200|GET|http://localhost:8080/webvpc/public/_debugbar/open|{"op":"get","id":"c14859346d3f9d94773e1fbeaa8e9937"}
B33704|::1|Windows|7|Chrome|73.0.3683.103|2019-04-17 12:25:14|200|GET|http://localhost:8080/webvpc/public/be/miprospecto/lista|{"documento":null,"razonSocial":null,"jefatura":null,"ejecutivo":null,"semaforo":null,"estrategia":null,"etapa":"Todos","verificado":null,"bcoPrincipal":null,"minDeudaDirecta":null,"maxDeudaDirecta":null,"minDeudaIndirecta":null,"maxDeudaIndirecta":null,"bcoPrincipalGarantia":"Todos","minGarantia":null,"maxGarantia":null}
B33704|::1|Windows|7|Chrome|73.0.3683.103|2019-04-17 12:25:15|200|GET|http://localhost:8080/webvpc/public/be/utils/get-ejecutivos-by-jefatura|{"jefatura":null}
B33704|::1|Windows|7|Chrome|73.0.3683.103|2019-04-17 12:25:15|200|GET|http://localhost:8080/webvpc/public/_debugbar/open|{"op":"get","id":"8f5854a5060a92dc940f7ae8b55103db"}
B33704|::1|Windows|7|Chrome|73.0.3683.103|2019-04-17 13:52:16|200|GET|http://localhost:8080/webvpc/public/be/miprospecto/lista|{"documento":null,"razonSocial":null,"jefatura":null,"ejecutivo":null,"semaforo":null,"estrategia":null,"etapa":"Todos","verificado":null,"bcoPrincipal":null,"minDeudaDirecta":null,"maxDeudaDirecta":null,"minDeudaIndirecta":null,"maxDeudaIndirecta":null,"bcoPrincipalGarantia":"Todos","minGarantia":null,"maxGarantia":null}
B33704|::1|Windows|7|Chrome|73.0.3683.103|2019-04-17 13:52:16|200|GET|http://localhost:8080/webvpc/public/_debugbar/assets/stylesheets|{"v":"1502731300"}
B33704|::1|Windows|7|Chrome|73.0.3683.103|2019-04-17 13:52:16|200|GET|http://localhost:8080/webvpc/public/_debugbar/assets/javascript|{"v":"1502731300"}
B33704|::1|Windows|7|Chrome|73.0.3683.103|2019-04-17 13:52:17|200|GET|http://localhost:8080/webvpc/public/be/utils/get-ejecutivos-by-jefatura|{"jefatura":null}
B33704|::1|Windows|7|Chrome|73.0.3683.103|2019-04-17 13:52:17|200|GET|http://localhost:8080/webvpc/public/_debugbar/open|{"op":"get","id":"76ee57fbbd4519abb8fecc55e07bb09e"}
guest|::1|Windows|7|Chrome|73.0.3683.103|2019-04-17 14:19:50|302|GET|http://localhost:8080/webvpc/public/logout|[]
guest|::1|Windows|7|Chrome|73.0.3683.103|2019-04-17 14:19:50|200|GET|http://localhost:8080/webvpc/public|[]
B9411|::1|Windows|7|Chrome|73.0.3683.103|2019-04-17 14:20:05|302|POST|http://localhost:8080/webvpc/public/login|{"_token":"hHSd8JsKkQDMDcPUEvFdFtMqQS6Pd2ynplJog3Fh","registro":"B9411","passw":"B9411"}
B9411|::1|Windows|7|Chrome|73.0.3683.103|2019-04-17 14:20:06|200|GET|http://localhost:8080/webvpc/public/encuesta-interna/principal|[]
B9411|::1|Windows|7|Chrome|73.0.3683.103|2019-04-17 14:20:09|500|GET|http://localhost:8080/webvpc/public/encuesta/resumen|[]
B9411|::1|Windows|7|Chrome|73.0.3683.103|2019-04-17 14:20:15|500|GET|http://localhost:8080/webvpc/public/encuesta/resumen|[]
B9411|::1|Windows|7|Chrome|73.0.3683.103|2019-04-17 14:20:15|200|GET|http://localhost:8080/webvpc/public/_debugbar/assets/javascript|{"v":"1502731300"}
B9411|::1|Windows|7|Chrome|73.0.3683.103|2019-04-17 14:20:15|200|GET|http://localhost:8080/webvpc/public/_debugbar/assets/stylesheets|{"v":"1502731300"}
B9411|::1|Windows|7|Chrome|73.0.3683.103|2019-04-17 14:21:50|500|GET|http://localhost:8080/webvpc/public/encuesta/resumen|[]
B9411|::1|Windows|7|Chrome|73.0.3683.103|2019-04-17 14:21:50|200|GET|http://localhost:8080/webvpc/public/_debugbar/assets/javascript|{"v":"1502731300"}
B9411|::1|Windows|7|Chrome|73.0.3683.103|2019-04-17 14:21:50|200|GET|http://localhost:8080/webvpc/public/_debugbar/assets/stylesheets|{"v":"1502731300"}