
guest|::1|Windows|7|Chrome|70.0.3538.77|2018-11-05 12:33:00|200|GET|http://localhost:8080/webvpc/public/extra-login|[]
guest|::1|Windows|7|Chrome|70.0.3538.77|2018-11-05 12:33:17|302|POST|http://localhost:8080/webvpc/public/extra-attempt|{"_token":"FDNgJRqUzJoz7Bg9EqAg3QHrLBsswIWEWxhBY9xQ","registro":"B20539","passw":"B20539"}
guest|::1|Windows|7|Chrome|70.0.3538.77|2018-11-05 12:33:17|200|GET|http://localhost:8080/webvpc/public/extra-login|[]
guest|::1|Windows|7|Chrome|70.0.3538.77|2018-11-05 12:33:34|200|GET|http://localhost:8080/webvpc/public|[]
guest|::1|Windows|7|Chrome|70.0.3538.77|2018-11-05 12:33:40|302|POST|http://localhost:8080/webvpc/public/login|{"_token":"FDNgJRqUzJoz7Bg9EqAg3QHrLBsswIWEWxhBY9xQ","registro":"B20539","passw":"B20539"}
guest|::1|Windows|7|Chrome|70.0.3538.77|2018-11-05 12:33:40|200|GET|http://localhost:8080/webvpc/public|[]
guest|::1|Windows|7|Chrome|70.0.3538.77|2018-11-05 12:33:58|302|POST|http://localhost:8080/webvpc/public/login|{"_token":"FDNgJRqUzJoz7Bg9EqAg3QHrLBsswIWEWxhBY9xQ","registro":"B20539","passw":"B20539"}
guest|::1|Windows|7|Chrome|70.0.3538.77|2018-11-05 12:33:59|200|GET|http://localhost:8080/webvpc/public|[]
guest|::1|Windows|7|Chrome|70.0.3538.77|2018-11-05 12:34:18|302|POST|http://localhost:8080/webvpc/public/login|{"_token":"FDNgJRqUzJoz7Bg9EqAg3QHrLBsswIWEWxhBY9xQ","registro":"B20539","passw":"B20539"}
guest|::1|Windows|7|Chrome|70.0.3538.77|2018-11-05 12:34:18|200|GET|http://localhost:8080/webvpc/public|[]
guest|::1|Windows|7|Chrome|70.0.3538.77|2018-11-05 12:34:27|200|GET|http://localhost:8080/webvpc/public|[]
guest|::1|Windows|7|Chrome|70.0.3538.77|2018-11-05 12:34:33|302|POST|http://localhost:8080/webvpc/public/login|{"_token":"FDNgJRqUzJoz7Bg9EqAg3QHrLBsswIWEWxhBY9xQ","registro":"B20539","passw":"B20539"}
guest|::1|Windows|7|Chrome|70.0.3538.77|2018-11-05 12:34:34|200|GET|http://localhost:8080/webvpc/public|[]
guest|::1|Windows|7|Chrome|70.0.3538.77|2018-11-05 12:34:49|302|POST|http://localhost:8080/webvpc/public/login|{"_token":"FDNgJRqUzJoz7Bg9EqAg3QHrLBsswIWEWxhBY9xQ","registro":"B20539","passw":"B20539"}
guest|::1|Windows|7|Chrome|70.0.3538.77|2018-11-05 12:34:50|200|GET|http://localhost:8080/webvpc/public|[]
guest|::1|Windows|7|Chrome|70.0.3538.77|2018-11-05 12:35:06|302|POST|http://localhost:8080/webvpc/public/login|{"_token":"FDNgJRqUzJoz7Bg9EqAg3QHrLBsswIWEWxhBY9xQ","registro":"B20539","passw":"B20539"}
guest|::1|Windows|7|Chrome|70.0.3538.77|2018-11-05 12:35:07|200|GET|http://localhost:8080/webvpc/public|[]
guest|::1|Windows|7|Chrome|70.0.3538.77|2018-11-05 12:35:55|302|POST|http://localhost:8080/webvpc/public/login|{"_token":"FDNgJRqUzJoz7Bg9EqAg3QHrLBsswIWEWxhBY9xQ","registro":"B20539","passw":"B20539"}
guest|::1|Windows|7|Chrome|70.0.3538.77|2018-11-05 12:35:56|200|GET|http://localhost:8080/webvpc/public|[]
guest|::1|Windows|7|Chrome|70.0.3538.77|2018-11-05 12:36:23|302|POST|http://localhost:8080/webvpc/public/login|{"_token":"FDNgJRqUzJoz7Bg9EqAg3QHrLBsswIWEWxhBY9xQ","registro":"B20539","passw":"B20539"}
guest|::1|Windows|7|Chrome|70.0.3538.77|2018-11-05 12:36:23|200|GET|http://localhost:8080/webvpc/public|[]
guest|::1|Windows|7|Chrome|70.0.3538.77|2018-11-05 12:36:51|200|GET|http://localhost:8080/webvpc/public|[]
guest|::1|Windows|7|Chrome|70.0.3538.77|2018-11-05 12:37:00|302|POST|http://localhost:8080/webvpc/public/login|{"_token":"FDNgJRqUzJoz7Bg9EqAg3QHrLBsswIWEWxhBY9xQ","registro":"B20539","passw":"B20539"}
guest|::1|Windows|7|Chrome|70.0.3538.77|2018-11-05 12:37:01|200|GET|http://localhost:8080/webvpc/public|[]
guest|::1|Windows|7|Chrome|70.0.3538.77|2018-11-05 12:37:10|200|GET|http://localhost:8080/webvpc/public/extra-login|[]
guest|::1|Windows|7|Chrome|70.0.3538.77|2018-11-05 12:37:22|302|POST|http://localhost:8080/webvpc/public/extra-attempt|{"_token":"FDNgJRqUzJoz7Bg9EqAg3QHrLBsswIWEWxhBY9xQ","registro":"B20539","passw":"Vpc201801*"}
guest|::1|Windows|7|Chrome|70.0.3538.77|2018-11-05 12:37:23|200|GET|http://localhost:8080/webvpc/public/extra-login|[]
guest|::1|Windows|7|Chrome|70.0.3538.77|2018-11-05 12:37:39|200|GET|http://localhost:8080/webvpc/public|[]
guest|::1|Windows|7|Chrome|70.0.3538.77|2018-11-05 12:37:58|302|POST|http://localhost:8080/webvpc/public/login|{"_token":"FDNgJRqUzJoz7Bg9EqAg3QHrLBsswIWEWxhBY9xQ","registro":"B20539","passw":"B20539"}
guest|::1|Windows|7|Chrome|70.0.3538.77|2018-11-05 12:37:59|200|GET|http://localhost:8080/webvpc/public|[]
guest|::1|Windows|7|Chrome|70.0.3538.77|2018-11-05 12:42:13|302|POST|http://localhost:8080/webvpc/public/login|{"_token":"FDNgJRqUzJoz7Bg9EqAg3QHrLBsswIWEWxhBY9xQ","registro":"B20539","passw":"B20539"}
guest|::1|Windows|7|Chrome|70.0.3538.77|2018-11-05 12:42:14|200|GET|http://localhost:8080/webvpc/public|[]
guest|::1|Windows|7|Chrome|70.0.3538.77|2018-11-05 13:46:06|302|POST|http://localhost:8080/webvpc/public/login|{"_token":"FDNgJRqUzJoz7Bg9EqAg3QHrLBsswIWEWxhBY9xQ","registro":"B20539","passw":"B20539"}
guest|::1|Windows|7|Chrome|70.0.3538.77|2018-11-05 13:46:07|200|GET|http://localhost:8080/webvpc/public|[]
guest|::1|Windows|7|Chrome|70.0.3538.77|2018-11-05 13:51:02|302|POST|http://localhost:8080/webvpc/public/login|{"_token":"FDNgJRqUzJoz7Bg9EqAg3QHrLBsswIWEWxhBY9xQ","registro":"B20539","passw":"B20539"}
guest|::1|Windows|7|Chrome|70.0.3538.77|2018-11-05 13:51:03|200|GET|http://localhost:8080/webvpc/public|[]
guest|::1|Windows|7|Chrome|70.0.3538.77|2018-11-05 13:53:29|200|GET|http://localhost:8080/webvpc/public|[]
B14821|::1|Windows|7|Chrome|70.0.3538.77|2018-11-05 13:54:54|302|POST|http://localhost:8080/webvpc/public/login|{"_token":"FDNgJRqUzJoz7Bg9EqAg3QHrLBsswIWEWxhBY9xQ","registro":"B14821","passw":"B14821"}
B14821|::1|Windows|7|Chrome|70.0.3538.77|2018-11-05 13:54:57|200|GET|http://localhost:8080/webvpc/public/bpe/gt/resumen-ejecutivos|[]