guest|::1|Windows|7|Firefox|57.0|2019-02-21 09:08:57|200|GET|http://localhost:8080/webvpc/public/extra-login|[]
guest|::1|Windows|7|Firefox|57.0|2019-02-21 09:08:58|200|GET|http://localhost:8080/webvpc/public/_debugbar/assets/javascript|{"v":"1502731300"}
B36290|::1|Windows|7|Firefox|57.0|2019-02-21 09:11:15|302|POST|http://localhost:8080/webvpc/public/extra-attempt|{"_token":"RqY2fzMuo7ItNdJKMP41ddkuF5GrdzNG7UvBXJlf","registro":"B36290","passw":"VPC201801*"}
B36290|::1|Windows|7|Firefox|57.0|2019-02-21 09:11:56|200|GET|http://localhost:8080/webvpc/public/bpe/en/leads|[]
B36290|::1|Windows|7|Firefox|57.0|2019-02-21 09:11:56|200|GET|http://localhost:8080/webvpc/public/_debugbar/assets/stylesheets|{"v":"1502731300"}
B36290|::1|Windows|7|Firefox|57.0|2019-02-21 09:11:57|200|GET|http://localhost:8080/webvpc/public/_debugbar/assets/javascript|{"v":"1502731300"}
B36290|::1|Windows|7|Firefox|57.0|2019-02-21 09:12:09|200|GET|http://localhost:8080/webvpc/public/addusuario|[]
B36290|::1|Windows|7|Firefox|57.0|2019-02-21 09:18:53|500|POST|http://localhost:8080/webvpc/public/addusuario/get-usuario|{"registro":"bpasd"}
B36290|::1|Windows|7|Firefox|57.0|2019-02-21 09:18:53|200|GET|http://localhost:8080/webvpc/public/_debugbar/open|{"op":"get","id":"cbc39f57c2e326f0b1bbee21a3b6b31b"}
B36290|::1|Windows|7|Firefox|57.0|2019-02-21 09:19:15|500|POST|http://localhost:8080/webvpc/public/addusuario/get-usuario|{"registro":"bp2245"}
B36290|::1|Windows|7|Firefox|57.0|2019-02-21 09:19:15|200|GET|http://localhost:8080/webvpc/public/_debugbar/open|{"op":"get","id":"af3b2fa8dee811ebc9330a597c1576e0"}
B36290|::1|Windows|7|Firefox|57.0|2019-02-21 09:20:23|200|GET|http://localhost:8080/webvpc/public/pass-change|[]
B36290|::1|Windows|7|Firefox|57.0|2019-02-21 09:20:25|200|GET|http://localhost:8080/webvpc/public/bpe/campanha/consulta-nuevos|[]
B36290|::1|Windows|7|Firefox|57.0|2019-02-21 09:20:36|200|GET|http://localhost:8080/webvpc/public/bpe/cli/cartera|[]
B36290|::1|Windows|7|Firefox|57.0|2019-02-21 09:20:56|200|GET|http://localhost:8080/webvpc/public/bpe/cli/cartera-detalle|{"cliente":"27434923","ejecutivo":"B36290"}
B36290|::1|Windows|7|Firefox|57.0|2019-02-21 09:25:00|200|GET|http://localhost:8080/webvpc/public/addusuario|[]
B36290|::1|Windows|7|Firefox|57.0|2019-02-21 09:28:13|500|POST|http://localhost:8080/webvpc/public/addusuario/get-usuario|{"registro":"bp2245"}
B36290|::1|Windows|7|Firefox|57.0|2019-02-21 09:28:13|200|GET|http://localhost:8080/webvpc/public/_debugbar/open|{"op":"get","id":"370483bb2198fb9ca767dffc932b48ea"}
B36290|::1|Windows|7|Firefox|57.0|2019-02-21 09:28:54|404|POST|http://localhost:8080/webvpc/public/addusuario/get-usuario|{"registro":"bp2245"}
B36290|::1|Windows|7|Firefox|57.0|2019-02-21 09:28:54|200|GET|http://localhost:8080/webvpc/public/_debugbar/open|{"op":"get","id":"769cfcb1444285fb1f7708d985985e4c"}
B36290|::1|Windows|7|Firefox|57.0|2019-02-21 09:30:16|500|POST|http://localhost:8080/webvpc/public/addusuario/get-usuario|{"registro":"bp2245"}
B36290|::1|Windows|7|Firefox|57.0|2019-02-21 09:30:16|200|GET|http://localhost:8080/webvpc/public/_debugbar/open|{"op":"get","id":"923870d9cf3206e6b4b46635f2b187e1"}
B36290|::1|Windows|7|Firefox|57.0|2019-02-21 09:35:12|302|GET|http://localhost:8080/webvpc/public|[]
B36290|::1|Windows|7|Firefox|57.0|2019-02-21 09:35:13|200|GET|http://localhost:8080/webvpc/public/bpe/en/leads|[]
B36290|::1|Windows|7|Firefox|57.0|2019-02-21 09:35:26|200|GET|http://localhost:8080/webvpc/public/addusuario|[]
B36290|::1|Windows|7|Firefox|57.0|2019-02-21 09:35:26|200|GET|http://localhost:8080/webvpc/public/_debugbar/assets/stylesheets|{"v":"1502731300"}
B36290|::1|Windows|7|Firefox|57.0|2019-02-21 09:35:26|200|GET|http://localhost:8080/webvpc/public/_debugbar/assets/javascript|{"v":"1502731300"}
B36290|::1|Windows|7|Firefox|57.0|2019-02-21 09:35:40|500|POST|http://localhost:8080/webvpc/public/addusuario/get-usuario|{"registro":"bpasd"}
B36290|::1|Windows|7|Firefox|57.0|2019-02-21 09:35:40|200|GET|http://localhost:8080/webvpc/public/_debugbar/open|{"op":"get","id":"9f805233d37d793ca0a2bc64164c631d"}
B36290|::1|Windows|7|Firefox|57.0|2019-02-21 09:38:15|200|GET|http://localhost:8080/webvpc/public/bpe/en/detalle|{"lead":"16795420"}
B36290|::1|Windows|7|Firefox|57.0|2019-02-21 09:38:20|200|GET|http://localhost:8080/webvpc/public/bpe/en/leads|[]
B36290|::1|Windows|7|Firefox|57.0|2019-02-21 09:38:22|500|POST|http://localhost:8080/webvpc/public/addusuario/get-usuario|{"registro":"nb22"}
B36290|::1|Windows|7|Firefox|57.0|2019-02-21 09:38:23|200|GET|http://localhost:8080/webvpc/public/_debugbar/open|{"op":"get","id":"8fe784b35575129952a5107bbaeb2ce9"}
B36290|::1|Windows|7|Firefox|57.0|2019-02-21 09:38:27|500|POST|http://localhost:8080/webvpc/public/addusuario/get-usuario|{"registro":"bp2245"}
B36290|::1|Windows|7|Firefox|57.0|2019-02-21 09:38:28|200|GET|http://localhost:8080/webvpc/public/_debugbar/open|{"op":"get","id":"615bfaaa35bb96858ce61a77b5240628"}
B36290|::1|Windows|7|Firefox|57.0|2019-02-21 09:45:13|200|GET|http://localhost:8080/webvpc/public/addusuario|[]
B36290|::1|Windows|7|Firefox|57.0|2019-02-21 09:45:14|200|GET|http://localhost:8080/webvpc/public/_debugbar/assets/javascript|{"v":"1502731300"}
B36290|::1|Windows|7|Firefox|57.0|2019-02-21 09:45:14|200|GET|http://localhost:8080/webvpc/public/_debugbar/assets/stylesheets|{"v":"1502731300"}
B36290|::1|Windows|7|Firefox|57.0|2019-02-21 09:45:19|200|GET|http://localhost:8080/webvpc/public/addusuario|[]
B36290|::1|Windows|7|Firefox|57.0|2019-02-21 09:45:19|200|GET|http://localhost:8080/webvpc/public/_debugbar/assets/javascript|{"v":"1502731300"}
B36290|::1|Windows|7|Firefox|57.0|2019-02-21 09:45:19|200|GET|http://localhost:8080/webvpc/public/_debugbar/assets/stylesheets|{"v":"1502731300"}
B36290|::1|Windows|7|Firefox|57.0|2019-02-21 09:45:25|500|POST|http://localhost:8080/webvpc/public/addusuario/get-usuario|{"registro":"bpasd"}
B36290|::1|Windows|7|Firefox|57.0|2019-02-21 09:45:25|200|GET|http://localhost:8080/webvpc/public/_debugbar/open|{"op":"get","id":"9ea986d27f836c3de1d04de84e9a9824"}
B36290|::1|Windows|7|Firefox|57.0|2019-02-21 09:47:50|200|GET|http://localhost:8080/webvpc/public/addusuario|[]
B36290|::1|Windows|7|Firefox|57.0|2019-02-21 09:47:51|200|GET|http://localhost:8080/webvpc/public/_debugbar/assets/stylesheets|{"v":"1502731300"}
B36290|::1|Windows|7|Firefox|57.0|2019-02-21 09:47:51|200|GET|http://localhost:8080/webvpc/public/_debugbar/assets/javascript|{"v":"1502731300"}
B36290|::1|Windows|7|Firefox|57.0|2019-02-21 09:47:54|500|POST|http://localhost:8080/webvpc/public/addusuario/get-usuario|{"registro":"nb22"}
B36290|::1|Windows|7|Firefox|57.0|2019-02-21 09:47:54|200|GET|http://localhost:8080/webvpc/public/_debugbar/open|{"op":"get","id":"ed4e52cd8755a15c28750cd3b596aedd"}
B36290|::1|Windows|7|Firefox|57.0|2019-02-21 09:48:45|500|POST|http://localhost:8080/webvpc/public/addusuario/get-usuario|{"registro":"bpasd"}
B36290|::1|Windows|7|Firefox|57.0|2019-02-21 09:48:45|200|GET|http://localhost:8080/webvpc/public/_debugbar/open|{"op":"get","id":"2f0a751eac6ce886fffdebb174279a36"}
B36290|::1|Windows|7|Firefox|57.0|2019-02-21 09:49:11|200|GET|http://localhost:8080/webvpc/public/addusuario|[]
B36290|::1|Windows|7|Firefox|57.0|2019-02-21 09:49:11|200|GET|http://localhost:8080/webvpc/public/_debugbar/assets/stylesheets|{"v":"1502731300"}
B36290|::1|Windows|7|Firefox|57.0|2019-02-21 09:49:11|200|GET|http://localhost:8080/webvpc/public/_debugbar/assets/javascript|{"v":"1502731300"}
B36290|::1|Windows|7|Firefox|57.0|2019-02-21 09:49:17|500|POST|http://localhost:8080/webvpc/public/addusuario/get-usuario|{"registro":"bpasd"}
B36290|::1|Windows|7|Firefox|57.0|2019-02-21 09:49:18|200|GET|http://localhost:8080/webvpc/public/_debugbar/open|{"op":"get","id":"d1e837476781826898ab492cd908afac"}
B36290|::1|Windows|7|Firefox|57.0|2019-02-21 09:49:32|200|GET|http://localhost:8080/webvpc/public/addusuario|[]
B36290|::1|Windows|7|Firefox|57.0|2019-02-21 09:49:33|200|GET|http://localhost:8080/webvpc/public/_debugbar/assets/stylesheets|{"v":"1502731300"}
B36290|::1|Windows|7|Firefox|57.0|2019-02-21 09:49:33|200|GET|http://localhost:8080/webvpc/public/_debugbar/assets/javascript|{"v":"1502731300"}
B36290|::1|Windows|7|Firefox|57.0|2019-02-21 09:49:38|500|POST|http://localhost:8080/webvpc/public/addusuario/get-usuario|{"registro":"bp2245"}
B36290|::1|Windows|7|Firefox|57.0|2019-02-21 09:49:38|200|GET|http://localhost:8080/webvpc/public/_debugbar/open|{"op":"get","id":"d26a6845192cbd26bfc8b4686f1ce175"}