guest|::1|Windows|7|Chrome|73.0.3683.103|2019-04-24 16:25:20|200|GET|http://localhost:8080/webvpc/public|[]
guest|::1|Windows|7|Chrome|73.0.3683.103|2019-04-24 16:25:39|302|POST|http://localhost:8080/webvpc/public/login|{"_token":"Cub4MLW7ecF2jUKNDtzKKicQ0q10L1XomDskNHsR","registro":"B14971","passw":"B14971"}
guest|::1|Windows|7|Chrome|73.0.3683.103|2019-04-24 16:25:40|200|GET|http://localhost:8080/webvpc/public|[]
guest|::1|Windows|7|Chrome|73.0.3683.103|2019-04-24 16:25:44|200|GET|http://localhost:8080/webvpc/public/extra-login|[]
B14971|::1|Windows|7|Chrome|73.0.3683.103|2019-04-24 16:25:52|302|POST|http://localhost:8080/webvpc/public/extra-attempt|{"_token":"Cub4MLW7ecF2jUKNDtzKKicQ0q10L1XomDskNHsR","registro":"B14971","passw":"VPC201801*"}
B14971|::1|Windows|7|Chrome|73.0.3683.103|2019-04-24 16:26:12|200|GET|http://localhost:8080/webvpc/public/be/miprospecto/lista|[]
B14971|::1|Windows|7|Chrome|73.0.3683.103|2019-04-24 16:26:41|200|GET|http://localhost:8080/webvpc/public/be/miprospecto/lista|[]
B14971|::1|Windows|7|Chrome|73.0.3683.103|2019-04-24 16:26:43|200|GET|http://localhost:8080/webvpc/public/_debugbar/assets/stylesheets|{"v":"1502731300"}
B14971|::1|Windows|7|Chrome|73.0.3683.103|2019-04-24 16:26:44|200|GET|http://localhost:8080/webvpc/public/_debugbar/assets/javascript|{"v":"1502731300"}
B14971|::1|Windows|7|Chrome|73.0.3683.103|2019-04-24 16:27:17|200|GET|http://localhost:8080/webvpc/public/be/miprospecto/lista|[]
B14971|::1|Windows|7|Chrome|73.0.3683.103|2019-04-24 16:27:18|200|GET|http://localhost:8080/webvpc/public/_debugbar/assets/stylesheets|{"v":"1502731300"}
B14971|::1|Windows|7|Chrome|73.0.3683.103|2019-04-24 16:27:18|200|GET|http://localhost:8080/webvpc/public/_debugbar/assets/javascript|{"v":"1502731300"}
B14971|::1|Windows|7|Chrome|73.0.3683.103|2019-04-24 16:33:14|200|GET|http://localhost:8080/webvpc/public/be/miprospecto/lista|[]
B14971|::1|Windows|7|Chrome|73.0.3683.103|2019-04-24 16:33:14|200|GET|http://localhost:8080/webvpc/public/_debugbar/assets/javascript|{"v":"1502731300"}
B14971|::1|Windows|7|Chrome|73.0.3683.103|2019-04-24 16:33:15|200|GET|http://localhost:8080/webvpc/public/_debugbar/assets/stylesheets|{"v":"1502731300"}
B14971|::1|Windows|7|Chrome|73.0.3683.103|2019-04-24 16:33:33|200|GET|http://localhost:8080/webvpc/public/be/miprospecto/lista|[]
B14971|::1|Windows|7|Chrome|73.0.3683.103|2019-04-24 16:33:34|200|GET|http://localhost:8080/webvpc/public/_debugbar/assets/stylesheets|{"v":"1502731300"}
B14971|::1|Windows|7|Chrome|73.0.3683.103|2019-04-24 16:33:34|200|GET|http://localhost:8080/webvpc/public/_debugbar/assets/javascript|{"v":"1502731300"}
B14971|::1|Windows|7|Chrome|73.0.3683.103|2019-04-24 16:33:52|200|GET|http://localhost:8080/webvpc/public/be/miprospecto/lista|[]
B14971|::1|Windows|7|Chrome|73.0.3683.103|2019-04-24 16:33:52|200|GET|http://localhost:8080/webvpc/public/_debugbar/assets/stylesheets|{"v":"1502731300"}
B14971|::1|Windows|7|Chrome|73.0.3683.103|2019-04-24 16:33:52|200|GET|http://localhost:8080/webvpc/public/_debugbar/assets/javascript|{"v":"1502731300"}
B14971|::1|Windows|7|Chrome|73.0.3683.103|2019-04-24 16:34:05|200|GET|http://localhost:8080/webvpc/public/be/miprospecto/lista|[]
B14971|::1|Windows|7|Chrome|73.0.3683.103|2019-04-24 16:34:05|200|GET|http://localhost:8080/webvpc/public/_debugbar/assets/stylesheets|{"v":"1502731300"}
B14971|::1|Windows|7|Chrome|73.0.3683.103|2019-04-24 16:34:05|200|GET|http://localhost:8080/webvpc/public/_debugbar/assets/javascript|{"v":"1502731300"}
B14971|::1|Windows|7|Chrome|73.0.3683.103|2019-04-24 16:34:25|200|GET|http://localhost:8080/webvpc/public/be/miprospecto/lista|[]
B14971|::1|Windows|7|Chrome|73.0.3683.103|2019-04-24 16:34:26|200|GET|http://localhost:8080/webvpc/public/_debugbar/assets/stylesheets|{"v":"1502731300"}
B14971|::1|Windows|7|Chrome|73.0.3683.103|2019-04-24 16:34:26|200|GET|http://localhost:8080/webvpc/public/_debugbar/assets/javascript|{"v":"1502731300"}
B14971|::1|Windows|7|Chrome|73.0.3683.103|2019-04-24 16:34:39|200|GET|http://localhost:8080/webvpc/public/be/miprospecto/lista|[]
B14971|::1|Windows|7|Chrome|73.0.3683.103|2019-04-24 16:34:40|200|GET|http://localhost:8080/webvpc/public/_debugbar/assets/stylesheets|{"v":"1502731300"}
B14971|::1|Windows|7|Chrome|73.0.3683.103|2019-04-24 16:34:40|200|GET|http://localhost:8080/webvpc/public/_debugbar/assets/javascript|{"v":"1502731300"}
B14971|::1|Windows|7|Chrome|73.0.3683.103|2019-04-24 16:36:04|200|GET|http://localhost:8080/webvpc/public/be/miprospecto/lista|[]
B14971|::1|Windows|7|Chrome|73.0.3683.103|2019-04-24 16:36:04|200|GET|http://localhost:8080/webvpc/public/_debugbar/assets/stylesheets|{"v":"1502731300"}
B14971|::1|Windows|7|Chrome|73.0.3683.103|2019-04-24 16:36:04|200|GET|http://localhost:8080/webvpc/public/_debugbar/assets/javascript|{"v":"1502731300"}
B14971|::1|Windows|7|Chrome|73.0.3683.103|2019-04-24 16:37:19|200|GET|http://localhost:8080/webvpc/public/be/miprospecto/lista|[]
B14971|::1|Windows|7|Chrome|73.0.3683.103|2019-04-24 16:37:19|200|GET|http://localhost:8080/webvpc/public/_debugbar/assets/stylesheets|{"v":"1502731300"}
B14971|::1|Windows|7|Chrome|73.0.3683.103|2019-04-24 16:37:19|200|GET|http://localhost:8080/webvpc/public/_debugbar/assets/javascript|{"v":"1502731300"}
B14971|::1|Windows|7|Chrome|73.0.3683.103|2019-04-24 16:37:59|200|GET|http://localhost:8080/webvpc/public/be/miprospecto/lista|{"page":"1","sort":"deudaD","order":"asc"}
B14971|::1|Windows|7|Chrome|73.0.3683.103|2019-04-24 16:38:06|200|GET|http://localhost:8080/webvpc/public/be/miprospecto/lista|{"page":"1","sort":"deudaD","order":"desc"}
B14971|::1|Windows|7|Chrome|73.0.3683.103|2019-04-24 16:38:12|200|GET|http://localhost:8080/webvpc/public/be/miprospecto/lista|{"page":"1","sort":"deudaD","order":"desc"}
B14971|::1|Windows|7|Chrome|73.0.3683.103|2019-04-24 16:38:20|200|GET|http://localhost:8080/webvpc/public/be/miprospecto/lista|[]
B14971|::1|Windows|7|Chrome|73.0.3683.103|2019-04-24 16:45:55|500|GET|http://localhost:8080/webvpc/public/be/miprospecto/lista|[]
B14971|::1|Windows|7|Chrome|73.0.3683.103|2019-04-24 16:45:55|200|GET|http://localhost:8080/webvpc/public/_debugbar/assets/stylesheets|{"v":"1502731300"}
B14971|::1|Windows|7|Chrome|73.0.3683.103|2019-04-24 16:45:55|200|GET|http://localhost:8080/webvpc/public/_debugbar/assets/javascript|{"v":"1502731300"}
B14971|::1|Windows|7|Chrome|73.0.3683.103|2019-04-24 16:48:13|500|GET|http://localhost:8080/webvpc/public/be/miprospecto/lista|[]
B14971|::1|Windows|7|Chrome|73.0.3683.103|2019-04-24 16:48:13|200|GET|http://localhost:8080/webvpc/public/_debugbar/assets/stylesheets|{"v":"1502731300"}
B14971|::1|Windows|7|Chrome|73.0.3683.103|2019-04-24 16:48:13|200|GET|http://localhost:8080/webvpc/public/_debugbar/assets/javascript|{"v":"1502731300"}
B14971|::1|Windows|7|Chrome|73.0.3683.103|2019-04-24 16:48:37|500|GET|http://localhost:8080/webvpc/public/be/miprospecto/lista|[]
B14971|::1|Windows|7|Chrome|73.0.3683.103|2019-04-24 16:48:38|200|GET|http://localhost:8080/webvpc/public/_debugbar/assets/stylesheets|{"v":"1502731300"}
B14971|::1|Windows|7|Chrome|73.0.3683.103|2019-04-24 16:48:38|200|GET|http://localhost:8080/webvpc/public/_debugbar/assets/javascript|{"v":"1502731300"}
B14971|::1|Windows|7|Chrome|73.0.3683.103|2019-04-24 16:50:04|500|GET|http://localhost:8080/webvpc/public/be/miprospecto/lista|[]
B14971|::1|Windows|7|Chrome|73.0.3683.103|2019-04-24 16:50:04|200|GET|http://localhost:8080/webvpc/public/_debugbar/assets/stylesheets|{"v":"1502731300"}
B14971|::1|Windows|7|Chrome|73.0.3683.103|2019-04-24 16:50:04|200|GET|http://localhost:8080/webvpc/public/_debugbar/assets/javascript|{"v":"1502731300"}
B14971|::1|Windows|7|Chrome|73.0.3683.103|2019-04-24 16:50:59|200|GET|http://localhost:8080/webvpc/public/be/miprospecto/lista|[]
B14971|::1|Windows|7|Chrome|73.0.3683.103|2019-04-24 16:50:59|200|GET|http://localhost:8080/webvpc/public/_debugbar/assets/stylesheets|{"v":"1502731300"}
B14971|::1|Windows|7|Chrome|73.0.3683.103|2019-04-24 16:50:59|200|GET|http://localhost:8080/webvpc/public/_debugbar/assets/javascript|{"v":"1502731300"}
B14971|::1|Windows|7|Chrome|73.0.3683.103|2019-04-24 16:51:28|500|GET|http://localhost:8080/webvpc/public/be/miprospecto/lista|[]
B14971|::1|Windows|7|Chrome|73.0.3683.103|2019-04-24 16:51:28|200|GET|http://localhost:8080/webvpc/public/_debugbar/assets/stylesheets|{"v":"1502731300"}
B14971|::1|Windows|7|Chrome|73.0.3683.103|2019-04-24 16:51:28|200|GET|http://localhost:8080/webvpc/public/_debugbar/assets/javascript|{"v":"1502731300"}
B14971|::1|Windows|7|Chrome|73.0.3683.103|2019-04-24 16:51:34|200|GET|http://localhost:8080/webvpc/public/be/miprospecto/lista|[]
B14971|::1|Windows|7|Chrome|73.0.3683.103|2019-04-24 16:51:34|200|GET|http://localhost:8080/webvpc/public/_debugbar/assets/stylesheets|{"v":"1502731300"}
B14971|::1|Windows|7|Chrome|73.0.3683.103|2019-04-24 16:51:34|200|GET|http://localhost:8080/webvpc/public/_debugbar/assets/javascript|{"v":"1502731300"}
B14971|::1|Windows|7|Chrome|73.0.3683.103|2019-04-24 16:52:41|500|GET|http://localhost:8080/webvpc/public/be/miprospecto/lista|[]
B14971|::1|Windows|7|Chrome|73.0.3683.103|2019-04-24 16:52:42|200|GET|http://localhost:8080/webvpc/public/_debugbar/assets/stylesheets|{"v":"1502731300"}
B14971|::1|Windows|7|Chrome|73.0.3683.103|2019-04-24 16:52:42|200|GET|http://localhost:8080/webvpc/public/_debugbar/assets/javascript|{"v":"1502731300"}
B14971|::1|Windows|7|Chrome|73.0.3683.103|2019-04-24 16:52:52|200|GET|http://localhost:8080/webvpc/public/be/miprospecto/lista|[]
B14971|::1|Windows|7|Chrome|73.0.3683.103|2019-04-24 16:52:53|200|GET|http://localhost:8080/webvpc/public/_debugbar/assets/stylesheets|{"v":"1502731300"}
B14971|::1|Windows|7|Chrome|73.0.3683.103|2019-04-24 16:52:53|200|GET|http://localhost:8080/webvpc/public/_debugbar/assets/javascript|{"v":"1502731300"}
B14971|::1|Windows|7|Chrome|73.0.3683.103|2019-04-24 16:53:14|200|GET|http://localhost:8080/webvpc/public/be/miprospecto/lista|[]
B14971|::1|Windows|7|Chrome|73.0.3683.103|2019-04-24 16:53:14|200|GET|http://localhost:8080/webvpc/public/_debugbar/assets/javascript|{"v":"1502731300"}
B14971|::1|Windows|7|Chrome|73.0.3683.103|2019-04-24 16:53:14|200|GET|http://localhost:8080/webvpc/public/_debugbar/assets/stylesheets|{"v":"1502731300"}
B14971|::1|Windows|7|Chrome|73.0.3683.103|2019-04-24 16:53:41|200|GET|http://localhost:8080/webvpc/public/be/miprospecto/lista|[]
B14971|::1|Windows|7|Chrome|73.0.3683.103|2019-04-24 16:53:42|200|GET|http://localhost:8080/webvpc/public/_debugbar/assets/stylesheets|{"v":"1502731300"}
B14971|::1|Windows|7|Chrome|73.0.3683.103|2019-04-24 16:53:42|200|GET|http://localhost:8080/webvpc/public/_debugbar/assets/javascript|{"v":"1502731300"}