guest|::1|Windows|7|Chrome|72.0.3626.121|2019-03-21 13:12:55|200|GET|http://localhost:8080/webvpc/public|[]
guest|::1|Windows|7|Chrome|72.0.3626.121|2019-03-21 13:19:02|302|POST|http://localhost:8080/webvpc/public/login|{"_token":"nTCWEb0g2ixGEfBcxh87oLXZ7g4yP3iADpYusKA2","registro":"BP2567","passw":"VPC201801*"}
guest|::1|Windows|7|Chrome|72.0.3626.121|2019-03-21 13:19:03|200|GET|http://localhost:8080/webvpc/public|[]
guest|::1|Windows|7|Chrome|72.0.3626.121|2019-03-21 13:19:11|302|POST|http://localhost:8080/webvpc/public/login|{"_token":"nTCWEb0g2ixGEfBcxh87oLXZ7g4yP3iADpYusKA2","registro":"BP2567","passw":"75741816"}
guest|::1|Windows|7|Chrome|72.0.3626.121|2019-03-21 13:19:12|200|GET|http://localhost:8080/webvpc/public|[]
guest|::1|Windows|7|Chrome|72.0.3626.121|2019-03-21 13:19:18|200|GET|http://localhost:8080/webvpc/public/pass-gen|[]
guest|::1|Windows|7|Chrome|72.0.3626.121|2019-03-21 13:19:28|302|POST|http://localhost:8080/webvpc/public/pass-save|{"_token":"nTCWEb0g2ixGEfBcxh87oLXZ7g4yP3iADpYusKA2","registro":"bp2567","passw":"bp2567"}
guest|::1|Windows|7|Chrome|72.0.3626.121|2019-03-21 13:19:29|200|GET|http://localhost:8080/webvpc/public/pass-gen|[]
guest|::1|Windows|7|Chrome|72.0.3626.121|2019-03-21 13:19:31|200|GET|http://localhost:8080/webvpc/public|[]
BP2567|::1|Windows|7|Chrome|72.0.3626.121|2019-03-21 13:19:34|302|POST|http://localhost:8080/webvpc/public/login|{"_token":"nTCWEb0g2ixGEfBcxh87oLXZ7g4yP3iADpYusKA2","registro":"bp2567","passw":"bp2567"}
BP2567|::1|Windows|7|Chrome|72.0.3626.121|2019-03-21 13:19:35|200|GET|http://localhost:8080/webvpc/public/bpe/campanha/consulta-nuevos|[]
BP2567|::1|Windows|7|Chrome|72.0.3626.121|2019-03-21 13:19:38|200|GET|http://localhost:8080/webvpc/public/addusuario|[]
guest|::1|Windows|7|Chrome|72.0.3626.121|2019-03-21 15:28:34|500|GET|http://localhost:8080/webvpc/public/addusuario|[]
guest|::1|Windows|7|Chrome|72.0.3626.121|2019-03-21 15:30:30|500|GET|http://localhost:8080/webvpc/public/addusuario|[]
guest|::1|Windows|7|Chrome|72.0.3626.121|2019-03-21 15:30:42|200|GET|http://localhost:8080/webvpc/public|[]
BP2567|::1|Windows|7|Chrome|72.0.3626.121|2019-03-21 15:30:49|302|POST|http://localhost:8080/webvpc/public/login|{"_token":"5PCoPRFzNSju5PUBZcvjQHSwGKEofukIx1Qx6UiZ","registro":"bp2567","passw":"bp2567"}
BP2567|::1|Windows|7|Chrome|72.0.3626.121|2019-03-21 15:30:49|200|GET|http://localhost:8080/webvpc/public/bpe/campanha/consulta-nuevos|[]
BP2567|::1|Windows|7|Chrome|72.0.3626.121|2019-03-21 15:30:53|200|GET|http://localhost:8080/webvpc/public/addusuario|[]
BP2567|::1|Windows|7|Chrome|72.0.3626.121|2019-03-21 15:31:53|200|GET|http://localhost:8080/webvpc/public/addusuario|[]
BP2567|::1|Windows|7|Chrome|72.0.3626.121|2019-03-21 15:31:55|200|GET|http://localhost:8080/webvpc/public/_debugbar/assets/stylesheets|{"v":"1502731300"}
BP2567|::1|Windows|7|Chrome|72.0.3626.121|2019-03-21 15:31:55|200|GET|http://localhost:8080/webvpc/public/_debugbar/assets/javascript|{"v":"1502731300"}
BP2567|::1|Windows|7|Chrome|72.0.3626.121|2019-03-21 15:31:58|200|GET|http://localhost:8080/webvpc/public/pass-change|[]
BP2567|::1|Windows|7|Chrome|72.0.3626.121|2019-03-21 15:32:00|200|GET|http://localhost:8080/webvpc/public/addusuario|[]