guest|::1|Windows|7|Chrome|73.0.3683.86|2019-03-29 09:29:59|200|GET|http://localhost:8080/webvpc/public|[]
guest|::1|Windows|7|Chrome|73.0.3683.86|2019-03-29 10:06:47|500|GET|http://localhost:8080/webvpc/public/codig|[]
guest|::1|Windows|7|Chrome|73.0.3683.86|2019-03-29 10:06:48|200|GET|http://localhost:8080/webvpc/public/_debugbar/assets/stylesheets|{"v":"1502731300"}
guest|::1|Windows|7|Chrome|73.0.3683.86|2019-03-29 10:06:48|200|GET|http://localhost:8080/webvpc/public/_debugbar/assets/javascript|{"v":"1502731300"}
guest|::1|Windows|7|Chrome|73.0.3683.86|2019-03-29 10:07:16|500|GET|http://localhost:8080/webvpc/public/codig|[]
guest|::1|Windows|7|Chrome|73.0.3683.86|2019-03-29 10:08:16|200|GET|http://localhost:8080/webvpc/public/codig|[]
guest|::1|Windows|7|Chrome|73.0.3683.86|2019-03-29 10:09:47|200|GET|http://localhost:8080/webvpc/public/codig|[]
guest|::1|Windows|7|Chrome|73.0.3683.86|2019-03-29 10:10:42|200|GET|http://localhost:8080/webvpc/public/codig|[]
guest|::1|Windows|7|Chrome|73.0.3683.86|2019-03-29 10:11:05|200|GET|http://localhost:8080/webvpc/public/codig|[]
guest|::1|Windows|7|Chrome|73.0.3683.86|2019-03-29 10:11:07|404|GET|http://localhost:8080/webvpc/public/convertidorCCI.jsp|{"indicador":"1","txtBanco":"0011","txtOficina":"0015","txtCuenta":"1425368752","txtCci":"50"}
guest|::1|Windows|7|Chrome|73.0.3683.86|2019-03-29 10:13:02|200|GET|http://localhost:8080/webvpc/public/codig|[]
guest|::1|Windows|7|Chrome|73.0.3683.86|2019-03-29 10:13:05|404|GET|http://localhost:8080/webvpc/public/convertidorCCI.jsp|{"indicador":"1","txtBanco":"0011","txtOficina":"0015","txtCuenta":"1425368752","txtCci":"50"}
guest|::1|Windows|7|Chrome|73.0.3683.86|2019-03-29 10:17:54|200|GET|http://localhost:8080/webvpc/public/codig|[]
guest|::1|Windows|7|Chrome|73.0.3683.86|2019-03-29 10:17:56|404|GET|http://localhost:8080/webvpc/public/convertidorCCI.jsp|{"indicador":"1","txtBanco":"0011","txtOficina":"0015","txtCuenta":"1425368752","txtCci":"50"}
guest|::1|Windows|7|Chrome|73.0.3683.86|2019-03-29 10:18:07|200|GET|http://localhost:8080/webvpc/public/codig|[]
guest|::1|Windows|7|Chrome|73.0.3683.86|2019-03-29 10:18:08|200|GET|http://localhost:8080/webvpc/public/_debugbar/assets/javascript|{"v":"1502731300"}
guest|::1|Windows|7|Chrome|73.0.3683.86|2019-03-29 10:18:08|200|GET|http://localhost:8080/webvpc/public/_debugbar/assets/stylesheets|{"v":"1502731300"}
guest|::1|Windows|7|Chrome|73.0.3683.86|2019-03-29 10:18:39|404|GET|http://localhost:8080/webvpc/public/convertidorCCI.jsp|{"indicador":"1","txtBanco":"0011","txtOficina":"0015","txtCuenta":"1425368752","txtCci":"50"}
guest|::1|Windows|7|Chrome|73.0.3683.86|2019-03-29 10:18:40|404|GET|http://localhost:8080/webvpc/public/convertidorCCI.jsp|{"indicador":"1","txtBanco":"0011","txtOficina":"0015","txtCuenta":"1425368752","txtCci":"50"}
guest|::1|Windows|7|Chrome|73.0.3683.86|2019-03-29 10:18:40|200|GET|http://localhost:8080/webvpc/public/_debugbar/assets/stylesheets|{"v":"1502731300"}
guest|::1|Windows|7|Chrome|73.0.3683.86|2019-03-29 10:18:40|200|GET|http://localhost:8080/webvpc/public/_debugbar/assets/javascript|{"v":"1502731300"}
guest|::1|Windows|7|Chrome|73.0.3683.86|2019-03-29 10:18:42|200|GET|http://localhost:8080/webvpc/public/codig|[]
guest|::1|Windows|7|Chrome|73.0.3683.86|2019-03-29 10:18:42|200|GET|http://localhost:8080/webvpc/public/_debugbar/assets/stylesheets|{"v":"1502731300"}
guest|::1|Windows|7|Chrome|73.0.3683.86|2019-03-29 10:18:42|200|GET|http://localhost:8080/webvpc/public/_debugbar/assets/javascript|{"v":"1502731300"}
guest|::1|Windows|7|Chrome|73.0.3683.86|2019-03-29 10:18:46|404|GET|http://localhost:8080/webvpc/public/convertidorCCI.jsp|{"indicador":"1","txtBanco":"0011","txtOficina":"0015","txtCuenta":"1425368752","txtCci":"50"}
guest|::1|Windows|7|Chrome|73.0.3683.86|2019-03-29 10:18:49|200|GET|http://localhost:8080/webvpc/public/codig|[]
guest|::1|Windows|7|Chrome|73.0.3683.86|2019-03-29 10:19:13|200|GET|http://localhost:8080/webvpc/public/codig|[]
guest|::1|Windows|7|Chrome|73.0.3683.86|2019-03-29 10:21:23|200|GET|http://localhost:8080/webvpc/public/codig|[]
guest|::1|Windows|7|Chrome|73.0.3683.86|2019-03-29 10:23:40|200|GET|http://localhost:8080/webvpc/public/codig|[]
guest|::1|Windows|7|Chrome|73.0.3683.86|2019-03-29 10:23:59|200|GET|http://localhost:8080/webvpc/public/codig|[]
guest|::1|Windows|7|Chrome|73.0.3683.86|2019-03-29 10:24:04|200|GET|http://localhost:8080/webvpc/public/codig|[]
guest|::1|Windows|7|Chrome|73.0.3683.86|2019-03-29 10:24:44|200|GET|http://localhost:8080/webvpc/public/codig|[]
guest|::1|Windows|7|Chrome|73.0.3683.86|2019-03-29 10:24:49|200|GET|http://localhost:8080/webvpc/public/codig|[]
guest|::1|Windows|7|Chrome|73.0.3683.86|2019-03-29 10:29:16|200|GET|http://localhost:8080/webvpc/public/codig|[]
guest|::1|Windows|7|Chrome|73.0.3683.86|2019-03-29 10:29:19|200|GET|http://localhost:8080/webvpc/public/codig|[]
guest|::1|Windows|7|Chrome|73.0.3683.86|2019-03-29 10:29:24|404|GET|http://localhost:8080/webvpc/public/convertidorCCI.jsp|{"indicador":"1","txtBanco":"0011","txtOficina":"0015","txtCuenta":"1425368752","txtCci":"50"}
guest|::1|Windows|7|Chrome|73.0.3683.86|2019-03-29 10:29:29|200|GET|http://localhost:8080/webvpc/public/codig|[]
guest|::1|Windows|7|Chrome|73.0.3683.86|2019-03-29 10:29:30|200|GET|http://localhost:8080/webvpc/public/_debugbar/assets/javascript|{"v":"1502731300"}
guest|::1|Windows|7|Chrome|73.0.3683.86|2019-03-29 10:29:31|404|GET|http://localhost:8080/webvpc/public/convertidorCCI.jsp|{"indicador":"1","txtBanco":"0011","txtOficina":"0015","txtCuenta":"1425368752","txtCci":"50"}
guest|::1|Windows|7|Chrome|73.0.3683.86|2019-03-29 10:29:40|200|GET|http://localhost:8080/webvpc/public/codig|[]
guest|::1|Windows|7|Chrome|73.0.3683.86|2019-03-29 10:29:59|200|GET|http://localhost:8080/webvpc/public/codig|[]
guest|::1|Windows|7|Chrome|73.0.3683.86|2019-03-29 10:30:07|200|GET|http://localhost:8080/webvpc/public/codig|[]
guest|::1|Windows|7|Chrome|73.0.3683.86|2019-03-29 10:31:04|404|GET|http://localhost:8080/webvpc/public/convertidorCCI.jsp|{"indicador":"1","txtBanco":"0011","txtOficina":"0015","txtCuenta":"1425368752","txtCci":"50"}
guest|::1|Windows|7|Chrome|73.0.3683.86|2019-03-29 10:31:06|200|GET|http://localhost:8080/webvpc/public/codig|[]
guest|::1|Windows|7|Chrome|73.0.3683.86|2019-03-29 10:31:17|404|GET|http://localhost:8080/webvpc/public/convertidorCCI.jsp|{"indicador":"1","txtBanco":"0011","txtOficina":"0015","txtCuenta":"1425368752","txtCci":"50"}
guest|::1|Windows|7|Chrome|73.0.3683.86|2019-03-29 10:34:22|200|GET|http://localhost:8080/webvpc/public/codig|[]
guest|::1|Windows|7|Chrome|73.0.3683.86|2019-03-29 10:36:12|200|GET|http://localhost:8080/webvpc/public/codig|[]
guest|::1|Windows|7|Chrome|73.0.3683.86|2019-03-29 10:36:12|200|GET|http://localhost:8080/webvpc/public/_debugbar/assets/javascript|{"v":"1502731300"}
guest|::1|Windows|7|Chrome|73.0.3683.86|2019-03-29 10:36:16|404|GET|http://localhost:8080/webvpc/public/convertidorCCI.jsp|{"indicador":"1","txtBanco":"0011","txtOficina":"0015","txtCuenta":"1425368752","txtCci":"50"}
guest|::1|Windows|7|Chrome|73.0.3683.86|2019-03-29 11:41:57|200|GET|http://localhost:8080/webvpc/public/codig|[]
guest|::1|Windows|7|Chrome|73.0.3683.86|2019-03-29 11:43:45|200|GET|http://localhost:8080/webvpc/public/codig|[]
guest|::1|Windows|7|Chrome|73.0.3683.86|2019-03-29 11:43:45|200|GET|http://localhost:8080/webvpc/public/_debugbar/assets/javascript|{"v":"1502731300"}
guest|::1|Windows|7|Chrome|73.0.3683.86|2019-03-29 11:43:45|200|GET|http://localhost:8080/webvpc/public/_debugbar/assets/stylesheets|{"v":"1502731300"}
guest|::1|Windows|7|Chrome|73.0.3683.86|2019-03-29 11:43:57|200|GET|http://localhost:8080/webvpc/public/codig|[]
guest|::1|Windows|7|Chrome|73.0.3683.86|2019-03-29 11:43:57|200|GET|http://localhost:8080/webvpc/public/_debugbar/assets/stylesheets|{"v":"1502731300"}
guest|::1|Windows|7|Chrome|73.0.3683.86|2019-03-29 11:44:21|200|GET|http://localhost:8080/webvpc/public/codig|[]
guest|::1|Windows|7|Chrome|73.0.3683.86|2019-03-29 11:44:22|200|GET|http://localhost:8080/webvpc/public/_debugbar/assets/stylesheets|{"v":"1502731300"}
guest|::1|Windows|7|Chrome|73.0.3683.86|2019-03-29 11:44:22|200|GET|http://localhost:8080/webvpc/public/_debugbar/assets/javascript|{"v":"1502731300"}
guest|::1|Windows|7|Chrome|73.0.3683.86|2019-03-29 11:45:03|200|GET|http://localhost:8080/webvpc/public/codig|[]
guest|::1|Windows|7|Chrome|73.0.3683.86|2019-03-29 11:45:03|200|GET|http://localhost:8080/webvpc/public/_debugbar/assets/stylesheets|{"v":"1502731300"}
guest|::1|Windows|7|Chrome|73.0.3683.86|2019-03-29 11:45:03|200|GET|http://localhost:8080/webvpc/public/_debugbar/assets/javascript|{"v":"1502731300"}
guest|::1|Windows|7|Chrome|73.0.3683.86|2019-03-29 11:45:30|200|GET|http://localhost:8080/webvpc/public/codig|[]
guest|::1|Windows|7|Chrome|73.0.3683.86|2019-03-29 11:45:31|200|GET|http://localhost:8080/webvpc/public/_debugbar/assets/javascript|{"v":"1502731300"}
guest|::1|Windows|7|Chrome|73.0.3683.86|2019-03-29 11:45:36|200|GET|http://localhost:8080/webvpc/public/codig|[]
guest|::1|Windows|7|Chrome|73.0.3683.86|2019-03-29 11:46:01|200|GET|http://localhost:8080/webvpc/public/codig|[]
guest|::1|Windows|7|Chrome|73.0.3683.86|2019-03-29 11:46:01|200|GET|http://localhost:8080/webvpc/public/_debugbar/assets/stylesheets|{"v":"1502731300"}
guest|::1|Windows|7|Chrome|73.0.3683.86|2019-03-29 11:46:01|200|GET|http://localhost:8080/webvpc/public/_debugbar/assets/javascript|{"v":"1502731300"}
guest|::1|Windows|7|Chrome|73.0.3683.86|2019-03-29 11:56:40|200|GET|http://localhost:8080/webvpc/public/codig|[]
guest|::1|Windows|7|Chrome|73.0.3683.86|2019-03-29 11:57:22|200|GET|http://localhost:8080/webvpc/public/codig|[]
guest|::1|Windows|7|Chrome|73.0.3683.86|2019-03-29 11:59:44|200|GET|http://localhost:8080/webvpc/public/codig|[]
guest|::1|Windows|7|Chrome|73.0.3683.86|2019-03-29 11:59:45|200|GET|http://localhost:8080/webvpc/public/_debugbar/assets/javascript|{"v":"1502731300"}
guest|::1|Windows|7|Chrome|73.0.3683.86|2019-03-29 11:59:45|200|GET|http://localhost:8080/webvpc/public/_debugbar/assets/stylesheets|{"v":"1502731300"}
guest|::1|Windows|7|Chrome|73.0.3683.86|2019-03-29 12:00:38|200|GET|http://localhost:8080/webvpc/public/codig|[]
guest|::1|Windows|7|Chrome|73.0.3683.86|2019-03-29 12:00:38|200|GET|http://localhost:8080/webvpc/public/_debugbar/assets/javascript|{"v":"1502731300"}
guest|::1|Windows|7|Chrome|73.0.3683.86|2019-03-29 12:01:02|200|GET|http://localhost:8080/webvpc/public/codig|[]
guest|::1|Windows|7|Chrome|73.0.3683.86|2019-03-29 12:01:03|200|GET|http://localhost:8080/webvpc/public/_debugbar/assets/stylesheets|{"v":"1502731300"}
guest|::1|Windows|7|Chrome|73.0.3683.86|2019-03-29 12:01:03|200|GET|http://localhost:8080/webvpc/public/_debugbar/assets/javascript|{"v":"1502731300"}
guest|::1|Windows|7|Chrome|73.0.3683.86|2019-03-29 12:02:53|200|GET|http://localhost:8080/webvpc/public/codig|[]
guest|::1|Windows|7|Chrome|73.0.3683.86|2019-03-29 12:02:53|200|GET|http://localhost:8080/webvpc/public/_debugbar/assets/stylesheets|{"v":"1502731300"}
guest|::1|Windows|7|Chrome|73.0.3683.86|2019-03-29 12:03:20|200|GET|http://localhost:8080/webvpc/public/codig|[]
guest|::1|Windows|7|Chrome|73.0.3683.86|2019-03-29 12:03:20|200|GET|http://localhost:8080/webvpc/public/_debugbar/assets/stylesheets|{"v":"1502731300"}
guest|::1|Windows|7|Chrome|73.0.3683.86|2019-03-29 12:03:20|200|GET|http://localhost:8080/webvpc/public/_debugbar/assets/javascript|{"v":"1502731300"}
guest|::1|Windows|7|Chrome|73.0.3683.86|2019-03-29 12:03:52|200|GET|http://localhost:8080/webvpc/public/codig|[]
guest|::1|Windows|7|Chrome|73.0.3683.86|2019-03-29 12:03:53|200|GET|http://localhost:8080/webvpc/public/_debugbar/assets/stylesheets|{"v":"1502731300"}
guest|::1|Windows|7|Chrome|73.0.3683.86|2019-03-29 12:03:53|200|GET|http://localhost:8080/webvpc/public/_debugbar/assets/javascript|{"v":"1502731300"}
guest|::1|Windows|7|Chrome|73.0.3683.86|2019-03-29 12:07:26|200|GET|http://localhost:8080/webvpc/public/codig|[]
guest|::1|Windows|7|Chrome|73.0.3683.86|2019-03-29 12:07:27|200|GET|http://localhost:8080/webvpc/public/_debugbar/assets/stylesheets|{"v":"1502731300"}
guest|::1|Windows|7|Chrome|73.0.3683.86|2019-03-29 12:07:27|200|GET|http://localhost:8080/webvpc/public/_debugbar/assets/javascript|{"v":"1502731300"}
guest|::1|Windows|7|Chrome|73.0.3683.86|2019-03-29 13:43:51|200|GET|http://localhost:8080/webvpc/public/codig|[]