guest|::1|Windows|7|Chrome|73.0.3683.103|2019-04-29 11:04:44|200|GET|http://localhost:8080/webvpc/public|[]
guest|::1|Windows|7|Chrome|73.0.3683.103|2019-04-29 11:05:27|200|GET|http://localhost:8080/webvpc/public/extra-login|[]
B17647|::1|Windows|7|Chrome|73.0.3683.103|2019-04-29 11:05:34|302|POST|http://localhost:8080/webvpc/public/extra-attempt|{"_token":"iX37xx4FRTyKPZcG1fZRqVCFKrScSDEzPusZUlxn","registro":"B17647","passw":"VPC201801*"}
B17647|::1|Windows|7|Chrome|73.0.3683.103|2019-04-29 11:05:44|200|GET|http://localhost:8080/webvpc/public/be/miprospecto/lista|[]
B17647|::1|Windows|7|Chrome|73.0.3683.103|2019-04-29 11:06:05|200|GET|http://localhost:8080/webvpc/public/infinity/me/clientes|[]
B17647|::1|Windows|7|Chrome|73.0.3683.103|2019-04-29 11:06:07|200|GET|http://localhost:8080/webvpc/public/infinity/me/clientes/get|{"draw":"1","columns":[{"data":"FLG_INFINITY","name":"FLG_INFINITY","searchable":"false","orderable":"true","search":{"value":null,"regex":"false"}},{"data":"EJECUTIVO","name":"WU.NOMBRE","searchable":"false","orderable":"true","search":{"value":null,"regex":"false"}},{"data":"NOMBRE","name":"WIC.NOMBRE","searchable":"true","orderable":"true","search":{"value":null,"regex":"false"}},{"data":"SALDO_RCC","name":"SALDO_RCC","searchable":"false","orderable":"true","search":{"value":null,"regex":"false"}},{"data":"SALDO_VENCIDO_RCC","name":"SALDO_VENCIDO_RCC","searchable":"false","orderable":"true","search":{"value":null,"regex":"false"}},{"data":"NIVEL_ALERTA","name":"NIVEL_ALERTA","searchable":"false","orderable":"true","search":{"value":null,"regex":"false"}},{"data":"FECHA_ULTIMO_RECALCULO_INFINITY","name":"FECHA_ULTIMO_RECALCULO_INFINITY","searchable":"false","orderable":"true","search":{"value":null,"regex":"false"}},{"data":"ALERTA_DOCUMENTACION","name":"ALERTA_DOCUMENTACION","searchable":"false","orderable":"false","search":{"value":null,"regex":"false"}},{"data":"FECHA_ULTIMA_VISITA_INFINITY","name":"FECHA_ULTIMA_VISITA_INFINITY","searchable":"false","orderable":"true","search":{"value":null,"regex":"false"}},{"data":"FLAG_GESTIONABLE","name":"FLAG_GESTIONABLE","searchable":"false","orderable":"true","search":{"value":null,"regex":"false"}},{"data":"ESTADO_GESTION","name":"ESTADO_GESTION","searchable":"false","orderable":"true","search":{"value":null,"regex":"false"}},{"data":"COD_UNICO","name":"WIC.COD_UNICO","searchable":"true","orderable":"false","search":{"value":null,"regex":"false"}}],"order":[{"column":"0","dir":"desc"},{"column":"3","dir":"desc"}],"start":"0","length":"25","search":{"value":null,"regex":"false"},"_":"1556553965950"}
B17647|::1|Windows|7|Chrome|73.0.3683.103|2019-04-29 11:06:07|200|GET|http://localhost:8080/webvpc/public/_debugbar/open|{"op":"get","id":"8cdf72bdc59e19174ec915debb2e89f1"}
guest|::1|Windows|7|Chrome|73.0.3683.103|2019-04-29 11:09:46|302|GET|http://localhost:8080/webvpc/public/logout|[]
guest|::1|Windows|7|Chrome|73.0.3683.103|2019-04-29 11:09:46|200|GET|http://localhost:8080/webvpc/public|[]
guest|::1|Windows|7|Chrome|73.0.3683.103|2019-04-29 11:09:51|200|GET|http://localhost:8080/webvpc/public/extra-login|[]
B25890|::1|Windows|7|Chrome|73.0.3683.103|2019-04-29 11:10:00|302|POST|http://localhost:8080/webvpc/public/extra-attempt|{"_token":"iX37xx4FRTyKPZcG1fZRqVCFKrScSDEzPusZUlxn","registro":"B25890","passw":"VPC201801*"}
B25890|::1|Windows|7|Chrome|73.0.3683.103|2019-04-29 11:10:01|200|GET|http://localhost:8080/webvpc/public/be/misacciones/lista|[]
B25890|::1|Windows|7|Chrome|73.0.3683.103|2019-04-29 11:10:04|200|GET|http://localhost:8080/webvpc/public/infinity/me/clientes|[]
B25890|::1|Windows|7|Chrome|73.0.3683.103|2019-04-29 11:10:05|200|GET|http://localhost:8080/webvpc/public/infinity/me/clientes/get|{"draw":"1","columns":[{"data":"FLG_INFINITY","name":"FLG_INFINITY","searchable":"false","orderable":"true","search":{"value":null,"regex":"false"}},{"data":"EJECUTIVO","name":"WU.NOMBRE","searchable":"false","orderable":"true","search":{"value":null,"regex":"false"}},{"data":"NOMBRE","name":"WIC.NOMBRE","searchable":"true","orderable":"true","search":{"value":null,"regex":"false"}},{"data":"SALDO_RCC","name":"SALDO_RCC","searchable":"false","orderable":"true","search":{"value":null,"regex":"false"}},{"data":"SALDO_VENCIDO_RCC","name":"SALDO_VENCIDO_RCC","searchable":"false","orderable":"true","search":{"value":null,"regex":"false"}},{"data":"NIVEL_ALERTA","name":"NIVEL_ALERTA","searchable":"false","orderable":"true","search":{"value":null,"regex":"false"}},{"data":"FECHA_ULTIMO_RECALCULO_INFINITY","name":"FECHA_ULTIMO_RECALCULO_INFINITY","searchable":"false","orderable":"true","search":{"value":null,"regex":"false"}},{"data":"ALERTA_DOCUMENTACION","name":"ALERTA_DOCUMENTACION","searchable":"false","orderable":"false","search":{"value":null,"regex":"false"}},{"data":"FECHA_ULTIMA_VISITA_INFINITY","name":"FECHA_ULTIMA_VISITA_INFINITY","searchable":"false","orderable":"true","search":{"value":null,"regex":"false"}},{"data":"FLAG_GESTIONABLE","name":"FLAG_GESTIONABLE","searchable":"false","orderable":"true","search":{"value":null,"regex":"false"}},{"data":"ESTADO_GESTION","name":"ESTADO_GESTION","searchable":"false","orderable":"true","search":{"value":null,"regex":"false"}},{"data":"COD_UNICO","name":"WIC.COD_UNICO","searchable":"true","orderable":"false","search":{"value":null,"regex":"false"}}],"order":[{"column":"0","dir":"desc"},{"column":"3","dir":"desc"}],"start":"0","length":"25","search":{"value":null,"regex":"false"},"_":"1556554204553"}
B25890|::1|Windows|7|Chrome|73.0.3683.103|2019-04-29 11:10:05|200|GET|http://localhost:8080/webvpc/public/_debugbar/open|{"op":"get","id":"e421feaee2314b960feabeca36cd9e69"}
B25890|::1|Windows|7|Chrome|73.0.3683.103|2019-04-29 11:10:18|200|GET|http://localhost:8080/webvpc/public/infinity/me/clientes/get|{"draw":"2","columns":[{"data":"FLG_INFINITY","name":"FLG_INFINITY","searchable":"false","orderable":"true","search":{"value":null,"regex":"false"}},{"data":"EJECUTIVO","name":"WU.NOMBRE","searchable":"false","orderable":"true","search":{"value":null,"regex":"false"}},{"data":"NOMBRE","name":"WIC.NOMBRE","searchable":"true","orderable":"true","search":{"value":null,"regex":"false"}},{"data":"SALDO_RCC","name":"SALDO_RCC","searchable":"false","orderable":"true","search":{"value":null,"regex":"false"}},{"data":"SALDO_VENCIDO_RCC","name":"SALDO_VENCIDO_RCC","searchable":"false","orderable":"true","search":{"value":null,"regex":"false"}},{"data":"NIVEL_ALERTA","name":"NIVEL_ALERTA","searchable":"false","orderable":"true","search":{"value":null,"regex":"false"}},{"data":"FECHA_ULTIMO_RECALCULO_INFINITY","name":"FECHA_ULTIMO_RECALCULO_INFINITY","searchable":"false","orderable":"true","search":{"value":null,"regex":"false"}},{"data":"ALERTA_DOCUMENTACION","name":"ALERTA_DOCUMENTACION","searchable":"false","orderable":"false","search":{"value":null,"regex":"false"}},{"data":"FECHA_ULTIMA_VISITA_INFINITY","name":"FECHA_ULTIMA_VISITA_INFINITY","searchable":"false","orderable":"true","search":{"value":null,"regex":"false"}},{"data":"FLAG_GESTIONABLE","name":"FLAG_GESTIONABLE","searchable":"false","orderable":"true","search":{"value":null,"regex":"false"}},{"data":"ESTADO_GESTION","name":"ESTADO_GESTION","searchable":"false","orderable":"true","search":{"value":null,"regex":"false"}},{"data":"COD_UNICO","name":"WIC.COD_UNICO","searchable":"true","orderable":"false","search":{"value":null,"regex":"false"}}],"order":[{"column":"0","dir":"desc"},{"column":"3","dir":"desc"}],"start":"0","length":"25","search":{"value":"0009460563","regex":"false"},"_":"1556554204554"}
B25890|::1|Windows|7|Chrome|73.0.3683.103|2019-04-29 11:10:18|200|GET|http://localhost:8080/webvpc/public/_debugbar/open|{"op":"get","id":"f213d9e5e07cf4371666a4af5de528e1"}
B25890|::1|Windows|7|Chrome|73.0.3683.103|2019-04-29 11:10:19|200|GET|http://localhost:8080/webvpc/public/infinity/me/clientes/get|{"draw":"3","columns":[{"data":"FLG_INFINITY","name":"FLG_INFINITY","searchable":"false","orderable":"true","search":{"value":null,"regex":"false"}},{"data":"EJECUTIVO","name":"WU.NOMBRE","searchable":"false","orderable":"true","search":{"value":null,"regex":"false"}},{"data":"NOMBRE","name":"WIC.NOMBRE","searchable":"true","orderable":"true","search":{"value":null,"regex":"false"}},{"data":"SALDO_RCC","name":"SALDO_RCC","searchable":"false","orderable":"true","search":{"value":null,"regex":"false"}},{"data":"SALDO_VENCIDO_RCC","name":"SALDO_VENCIDO_RCC","searchable":"false","orderable":"true","search":{"value":null,"regex":"false"}},{"data":"NIVEL_ALERTA","name":"NIVEL_ALERTA","searchable":"false","orderable":"true","search":{"value":null,"regex":"false"}},{"data":"FECHA_ULTIMO_RECALCULO_INFINITY","name":"FECHA_ULTIMO_RECALCULO_INFINITY","searchable":"false","orderable":"true","search":{"value":null,"regex":"false"}},{"data":"ALERTA_DOCUMENTACION","name":"ALERTA_DOCUMENTACION","searchable":"false","orderable":"false","search":{"value":null,"regex":"false"}},{"data":"FECHA_ULTIMA_VISITA_INFINITY","name":"FECHA_ULTIMA_VISITA_INFINITY","searchable":"false","orderable":"true","search":{"value":null,"regex":"false"}},{"data":"FLAG_GESTIONABLE","name":"FLAG_GESTIONABLE","searchable":"false","orderable":"true","search":{"value":null,"regex":"false"}},{"data":"ESTADO_GESTION","name":"ESTADO_GESTION","searchable":"false","orderable":"true","search":{"value":null,"regex":"false"}},{"data":"COD_UNICO","name":"WIC.COD_UNICO","searchable":"true","orderable":"false","search":{"value":null,"regex":"false"}}],"order":[{"column":"0","dir":"desc"},{"column":"3","dir":"desc"}],"start":"0","length":"25","search":{"value":null,"regex":"false"},"_":"1556554204555"}
B25890|::1|Windows|7|Chrome|73.0.3683.103|2019-04-29 11:10:19|200|GET|http://localhost:8080/webvpc/public/_debugbar/open|{"op":"get","id":"e87c3a3a401126be478a579070dcba83"}
B25890|::1|Windows|7|Chrome|73.0.3683.103|2019-04-29 11:14:32|200|GET|http://localhost:8080/webvpc/public/infinity/me/cliente/visita|{"cu":"0009229365"}
B25890|::1|Windows|7|Chrome|73.0.3683.103|2019-04-29 11:14:37|200|GET|http://localhost:8080/webvpc/public/infinity/me/clientes/get|{"draw":"1","columns":[{"data":"FLG_INFINITY","name":"FLG_INFINITY","searchable":"false","orderable":"true","search":{"value":null,"regex":"false"}},{"data":"EJECUTIVO","name":"WU.NOMBRE","searchable":"false","orderable":"true","search":{"value":null,"regex":"false"}},{"data":"NOMBRE","name":"WIC.NOMBRE","searchable":"true","orderable":"true","search":{"value":null,"regex":"false"}},{"data":"SALDO_RCC","name":"SALDO_RCC","searchable":"false","orderable":"true","search":{"value":null,"regex":"false"}},{"data":"SALDO_VENCIDO_RCC","name":"SALDO_VENCIDO_RCC","searchable":"false","orderable":"true","search":{"value":null,"regex":"false"}},{"data":"NIVEL_ALERTA","name":"NIVEL_ALERTA","searchable":"false","orderable":"true","search":{"value":null,"regex":"false"}},{"data":"FECHA_ULTIMO_RECALCULO_INFINITY","name":"FECHA_ULTIMO_RECALCULO_INFINITY","searchable":"false","orderable":"true","search":{"value":null,"regex":"false"}},{"data":"ALERTA_DOCUMENTACION","name":"ALERTA_DOCUMENTACION","searchable":"false","orderable":"false","search":{"value":null,"regex":"false"}},{"data":"FECHA_ULTIMA_VISITA_INFINITY","name":"FECHA_ULTIMA_VISITA_INFINITY","searchable":"false","orderable":"true","search":{"value":null,"regex":"false"}},{"data":"FLAG_GESTIONABLE","name":"FLAG_GESTIONABLE","searchable":"false","orderable":"true","search":{"value":null,"regex":"false"}},{"data":"ESTADO_GESTION","name":"ESTADO_GESTION","searchable":"false","orderable":"true","search":{"value":null,"regex":"false"}},{"data":"COD_UNICO","name":"WIC.COD_UNICO","searchable":"true","orderable":"false","search":{"value":null,"regex":"false"}}],"order":[{"column":"0","dir":"desc"},{"column":"3","dir":"desc"}],"start":"0","length":"25","search":{"value":null,"regex":"false"},"_":"1556554476704"}
B25890|::1|Windows|7|Chrome|73.0.3683.103|2019-04-29 11:14:37|200|GET|http://localhost:8080/webvpc/public/_debugbar/open|{"op":"get","id":"84b83d74d87dae0892c02bdeba3f87f0"}
B25890|::1|Windows|7|Chrome|73.0.3683.103|2019-04-29 11:14:38|200|GET|http://localhost:8080/webvpc/public/infinity/me/cliente/visita|{"cu":"0008612845"}
B25890|::1|Windows|7|Chrome|73.0.3683.103|2019-04-29 11:14:41|200|GET|http://localhost:8080/webvpc/public/infinity/me/clientes/get|{"draw":"1","columns":[{"data":"FLG_INFINITY","name":"FLG_INFINITY","searchable":"false","orderable":"true","search":{"value":null,"regex":"false"}},{"data":"EJECUTIVO","name":"WU.NOMBRE","searchable":"false","orderable":"true","search":{"value":null,"regex":"false"}},{"data":"NOMBRE","name":"WIC.NOMBRE","searchable":"true","orderable":"true","search":{"value":null,"regex":"false"}},{"data":"SALDO_RCC","name":"SALDO_RCC","searchable":"false","orderable":"true","search":{"value":null,"regex":"false"}},{"data":"SALDO_VENCIDO_RCC","name":"SALDO_VENCIDO_RCC","searchable":"false","orderable":"true","search":{"value":null,"regex":"false"}},{"data":"NIVEL_ALERTA","name":"NIVEL_ALERTA","searchable":"false","orderable":"true","search":{"value":null,"regex":"false"}},{"data":"FECHA_ULTIMO_RECALCULO_INFINITY","name":"FECHA_ULTIMO_RECALCULO_INFINITY","searchable":"false","orderable":"true","search":{"value":null,"regex":"false"}},{"data":"ALERTA_DOCUMENTACION","name":"ALERTA_DOCUMENTACION","searchable":"false","orderable":"false","search":{"value":null,"regex":"false"}},{"data":"FECHA_ULTIMA_VISITA_INFINITY","name":"FECHA_ULTIMA_VISITA_INFINITY","searchable":"false","orderable":"true","search":{"value":null,"regex":"false"}},{"data":"FLAG_GESTIONABLE","name":"FLAG_GESTIONABLE","searchable":"false","orderable":"true","search":{"value":null,"regex":"false"}},{"data":"ESTADO_GESTION","name":"ESTADO_GESTION","searchable":"false","orderable":"true","search":{"value":null,"regex":"false"}},{"data":"COD_UNICO","name":"WIC.COD_UNICO","searchable":"true","orderable":"false","search":{"value":null,"regex":"false"}}],"order":[{"column":"0","dir":"desc"},{"column":"3","dir":"desc"}],"start":"0","length":"25","search":{"value":null,"regex":"false"},"_":"1556554481355"}
B25890|::1|Windows|7|Chrome|73.0.3683.103|2019-04-29 11:14:42|200|GET|http://localhost:8080/webvpc/public/_debugbar/open|{"op":"get","id":"100f722e25ed25c8431dfd9d4866049d"}
B25890|::1|Windows|7|Chrome|73.0.3683.103|2019-04-29 11:14:54|200|GET|http://localhost:8080/webvpc/public/infinity/me/clientes/get|{"draw":"1","columns":[{"data":"FLG_INFINITY","name":"FLG_INFINITY","searchable":"false","orderable":"true","search":{"value":null,"regex":"false"}},{"data":"EJECUTIVO","name":"WU.NOMBRE","searchable":"false","orderable":"true","search":{"value":null,"regex":"false"}},{"data":"NOMBRE","name":"WIC.NOMBRE","searchable":"true","orderable":"true","search":{"value":null,"regex":"false"}},{"data":"SALDO_RCC","name":"SALDO_RCC","searchable":"false","orderable":"true","search":{"value":null,"regex":"false"}},{"data":"SALDO_VENCIDO_RCC","name":"SALDO_VENCIDO_RCC","searchable":"false","orderable":"true","search":{"value":null,"regex":"false"}},{"data":"NIVEL_ALERTA","name":"NIVEL_ALERTA","searchable":"false","orderable":"true","search":{"value":null,"regex":"false"}},{"data":"FECHA_ULTIMO_RECALCULO_INFINITY","name":"FECHA_ULTIMO_RECALCULO_INFINITY","searchable":"false","orderable":"true","search":{"value":null,"regex":"false"}},{"data":"ALERTA_DOCUMENTACION","name":"ALERTA_DOCUMENTACION","searchable":"false","orderable":"false","search":{"value":null,"regex":"false"}},{"data":"FECHA_ULTIMA_VISITA_INFINITY","name":"FECHA_ULTIMA_VISITA_INFINITY","searchable":"false","orderable":"true","search":{"value":null,"regex":"false"}},{"data":"FLAG_GESTIONABLE","name":"FLAG_GESTIONABLE","searchable":"false","orderable":"true","search":{"value":null,"regex":"false"}},{"data":"ESTADO_GESTION","name":"ESTADO_GESTION","searchable":"false","orderable":"true","search":{"value":null,"regex":"false"}},{"data":"COD_UNICO","name":"WIC.COD_UNICO","searchable":"true","orderable":"false","search":{"value":null,"regex":"false"}}],"order":[{"column":"0","dir":"desc"},{"column":"3","dir":"desc"}],"start":"0","length":"25","search":{"value":null,"regex":"false"},"_":"1556554494408"}
B25890|::1|Windows|7|Chrome|73.0.3683.103|2019-04-29 11:14:55|200|GET|http://localhost:8080/webvpc/public/_debugbar/open|{"op":"get","id":"5062c0895aedd11c60a74dd3bf04556c"}
B25890|::1|Windows|7|Chrome|73.0.3683.103|2019-04-29 11:19:12|200|GET|http://localhost:8080/webvpc/public/infinity/me/cliente/visita|{"cu":"0008612845"}
guest|::1|Windows|7|Chrome|73.0.3683.103|2019-04-29 14:14:45|200|GET|http://localhost:8080/webvpc/public|[]
guest|::1|Windows|7|Chrome|73.0.3683.103|2019-04-29 14:14:45|200|GET|http://localhost:8080/webvpc/public/_debugbar/assets/stylesheets|{"v":"1502731300"}
guest|::1|Windows|7|Chrome|73.0.3683.103|2019-04-29 14:14:46|200|GET|http://localhost:8080/webvpc/public/_debugbar/assets/javascript|{"v":"1502731300"}
guest|::1|Windows|7|Chrome|73.0.3683.103|2019-04-29 14:15:50|200|GET|http://localhost:8080/webvpc/public/extra-login|[]
guest|::1|Windows|7|Chrome|73.0.3683.103|2019-04-29 14:15:55|302|POST|http://localhost:8080/webvpc/public/extra-attempt|{"_token":"HLQjkMzTw93Yqf24enFve5QdBdjIqCTufYnthQv1","registro":"B30435","passw":"vpc201801*"}
guest|::1|Windows|7|Chrome|73.0.3683.103|2019-04-29 14:15:55|200|GET|http://localhost:8080/webvpc/public/extra-login|[]
B30435|::1|Windows|7|Chrome|73.0.3683.103|2019-04-29 14:16:03|302|POST|http://localhost:8080/webvpc/public/extra-attempt|{"_token":"HLQjkMzTw93Yqf24enFve5QdBdjIqCTufYnthQv1","registro":"B30435","passw":"VPC201801*"}
B30435|::1|Windows|7|Chrome|73.0.3683.103|2019-04-29 14:16:04|200|GET|http://localhost:8080/webvpc/public/be/misacciones/lista|[]
B30435|::1|Windows|7|Chrome|73.0.3683.103|2019-04-29 14:16:07|200|GET|http://localhost:8080/webvpc/public/infinity/me/clientes|[]
B30435|::1|Windows|7|Chrome|73.0.3683.103|2019-04-29 14:16:08|200|GET|http://localhost:8080/webvpc/public/infinity/me/clientes/get|{"draw":"1","columns":[{"data":"FLG_INFINITY","name":"FLG_INFINITY","searchable":"false","orderable":"true","search":{"value":null,"regex":"false"}},{"data":"EJECUTIVO","name":"WU.NOMBRE","searchable":"false","orderable":"true","search":{"value":null,"regex":"false"}},{"data":"NOMBRE","name":"WIC.NOMBRE","searchable":"true","orderable":"true","search":{"value":null,"regex":"false"}},{"data":"SALDO_RCC","name":"SALDO_RCC","searchable":"false","orderable":"true","search":{"value":null,"regex":"false"}},{"data":"SALDO_VENCIDO_RCC","name":"SALDO_VENCIDO_RCC","searchable":"false","orderable":"true","search":{"value":null,"regex":"false"}},{"data":"NIVEL_ALERTA","name":"NIVEL_ALERTA","searchable":"false","orderable":"true","search":{"value":null,"regex":"false"}},{"data":"FECHA_ULTIMO_RECALCULO_INFINITY","name":"FECHA_ULTIMO_RECALCULO_INFINITY","searchable":"false","orderable":"true","search":{"value":null,"regex":"false"}},{"data":"ALERTA_DOCUMENTACION","name":"ALERTA_DOCUMENTACION","searchable":"false","orderable":"false","search":{"value":null,"regex":"false"}},{"data":"FECHA_ULTIMA_VISITA_INFINITY","name":"FECHA_ULTIMA_VISITA_INFINITY","searchable":"false","orderable":"true","search":{"value":null,"regex":"false"}},{"data":"FLAG_GESTIONABLE","name":"FLAG_GESTIONABLE","searchable":"false","orderable":"true","search":{"value":null,"regex":"false"}},{"data":"ESTADO_GESTION","name":"ESTADO_GESTION","searchable":"false","orderable":"true","search":{"value":null,"regex":"false"}},{"data":"COD_UNICO","name":"WIC.COD_UNICO","searchable":"true","orderable":"false","search":{"value":null,"regex":"false"}}],"order":[{"column":"0","dir":"desc"},{"column":"3","dir":"desc"}],"start":"0","length":"25","search":{"value":null,"regex":"false"},"_":"1556565367745"}
B30435|::1|Windows|7|Chrome|73.0.3683.103|2019-04-29 14:16:08|200|GET|http://localhost:8080/webvpc/public/_debugbar/open|{"op":"get","id":"ffc0bbd5a92decd1bb4ddfb7c0cd2931"}
B30435|::1|Windows|7|Chrome|73.0.3683.103|2019-04-29 14:54:32|200|GET|http://localhost:8080/webvpc/public/infinity/me/clientes|[]
B30435|::1|Windows|7|Chrome|73.0.3683.103|2019-04-29 14:54:32|200|GET|http://localhost:8080/webvpc/public/_debugbar/assets/stylesheets|{"v":"1502731300"}
B30435|::1|Windows|7|Chrome|73.0.3683.103|2019-04-29 14:54:32|200|GET|http://localhost:8080/webvpc/public/_debugbar/assets/javascript|{"v":"1502731300"}
B30435|::1|Windows|7|Chrome|73.0.3683.103|2019-04-29 14:54:33|200|GET|http://localhost:8080/webvpc/public/infinity/me/clientes/get|{"draw":"1","columns":[{"data":"FLG_INFINITY","name":"FLG_INFINITY","searchable":"false","orderable":"true","search":{"value":null,"regex":"false"}},{"data":"EJECUTIVO","name":"WU.NOMBRE","searchable":"false","orderable":"true","search":{"value":null,"regex":"false"}},{"data":"NOMBRE","name":"WIC.NOMBRE","searchable":"true","orderable":"true","search":{"value":null,"regex":"false"}},{"data":"SALDO_RCC","name":"SALDO_RCC","searchable":"false","orderable":"true","search":{"value":null,"regex":"false"}},{"data":"SALDO_VENCIDO_RCC","name":"SALDO_VENCIDO_RCC","searchable":"false","orderable":"true","search":{"value":null,"regex":"false"}},{"data":"NIVEL_ALERTA","name":"NIVEL_ALERTA","searchable":"false","orderable":"true","search":{"value":null,"regex":"false"}},{"data":"FECHA_ULTIMO_RECALCULO_INFINITY","name":"FECHA_ULTIMO_RECALCULO_INFINITY","searchable":"false","orderable":"true","search":{"value":null,"regex":"false"}},{"data":"ALERTA_DOCUMENTACION","name":"ALERTA_DOCUMENTACION","searchable":"false","orderable":"false","search":{"value":null,"regex":"false"}},{"data":"FECHA_ULTIMA_VISITA_INFINITY","name":"FECHA_ULTIMA_VISITA_INFINITY","searchable":"false","orderable":"true","search":{"value":null,"regex":"false"}},{"data":"FLAG_GESTIONABLE","name":"FLAG_GESTIONABLE","searchable":"false","orderable":"true","search":{"value":null,"regex":"false"}},{"data":"ESTADO_GESTION","name":"ESTADO_GESTION","searchable":"false","orderable":"true","search":{"value":null,"regex":"false"}},{"data":"COD_UNICO","name":"WIC.COD_UNICO","searchable":"true","orderable":"false","search":{"value":null,"regex":"false"}}],"order":[{"column":"0","dir":"desc"},{"column":"3","dir":"desc"}],"start":"0","length":"25","search":{"value":null,"regex":"false"},"_":"1556567672204"}
B30435|::1|Windows|7|Chrome|73.0.3683.103|2019-04-29 14:54:34|200|GET|http://localhost:8080/webvpc/public/_debugbar/open|{"op":"get","id":"479dba667b8f4ec2541596e8a1a8e8b1"}
B30435|::1|Windows|7|Chrome|73.0.3683.103|2019-04-29 14:54:47|200|GET|http://localhost:8080/webvpc/public/infinity/me/clientes|[]
B30435|::1|Windows|7|Chrome|73.0.3683.103|2019-04-29 14:54:47|200|GET|http://localhost:8080/webvpc/public/_debugbar/assets/stylesheets|{"v":"1502731300"}
B30435|::1|Windows|7|Chrome|73.0.3683.103|2019-04-29 14:54:47|200|GET|http://localhost:8080/webvpc/public/_debugbar/assets/javascript|{"v":"1502731300"}
B30435|::1|Windows|7|Chrome|73.0.3683.103|2019-04-29 14:54:48|200|GET|http://localhost:8080/webvpc/public/infinity/me/clientes/get|{"draw":"1","columns":[{"data":"FLG_INFINITY","name":"FLG_INFINITY","searchable":"false","orderable":"true","search":{"value":null,"regex":"false"}},{"data":"EJECUTIVO","name":"WU.NOMBRE","searchable":"false","orderable":"true","search":{"value":null,"regex":"false"}},{"data":"NOMBRE","name":"WIC.NOMBRE","searchable":"true","orderable":"true","search":{"value":null,"regex":"false"}},{"data":"SALDO_RCC","name":"SALDO_RCC","searchable":"false","orderable":"true","search":{"value":null,"regex":"false"}},{"data":"SALDO_VENCIDO_RCC","name":"SALDO_VENCIDO_RCC","searchable":"false","orderable":"true","search":{"value":null,"regex":"false"}},{"data":"NIVEL_ALERTA","name":"NIVEL_ALERTA","searchable":"false","orderable":"true","search":{"value":null,"regex":"false"}},{"data":"FECHA_ULTIMO_RECALCULO_INFINITY","name":"FECHA_ULTIMO_RECALCULO_INFINITY","searchable":"false","orderable":"true","search":{"value":null,"regex":"false"}},{"data":"ALERTA_DOCUMENTACION","name":"ALERTA_DOCUMENTACION","searchable":"false","orderable":"false","search":{"value":null,"regex":"false"}},{"data":"FECHA_ULTIMA_VISITA_INFINITY","name":"FECHA_ULTIMA_VISITA_INFINITY","searchable":"false","orderable":"true","search":{"value":null,"regex":"false"}},{"data":"FLAG_GESTIONABLE","name":"FLAG_GESTIONABLE","searchable":"false","orderable":"true","search":{"value":null,"regex":"false"}},{"data":"ESTADO_GESTION","name":"ESTADO_GESTION","searchable":"false","orderable":"true","search":{"value":null,"regex":"false"}},{"data":"COD_UNICO","name":"WIC.COD_UNICO","searchable":"true","orderable":"false","search":{"value":null,"regex":"false"}}],"order":[{"column":"0","dir":"desc"},{"column":"3","dir":"desc"}],"start":"0","length":"25","search":{"value":null,"regex":"false"},"_":"1556567687185"}
B30435|::1|Windows|7|Chrome|73.0.3683.103|2019-04-29 14:54:49|200|GET|http://localhost:8080/webvpc/public/_debugbar/open|{"op":"get","id":"828b317a81ad7bf560e58ea37b72f382"}
B25890|::1|Windows|7|Chrome|73.0.3683.103|2019-04-29 15:53:59|302|GET|http://localhost:8080/webvpc/public|[]
B25890|::1|Windows|7|Chrome|73.0.3683.103|2019-04-29 15:54:00|200|GET|http://localhost:8080/webvpc/public/be/misacciones/lista|[]
guest|::1|Windows|7|Chrome|73.0.3683.103|2019-04-29 15:54:18|302|GET|http://localhost:8080/webvpc/public/logout|[]
guest|::1|Windows|7|Chrome|73.0.3683.103|2019-04-29 15:54:18|200|GET|http://localhost:8080/webvpc/public|[]
guest|::1|Windows|7|Chrome|73.0.3683.103|2019-04-29 15:54:27|302|POST|http://localhost:8080/webvpc/public/login|{"_token":"iX37xx4FRTyKPZcG1fZRqVCFKrScSDEzPusZUlxn","registro":"bp2567","passw":"bp2567"}
guest|::1|Windows|7|Chrome|73.0.3683.103|2019-04-29 15:54:28|200|GET|http://localhost:8080/webvpc/public|[]
BP2567|::1|Windows|7|Chrome|73.0.3683.103|2019-04-29 15:54:36|500|POST|http://localhost:8080/webvpc/public/login|{"_token":"iX37xx4FRTyKPZcG1fZRqVCFKrScSDEzPusZUlxn","registro":"bp2567","passw":"BP2567"}
BP2567|::1|Windows|7|Chrome|73.0.3683.103|2019-04-29 15:56:00|500|POST|http://localhost:8080/webvpc/public/login|{"_token":"iX37xx4FRTyKPZcG1fZRqVCFKrScSDEzPusZUlxn","registro":"bp2567","passw":"BP2567"}
BP2567|::1|Windows|7|Chrome|73.0.3683.103|2019-04-29 15:56:01|200|GET|http://localhost:8080/webvpc/public/_debugbar/assets/javascript|{"v":"1502731300"}
BP2567|::1|Windows|7|Chrome|73.0.3683.103|2019-04-29 15:56:01|200|GET|http://localhost:8080/webvpc/public/_debugbar/assets/stylesheets|{"v":"1502731300"}
BP2567|::1|Windows|7|Chrome|73.0.3683.103|2019-04-29 15:56:07|404|GET|http://localhost:8080/webvpc/public/saldos|[]
BP2567|::1|Windows|7|Chrome|73.0.3683.103|2019-04-29 15:56:15|500|GET|http://localhost:8080/webvpc/public|[]
BP2567|::1|Windows|7|Chrome|73.0.3683.103|2019-04-29 15:56:24|200|GET|http://localhost:8080/webvpc/public/ssrs/saldos|[]
guest|::1|Windows|7|Chrome|73.0.3683.103|2019-04-29 15:56:32|302|GET|http://localhost:8080/webvpc/public/logout|[]
guest|::1|Windows|7|Chrome|73.0.3683.103|2019-04-29 15:56:32|200|GET|http://localhost:8080/webvpc/public|[]
guest|::1|Windows|7|Chrome|73.0.3683.103|2019-04-29 15:56:37|302|POST|http://localhost:8080/webvpc/public/login|{"_token":"iX37xx4FRTyKPZcG1fZRqVCFKrScSDEzPusZUlxn","registro":"bp2567","passw":"bp2567"}
guest|::1|Windows|7|Chrome|73.0.3683.103|2019-04-29 15:56:37|200|GET|http://localhost:8080/webvpc/public|[]
guest|::1|Windows|7|Chrome|73.0.3683.103|2019-04-29 15:56:42|302|POST|http://localhost:8080/webvpc/public/login|{"_token":"iX37xx4FRTyKPZcG1fZRqVCFKrScSDEzPusZUlxn","registro":"bp2567","passw":"bp2567"}
guest|::1|Windows|7|Chrome|73.0.3683.103|2019-04-29 15:56:42|200|GET|http://localhost:8080/webvpc/public|[]
guest|::1|Windows|7|Chrome|73.0.3683.103|2019-04-29 15:56:48|302|POST|http://localhost:8080/webvpc/public/login|{"_token":"iX37xx4FRTyKPZcG1fZRqVCFKrScSDEzPusZUlxn","registro":"bp2567","passw":"75741816"}
guest|::1|Windows|7|Chrome|73.0.3683.103|2019-04-29 15:56:48|200|GET|http://localhost:8080/webvpc/public|[]
BP2567|::1|Windows|7|Chrome|73.0.3683.103|2019-04-29 15:56:58|500|POST|http://localhost:8080/webvpc/public/login|{"_token":"iX37xx4FRTyKPZcG1fZRqVCFKrScSDEzPusZUlxn","registro":"bp2567","passw":"BP2567"}
BP2567|::1|Windows|7|Chrome|73.0.3683.103|2019-04-29 15:58:15|302|POST|http://localhost:8080/webvpc/public/login|{"_token":"iX37xx4FRTyKPZcG1fZRqVCFKrScSDEzPusZUlxn","registro":"bp2567","passw":"BP2567"}
BP2567|::1|Windows|7|Chrome|73.0.3683.103|2019-04-29 15:58:15|200|GET|http://localhost:8080/webvpc/public/ssrs/saldos|[]
BP2567|::1|Windows|7|Chrome|73.0.3683.103|2019-04-29 15:58:16|200|GET|http://localhost:8080/webvpc/public/_debugbar/assets/stylesheets|{"v":"1502731300"}
BP2567|::1|Windows|7|Chrome|73.0.3683.103|2019-04-29 15:58:16|200|GET|http://localhost:8080/webvpc/public/_debugbar/assets/javascript|{"v":"1502731300"}
guest|::1|Windows|7|Chrome|73.0.3683.103|2019-04-29 15:58:19|302|GET|http://localhost:8080/webvpc/public/logout|[]
guest|::1|Windows|7|Chrome|73.0.3683.103|2019-04-29 15:58:19|200|GET|http://localhost:8080/webvpc/public|[]
BP2567|::1|Windows|7|Chrome|73.0.3683.103|2019-04-29 15:58:24|302|POST|http://localhost:8080/webvpc/public/login|{"_token":"iX37xx4FRTyKPZcG1fZRqVCFKrScSDEzPusZUlxn","registro":"bp2567","passw":"BP2567"}
BP2567|::1|Windows|7|Chrome|73.0.3683.103|2019-04-29 15:58:24|200|GET|http://localhost:8080/webvpc/public/ssrs/saldos|[]
BP2567|::1|Windows|7|Chrome|73.0.3683.103|2019-04-29 15:59:05|200|GET|http://localhost:8080/webvpc/public/ssrs/saldos|[]
BP2567|::1|Windows|7|Chrome|73.0.3683.103|2019-04-29 15:59:06|200|GET|http://localhost:8080/webvpc/public/_debugbar/assets/javascript|{"v":"1502731300"}
BP2567|::1|Windows|7|Chrome|73.0.3683.103|2019-04-29 15:59:06|200|GET|http://localhost:8080/webvpc/public/_debugbar/assets/stylesheets|{"v":"1502731300"}
BP2567|::1|Windows|7|Chrome|73.0.3683.103|2019-04-29 15:59:38|200|GET|http://localhost:8080/webvpc/public/ssrs/saldos|[]
BP2567|::1|Windows|7|Chrome|73.0.3683.103|2019-04-29 15:59:38|200|GET|http://localhost:8080/webvpc/public/_debugbar/assets/stylesheets|{"v":"1502731300"}
BP2567|::1|Windows|7|Chrome|73.0.3683.103|2019-04-29 15:59:38|200|GET|http://localhost:8080/webvpc/public/_debugbar/assets/javascript|{"v":"1502731300"}
guest|::1|Windows|7|Chrome|73.0.3683.103|2019-04-29 15:59:41|302|GET|http://localhost:8080/webvpc/public/logout|[]
guest|::1|Windows|7|Chrome|73.0.3683.103|2019-04-29 15:59:41|200|GET|http://localhost:8080/webvpc/public|[]
guest|::1|Windows|7|Chrome|73.0.3683.103|2019-04-29 16:00:15|200|GET|http://localhost:8080/webvpc/public|[]
guest|::1|Windows|7|Chrome|73.0.3683.103|2019-04-29 16:00:16|200|GET|http://localhost:8080/webvpc/public/_debugbar/assets/stylesheets|{"v":"1502731300"}
guest|::1|Windows|7|Chrome|73.0.3683.103|2019-04-29 16:00:16|200|GET|http://localhost:8080/webvpc/public/_debugbar/assets/javascript|{"v":"1502731300"}
guest|::1|Windows|7|Chrome|73.0.3683.103|2019-04-29 16:08:30|200|GET|http://localhost:8080/webvpc/public/pass-gen|[]
guest|::1|Windows|7|Chrome|73.0.3683.103|2019-04-29 16:08:33|302|POST|http://localhost:8080/webvpc/public/pass-save|{"_token":"iX37xx4FRTyKPZcG1fZRqVCFKrScSDEzPusZUlxn","registro":"M0142","passw":"M0142"}
guest|::1|Windows|7|Chrome|73.0.3683.103|2019-04-29 16:08:34|200|GET|http://localhost:8080/webvpc/public/pass-gen|[]
guest|::1|Windows|7|Chrome|73.0.3683.103|2019-04-29 16:08:36|200|GET|http://localhost:8080/webvpc/public|[]
guest|::1|Windows|7|Chrome|73.0.3683.103|2019-04-29 16:08:44|200|GET|http://localhost:8080/webvpc/public|[]
guest|::1|Windows|7|Chrome|73.0.3683.103|2019-04-29 16:08:46|302|POST|http://localhost:8080/webvpc/public/login|{"_token":"iX37xx4FRTyKPZcG1fZRqVCFKrScSDEzPusZUlxn","registro":"M0142","passw":"M0142"}
guest|::1|Windows|7|Chrome|73.0.3683.103|2019-04-29 16:08:47|200|GET|http://localhost:8080/webvpc/public|[]
guest|::1|Windows|7|Chrome|73.0.3683.103|2019-04-29 16:08:53|404|GET|http://localhost:8080/webvpc/public/M0142|[]
guest|::1|Windows|7|Chrome|73.0.3683.103|2019-04-29 16:08:57|200|GET|http://localhost:8080/webvpc/public/pass-gen|[]
guest|::1|Windows|7|Chrome|73.0.3683.103|2019-04-29 16:09:00|302|POST|http://localhost:8080/webvpc/public/pass-save|{"_token":"iX37xx4FRTyKPZcG1fZRqVCFKrScSDEzPusZUlxn","registro":"M0142","passw":"M0142"}
guest|::1|Windows|7|Chrome|73.0.3683.103|2019-04-29 16:09:01|200|GET|http://localhost:8080/webvpc/public/pass-gen|[]
guest|::1|Windows|7|Chrome|73.0.3683.103|2019-04-29 16:09:31|302|POST|http://localhost:8080/webvpc/public/pass-save|{"_token":"iX37xx4FRTyKPZcG1fZRqVCFKrScSDEzPusZUlxn","registro":"M0142","passw":"M0142"}
guest|::1|Windows|7|Chrome|73.0.3683.103|2019-04-29 16:09:32|200|GET|http://localhost:8080/webvpc/public/pass-gen|[]
guest|::1|Windows|7|Chrome|73.0.3683.103|2019-04-29 16:09:34|200|GET|http://localhost:8080/webvpc/public|[]
guest|::1|Windows|7|Chrome|73.0.3683.103|2019-04-29 16:09:39|200|GET|http://localhost:8080/webvpc/public|[]
M0142|::1|Windows|7|Chrome|73.0.3683.103|2019-04-29 16:09:41|302|POST|http://localhost:8080/webvpc/public/login|{"_token":"iX37xx4FRTyKPZcG1fZRqVCFKrScSDEzPusZUlxn","registro":"M0142","passw":"M0142"}
M0142|::1|Windows|7|Chrome|73.0.3683.103|2019-04-29 16:09:42|200|GET|http://localhost:8080/webvpc/public/home|[]
M0142|::1|Windows|7|Chrome|73.0.3683.103|2019-04-29 16:10:42|200|GET|http://localhost:8080/webvpc/public/home|[]
M0142|::1|Windows|7|Chrome|73.0.3683.103|2019-04-29 16:10:42|200|GET|http://localhost:8080/webvpc/public/_debugbar/assets/javascript|{"v":"1502731300"}
M0142|::1|Windows|7|Chrome|73.0.3683.103|2019-04-29 16:10:42|200|GET|http://localhost:8080/webvpc/public/_debugbar/assets/stylesheets|{"v":"1502731300"}
M0142|::1|Windows|7|Chrome|73.0.3683.103|2019-04-29 16:10:46|200|GET|http://localhost:8080/webvpc/public/ssrs/saldos|[]
guest|::1|Windows|7|Chrome|73.0.3683.103|2019-04-29 16:11:08|302|GET|http://localhost:8080/webvpc/public/logout|[]
guest|::1|Windows|7|Chrome|73.0.3683.103|2019-04-29 16:11:08|200|GET|http://localhost:8080/webvpc/public|[]
M0142|::1|Windows|7|Chrome|73.0.3683.103|2019-04-29 16:11:15|302|POST|http://localhost:8080/webvpc/public/login|{"_token":"iX37xx4FRTyKPZcG1fZRqVCFKrScSDEzPusZUlxn","registro":"M0142","passw":"M0142"}
M0142|::1|Windows|7|Chrome|73.0.3683.103|2019-04-29 16:11:16|200|GET|http://localhost:8080/webvpc/public/ssrs/saldos|[]
M0142|::1|Windows|7|Chrome|73.0.3683.103|2019-04-29 16:21:58|200|GET|http://localhost:8080/webvpc/public/ssrs/saldos|[]
M0142|::1|Windows|7|Chrome|73.0.3683.103|2019-04-29 16:21:59|200|GET|http://localhost:8080/webvpc/public/_debugbar/assets/stylesheets|{"v":"1502731300"}
M0142|::1|Windows|7|Chrome|73.0.3683.103|2019-04-29 16:21:59|200|GET|http://localhost:8080/webvpc/public/_debugbar/assets/javascript|{"v":"1502731300"}