guest|::1|Windows|7|Chrome|72.0.3626.121|2019-03-07 10:14:49|200|GET|http://localhost:8080/webvpc/public|[]
guest|::1|Windows|7|Chrome|72.0.3626.121|2019-03-07 10:17:50|200|GET|http://localhost:8080/webvpc/public/extra-login|[]
guest|::1|Windows|7|Chrome|72.0.3626.121|2019-03-07 10:18:01|302|POST|http://localhost:8080/webvpc/public/extra-attempt|{"_token":"z8bwwceTGqmj5I3UmtAKGisQ5UpAkLZvDDC0ZTB4","registro":"B31246","passw":"VPC20180*"}
guest|::1|Windows|7|Chrome|72.0.3626.121|2019-03-07 10:18:02|200|GET|http://localhost:8080/webvpc/public/extra-login|[]
guest|::1|Windows|7|Chrome|72.0.3626.121|2019-03-07 10:18:21|302|POST|http://localhost:8080/webvpc/public/extra-attempt|{"_token":"z8bwwceTGqmj5I3UmtAKGisQ5UpAkLZvDDC0ZTB4","registro":"B31246","passw":"VP201801*"}
guest|::1|Windows|7|Chrome|72.0.3626.121|2019-03-07 10:18:21|200|GET|http://localhost:8080/webvpc/public/extra-login|[]
B31246|::1|Windows|7|Chrome|72.0.3626.121|2019-03-07 10:18:32|302|POST|http://localhost:8080/webvpc/public/extra-attempt|{"_token":"z8bwwceTGqmj5I3UmtAKGisQ5UpAkLZvDDC0ZTB4","registro":"B31246","passw":"VPC201801*"}
B31246|::1|Windows|7|Chrome|72.0.3626.121|2019-03-07 10:18:33|200|GET|http://localhost:8080/webvpc/public/be/misacciones/lista|[]
B31246|::1|Windows|7|Chrome|72.0.3626.121|2019-03-07 10:18:42|200|GET|http://localhost:8080/webvpc/public/be/miprospecto/lista|[]
B31246|::1|Windows|7|Chrome|72.0.3626.121|2019-03-07 10:19:07|200|GET|http://localhost:8080/webvpc/public/addusuario|[]
B31246|::1|Windows|7|Chrome|72.0.3626.121|2019-03-07 10:20:58|200|GET|http://localhost:8080/webvpc/public/ecosistema/principal|[]
B31246|::1|Windows|7|Chrome|72.0.3626.121|2019-03-07 10:21:11|500|GET|http://localhost:8080/webvpc/public/ecosistema/obtener-empresas|[]
B31246|::1|Windows|7|Chrome|72.0.3626.121|2019-03-07 10:21:12|200|GET|http://localhost:8080/webvpc/public/_debugbar/open|{"op":"get","id":"53d6d418e0f3e3f459c8144a0cf69532"}
B31246|::1|Windows|7|Chrome|72.0.3626.121|2019-03-07 10:21:31|302|POST|http://localhost:8080/webvpc/public/extra-attempt|{"_token":"z8bwwceTGqmj5I3UmtAKGisQ5UpAkLZvDDC0ZTB4","registro":"B31246","passw":"VPC201801*"}
B31246|::1|Windows|7|Chrome|72.0.3626.121|2019-03-07 10:21:32|200|GET|http://localhost:8080/webvpc/public/be/misacciones/lista|[]
B31246|::1|Windows|7|Chrome|72.0.3626.121|2019-03-07 10:21:36|200|GET|http://localhost:8080/webvpc/public/be/miprospecto/lista|[]
B31246|::1|Windows|7|Chrome|72.0.3626.121|2019-03-07 10:45:20|200|GET|http://localhost:8080/webvpc/public/be/misacciones/lista|[]
B31246|::1|Windows|7|Chrome|72.0.3626.121|2019-03-07 10:45:25|200|GET|http://localhost:8080/webvpc/public/be/creditosvencidos|[]
B31246|::1|Windows|7|Chrome|72.0.3626.121|2019-03-07 10:45:29|200|GET|http://localhost:8080/webvpc/public/be/misacciones/lista|[]
B31246|::1|Windows|7|Chrome|72.0.3626.121|2019-03-07 10:46:08|200|GET|http://localhost:8080/webvpc/public/be/actividades|[]
B31246|::1|Windows|7|Chrome|72.0.3626.121|2019-03-07 10:46:11|200|GET|http://localhost:8080/webvpc/public/be/micontacto|[]
B31246|::1|Windows|7|Chrome|72.0.3626.121|2019-03-07 10:46:14|200|GET|http://localhost:8080/webvpc/public/be/actividades|[]
B31246|::1|Windows|7|Chrome|72.0.3626.121|2019-03-07 10:46:17|200|GET|http://localhost:8080/webvpc/public/be/miprospecto/lista|[]
guest|::1|Windows|7|Chrome|72.0.3626.121|2019-03-07 10:46:28|302|GET|http://localhost:8080/webvpc/public/logout|[]
guest|::1|Windows|7|Chrome|72.0.3626.121|2019-03-07 10:46:29|200|GET|http://localhost:8080/webvpc/public|[]
guest|::1|Windows|7|Chrome|72.0.3626.121|2019-03-07 11:20:09|200|GET|http://localhost:8080/webvpc/public|[]
guest|::1|Windows|7|Chrome|72.0.3626.121|2019-03-07 11:21:25|200|GET|http://localhost:8080/webvpc/public/extra-login|[]
B27790|::1|Windows|7|Chrome|72.0.3626.121|2019-03-07 11:21:32|302|POST|http://localhost:8080/webvpc/public/extra-attempt|{"_token":"z8bwwceTGqmj5I3UmtAKGisQ5UpAkLZvDDC0ZTB4","registro":"B27790","passw":"VPC201801*"}
B27790|::1|Windows|7|Chrome|72.0.3626.121|2019-03-07 11:21:32|200|GET|http://localhost:8080/webvpc/public/be/misacciones/lista|[]
B27790|::1|Windows|7|Chrome|72.0.3626.121|2019-03-07 11:21:36|500|GET|http://localhost:8080/webvpc/public/ecosistema/seguimiento-ingresado|[]
B27790|::1|Windows|7|Chrome|72.0.3626.121|2019-03-07 11:22:41|302|GET|http://localhost:8080/webvpc/public|[]
B27790|::1|Windows|7|Chrome|72.0.3626.121|2019-03-07 11:22:42|200|GET|http://localhost:8080/webvpc/public/be/misacciones/lista|[]
B27790|::1|Windows|7|Chrome|72.0.3626.121|2019-03-07 11:22:44|200|GET|http://localhost:8080/webvpc/public/addusuario|[]
B27790|::1|Windows|7|Chrome|72.0.3626.121|2019-03-07 11:24:11|500|GET|http://localhost:8080/webvpc/public/ecosistema/seguimiento-ingresado|[]
B27790|::1|Windows|7|Chrome|72.0.3626.121|2019-03-07 11:33:01|200|GET|http://localhost:8080/webvpc/public/addusuario|[]
B27790|::1|Windows|7|Chrome|72.0.3626.121|2019-03-07 11:33:12|200|GET|http://localhost:8080/webvpc/public/addusuario|[]
B27790|::1|Windows|7|Chrome|72.0.3626.121|2019-03-07 11:35:45|200|GET|http://localhost:8080/webvpc/public/addusuario|[]
B27790|::1|Windows|7|Chrome|72.0.3626.121|2019-03-07 11:48:33|200|GET|http://localhost:8080/webvpc/public/addusuario|[]
B27790|::1|Windows|7|Chrome|72.0.3626.121|2019-03-07 11:49:26|200|GET|http://localhost:8080/webvpc/public/addusuario|[]
B27790|::1|Windows|7|Chrome|72.0.3626.121|2019-03-07 11:52:52|200|GET|http://localhost:8080/webvpc/public/be/miprospecto/lista|[]
B27790|::1|Windows|7|Chrome|72.0.3626.121|2019-03-07 11:53:08|200|GET|http://localhost:8080/webvpc/public/be/miprospecto/consulta-referido|{"documento":"10701054186"}
B27790|::1|Windows|7|Chrome|72.0.3626.121|2019-03-07 11:53:08|200|GET|http://localhost:8080/webvpc/public/_debugbar/open|{"op":"get","id":"b56fa7daf2660bb5c28e435d77e8fc3d"}
B27790|::1|Windows|7|Chrome|72.0.3626.121|2019-03-07 11:53:54|200|GET|http://localhost:8080/webvpc/public/be/miprospecto/lista|[]
B27790|::1|Windows|7|Chrome|72.0.3626.121|2019-03-07 11:53:55|200|GET|http://localhost:8080/webvpc/public/be/miprospecto/lista|[]
B27790|::1|Windows|7|Chrome|72.0.3626.121|2019-03-07 13:16:51|200|GET|http://localhost:8080/webvpc/public/addusuario|[]
B27790|::1|Windows|7|Chrome|72.0.3626.121|2019-03-07 13:29:05|200|GET|http://localhost:8080/webvpc/public/addusuario|[]
B27790|::1|Windows|7|Chrome|72.0.3626.121|2019-03-07 13:29:25|200|GET|http://localhost:8080/webvpc/public/addusuario|[]
B27790|::1|Windows|7|Chrome|72.0.3626.121|2019-03-07 13:33:57|200|GET|http://localhost:8080/webvpc/public/be/misacciones/lista|[]
B27790|::1|Windows|7|Chrome|72.0.3626.121|2019-03-07 13:34:02|200|GET|http://localhost:8080/webvpc/public/be/miprospecto/lista|[]
guest|::1|Windows|7|Chrome|72.0.3626.121|2019-03-07 13:37:39|302|GET|http://localhost:8080/webvpc/public/logout|[]
guest|::1|Windows|7|Chrome|72.0.3626.121|2019-03-07 13:37:39|200|GET|http://localhost:8080/webvpc/public|[]
guest|::1|Windows|7|Chrome|72.0.3626.121|2019-03-07 13:37:43|200|GET|http://localhost:8080/webvpc/public/extra-login|[]
B35744|::1|Windows|7|Chrome|72.0.3626.121|2019-03-07 13:37:48|302|POST|http://localhost:8080/webvpc/public/extra-attempt|{"_token":"z8bwwceTGqmj5I3UmtAKGisQ5UpAkLZvDDC0ZTB4","registro":"B35744","passw":"VPC201801*"}
B35744|::1|Windows|7|Chrome|72.0.3626.121|2019-03-07 13:37:48|200|GET|http://localhost:8080/webvpc/public/be/misacciones/lista|[]
B35744|::1|Windows|7|Chrome|72.0.3626.121|2019-03-07 13:37:52|200|GET|http://localhost:8080/webvpc/public/be/miprospecto/lista|[]
B35744|::1|Windows|7|Chrome|72.0.3626.121|2019-03-07 13:38:02|200|GET|http://localhost:8080/webvpc/public/be/miprospecto/consulta-referido|{"documento":"20530544126"}
B35744|::1|Windows|7|Chrome|72.0.3626.121|2019-03-07 13:38:02|200|GET|http://localhost:8080/webvpc/public/_debugbar/open|{"op":"get","id":"9cb427062463ac766ee3c477bd457c4b"}
B35744|::1|Windows|7|Chrome|72.0.3626.121|2019-03-07 13:38:38|200|GET|http://localhost:8080/webvpc/public/be/miprospecto/consulta-referido|{"documento":"20101120792"}
B35744|::1|Windows|7|Chrome|72.0.3626.121|2019-03-07 13:38:38|200|GET|http://localhost:8080/webvpc/public/_debugbar/open|{"op":"get","id":"cf80c2af418ab75363f64cda4feb0c27"}
B35744|::1|Windows|7|Chrome|72.0.3626.121|2019-03-07 13:40:04|200|GET|http://localhost:8080/webvpc/public/be/miprospecto/lista|[]
B35744|::1|Windows|7|Chrome|72.0.3626.121|2019-03-07 13:55:38|200|GET|http://localhost:8080/webvpc/public/be/miprospecto/lista|[]
B35744|::1|Windows|7|Chrome|72.0.3626.121|2019-03-07 13:55:59|200|GET|http://localhost:8080/webvpc/public/be/miprospecto/lista|[]
B35744|::1|Windows|7|Chrome|72.0.3626.121|2019-03-07 13:56:00|200|GET|http://localhost:8080/webvpc/public/_debugbar/assets/stylesheets|{"v":"1502731300"}
B35744|::1|Windows|7|Chrome|72.0.3626.121|2019-03-07 13:56:00|200|GET|http://localhost:8080/webvpc/public/_debugbar/assets/javascript|{"v":"1502731300"}
B35744|::1|Windows|7|Chrome|72.0.3626.121|2019-03-07 14:11:46|200|GET|http://localhost:8080/webvpc/public/be/miprospecto/consulta-referido|{"documento":"20530743919"}
B35744|::1|Windows|7|Chrome|72.0.3626.121|2019-03-07 14:11:46|200|GET|http://localhost:8080/webvpc/public/_debugbar/open|{"op":"get","id":"8c620cfe38c31ef77e099ae11219dc7f"}
B35744|::1|Windows|7|Chrome|72.0.3626.121|2019-03-07 14:13:20|200|GET|http://localhost:8080/webvpc/public/be/miprospecto/consulta-referido|{"documento":"20101462081"}
B35744|::1|Windows|7|Chrome|72.0.3626.121|2019-03-07 14:13:20|200|GET|http://localhost:8080/webvpc/public/_debugbar/open|{"op":"get","id":"772bb0be02773bb22f4de7fa9e4e5756"}
guest|::1|Windows|7|Chrome|72.0.3626.121|2019-03-07 14:14:19|302|GET|http://localhost:8080/webvpc/public/logout|[]
guest|::1|Windows|7|Chrome|72.0.3626.121|2019-03-07 14:14:20|200|GET|http://localhost:8080/webvpc/public|[]
guest|::1|Windows|7|Chrome|72.0.3626.121|2019-03-07 14:14:25|200|GET|http://localhost:8080/webvpc/public/extra-login|[]
B26231|::1|Windows|7|Chrome|72.0.3626.121|2019-03-07 14:14:30|302|POST|http://localhost:8080/webvpc/public/extra-attempt|{"_token":"z8bwwceTGqmj5I3UmtAKGisQ5UpAkLZvDDC0ZTB4","registro":"B26231","passw":"VPC201801*"}
B26231|::1|Windows|7|Chrome|72.0.3626.121|2019-03-07 14:14:32|200|GET|http://localhost:8080/webvpc/public/be/misacciones/lista|[]
B26231|::1|Windows|7|Chrome|72.0.3626.121|2019-03-07 14:14:45|200|GET|http://localhost:8080/webvpc/public/be/miprospecto/lista|[]
B26231|::1|Windows|7|Chrome|72.0.3626.121|2019-03-07 14:20:38|200|GET|http://localhost:8080/webvpc/public/be/micontacto|[]
B26231|::1|Windows|7|Chrome|72.0.3626.121|2019-03-07 14:20:39|200|GET|http://localhost:8080/webvpc/public/be/actividades|[]
B26231|::1|Windows|7|Chrome|72.0.3626.121|2019-03-07 14:20:41|200|GET|http://localhost:8080/webvpc/public/be/creditosvencidos|[]
B26231|::1|Windows|7|Chrome|72.0.3626.121|2019-03-07 14:21:18|200|GET|http://localhost:8080/webvpc/public/be/miprospecto/lista|[]
B26231|::1|Windows|7|Chrome|72.0.3626.121|2019-03-07 14:22:11|200|GET|http://localhost:8080/webvpc/public/be/actividades|[]
B26231|::1|Windows|7|Chrome|72.0.3626.121|2019-03-07 14:22:12|200|GET|http://localhost:8080/webvpc/public/be/micontacto|[]
B26231|::1|Windows|7|Chrome|72.0.3626.121|2019-03-07 14:22:15|200|GET|http://localhost:8080/webvpc/public/be/creditosvencidos|[]
B26231|::1|Windows|7|Chrome|72.0.3626.121|2019-03-07 14:22:21|200|GET|http://localhost:8080/webvpc/public/be/misacciones/lista|[]
B26231|::1|Windows|7|Chrome|72.0.3626.121|2019-03-07 14:23:27|200|GET|http://localhost:8080/webvpc/public/be/miprospecto/lista|[]
B26231|::1|Windows|7|Chrome|72.0.3626.121|2019-03-07 14:23:42|200|GET|http://localhost:8080/webvpc/public/be/miprospecto/consulta-referido|{"documento":"20530743919"}
B26231|::1|Windows|7|Chrome|72.0.3626.121|2019-03-07 14:23:43|200|GET|http://localhost:8080/webvpc/public/_debugbar/open|{"op":"get","id":"d3c3b4ad898c460dfb426c773c73d119"}
B26231|::1|Windows|7|Chrome|72.0.3626.121|2019-03-07 14:29:18|200|GET|http://localhost:8080/webvpc/public/be/miprospecto/lista|[]
B26231|::1|Windows|7|Chrome|72.0.3626.121|2019-03-07 14:29:22|302|POST|http://localhost:8080/webvpc/public/be/miprospecto/registro-referido|{"documento":null,"segmento":"ME","nombre":null,"calificacion":null,"feve":null,"deuda":null,"etapa":null,"motivoDetalle":null,"fechaUltimaE":null,"fechaUltimaV":null,"ejecutivo":null,"sectorista":null,"nombreNuevo":null,"facturacionNuevo":null,"flgLinkedin":"-1"}
B26231|::1|Windows|7|Chrome|72.0.3626.121|2019-03-07 14:29:23|302|POST|http://localhost:8080/webvpc/public/be/miprospecto/registro-referido|{"documento":null,"segmento":"ME","nombre":null,"calificacion":null,"feve":null,"deuda":null,"etapa":null,"motivoDetalle":null,"fechaUltimaE":null,"fechaUltimaV":null,"ejecutivo":null,"sectorista":null,"nombreNuevo":null,"facturacionNuevo":null,"flgLinkedin":"-1"}
B26231|::1|Windows|7|Chrome|72.0.3626.121|2019-03-07 14:29:23|302|POST|http://localhost:8080/webvpc/public/be/miprospecto/registro-referido|{"documento":null,"segmento":"ME","nombre":null,"calificacion":null,"feve":null,"deuda":null,"etapa":null,"motivoDetalle":null,"fechaUltimaE":null,"fechaUltimaV":null,"ejecutivo":null,"sectorista":null,"nombreNuevo":null,"facturacionNuevo":null,"flgLinkedin":"-1"}
B26231|::1|Windows|7|Chrome|72.0.3626.121|2019-03-07 14:29:31|200|GET|http://localhost:8080/webvpc/public/be/miprospecto/lista|[]
B26231|::1|Windows|7|Chrome|72.0.3626.121|2019-03-07 14:30:29|200|GET|http://localhost:8080/webvpc/public/be/miprospecto/lista|[]
B26231|::1|Windows|7|Chrome|72.0.3626.121|2019-03-07 14:30:30|200|GET|http://localhost:8080/webvpc/public/_debugbar/assets/stylesheets|{"v":"1502731300"}
B26231|::1|Windows|7|Chrome|72.0.3626.121|2019-03-07 14:30:30|404|GET|http://localhost:8080/webvpc/public/_debugbar/assets/javascript|{"v":"1502731300"}
B26231|::1|Windows|7|Chrome|72.0.3626.121|2019-03-07 14:31:05|200|GET|http://localhost:8080/webvpc/public/be/miprospecto/lista|[]
B26231|::1|Windows|7|Chrome|72.0.3626.121|2019-03-07 14:31:06|200|GET|http://localhost:8080/webvpc/public/_debugbar/assets/stylesheets|{"v":"1502731300"}
B26231|::1|Windows|7|Chrome|72.0.3626.121|2019-03-07 14:31:06|200|GET|http://localhost:8080/webvpc/public/_debugbar/assets/javascript|{"v":"1502731300"}
B26231|::1|Windows|7|Chrome|72.0.3626.121|2019-03-07 14:31:24|200|GET|http://localhost:8080/webvpc/public/be/miprospecto/consulta-referido|{"documento":"20530743919"}
B26231|::1|Windows|7|Chrome|72.0.3626.121|2019-03-07 14:31:24|200|GET|http://localhost:8080/webvpc/public/_debugbar/open|{"op":"get","id":"63d61f3cadb61e633f0f16fe146e8c35"}
B26231|::1|Windows|7|Chrome|72.0.3626.121|2019-03-07 14:32:21|200|GET|http://localhost:8080/webvpc/public/be/miprospecto/lista|[]
B26231|::1|Windows|7|Chrome|72.0.3626.121|2019-03-07 14:32:21|200|GET|http://localhost:8080/webvpc/public/_debugbar/assets/stylesheets|{"v":"1502731300"}
B26231|::1|Windows|7|Chrome|72.0.3626.121|2019-03-07 14:32:21|200|GET|http://localhost:8080/webvpc/public/_debugbar/assets/javascript|{"v":"1502731300"}
B26231|::1|Windows|7|Chrome|72.0.3626.121|2019-03-07 14:32:30|200|GET|http://localhost:8080/webvpc/public/be/miprospecto/consulta-referido|{"documento":"20530743919"}
B26231|::1|Windows|7|Chrome|72.0.3626.121|2019-03-07 14:32:30|200|GET|http://localhost:8080/webvpc/public/_debugbar/open|{"op":"get","id":"c024803758304f06b097886b858df48c"}
B26231|::1|Windows|7|Chrome|72.0.3626.121|2019-03-07 14:33:10|200|GET|http://localhost:8080/webvpc/public/be/miprospecto/consulta-referido|{"documento":"20101120792"}
B26231|::1|Windows|7|Chrome|72.0.3626.121|2019-03-07 14:33:11|200|GET|http://localhost:8080/webvpc/public/_debugbar/open|{"op":"get","id":"caedfb9d4e64e396f23d77f553dd296c"}
B26231|::1|Windows|7|Chrome|72.0.3626.121|2019-03-07 14:33:16|200|GET|http://localhost:8080/webvpc/public/be/miprospecto/consulta-referido|{"documento":"20499859164"}
B26231|::1|Windows|7|Chrome|72.0.3626.121|2019-03-07 14:33:16|200|GET|http://localhost:8080/webvpc/public/_debugbar/open|{"op":"get","id":"b7b98bec49d43a8d111ef12051ebd59c"}
B26231|::1|Windows|7|Chrome|72.0.3626.121|2019-03-07 14:33:24|200|GET|http://localhost:8080/webvpc/public/be/miprospecto/consulta-referido|{"documento":"08795642"}
B26231|::1|Windows|7|Chrome|72.0.3626.121|2019-03-07 14:33:24|200|GET|http://localhost:8080/webvpc/public/_debugbar/open|{"op":"get","id":"9bc1421d5fa1c98ca14cbafceac02c3e"}
B26231|::1|Windows|7|Chrome|72.0.3626.121|2019-03-07 14:33:31|200|GET|http://localhost:8080/webvpc/public/be/miprospecto/consulta-referido|{"documento":"08795642206"}
B26231|::1|Windows|7|Chrome|72.0.3626.121|2019-03-07 14:33:32|200|GET|http://localhost:8080/webvpc/public/_debugbar/open|{"op":"get","id":"7e97dd38caf17594b2e35911ca33b261"}
B26231|::1|Windows|7|Chrome|72.0.3626.121|2019-03-07 14:36:25|200|GET|http://localhost:8080/webvpc/public/be/miprospecto/consulta-referido|{"documento":"20601569010"}
B26231|::1|Windows|7|Chrome|72.0.3626.121|2019-03-07 14:36:25|200|GET|http://localhost:8080/webvpc/public/_debugbar/open|{"op":"get","id":"25369699466a6b6f35db6d298d78cb4c"}
B26231|::1|Windows|7|Chrome|72.0.3626.121|2019-03-07 14:36:44|200|GET|http://localhost:8080/webvpc/public/be/miprospecto/lista|[]
B26231|::1|Windows|7|Chrome|72.0.3626.121|2019-03-07 14:36:49|200|GET|http://localhost:8080/webvpc/public/be/miprospecto/consulta-referido|{"documento":"20215195539"}
B26231|::1|Windows|7|Chrome|72.0.3626.121|2019-03-07 14:36:49|200|GET|http://localhost:8080/webvpc/public/_debugbar/open|{"op":"get","id":"97ccf42fb9a65e859ec60a145c99b9c4"}
B26231|::1|Windows|7|Chrome|72.0.3626.121|2019-03-07 14:36:57|200|GET|http://localhost:8080/webvpc/public/be/miprospecto/consulta-referido|{"documento":"20454385200"}
B26231|::1|Windows|7|Chrome|72.0.3626.121|2019-03-07 14:36:57|200|GET|http://localhost:8080/webvpc/public/_debugbar/open|{"op":"get","id":"9b813a9634628321d5cda699b2d97b53"}
B26231|::1|Windows|7|Chrome|72.0.3626.121|2019-03-07 14:37:03|200|GET|http://localhost:8080/webvpc/public/be/miprospecto/consulta-referido|{"documento":"20600593685"}
B26231|::1|Windows|7|Chrome|72.0.3626.121|2019-03-07 14:37:03|200|GET|http://localhost:8080/webvpc/public/_debugbar/open|{"op":"get","id":"8b69f2e42b95b4d4f318ae11bbc2f06e"}
B26231|::1|Windows|7|Chrome|72.0.3626.121|2019-03-07 14:37:11|200|GET|http://localhost:8080/webvpc/public/be/miprospecto/consulta-referido|{"documento":"20531452055"}
B26231|::1|Windows|7|Chrome|72.0.3626.121|2019-03-07 14:37:11|200|GET|http://localhost:8080/webvpc/public/_debugbar/open|{"op":"get","id":"e4d5f8177836551beadc3d2e113aba8e"}
B26231|::1|Windows|7|Chrome|72.0.3626.121|2019-03-07 14:37:16|200|GET|http://localhost:8080/webvpc/public/be/miprospecto/consulta-referido|{"documento":"20504168108"}
B26231|::1|Windows|7|Chrome|72.0.3626.121|2019-03-07 14:37:17|200|GET|http://localhost:8080/webvpc/public/_debugbar/open|{"op":"get","id":"ae96c58e58356710e60c953dc84c7b72"}
B26231|::1|Windows|7|Chrome|72.0.3626.121|2019-03-07 14:43:33|200|GET|http://localhost:8080/webvpc/public/be/miprospecto/consulta-referido|{"documento":"47820977"}
B26231|::1|Windows|7|Chrome|72.0.3626.121|2019-03-07 14:43:34|200|GET|http://localhost:8080/webvpc/public/_debugbar/open|{"op":"get","id":"6ff55c7050699941b99d739f2988c182"}
B26231|::1|Windows|7|Chrome|72.0.3626.121|2019-03-07 14:43:50|200|GET|http://localhost:8080/webvpc/public/be/miprospecto/consulta-referido|{"documento":"70547994"}
B26231|::1|Windows|7|Chrome|72.0.3626.121|2019-03-07 14:43:51|200|GET|http://localhost:8080/webvpc/public/_debugbar/open|{"op":"get","id":"cb93d5103de5b1f68679a313c585b6c4"}
B26231|::1|Windows|7|Chrome|72.0.3626.121|2019-03-07 14:52:44|200|GET|http://localhost:8080/webvpc/public/be/miprospecto/lista|[]
B26231|::1|Windows|7|Chrome|72.0.3626.121|2019-03-07 14:52:58|200|GET|http://localhost:8080/webvpc/public/be/miprospecto/consulta-referido|{"documento":"20530743919"}
B26231|::1|Windows|7|Chrome|72.0.3626.121|2019-03-07 14:52:59|200|GET|http://localhost:8080/webvpc/public/_debugbar/open|{"op":"get","id":"9f5632e33ffcf5b726d33b1cbf6cf3b9"}
B26231|::1|Windows|7|Chrome|72.0.3626.121|2019-03-07 14:53:48|200|GET|http://localhost:8080/webvpc/public/be/miprospecto/lista|[]
B26231|::1|Windows|7|Chrome|72.0.3626.121|2019-03-07 14:53:53|200|GET|http://localhost:8080/webvpc/public/be/miprospecto/consulta-referido|{"documento":"20530743919"}
B26231|::1|Windows|7|Chrome|72.0.3626.121|2019-03-07 14:53:53|200|GET|http://localhost:8080/webvpc/public/_debugbar/open|{"op":"get","id":"ba63995928b90e07ebbd2f68b175d051"}
B26231|::1|Windows|7|Chrome|72.0.3626.121|2019-03-07 14:56:53|200|GET|http://localhost:8080/webvpc/public/be/miprospecto/lista|[]
B26231|::1|Windows|7|Chrome|72.0.3626.121|2019-03-07 14:56:54|200|GET|http://localhost:8080/webvpc/public/_debugbar/assets/stylesheets|{"v":"1502731300"}
B26231|::1|Windows|7|Chrome|72.0.3626.121|2019-03-07 14:56:54|200|GET|http://localhost:8080/webvpc/public/_debugbar/assets/javascript|{"v":"1502731300"}
B26231|::1|Windows|7|Chrome|72.0.3626.121|2019-03-07 14:56:59|200|GET|http://localhost:8080/webvpc/public/be/miprospecto/consulta-referido|{"documento":"20530743919"}
B26231|::1|Windows|7|Chrome|72.0.3626.121|2019-03-07 14:56:59|200|GET|http://localhost:8080/webvpc/public/_debugbar/open|{"op":"get","id":"1524866f5f35564099e9cd76dab6e91d"}
B26231|::1|Windows|7|Chrome|72.0.3626.121|2019-03-07 15:04:07|200|GET|http://localhost:8080/webvpc/public/be/miprospecto/lista|[]
B26231|::1|Windows|7|Chrome|72.0.3626.121|2019-03-07 15:04:12|200|GET|http://localhost:8080/webvpc/public/be/miprospecto/consulta-referido|{"documento":"20530743919"}
B26231|::1|Windows|7|Chrome|72.0.3626.121|2019-03-07 15:04:13|200|GET|http://localhost:8080/webvpc/public/_debugbar/open|{"op":"get","id":"0d035e6dfe8bf6b0aae38e1c76f4de48"}
B26231|::1|Windows|7|Chrome|72.0.3626.121|2019-03-07 15:04:54|200|GET|http://localhost:8080/webvpc/public/be/miprospecto/lista|[]
B26231|::1|Windows|7|Chrome|72.0.3626.121|2019-03-07 15:04:59|200|GET|http://localhost:8080/webvpc/public/be/miprospecto/consulta-referido|{"documento":"20530743919"}
B26231|::1|Windows|7|Chrome|72.0.3626.121|2019-03-07 15:05:00|200|GET|http://localhost:8080/webvpc/public/_debugbar/open|{"op":"get","id":"764203955a3af21cca8d72061022340d"}
B26231|::1|Windows|7|Chrome|72.0.3626.121|2019-03-07 15:06:26|200|GET|http://localhost:8080/webvpc/public/be/miprospecto/lista|[]
B26231|::1|Windows|7|Chrome|72.0.3626.121|2019-03-07 15:06:30|200|GET|http://localhost:8080/webvpc/public/be/miprospecto/consulta-referido|{"documento":"20530743919"}
B26231|::1|Windows|7|Chrome|72.0.3626.121|2019-03-07 15:06:31|200|GET|http://localhost:8080/webvpc/public/_debugbar/open|{"op":"get","id":"302998a3678290fdab5a87339f057461"}
B26231|::1|Windows|7|Chrome|72.0.3626.121|2019-03-07 15:07:37|200|GET|http://localhost:8080/webvpc/public/be/miprospecto/lista|[]
B26231|::1|Windows|7|Chrome|72.0.3626.121|2019-03-07 15:07:38|200|GET|http://localhost:8080/webvpc/public/_debugbar/assets/stylesheets|{"v":"1502731300"}
B26231|::1|Windows|7|Chrome|72.0.3626.121|2019-03-07 15:07:38|200|GET|http://localhost:8080/webvpc/public/_debugbar/assets/javascript|{"v":"1502731300"}
B26231|::1|Windows|7|Chrome|72.0.3626.121|2019-03-07 15:07:43|200|GET|http://localhost:8080/webvpc/public/be/miprospecto/consulta-referido|{"documento":"20530743919"}
B26231|::1|Windows|7|Chrome|72.0.3626.121|2019-03-07 15:07:43|200|GET|http://localhost:8080/webvpc/public/_debugbar/open|{"op":"get","id":"4d69ce6bb7b4fe6331db7b31a6ec2ced"}
B26231|::1|Windows|7|Chrome|72.0.3626.121|2019-03-07 15:10:07|200|GET|http://localhost:8080/webvpc/public/be/miprospecto/lista|[]
B26231|::1|Windows|7|Chrome|72.0.3626.121|2019-03-07 15:10:08|200|GET|http://localhost:8080/webvpc/public/_debugbar/assets/stylesheets|{"v":"1502731300"}
B26231|::1|Windows|7|Chrome|72.0.3626.121|2019-03-07 15:10:08|200|GET|http://localhost:8080/webvpc/public/_debugbar/assets/javascript|{"v":"1502731300"}
B26231|::1|Windows|7|Chrome|72.0.3626.121|2019-03-07 15:10:12|200|GET|http://localhost:8080/webvpc/public/be/miprospecto/consulta-referido|{"documento":"20530743919"}
B26231|::1|Windows|7|Chrome|72.0.3626.121|2019-03-07 15:10:12|200|GET|http://localhost:8080/webvpc/public/_debugbar/open|{"op":"get","id":"dc4bd42ba1943d3077aa7ca3c4e4841f"}
B26231|::1|Windows|7|Chrome|72.0.3626.121|2019-03-07 15:10:53|200|GET|http://localhost:8080/webvpc/public/be/miprospecto/lista|[]
B26231|::1|Windows|7|Chrome|72.0.3626.121|2019-03-07 15:11:09|200|GET|http://localhost:8080/webvpc/public/be/miprospecto/consulta-referido|{"documento":"20530743919"}
B26231|::1|Windows|7|Chrome|72.0.3626.121|2019-03-07 15:11:09|200|GET|http://localhost:8080/webvpc/public/_debugbar/open|{"op":"get","id":"49709da6a9cc73f6c2186a4ba790f4f7"}
B26231|::1|Windows|7|Chrome|72.0.3626.121|2019-03-07 15:12:30|200|GET|http://localhost:8080/webvpc/public/be/miprospecto/lista|[]
B26231|::1|Windows|7|Chrome|72.0.3626.121|2019-03-07 15:12:31|200|GET|http://localhost:8080/webvpc/public/_debugbar/assets/stylesheets|{"v":"1502731300"}
B26231|::1|Windows|7|Chrome|72.0.3626.121|2019-03-07 15:12:31|200|GET|http://localhost:8080/webvpc/public/_debugbar/assets/javascript|{"v":"1502731300"}
B26231|::1|Windows|7|Chrome|72.0.3626.121|2019-03-07 15:12:35|200|GET|http://localhost:8080/webvpc/public/be/miprospecto/consulta-referido|{"documento":"20530743919"}
B26231|::1|Windows|7|Chrome|72.0.3626.121|2019-03-07 15:12:36|200|GET|http://localhost:8080/webvpc/public/_debugbar/open|{"op":"get","id":"455535d55910937f251c7c025fbb5a0b"}
B26231|::1|Windows|7|Chrome|72.0.3626.121|2019-03-07 15:13:33|200|GET|http://localhost:8080/webvpc/public/be/miprospecto/lista|[]
B26231|::1|Windows|7|Chrome|72.0.3626.121|2019-03-07 15:13:34|200|GET|http://localhost:8080/webvpc/public/_debugbar/assets/stylesheets|{"v":"1502731300"}
B26231|::1|Windows|7|Chrome|72.0.3626.121|2019-03-07 15:13:34|200|GET|http://localhost:8080/webvpc/public/_debugbar/assets/javascript|{"v":"1502731300"}
B26231|::1|Windows|7|Chrome|72.0.3626.121|2019-03-07 15:13:38|200|GET|http://localhost:8080/webvpc/public/be/miprospecto/consulta-referido|{"documento":"20530743919"}
B26231|::1|Windows|7|Chrome|72.0.3626.121|2019-03-07 15:13:39|200|GET|http://localhost:8080/webvpc/public/_debugbar/open|{"op":"get","id":"e4e7ba5da0ceb8a67f53708b8bda2e60"}
B26231|::1|Windows|7|Chrome|72.0.3626.121|2019-03-07 15:14:06|200|GET|http://localhost:8080/webvpc/public/be/miprospecto/lista|[]
B26231|::1|Windows|7|Chrome|72.0.3626.121|2019-03-07 15:14:10|200|GET|http://localhost:8080/webvpc/public/be/miprospecto/consulta-referido|{"documento":"20530743919"}
B26231|::1|Windows|7|Chrome|72.0.3626.121|2019-03-07 15:14:10|200|GET|http://localhost:8080/webvpc/public/_debugbar/open|{"op":"get","id":"3c40b0de28e767fc5622b8dbe0344687"}
B26231|::1|Windows|7|Chrome|72.0.3626.121|2019-03-07 15:17:40|200|GET|http://localhost:8080/webvpc/public/be/miprospecto/lista|[]
B26231|::1|Windows|7|Chrome|72.0.3626.121|2019-03-07 15:17:52|200|GET|http://localhost:8080/webvpc/public/be/miprospecto/consulta-referido|{"documento":"20465084911"}
B26231|::1|Windows|7|Chrome|72.0.3626.121|2019-03-07 15:17:53|200|GET|http://localhost:8080/webvpc/public/_debugbar/open|{"op":"get","id":"1d8f90dc18c3f06b450ad0d081dab154"}
B26231|::1|Windows|7|Chrome|72.0.3626.121|2019-03-07 15:18:24|200|GET|http://localhost:8080/webvpc/public/be/miprospecto/lista|[]
B26231|::1|Windows|7|Chrome|72.0.3626.121|2019-03-07 15:18:28|200|GET|http://localhost:8080/webvpc/public/be/miprospecto/consulta-referido|{"documento":"20465084911"}
B26231|::1|Windows|7|Chrome|72.0.3626.121|2019-03-07 15:18:28|200|GET|http://localhost:8080/webvpc/public/_debugbar/open|{"op":"get","id":"506a2230d25a331535ae64234122d51b"}
B26231|::1|Windows|7|Chrome|72.0.3626.121|2019-03-07 15:18:35|200|GET|http://localhost:8080/webvpc/public/be/miprospecto/consulta-referido|{"documento":"20101462081"}
B26231|::1|Windows|7|Chrome|72.0.3626.121|2019-03-07 15:18:36|200|GET|http://localhost:8080/webvpc/public/_debugbar/open|{"op":"get","id":"cc1698f8413de3b6ce3f10dab029278d"}
B26231|::1|Windows|7|Chrome|72.0.3626.121|2019-03-07 15:19:19|200|GET|http://localhost:8080/webvpc/public/be/miprospecto/lista|[]
B26231|::1|Windows|7|Chrome|72.0.3626.121|2019-03-07 15:19:19|200|GET|http://localhost:8080/webvpc/public/_debugbar/assets/stylesheets|{"v":"1502731300"}
B26231|::1|Windows|7|Chrome|72.0.3626.121|2019-03-07 15:19:19|200|GET|http://localhost:8080/webvpc/public/_debugbar/assets/javascript|{"v":"1502731300"}
B26231|::1|Windows|7|Chrome|72.0.3626.121|2019-03-07 15:19:24|200|GET|http://localhost:8080/webvpc/public/be/miprospecto/consulta-referido|{"documento":"20101462081"}
B26231|::1|Windows|7|Chrome|72.0.3626.121|2019-03-07 15:19:25|200|GET|http://localhost:8080/webvpc/public/_debugbar/open|{"op":"get","id":"b8f16dcef456afa9a0fa30f8beffe784"}
B26231|::1|Windows|7|Chrome|72.0.3626.121|2019-03-07 15:20:06|200|GET|http://localhost:8080/webvpc/public/be/miprospecto/lista|[]
B26231|::1|Windows|7|Chrome|72.0.3626.121|2019-03-07 15:20:11|200|GET|http://localhost:8080/webvpc/public/be/miprospecto/consulta-referido|{"documento":"20530544126"}
B26231|::1|Windows|7|Chrome|72.0.3626.121|2019-03-07 15:20:11|200|GET|http://localhost:8080/webvpc/public/_debugbar/open|{"op":"get","id":"e73b7144f1b16df3c2c3c0f913ac07a6"}
B26231|::1|Windows|7|Chrome|72.0.3626.121|2019-03-07 15:20:24|200|GET|http://localhost:8080/webvpc/public/be/creditosvencidos|[]
B26231|::1|Windows|7|Chrome|72.0.3626.121|2019-03-07 15:21:23|200|GET|http://localhost:8080/webvpc/public/be/miprospecto/lista|[]
B26231|::1|Windows|7|Chrome|72.0.3626.121|2019-03-07 15:24:37|200|GET|http://localhost:8080/webvpc/public/be/miprospecto/consulta-referido|{"documento":"20534178418"}
B26231|::1|Windows|7|Chrome|72.0.3626.121|2019-03-07 15:24:37|200|GET|http://localhost:8080/webvpc/public/_debugbar/open|{"op":"get","id":"c0cbebe6ea473477507f05589741bda0"}