guest|::1|Windows|7|Chrome|73.0.3683.86|2019-03-27 09:29:59|200|GET|http://localhost:8080/webvpc/public|[]
guest|::1|Windows|7|Chrome|73.0.3683.86|2019-03-27 09:29:59|200|GET|http://localhost:8080/webvpc/public|[]
guest|::1|Windows|7|Chrome|73.0.3683.86|2019-03-27 14:07:21|200|GET|http://localhost:8080/webvpc/public|[]
guest|::1|Windows|7|Chrome|73.0.3683.86|2019-03-27 14:23:34|200|GET|http://localhost:8080/webvpc/public|[]
guest|::1|Windows|7|Chrome|73.0.3683.86|2019-03-27 14:23:34|200|GET|http://localhost:8080/webvpc/public/_debugbar/assets/stylesheets|{"v":"1502731300"}
guest|::1|Windows|7|Chrome|73.0.3683.86|2019-03-27 14:23:35|200|GET|http://localhost:8080/webvpc/public/_debugbar/assets/javascript|{"v":"1502731300"}
guest|::1|Windows|7|Chrome|73.0.3683.86|2019-03-27 14:23:56|500|GET|http://localhost:8080/webvpc/public/superLogin|[]
guest|::1|Windows|7|Chrome|73.0.3683.86|2019-03-27 14:24:58|500|GET|http://localhost:8080/webvpc/public/superLogin|[]
guest|::1|Windows|7|Chrome|73.0.3683.86|2019-03-27 14:24:59|200|GET|http://localhost:8080/webvpc/public/_debugbar/assets/javascript|{"v":"1502731300"}
guest|::1|Windows|7|Chrome|73.0.3683.86|2019-03-27 14:24:59|200|GET|http://localhost:8080/webvpc/public/_debugbar/assets/stylesheets|{"v":"1502731300"}
guest|::1|Windows|7|Chrome|73.0.3683.86|2019-03-27 14:30:19|200|GET|http://localhost:8080/webvpc/public/superLogin|[]
guest|::1|Windows|7|Chrome|73.0.3683.86|2019-03-27 14:30:34|404|GET|http://localhost:8080/webvpc/public/superLogin|[]
guest|::1|Windows|7|Chrome|73.0.3683.86|2019-03-27 14:30:37|200|GET|http://localhost:8080/webvpc/public|[]
guest|::1|Windows|7|Chrome|73.0.3683.86|2019-03-27 14:30:43|200|GET|http://localhost:8080/webvpc/public/extra-login|[]
guest|::1|Windows|7|Chrome|73.0.3683.86|2019-03-27 14:39:39|200|GET|http://localhost:8080/webvpc/public|[]
bp2567|::1|Windows|7|Chrome|73.0.3683.86|2019-03-27 14:39:47|302|POST|http://localhost:8080/webvpc/public/login|{"_token":"JhM3fYM4yMlIErP0ta2u5IvIkEY59pe3RsvrKb23","registro":"bp2567","passw":"bp2567"}
bp2567|::1|Windows|7|Chrome|73.0.3683.86|2019-03-27 14:39:48|200|GET|http://localhost:8080/webvpc/public/addusuario/addusuario|[]
bp2567|::1|Windows|7|Chrome|73.0.3683.86|2019-03-27 14:50:08|200|GET|http://localhost:8080/webvpc/public/pass-change|[]
bp2567|::1|Windows|7|Chrome|73.0.3683.86|2019-03-27 14:50:10|200|GET|http://localhost:8080/webvpc/public/addusuario/addusuario|[]
bp2567|::1|Windows|7|Chrome|73.0.3683.86|2019-03-27 15:19:51|200|GET|http://localhost:8080/webvpc/public/addusuario/addusuario|[]