guest|::1|Windows|7|Chrome|72.0.3626.121|2019-03-08 09:53:45|200|GET|http://localhost:8080/webvpc/public|[]
B22142|::1|Windows|7|Chrome|72.0.3626.121|2019-03-08 09:55:57|302|POST|http://localhost:8080/webvpc/public/login|{"_token":"022yWKrivNzTnAsjcsNxsaRFOdlWgzeu3WstQ9rv","registro":"B22142","passw":"40524791"}
B22142|::1|Windows|7|Chrome|72.0.3626.121|2019-03-08 09:55:58|200|GET|http://localhost:8080/webvpc/public/home|[]
B22142|::1|Windows|7|Chrome|72.0.3626.121|2019-03-08 09:56:05|200|GET|http://localhost:8080/webvpc/public/addusuario|[]
B22142|::1|Windows|7|Chrome|72.0.3626.121|2019-03-08 10:01:44|200|GET|http://localhost:8080/webvpc/public/addusuario|[]
B22142|::1|Windows|7|Chrome|72.0.3626.121|2019-03-08 10:02:01|200|GET|http://localhost:8080/webvpc/public/addusuario|[]
B22142|::1|Windows|7|Chrome|72.0.3626.121|2019-03-08 10:02:03|200|GET|http://localhost:8080/webvpc/public/_debugbar/assets/javascript|{"v":"1502731300"}
B22142|::1|Windows|7|Chrome|72.0.3626.121|2019-03-08 10:02:03|200|GET|http://localhost:8080/webvpc/public/_debugbar/assets/stylesheets|{"v":"1502731300"}
guest|::1|Windows|7|Chrome|72.0.3626.121|2019-03-08 10:02:05|302|GET|http://localhost:8080/webvpc/public/logout|[]
guest|::1|Windows|7|Chrome|72.0.3626.121|2019-03-08 10:02:05|200|GET|http://localhost:8080/webvpc/public|[]
guest|::1|Windows|7|Chrome|72.0.3626.121|2019-03-08 10:02:50|200|GET|http://localhost:8080/webvpc/public/extra-login|[]
guest|::1|Windows|7|Chrome|72.0.3626.121|2019-03-08 10:02:51|405|GET|http://localhost:8080/webvpc/public/extra-attempt|[]
guest|::1|Windows|7|Chrome|72.0.3626.121|2019-03-08 10:02:59|302|POST|http://localhost:8080/webvpc/public/extra-attempt|{"_token":"022yWKrivNzTnAsjcsNxsaRFOdlWgzeu3WstQ9rv","registro":"B29309","passw":"vpc201801*"}
guest|::1|Windows|7|Chrome|72.0.3626.121|2019-03-08 10:03:00|200|GET|http://localhost:8080/webvpc/public/extra-login|[]
B29309|::1|Windows|7|Chrome|72.0.3626.121|2019-03-08 10:03:12|302|POST|http://localhost:8080/webvpc/public/extra-attempt|{"_token":"022yWKrivNzTnAsjcsNxsaRFOdlWgzeu3WstQ9rv","registro":"B29309","passw":"VPC201801*"}
B29309|::1|Windows|7|Chrome|72.0.3626.121|2019-03-08 10:03:13|200|GET|http://localhost:8080/webvpc/public/bpe/campanha/consulta-nuevos|[]
B29309|::1|Windows|7|Chrome|72.0.3626.121|2019-03-08 10:03:17|200|GET|http://localhost:8080/webvpc/public/bpe/campanha/consulta-nuevos|[]
B29309|::1|Windows|7|Chrome|72.0.3626.121|2019-03-08 10:03:20|200|GET|http://localhost:8080/webvpc/public/bpe/soporte/asignacion|[]
B29309|::1|Windows|7|Chrome|72.0.3626.121|2019-03-08 10:03:32|200|GET|http://localhost:8080/webvpc/public/bpe/campanha/consulta-nuevos|[]
B29309|::1|Windows|7|Chrome|72.0.3626.121|2019-03-08 10:03:34|200|GET|http://localhost:8080/webvpc/public/addusuario|[]
B29309|::1|Windows|7|Chrome|72.0.3626.121|2019-03-08 10:04:14|200|POST|http://localhost:8080/webvpc/public/addusuario/comboRoles|{"banca":"BE"}
B29309|::1|Windows|7|Chrome|72.0.3626.121|2019-03-08 10:04:14|200|POST|http://localhost:8080/webvpc/public/addusuario/comboZonas|{"banca":"BE"}
B29309|::1|Windows|7|Chrome|72.0.3626.121|2019-03-08 10:04:15|200|GET|http://localhost:8080/webvpc/public/_debugbar/open|{"op":"get","id":"d96c4a8bb9e177c358debde14825b6d9"}
B29309|::1|Windows|7|Chrome|72.0.3626.121|2019-03-08 10:04:15|200|GET|http://localhost:8080/webvpc/public/_debugbar/open|{"op":"get","id":"52242b335e2cfe56b02dc7361e2c1231"}
B29309|::1|Windows|7|Chrome|72.0.3626.121|2019-03-08 10:04:21|200|POST|http://localhost:8080/webvpc/public/addusuario/comboRoles|{"banca":"BPE"}
B29309|::1|Windows|7|Chrome|72.0.3626.121|2019-03-08 10:04:21|200|POST|http://localhost:8080/webvpc/public/addusuario/comboZonas|{"banca":"BPE"}
B29309|::1|Windows|7|Chrome|72.0.3626.121|2019-03-08 10:04:21|200|GET|http://localhost:8080/webvpc/public/_debugbar/open|{"op":"get","id":"3cd2e69056c6a95d4aa72a66f1f8b3a0"}
B29309|::1|Windows|7|Chrome|72.0.3626.121|2019-03-08 10:04:21|200|GET|http://localhost:8080/webvpc/public/_debugbar/open|{"op":"get","id":"1a495e6092117f1b9b8b213d237b6ae1"}
B29309|::1|Windows|7|Chrome|72.0.3626.121|2019-03-08 10:05:52|200|GET|http://localhost:8080/webvpc/public/addusuario|[]
B29309|::1|Windows|7|Chrome|72.0.3626.121|2019-03-08 10:05:53|200|GET|http://localhost:8080/webvpc/public/_debugbar/assets/stylesheets|{"v":"1502731300"}
B29309|::1|Windows|7|Chrome|72.0.3626.121|2019-03-08 10:05:54|200|GET|http://localhost:8080/webvpc/public/_debugbar/assets/javascript|{"v":"1502731300"}
B29309|::1|Windows|7|Chrome|72.0.3626.121|2019-03-08 10:06:11|200|POST|http://localhost:8080/webvpc/public/addusuario/comboRoles|{"banca":"BC"}
B29309|::1|Windows|7|Chrome|72.0.3626.121|2019-03-08 10:06:11|200|POST|http://localhost:8080/webvpc/public/addusuario/comboZonas|{"banca":"BC"}
B29309|::1|Windows|7|Chrome|72.0.3626.121|2019-03-08 10:06:11|200|GET|http://localhost:8080/webvpc/public/_debugbar/open|{"op":"get","id":"91d00c590fc3ebecfb3b71069b5d4d5b"}
B29309|::1|Windows|7|Chrome|72.0.3626.121|2019-03-08 10:06:12|200|POST|http://localhost:8080/webvpc/public/addusuario/comboRoles|{"banca":"BPE"}
B29309|::1|Windows|7|Chrome|72.0.3626.121|2019-03-08 10:06:12|200|POST|http://localhost:8080/webvpc/public/addusuario/comboZonas|{"banca":"BPE"}
B29309|::1|Windows|7|Chrome|72.0.3626.121|2019-03-08 10:06:12|200|GET|http://localhost:8080/webvpc/public/_debugbar/open|{"op":"get","id":"6d2fb4976495b9a80e2615a404eae758"}
B29309|::1|Windows|7|Chrome|72.0.3626.121|2019-03-08 10:06:12|404|GET|http://localhost:8080/webvpc/public/_debugbar/open|{"op":"get","id":"f4cfc2c416b2b9ac8b6426904021e00c"}
B29309|::1|Windows|7|Chrome|72.0.3626.121|2019-03-08 10:06:13|200|GET|http://localhost:8080/webvpc/public/_debugbar/open|{"op":"get","id":"77dd318cb6997c75f1171649b777e1f1"}
B29309|::1|Windows|7|Chrome|72.0.3626.121|2019-03-08 10:07:11|200|GET|http://localhost:8080/webvpc/public/addusuario|[]
B29309|::1|Windows|7|Chrome|72.0.3626.121|2019-03-08 10:07:26|200|POST|http://localhost:8080/webvpc/public/addusuario/comboRoles|{"banca":"BPE"}
B29309|::1|Windows|7|Chrome|72.0.3626.121|2019-03-08 10:07:26|200|POST|http://localhost:8080/webvpc/public/addusuario/comboZonas|{"banca":"BPE"}
B29309|::1|Windows|7|Chrome|72.0.3626.121|2019-03-08 10:07:26|200|GET|http://localhost:8080/webvpc/public/_debugbar/open|{"op":"get","id":"649365cf3472dde9bb41f56a1c66662b"}
B29309|::1|Windows|7|Chrome|72.0.3626.121|2019-03-08 10:07:27|200|GET|http://localhost:8080/webvpc/public/_debugbar/open|{"op":"get","id":"97bdb08085396c4dde28c52346836c58"}
B29309|::1|Windows|7|Chrome|72.0.3626.121|2019-03-08 10:07:32|200|POST|http://localhost:8080/webvpc/public/addusuario/lista|{"nombre_j":"gianfranco","registro":"BP2567","dni":"75741816","cargo":null,"area":null,"banca":"BPE","rol":"4","zona":null}
B29309|::1|Windows|7|Chrome|72.0.3626.121|2019-03-08 10:07:38|200|GET|http://localhost:8080/webvpc/public/addusuario|[]
B29309|::1|Windows|7|Chrome|72.0.3626.121|2019-03-08 10:08:00|200|POST|http://localhost:8080/webvpc/public/addusuario/get-usuario|{"registro":"B29309"}
B29309|::1|Windows|7|Chrome|72.0.3626.121|2019-03-08 10:08:00|200|GET|http://localhost:8080/webvpc/public/_debugbar/open|{"op":"get","id":"e7f6370aa1c22aaa342a19e31c8d1a0a"}
guest|::1|Windows|7|Chrome|72.0.3626.121|2019-03-08 10:08:05|302|GET|http://localhost:8080/webvpc/public/logout|[]
guest|::1|Windows|7|Chrome|72.0.3626.121|2019-03-08 10:08:05|200|GET|http://localhost:8080/webvpc/public|[]
guest|::1|Windows|7|Chrome|72.0.3626.121|2019-03-08 10:08:08|200|GET|http://localhost:8080/webvpc/public/extra-login|[]
guest|::1|Windows|7|Chrome|72.0.3626.121|2019-03-08 10:08:19|500|POST|http://localhost:8080/webvpc/public/extra-attempt|{"_token":"022yWKrivNzTnAsjcsNxsaRFOdlWgzeu3WstQ9rv","registro":"BP2567","passw":"VPC201801*"}
guest|::1|Windows|7|Chrome|72.0.3626.121|2019-03-08 10:08:25|200|GET|http://localhost:8080/webvpc/public|[]
guest|::1|Windows|7|Chrome|72.0.3626.121|2019-03-08 10:08:37|500|GET|http://localhost:8080/webvpc/public/addusuario|[]
guest|::1|Windows|7|Chrome|72.0.3626.121|2019-03-08 10:10:00|500|POST|http://localhost:8080/webvpc/public/extra-attempt|{"_token":"022yWKrivNzTnAsjcsNxsaRFOdlWgzeu3WstQ9rv","registro":"123","passw":"VPC201801*"}
guest|::1|Windows|7|Chrome|72.0.3626.121|2019-03-08 10:10:03|200|GET|http://localhost:8080/webvpc/public/extra-login|[]
guest|::1|Windows|7|Chrome|72.0.3626.121|2019-03-08 10:10:48|200|GET|http://localhost:8080/webvpc/public/extra-login|[]
BP2567|::1|Windows|7|Chrome|72.0.3626.121|2019-03-08 10:14:31|302|POST|http://localhost:8080/webvpc/public/extra-attempt|{"_token":"022yWKrivNzTnAsjcsNxsaRFOdlWgzeu3WstQ9rv","registro":"BP2567","passw":"VPC201801*"}
BP2567|::1|Windows|7|Chrome|72.0.3626.121|2019-03-08 10:14:32|200|GET|http://localhost:8080/webvpc/public/bpe/campanha/consulta-nuevos|[]
BP2567|::1|Windows|7|Chrome|72.0.3626.121|2019-03-08 10:14:40|200|GET|http://localhost:8080/webvpc/public/bpe/soporte/asignacion|[]
BP2567|::1|Windows|7|Chrome|72.0.3626.121|2019-03-08 10:14:46|200|GET|http://localhost:8080/webvpc/public/addusuario|[]
guest|::1|Windows|7|Chrome|72.0.3626.121|2019-03-08 10:14:56|302|GET|http://localhost:8080/webvpc/public/logout|[]
guest|::1|Windows|7|Chrome|72.0.3626.121|2019-03-08 10:14:57|200|GET|http://localhost:8080/webvpc/public|[]
guest|::1|Windows|7|Chrome|72.0.3626.121|2019-03-08 10:15:07|302|POST|http://localhost:8080/webvpc/public/login|{"_token":"022yWKrivNzTnAsjcsNxsaRFOdlWgzeu3WstQ9rv","registro":"BP2567","passw":"BP2567"}
guest|::1|Windows|7|Chrome|72.0.3626.121|2019-03-08 10:15:07|200|GET|http://localhost:8080/webvpc/public|[]
guest|::1|Windows|7|Chrome|72.0.3626.121|2019-03-08 10:15:16|302|POST|http://localhost:8080/webvpc/public/login|{"_token":"022yWKrivNzTnAsjcsNxsaRFOdlWgzeu3WstQ9rv","registro":"BP2567","passw":"75741816"}
guest|::1|Windows|7|Chrome|72.0.3626.121|2019-03-08 10:15:16|200|GET|http://localhost:8080/webvpc/public|[]
guest|::1|Windows|7|Chrome|72.0.3626.121|2019-03-08 10:15:21|200|GET|http://localhost:8080/webvpc/public/pass-gen|[]
guest|::1|Windows|7|Chrome|72.0.3626.121|2019-03-08 10:15:30|302|POST|http://localhost:8080/webvpc/public/pass-save|{"_token":"022yWKrivNzTnAsjcsNxsaRFOdlWgzeu3WstQ9rv","registro":"BP2567","passw":"75741816"}
guest|::1|Windows|7|Chrome|72.0.3626.121|2019-03-08 10:15:31|200|GET|http://localhost:8080/webvpc/public/pass-gen|[]
guest|::1|Windows|7|Chrome|72.0.3626.121|2019-03-08 10:15:34|200|GET|http://localhost:8080/webvpc/public|[]
BP2567|::1|Windows|7|Chrome|72.0.3626.121|2019-03-08 10:15:39|302|POST|http://localhost:8080/webvpc/public/login|{"_token":"022yWKrivNzTnAsjcsNxsaRFOdlWgzeu3WstQ9rv","registro":"BP2567","passw":"75741816"}
BP2567|::1|Windows|7|Chrome|72.0.3626.121|2019-03-08 10:15:39|200|GET|http://localhost:8080/webvpc/public/bpe/campanha/consulta-nuevos|[]
guest|::1|Windows|7|Chrome|72.0.3626.121|2019-03-08 10:15:48|302|GET|http://localhost:8080/webvpc/public/logout|[]
guest|::1|Windows|7|Chrome|72.0.3626.121|2019-03-08 10:15:48|200|GET|http://localhost:8080/webvpc/public|[]
guest|::1|Windows|7|Chrome|72.0.3626.121|2019-03-08 10:15:52|200|GET|http://localhost:8080/webvpc/public/pass-gen|[]
guest|::1|Windows|7|Chrome|72.0.3626.121|2019-03-08 10:16:01|302|POST|http://localhost:8080/webvpc/public/pass-save|{"_token":"022yWKrivNzTnAsjcsNxsaRFOdlWgzeu3WstQ9rv","registro":"BP2567","passw":"BP2567"}
guest|::1|Windows|7|Chrome|72.0.3626.121|2019-03-08 10:16:01|200|GET|http://localhost:8080/webvpc/public/pass-gen|[]
guest|::1|Windows|7|Chrome|72.0.3626.121|2019-03-08 10:16:04|200|GET|http://localhost:8080/webvpc/public|[]
BP2567|::1|Windows|7|Chrome|72.0.3626.121|2019-03-08 10:16:08|302|POST|http://localhost:8080/webvpc/public/login|{"_token":"022yWKrivNzTnAsjcsNxsaRFOdlWgzeu3WstQ9rv","registro":"BP2567","passw":"BP2567"}
BP2567|::1|Windows|7|Chrome|72.0.3626.121|2019-03-08 10:16:09|200|GET|http://localhost:8080/webvpc/public/bpe/campanha/consulta-nuevos|[]
BP2567|::1|Windows|7|Chrome|72.0.3626.121|2019-03-08 10:17:10|200|GET|http://localhost:8080/webvpc/public/bpe/campanha/consulta-nuevos|[]
BP2567|::1|Windows|7|Chrome|72.0.3626.121|2019-03-08 10:17:14|200|GET|http://localhost:8080/webvpc/public/addusuario|[]
BP2567|::1|Windows|7|Chrome|72.0.3626.121|2019-03-08 10:18:46|200|GET|http://localhost:8080/webvpc/public/bpe/campanha/consulta-nuevos|[]
BP2567|::1|Windows|7|Chrome|72.0.3626.121|2019-03-08 10:18:49|200|GET|http://localhost:8080/webvpc/public/addusuario|[]
BP2567|::1|Windows|7|Chrome|72.0.3626.121|2019-03-08 10:19:22|200|GET|http://localhost:8080/webvpc/public/bpe/soporte/asignacion|[]
BP2567|::1|Windows|7|Chrome|72.0.3626.121|2019-03-08 10:19:23|200|GET|http://localhost:8080/webvpc/public/bpe/campanha/consulta-nuevos|[]
BP2567|::1|Windows|7|Chrome|72.0.3626.121|2019-03-08 10:19:27|200|GET|http://localhost:8080/webvpc/public/bpe/campanha/consulta-nuevos|{"nro_doc":"20523301811"}
BP2567|::1|Windows|7|Chrome|72.0.3626.121|2019-03-08 10:20:15|200|GET|http://localhost:8080/webvpc/public/bpe/campanha/consulta-nuevos|{"nro_doc":"20493829361"}
BP2567|::1|Windows|7|Chrome|72.0.3626.121|2019-03-08 10:20:17|200|GET|http://localhost:8080/webvpc/public/bpe/campanha/consulta-nuevos|{"nro_doc":null}
BP2567|::1|Windows|7|Chrome|72.0.3626.121|2019-03-08 10:20:21|200|GET|http://localhost:8080/webvpc/public/bpe/campanha/consulta-nuevos|{"nro_doc":null}
BP2567|::1|Windows|7|Chrome|72.0.3626.121|2019-03-08 10:20:24|200|GET|http://localhost:8080/webvpc/public/bpe/soporte/asignacion|[]
BP2567|::1|Windows|7|Chrome|72.0.3626.121|2019-03-08 10:20:46|200|GET|http://localhost:8080/webvpc/public/bpe/campanha/consulta-nuevos|[]
BP2567|::1|Windows|7|Chrome|72.0.3626.121|2019-03-08 10:27:03|200|GET|http://localhost:8080/webvpc/public/bpe/campanha/consulta-nuevos|[]
BP2567|::1|Windows|7|Chrome|72.0.3626.121|2019-03-08 10:27:11|200|GET|http://localhost:8080/webvpc/public/bpe/campanha/consulta-nuevos|{"nro_doc":null}
BP2567|::1|Windows|7|Chrome|72.0.3626.121|2019-03-08 10:27:50|200|GET|http://localhost:8080/webvpc/public/bpe/campanha/consulta-nuevos|{"nro_doc":null}
BP2567|::1|Windows|7|Chrome|72.0.3626.121|2019-03-08 10:30:50|200|GET|http://localhost:8080/webvpc/public/bpe/campanha/consulta-nuevos|{"nro_doc":"24487936"}
BP2567|::1|Windows|7|Chrome|72.0.3626.121|2019-03-08 10:31:21|200|GET|http://localhost:8080/webvpc/public/bpe/campanha/consulta-nuevos|{"nro_doc":"20098878"}
BP2567|::1|Windows|7|Chrome|72.0.3626.121|2019-03-08 10:31:36|200|GET|http://localhost:8080/webvpc/public/bpe/campanha/consulta-nuevos|{"nro_doc":"20528313265"}
BP2567|::1|Windows|7|Chrome|72.0.3626.121|2019-03-08 10:31:42|200|GET|http://localhost:8080/webvpc/public/bpe/campanha/consulta-nuevos|{"nro_doc":"29602932"}
guest|::1|Windows|7|Chrome|72.0.3626.121|2019-03-08 10:33:40|200|GET|http://localhost:8080/webvpc/public|[]
guest|::1|Windows|7|Chrome|72.0.3626.121|2019-03-08 10:33:40|200|GET|http://localhost:8080/webvpc/public/_debugbar/assets/javascript|{"v":"1502731300"}
guest|::1|Windows|7|Chrome|72.0.3626.121|2019-03-08 10:33:40|200|GET|http://localhost:8080/webvpc/public/_debugbar/assets/stylesheets|{"v":"1502731300"}
BP2567|::1|Windows|7|Chrome|72.0.3626.121|2019-03-08 10:33:45|200|GET|http://localhost:8080/webvpc/public/bpe/campanha/consulta-nuevos|{"nro_doc":"29602932"}
BP2567|::1|Windows|7|Chrome|72.0.3626.121|2019-03-08 10:34:24|200|GET|http://localhost:8080/webvpc/public/bpe/soporte/asignacion|[]
BP2567|::1|Windows|7|Chrome|72.0.3626.121|2019-03-08 10:34:29|200|GET|http://localhost:8080/webvpc/public/bpe/campanha/consulta-nuevos|[]
BP2567|::1|Windows|7|Chrome|72.0.3626.121|2019-03-08 10:35:39|200|GET|http://localhost:8080/webvpc/public/bpe/campanha/consulta-nuevos|[]
BP2567|::1|Windows|7|Chrome|72.0.3626.121|2019-03-08 10:35:40|200|GET|http://localhost:8080/webvpc/public/addusuario|[]
BP2567|::1|Windows|7|Chrome|72.0.3626.121|2019-03-08 10:36:16|200|POST|http://localhost:8080/webvpc/public/addusuario/comboRoles|{"banca":"BPE"}
BP2567|::1|Windows|7|Chrome|72.0.3626.121|2019-03-08 10:36:16|200|GET|http://localhost:8080/webvpc/public/_debugbar/open|{"op":"get","id":"4f2ebc8d780001f702ec746a93d32ac7"}
BP2567|::1|Windows|7|Chrome|72.0.3626.121|2019-03-08 10:36:16|200|POST|http://localhost:8080/webvpc/public/addusuario/comboZonas|{"banca":"BPE"}
BP2567|::1|Windows|7|Chrome|72.0.3626.121|2019-03-08 10:36:17|200|GET|http://localhost:8080/webvpc/public/_debugbar/open|{"op":"get","id":"b47766cf76809d09d0b9abb036d16ed8"}
BP2567|::1|Windows|7|Chrome|72.0.3626.121|2019-03-08 10:36:20|200|POST|http://localhost:8080/webvpc/public/addusuario/lista|{"nombre_j":"gianfranco","registro":"BP2567","dni":"75741816","cargo":null,"area":null,"banca":"BPE","rol":"4","zona":null}
BP2567|::1|Windows|7|Chrome|72.0.3626.121|2019-03-08 10:36:26|200|GET|http://localhost:8080/webvpc/public/addusuario|[]
BP2567|::1|Windows|7|Chrome|72.0.3626.121|2019-03-08 10:37:34|200|GET|http://localhost:8080/webvpc/public/addusuario|[]
BP2567|::1|Windows|7|Chrome|72.0.3626.121|2019-03-08 10:37:52|200|POST|http://localhost:8080/webvpc/public/addusuario/comboZonas|{"banca":"BPE"}
BP2567|::1|Windows|7|Chrome|72.0.3626.121|2019-03-08 10:37:52|200|POST|http://localhost:8080/webvpc/public/addusuario/comboRoles|{"banca":"BPE"}
BP2567|::1|Windows|7|Chrome|72.0.3626.121|2019-03-08 10:37:52|200|GET|http://localhost:8080/webvpc/public/_debugbar/open|{"op":"get","id":"5fb676b9978c22d9ae8fdc5c5e8bb282"}
BP2567|::1|Windows|7|Chrome|72.0.3626.121|2019-03-08 10:37:53|200|GET|http://localhost:8080/webvpc/public/_debugbar/open|{"op":"get","id":"9f9427c1801f8e820b6d201ede23dede"}
BP2567|::1|Windows|7|Chrome|72.0.3626.121|2019-03-08 10:37:58|200|POST|http://localhost:8080/webvpc/public/addusuario/lista|{"nombre_j":"gianfranco","registro":"BP2567","dni":"75741816","cargo":null,"area":null,"banca":"BPE","rol":"4","zona":null}
BP2567|::1|Windows|7|Chrome|72.0.3626.121|2019-03-08 10:43:07|200|POST|http://localhost:8080/webvpc/public/addusuario/lista|{"nombre_j":"gianfranco","registro":"BP2567","dni":"75741816","cargo":null,"area":null,"banca":"BPE","rol":"4","zona":null}
BP2567|::1|Windows|7|Chrome|72.0.3626.121|2019-03-08 10:43:58|200|POST|http://localhost:8080/webvpc/public/addusuario/lista|{"nombre_j":"gianfranco","registro":"BP2567","dni":"75741816","cargo":null,"area":null,"banca":"BPE","rol":"4","zona":null}
BP2567|::1|Windows|7|Chrome|72.0.3626.121|2019-03-08 10:44:00|200|GET|http://localhost:8080/webvpc/public/_debugbar/assets/stylesheets|{"v":"1502731300"}
BP2567|::1|Windows|7|Chrome|72.0.3626.121|2019-03-08 10:44:00|200|GET|http://localhost:8080/webvpc/public/_debugbar/assets/javascript|{"v":"1502731300"}
BP2567|::1|Windows|7|Chrome|72.0.3626.121|2019-03-08 10:44:11|200|POST|http://localhost:8080/webvpc/public/addusuario/comboZonas|{"banca":"BPE"}
BP2567|::1|Windows|7|Chrome|72.0.3626.121|2019-03-08 10:44:11|200|POST|http://localhost:8080/webvpc/public/addusuario/comboRoles|{"banca":"BPE"}
BP2567|::1|Windows|7|Chrome|72.0.3626.121|2019-03-08 10:44:11|200|GET|http://localhost:8080/webvpc/public/_debugbar/open|{"op":"get","id":"6c156243d004ef7b01c0579047685748"}
BP2567|::1|Windows|7|Chrome|72.0.3626.121|2019-03-08 10:44:15|200|POST|http://localhost:8080/webvpc/public/addusuario/lista|{"nombre_j":"gianfranco","registro":"BP2567","dni":"75741816","cargo":null,"area":null,"banca":"BPE","rol":"4","zona":null}
BP2567|::1|Windows|7|Chrome|72.0.3626.121|2019-03-08 10:45:30|200|POST|http://localhost:8080/webvpc/public/addusuario/lista|{"nombre_j":"gianfranco","registro":"BP2567","dni":"75741816","cargo":null,"area":null,"banca":"BPE","rol":"4","zona":null}
BP2567|::1|Windows|7|Chrome|72.0.3626.121|2019-03-08 10:45:39|200|POST|http://localhost:8080/webvpc/public/addusuario/comboRoles|{"banca":"BE"}
BP2567|::1|Windows|7|Chrome|72.0.3626.121|2019-03-08 10:45:39|200|POST|http://localhost:8080/webvpc/public/addusuario/comboZonas|{"banca":"BE"}
BP2567|::1|Windows|7|Chrome|72.0.3626.121|2019-03-08 10:45:39|200|GET|http://localhost:8080/webvpc/public/_debugbar/open|{"op":"get","id":"19db27a7c64a9c5d775cd79323598216"}
BP2567|::1|Windows|7|Chrome|72.0.3626.121|2019-03-08 10:45:39|200|GET|http://localhost:8080/webvpc/public/_debugbar/open|{"op":"get","id":"e585f6430e4326b0271e1fa1b875a2f5"}
BP2567|::1|Windows|7|Chrome|72.0.3626.121|2019-03-08 10:45:43|200|POST|http://localhost:8080/webvpc/public/addusuario/comboRoles|{"banca":"BPE"}
BP2567|::1|Windows|7|Chrome|72.0.3626.121|2019-03-08 10:45:43|200|POST|http://localhost:8080/webvpc/public/addusuario/comboZonas|{"banca":"BPE"}
BP2567|::1|Windows|7|Chrome|72.0.3626.121|2019-03-08 10:45:43|200|GET|http://localhost:8080/webvpc/public/_debugbar/open|{"op":"get","id":"dfa3532f4196596d7e2b600930df53c5"}
BP2567|::1|Windows|7|Chrome|72.0.3626.121|2019-03-08 10:45:43|200|GET|http://localhost:8080/webvpc/public/_debugbar/open|{"op":"get","id":"3eded0e76decf05c83cba56e821f9de6"}
BP2567|::1|Windows|7|Chrome|72.0.3626.121|2019-03-08 10:45:47|200|POST|http://localhost:8080/webvpc/public/addusuario/lista|{"nombre_j":"gianfranco","registro":"BP2567","dni":"75741816","cargo":null,"area":null,"banca":"BPE","rol":"4","zona":null}
BP2567|::1|Windows|7|Chrome|72.0.3626.121|2019-03-08 10:47:36|200|POST|http://localhost:8080/webvpc/public/addusuario/lista|{"nombre_j":"gianfranco","registro":"BP2567","dni":"75741816","cargo":null,"area":null,"banca":"BPE","rol":"4","zona":null}
BP2567|::1|Windows|7|Chrome|72.0.3626.121|2019-03-08 10:48:00|200|POST|http://localhost:8080/webvpc/public/addusuario/comboRoles|{"banca":"BPE"}
BP2567|::1|Windows|7|Chrome|72.0.3626.121|2019-03-08 10:48:01|200|GET|http://localhost:8080/webvpc/public/_debugbar/open|{"op":"get","id":"1f71ea5976272749ab44d3518d876610"}
BP2567|::1|Windows|7|Chrome|72.0.3626.121|2019-03-08 10:48:01|200|GET|http://localhost:8080/webvpc/public/_debugbar/open|{"op":"get","id":"0a0b89c505a3f9faeff17127522c1991"}
BP2567|::1|Windows|7|Chrome|72.0.3626.121|2019-03-08 10:48:03|200|POST|http://localhost:8080/webvpc/public/addusuario/lista|{"nombre_j":"gianfranco","registro":"BP2567","dni":"75741816","cargo":null,"area":null,"banca":"BPE","rol":"4","zona":null}
BP2567|::1|Windows|7|Chrome|72.0.3626.121|2019-03-08 10:48:44|200|POST|http://localhost:8080/webvpc/public/addusuario/lista|{"nombre_j":"gianfranco","registro":"BP2567","dni":"75741816","cargo":null,"area":null,"banca":"BPE","rol":"4","zona":null}
BP2567|::1|Windows|7|Chrome|72.0.3626.121|2019-03-08 10:49:08|200|POST|http://localhost:8080/webvpc/public/addusuario/lista|{"nombre_j":"gianfranco","registro":"BP2567","dni":"75741816","cargo":null,"area":null,"banca":"BPE","rol":"4","zona":null}
BP2567|::1|Windows|7|Chrome|72.0.3626.121|2019-03-08 10:50:10|200|POST|http://localhost:8080/webvpc/public/addusuario/lista|{"nombre_j":"gianfranco","registro":"BP2567","dni":"75741816","cargo":null,"area":null,"banca":"BPE","rol":"4","zona":null}
BP2567|::1|Windows|7|Chrome|72.0.3626.121|2019-03-08 10:50:20|200|POST|http://localhost:8080/webvpc/public/addusuario/comboZonas|{"banca":"BPE"}
BP2567|::1|Windows|7|Chrome|72.0.3626.121|2019-03-08 10:50:20|200|POST|http://localhost:8080/webvpc/public/addusuario/comboRoles|{"banca":"BPE"}
BP2567|::1|Windows|7|Chrome|72.0.3626.121|2019-03-08 10:50:20|200|GET|http://localhost:8080/webvpc/public/_debugbar/open|{"op":"get","id":"89e343bcb1e067620965ee1583dcacce"}
BP2567|::1|Windows|7|Chrome|72.0.3626.121|2019-03-08 10:50:20|200|GET|http://localhost:8080/webvpc/public/_debugbar/open|{"op":"get","id":"86865a78801c2eb3b7f9f840481da4d3"}
BP2567|::1|Windows|7|Chrome|72.0.3626.121|2019-03-08 10:50:57|200|GET|http://localhost:8080/webvpc/public/addusuario|[]
BP2567|::1|Windows|7|Chrome|72.0.3626.121|2019-03-08 10:54:19|200|GET|http://localhost:8080/webvpc/public/addusuario|[]
BP2567|::1|Windows|7|Chrome|72.0.3626.121|2019-03-08 10:54:48|200|GET|http://localhost:8080/webvpc/public/addusuario|[]
BP2567|::1|Windows|7|Chrome|72.0.3626.121|2019-03-08 10:55:00|200|POST|http://localhost:8080/webvpc/public/addusuario/comboRoles|{"banca":"BPE"}
BP2567|::1|Windows|7|Chrome|72.0.3626.121|2019-03-08 10:55:00|200|POST|http://localhost:8080/webvpc/public/addusuario/comboZonas|{"banca":"BPE"}
BP2567|::1|Windows|7|Chrome|72.0.3626.121|2019-03-08 10:55:00|200|GET|http://localhost:8080/webvpc/public/_debugbar/open|{"op":"get","id":"11ac7a01b94a20ed29205832784378ec"}
BP2567|::1|Windows|7|Chrome|72.0.3626.121|2019-03-08 10:55:00|200|GET|http://localhost:8080/webvpc/public/_debugbar/open|{"op":"get","id":"fa56a5b29c8d1cfb07fac12792cec09a"}
BP2567|::1|Windows|7|Chrome|72.0.3626.121|2019-03-08 10:55:42|200|POST|http://localhost:8080/webvpc/public/addusuario/lista|{"nombre_j":"gianfranco","registro":"BP2567","dni":"75741816","cargo":null,"area":null,"banca":"BPE","rol":"4","zona":null}
BP2567|::1|Windows|7|Chrome|72.0.3626.121|2019-03-08 10:55:42|200|GET|http://localhost:8080/webvpc/public/_debugbar/open|{"op":"get","id":"015c799eae36c068a8ba134fcc7acd3b"}
BP2567|::1|Windows|7|Chrome|72.0.3626.121|2019-03-08 10:56:46|200|GET|http://localhost:8080/webvpc/public/addusuario|[]
BP2567|::1|Windows|7|Chrome|72.0.3626.121|2019-03-08 10:57:01|200|POST|http://localhost:8080/webvpc/public/addusuario/comboZonas|{"banca":"BC"}
BP2567|::1|Windows|7|Chrome|72.0.3626.121|2019-03-08 10:57:01|200|POST|http://localhost:8080/webvpc/public/addusuario/comboRoles|{"banca":"BC"}
BP2567|::1|Windows|7|Chrome|72.0.3626.121|2019-03-08 10:57:02|200|GET|http://localhost:8080/webvpc/public/_debugbar/open|{"op":"get","id":"56f1ff9923078e90ec9c60d28525a4df"}
BP2567|::1|Windows|7|Chrome|72.0.3626.121|2019-03-08 10:57:02|200|GET|http://localhost:8080/webvpc/public/_debugbar/open|{"op":"get","id":"c26c8a9062d45f5e2bd2f61936d4b302"}
BP2567|::1|Windows|7|Chrome|72.0.3626.121|2019-03-08 10:57:06|200|POST|http://localhost:8080/webvpc/public/addusuario/comboZonas|{"banca":"BPE"}
BP2567|::1|Windows|7|Chrome|72.0.3626.121|2019-03-08 10:57:06|200|GET|http://localhost:8080/webvpc/public/_debugbar/open|{"op":"get","id":"5f7d5af27d4738158ee00f55867dd8ff"}
BP2567|::1|Windows|7|Chrome|72.0.3626.121|2019-03-08 10:57:06|200|GET|http://localhost:8080/webvpc/public/_debugbar/open|{"op":"get","id":"20827b76c88541271929005121ee28c3"}
BP2567|::1|Windows|7|Chrome|72.0.3626.121|2019-03-08 10:57:11|200|POST|http://localhost:8080/webvpc/public/addusuario/lista|{"nombre_j":"gianfranco","registro":"b9999","dni":"14651","cargo":null,"area":null,"banca":"BPE","rol":"1","zona":null}
BP2567|::1|Windows|7|Chrome|72.0.3626.121|2019-03-08 10:57:11|200|GET|http://localhost:8080/webvpc/public/_debugbar/open|{"op":"get","id":"e25c68a8a8dce8faa7b6f1f52e806d86"}
BP2567|::1|Windows|7|Chrome|72.0.3626.121|2019-03-08 10:57:16|200|POST|http://localhost:8080/webvpc/public/addusuario/lista|{"nombre_j":"gianfranco","registro":"b9999","dni":"14651","cargo":null,"area":null,"banca":"BPE","rol":"1","zona":null}
BP2567|::1|Windows|7|Chrome|72.0.3626.121|2019-03-08 10:57:16|200|GET|http://localhost:8080/webvpc/public/_debugbar/open|{"op":"get","id":"88723440d066139e183be7d3fd70f91c"}
BP2567|::1|Windows|7|Chrome|72.0.3626.121|2019-03-08 10:59:59|200|POST|http://localhost:8080/webvpc/public/addusuario/lista|{"nombre_j":"gianfranco","registro":"b9999","dni":"14651","cargo":null,"area":null,"banca":"BPE","rol":"1","zona":null}
BP2567|::1|Windows|7|Chrome|72.0.3626.121|2019-03-08 10:59:59|200|GET|http://localhost:8080/webvpc/public/_debugbar/open|{"op":"get","id":"b7eb95968c80309a6cef9cc5d65b0127"}
BP2567|::1|Windows|7|Chrome|72.0.3626.121|2019-03-08 11:02:45|500|POST|http://localhost:8080/webvpc/public/addusuario/lista|{"nombre_j":"gianfranco","registro":"bp9999","dni":"14651","cargo":null,"area":null,"banca":"BPE","rol":"1","zona":null}
BP2567|::1|Windows|7|Chrome|72.0.3626.121|2019-03-08 11:02:45|200|GET|http://localhost:8080/webvpc/public/_debugbar/open|{"op":"get","id":"b211553559fea295173511e49c3e4ceb"}
BP2567|::1|Windows|7|Chrome|72.0.3626.121|2019-03-08 11:03:51|500|POST|http://localhost:8080/webvpc/public/addusuario/lista|{"nombre_j":"gianfranco","registro":"bp9999","dni":"14651","cargo":null,"area":null,"banca":"BPE","rol":"1","zona":null}
BP2567|::1|Windows|7|Chrome|72.0.3626.121|2019-03-08 11:03:51|200|GET|http://localhost:8080/webvpc/public/_debugbar/open|{"op":"get","id":"8be0cb37fca4571388b452c2b6f962bd"}
BP2567|::1|Windows|7|Chrome|72.0.3626.121|2019-03-08 11:04:22|200|POST|http://localhost:8080/webvpc/public/addusuario/lista|{"nombre_j":"gianfranco","registro":"BP2567","dni":"14651","cargo":null,"area":null,"banca":"BPE","rol":"1","zona":null}
BP2567|::1|Windows|7|Chrome|72.0.3626.121|2019-03-08 11:04:22|200|GET|http://localhost:8080/webvpc/public/_debugbar/open|{"op":"get","id":"7056a5be7f44da425551be5409cbec19"}
BP2567|::1|Windows|7|Chrome|72.0.3626.121|2019-03-08 11:04:37|200|POST|http://localhost:8080/webvpc/public/addusuario/lista|{"nombre_j":"gianfranco","registro":"b9999","dni":"14651","cargo":null,"area":null,"banca":"BPE","rol":"1","zona":null}
BP2567|::1|Windows|7|Chrome|72.0.3626.121|2019-03-08 11:04:37|200|GET|http://localhost:8080/webvpc/public/_debugbar/open|{"op":"get","id":"97acdb308f9e355b92b1aa606d7403b7"}
BP2567|::1|Windows|7|Chrome|72.0.3626.121|2019-03-08 11:04:42|200|POST|http://localhost:8080/webvpc/public/addusuario/lista|{"nombre_j":"gianfranco","registro":"b9999","dni":"14651","cargo":null,"area":null,"banca":"BPE","rol":"1","zona":null}
BP2567|::1|Windows|7|Chrome|72.0.3626.121|2019-03-08 11:04:42|200|GET|http://localhost:8080/webvpc/public/_debugbar/open|{"op":"get","id":"84098970d173925188fbdf3bf84b4222"}
BP2567|::1|Windows|7|Chrome|72.0.3626.121|2019-03-08 11:06:05|200|POST|http://localhost:8080/webvpc/public/addusuario/lista|{"nombre_j":"gianfranco","registro":"b9999","dni":"14651","cargo":null,"area":null,"banca":"BPE","rol":"1","zona":null}
BP2567|::1|Windows|7|Chrome|72.0.3626.121|2019-03-08 11:06:05|200|GET|http://localhost:8080/webvpc/public/_debugbar/open|{"op":"get","id":"355aee6080a429007494e76b4c24f4bf"}
BP2567|::1|Windows|7|Chrome|72.0.3626.121|2019-03-08 11:06:08|200|POST|http://localhost:8080/webvpc/public/addusuario/lista|{"nombre_j":"gianfranco","registro":"b9999","dni":"14651","cargo":null,"area":null,"banca":"BPE","rol":"1","zona":null}
BP2567|::1|Windows|7|Chrome|72.0.3626.121|2019-03-08 11:06:09|200|GET|http://localhost:8080/webvpc/public/_debugbar/open|{"op":"get","id":"5322af39fefaa7fc1dd5cc5d930e56fe"}
BP2567|::1|Windows|7|Chrome|72.0.3626.121|2019-03-08 11:10:15|200|GET|http://localhost:8080/webvpc/public/addusuario|[]
BP2567|::1|Windows|7|Chrome|72.0.3626.121|2019-03-08 11:10:27|200|POST|http://localhost:8080/webvpc/public/addusuario/comboZonas|{"banca":"BPE"}
BP2567|::1|Windows|7|Chrome|72.0.3626.121|2019-03-08 11:10:27|200|POST|http://localhost:8080/webvpc/public/addusuario/comboRoles|{"banca":"BPE"}
BP2567|::1|Windows|7|Chrome|72.0.3626.121|2019-03-08 11:10:27|200|GET|http://localhost:8080/webvpc/public/_debugbar/open|{"op":"get","id":"25b18f32088ab9526d746fb394dad71a"}
BP2567|::1|Windows|7|Chrome|72.0.3626.121|2019-03-08 11:10:27|200|GET|http://localhost:8080/webvpc/public/_debugbar/open|{"op":"get","id":"0d72a9188cbac496bcc12d236364ba9a"}
BP2567|::1|Windows|7|Chrome|72.0.3626.121|2019-03-08 11:10:32|200|POST|http://localhost:8080/webvpc/public/addusuario/lista|{"nombre_j":null,"registro":null,"dni":null,"cargo":null,"area":null,"rol":null,"zona":null}
BP2567|::1|Windows|7|Chrome|72.0.3626.121|2019-03-08 11:10:33|200|GET|http://localhost:8080/webvpc/public/_debugbar/open|{"op":"get","id":"2f3d90e777870fe5a29bb585806e9e47"}
BP2567|::1|Windows|7|Chrome|72.0.3626.121|2019-03-08 11:10:36|200|POST|http://localhost:8080/webvpc/public/addusuario/lista|{"nombre_j":null,"registro":null,"dni":null,"cargo":null,"area":null,"rol":null,"zona":null}
BP2567|::1|Windows|7|Chrome|72.0.3626.121|2019-03-08 11:10:36|200|GET|http://localhost:8080/webvpc/public/_debugbar/open|{"op":"get","id":"c600e872bea6207a65f3ae7216ab944d"}
BP2567|::1|Windows|7|Chrome|72.0.3626.121|2019-03-08 11:11:03|200|POST|http://localhost:8080/webvpc/public/addusuario/comboRoles|{"banca":"BPE"}
BP2567|::1|Windows|7|Chrome|72.0.3626.121|2019-03-08 11:11:03|200|POST|http://localhost:8080/webvpc/public/addusuario/comboZonas|{"banca":"BPE"}
BP2567|::1|Windows|7|Chrome|72.0.3626.121|2019-03-08 11:11:04|200|GET|http://localhost:8080/webvpc/public/_debugbar/open|{"op":"get","id":"1c163bbbd637fcfbff450e294a88ab5f"}
BP2567|::1|Windows|7|Chrome|72.0.3626.121|2019-03-08 11:11:04|200|GET|http://localhost:8080/webvpc/public/_debugbar/open|{"op":"get","id":"caf90d6301b0c0d4180fb4f8780746a2"}
BP2567|::1|Windows|7|Chrome|72.0.3626.121|2019-03-08 11:11:09|200|POST|http://localhost:8080/webvpc/public/addusuario/lista|{"nombre_j":null,"registro":null,"dni":null,"cargo":null,"area":null,"rol":null,"zona":null}
BP2567|::1|Windows|7|Chrome|72.0.3626.121|2019-03-08 11:11:10|200|GET|http://localhost:8080/webvpc/public/_debugbar/open|{"op":"get","id":"992d71ae064971e1eb49c3a9ad554803"}
BP2567|::1|Windows|7|Chrome|72.0.3626.121|2019-03-08 11:21:56|200|POST|http://localhost:8080/webvpc/public/addusuario/comboRoles|{"banca":"BPE"}
BP2567|::1|Windows|7|Chrome|72.0.3626.121|2019-03-08 11:21:56|200|POST|http://localhost:8080/webvpc/public/addusuario/comboZonas|{"banca":"BPE"}
BP2567|::1|Windows|7|Chrome|72.0.3626.121|2019-03-08 11:21:56|200|GET|http://localhost:8080/webvpc/public/_debugbar/open|{"op":"get","id":"d46482b915c53a5b5989c0a65eac8330"}
BP2567|::1|Windows|7|Chrome|72.0.3626.121|2019-03-08 11:21:56|200|GET|http://localhost:8080/webvpc/public/_debugbar/open|{"op":"get","id":"489ab5678ed94e0a77bd459e12945abc"}
BP2567|::1|Windows|7|Chrome|72.0.3626.121|2019-03-08 11:22:02|200|POST|http://localhost:8080/webvpc/public/addusuario/lista|{"nombre_j":null,"registro":null,"dni":null,"cargo":null,"area":null,"rol":null,"zona":null}
BP2567|::1|Windows|7|Chrome|72.0.3626.121|2019-03-08 11:22:02|200|GET|http://localhost:8080/webvpc/public/_debugbar/open|{"op":"get","id":"e46caab6283498d000cd542184cf19e2"}
BP2567|::1|Windows|7|Chrome|72.0.3626.121|2019-03-08 11:26:49|200|POST|http://localhost:8080/webvpc/public/addusuario/lista|{"nombre_j":null,"registro":null,"dni":null,"cargo":null,"area":null,"rol":null,"zona":null}
BP2567|::1|Windows|7|Chrome|72.0.3626.121|2019-03-08 11:26:49|200|GET|http://localhost:8080/webvpc/public/_debugbar/open|{"op":"get","id":"5d1d3bcf1f2adf55b0470a0b9638fc79"}
BP2567|::1|Windows|7|Chrome|72.0.3626.121|2019-03-08 11:27:49|200|POST|http://localhost:8080/webvpc/public/addusuario/lista|{"nombre_j":null,"registro":null,"dni":null,"cargo":null,"area":null,"rol":null,"zona":null}
BP2567|::1|Windows|7|Chrome|72.0.3626.121|2019-03-08 11:27:49|200|GET|http://localhost:8080/webvpc/public/_debugbar/open|{"op":"get","id":"48a9178bd2dc7e48959ba58588b6fd5b"}
BP2567|::1|Windows|7|Chrome|72.0.3626.121|2019-03-08 11:29:04|500|POST|http://localhost:8080/webvpc/public/addusuario/lista|{"nombre_j":null,"registro":null,"dni":null,"cargo":null,"area":null,"rol":null,"zona":null}
BP2567|::1|Windows|7|Chrome|72.0.3626.121|2019-03-08 11:29:04|200|GET|http://localhost:8080/webvpc/public/_debugbar/open|{"op":"get","id":"a88c240a1bd266fbfe87715b9d9d66d0"}
BP2567|::1|Windows|7|Chrome|72.0.3626.121|2019-03-08 11:29:41|200|POST|http://localhost:8080/webvpc/public/addusuario/lista|{"nombre_j":null,"registro":null,"dni":null,"cargo":null,"area":null,"rol":null,"zona":null}
BP2567|::1|Windows|7|Chrome|72.0.3626.121|2019-03-08 11:29:42|200|GET|http://localhost:8080/webvpc/public/_debugbar/open|{"op":"get","id":"3f6030a06cd3bfea0c461b2456a347b0"}
BP2567|::1|Windows|7|Chrome|72.0.3626.121|2019-03-08 11:29:54|200|POST|http://localhost:8080/webvpc/public/addusuario/lista|{"nombre_j":null,"registro":null,"dni":null,"cargo":null,"area":null,"rol":null,"zona":null}
BP2567|::1|Windows|7|Chrome|72.0.3626.121|2019-03-08 11:29:54|200|GET|http://localhost:8080/webvpc/public/_debugbar/open|{"op":"get","id":"d3d7d3803440f1558fdfb05340295992"}
BP2567|::1|Windows|7|Chrome|72.0.3626.121|2019-03-08 11:30:50|200|GET|http://localhost:8080/webvpc/public/addusuario|[]
BP2567|::1|Windows|7|Chrome|72.0.3626.121|2019-03-08 11:30:52|200|GET|http://localhost:8080/webvpc/public/_debugbar/assets/javascript|{"v":"1502731300"}
BP2567|::1|Windows|7|Chrome|72.0.3626.121|2019-03-08 11:30:52|200|GET|http://localhost:8080/webvpc/public/_debugbar/assets/stylesheets|{"v":"1502731300"}
BP2567|::1|Windows|7|Chrome|72.0.3626.121|2019-03-08 11:30:58|200|POST|http://localhost:8080/webvpc/public/addusuario/lista|{"nombre_j":null,"registro":null,"dni":null,"cargo":null,"area":null}
BP2567|::1|Windows|7|Chrome|72.0.3626.121|2019-03-08 11:30:58|200|GET|http://localhost:8080/webvpc/public/_debugbar/open|{"op":"get","id":"41fcd598f948d665694f3338ffc43da7"}
BP2567|::1|Windows|7|Chrome|72.0.3626.121|2019-03-08 11:35:14|200|GET|http://localhost:8080/webvpc/public/addusuario|[]
BP2567|::1|Windows|7|Chrome|72.0.3626.121|2019-03-08 11:35:16|200|GET|http://localhost:8080/webvpc/public/_debugbar/assets/javascript|{"v":"1502731300"}
BP2567|::1|Windows|7|Chrome|72.0.3626.121|2019-03-08 11:35:16|200|GET|http://localhost:8080/webvpc/public/_debugbar/assets/stylesheets|{"v":"1502731300"}
BP2567|::1|Windows|7|Chrome|72.0.3626.121|2019-03-08 11:35:20|200|POST|http://localhost:8080/webvpc/public/addusuario/lista|{"nombre_j":null,"registro":null,"dni":null,"cargo":null,"area":null}
BP2567|::1|Windows|7|Chrome|72.0.3626.121|2019-03-08 11:35:20|200|GET|http://localhost:8080/webvpc/public/_debugbar/open|{"op":"get","id":"8418cbcd7110b81be38b7e88f6ba6fd3"}
BP2567|::1|Windows|7|Chrome|72.0.3626.121|2019-03-08 11:36:07|200|POST|http://localhost:8080/webvpc/public/addusuario/comboRoles|{"banca":"BPE"}
BP2567|::1|Windows|7|Chrome|72.0.3626.121|2019-03-08 11:36:07|200|POST|http://localhost:8080/webvpc/public/addusuario/comboZonas|{"banca":"BPE"}
BP2567|::1|Windows|7|Chrome|72.0.3626.121|2019-03-08 11:36:07|200|GET|http://localhost:8080/webvpc/public/_debugbar/open|{"op":"get","id":"fe222fa73d964aee9b8acf34811c199d"}
BP2567|::1|Windows|7|Chrome|72.0.3626.121|2019-03-08 11:36:07|200|GET|http://localhost:8080/webvpc/public/_debugbar/open|{"op":"get","id":"a9a316ef359811555d0a8957e78679b3"}
BP2567|::1|Windows|7|Chrome|72.0.3626.121|2019-03-08 11:36:14|200|POST|http://localhost:8080/webvpc/public/addusuario/lista|{"nombre_j":null,"registro":null,"dni":null,"cargo":null,"area":null,"rol":null,"zona":null}
BP2567|::1|Windows|7|Chrome|72.0.3626.121|2019-03-08 11:36:14|200|GET|http://localhost:8080/webvpc/public/_debugbar/open|{"op":"get","id":"14d0637e8398f65ce23970297b0a35bb"}
BP2567|::1|Windows|7|Chrome|72.0.3626.121|2019-03-08 11:37:07|200|GET|http://localhost:8080/webvpc/public/addusuario|[]
BP2567|::1|Windows|7|Chrome|72.0.3626.121|2019-03-08 11:37:09|200|GET|http://localhost:8080/webvpc/public/_debugbar/assets/stylesheets|{"v":"1502731300"}
BP2567|::1|Windows|7|Chrome|72.0.3626.121|2019-03-08 11:37:09|200|GET|http://localhost:8080/webvpc/public/_debugbar/assets/javascript|{"v":"1502731300"}
BP2567|::1|Windows|7|Chrome|72.0.3626.121|2019-03-08 11:37:16|200|POST|http://localhost:8080/webvpc/public/addusuario/lista|{"nombre_j":null,"registro":null,"dni":null,"cargo":null,"area":null}
BP2567|::1|Windows|7|Chrome|72.0.3626.121|2019-03-08 11:37:16|200|GET|http://localhost:8080/webvpc/public/_debugbar/open|{"op":"get","id":"2c179441fcca1575c188a578aee98df8"}
BP2567|::1|Windows|7|Chrome|72.0.3626.121|2019-03-08 11:37:46|200|GET|http://localhost:8080/webvpc/public/addusuario|[]
BP2567|::1|Windows|7|Chrome|72.0.3626.121|2019-03-08 11:37:48|200|GET|http://localhost:8080/webvpc/public/_debugbar/assets/stylesheets|{"v":"1502731300"}
BP2567|::1|Windows|7|Chrome|72.0.3626.121|2019-03-08 11:37:48|200|GET|http://localhost:8080/webvpc/public/_debugbar/assets/javascript|{"v":"1502731300"}
BP2567|::1|Windows|7|Chrome|72.0.3626.121|2019-03-08 11:37:51|200|POST|http://localhost:8080/webvpc/public/addusuario/lista|{"nombre_j":null,"registro":null,"dni":null,"cargo":null,"area":null}
BP2567|::1|Windows|7|Chrome|72.0.3626.121|2019-03-08 11:37:51|200|GET|http://localhost:8080/webvpc/public/_debugbar/open|{"op":"get","id":"82a7b1ff710de945c09f3909a48e36b5"}
BP2567|::1|Windows|7|Chrome|72.0.3626.121|2019-03-08 11:38:42|200|POST|http://localhost:8080/webvpc/public/addusuario/lista|{"nombre_j":null,"registro":null,"dni":null,"cargo":null,"area":null}
BP2567|::1|Windows|7|Chrome|72.0.3626.121|2019-03-08 11:38:42|200|GET|http://localhost:8080/webvpc/public/_debugbar/open|{"op":"get","id":"f6f0baf443814dde9a413b8a377120bc"}
BP2567|::1|Windows|7|Chrome|72.0.3626.121|2019-03-08 11:40:22|200|POST|http://localhost:8080/webvpc/public/addusuario/comboZonas|{"banca":"BPE"}
BP2567|::1|Windows|7|Chrome|72.0.3626.121|2019-03-08 11:40:23|200|GET|http://localhost:8080/webvpc/public/_debugbar/open|{"op":"get","id":"fc815af8b56c9a1cce7f2fc3c220cf5a"}
BP2567|::1|Windows|7|Chrome|72.0.3626.121|2019-03-08 11:40:23|200|GET|http://localhost:8080/webvpc/public/_debugbar/open|{"op":"get","id":"ce5fe30b546619c118b5bc95af355a22"}
BP2567|::1|Windows|7|Chrome|72.0.3626.121|2019-03-08 11:40:27|200|POST|http://localhost:8080/webvpc/public/addusuario/lista|{"nombre_j":null,"registro":null,"dni":null,"cargo":null,"area":null,"rol":null,"zona":null}
BP2567|::1|Windows|7|Chrome|72.0.3626.121|2019-03-08 11:40:27|200|GET|http://localhost:8080/webvpc/public/_debugbar/open|{"op":"get","id":"1a8de81c5fe15525d58315653332a410"}
BP2567|::1|Windows|7|Chrome|72.0.3626.121|2019-03-08 11:41:01|200|POST|http://localhost:8080/webvpc/public/addusuario/comboRoles|{"banca":"BPE"}
BP2567|::1|Windows|7|Chrome|72.0.3626.121|2019-03-08 11:41:01|200|POST|http://localhost:8080/webvpc/public/addusuario/comboZonas|{"banca":"BPE"}
BP2567|::1|Windows|7|Chrome|72.0.3626.121|2019-03-08 11:41:02|200|GET|http://localhost:8080/webvpc/public/_debugbar/open|{"op":"get","id":"775a33076bff475ed0bf468d7ebea5b9"}
BP2567|::1|Windows|7|Chrome|72.0.3626.121|2019-03-08 11:41:02|200|GET|http://localhost:8080/webvpc/public/_debugbar/open|{"op":"get","id":"f6b2604bbc7814893bedd97c715d849c"}
BP2567|::1|Windows|7|Chrome|72.0.3626.121|2019-03-08 11:41:12|200|POST|http://localhost:8080/webvpc/public/addusuario/lista|{"nombre_j":null,"registro":null,"dni":null,"cargo":null,"area":null,"rol":null,"zona":null}
BP2567|::1|Windows|7|Chrome|72.0.3626.121|2019-03-08 11:41:12|200|GET|http://localhost:8080/webvpc/public/_debugbar/open|{"op":"get","id":"afa530f36cc871d6098b256cba687a19"}
BP2567|::1|Windows|7|Chrome|72.0.3626.121|2019-03-08 11:44:41|200|GET|http://localhost:8080/webvpc/public/addusuario|[]
BP2567|::1|Windows|7|Chrome|72.0.3626.121|2019-03-08 11:45:40|200|POST|http://localhost:8080/webvpc/public/addusuario/comboRoles|{"banca":"BPE"}
BP2567|::1|Windows|7|Chrome|72.0.3626.121|2019-03-08 11:45:40|200|POST|http://localhost:8080/webvpc/public/addusuario/comboZonas|{"banca":"BPE"}
BP2567|::1|Windows|7|Chrome|72.0.3626.121|2019-03-08 11:45:40|200|GET|http://localhost:8080/webvpc/public/_debugbar/open|{"op":"get","id":"7da75f2c1c5bcbb53c70b03f519f9cb8"}
BP2567|::1|Windows|7|Chrome|72.0.3626.121|2019-03-08 11:45:47|200|POST|http://localhost:8080/webvpc/public/addusuario/lista|{"nombre_j":"aaa","registro":"bp9999","dni":"1234","cargo":null,"area":null,"banca":"BPE","rol":"4","zona":null}
BP2567|::1|Windows|7|Chrome|72.0.3626.121|2019-03-08 11:45:48|200|GET|http://localhost:8080/webvpc/public/_debugbar/open|{"op":"get","id":"3a9a161426a151c50a3560e82ab77ae6"}
BP2567|::1|Windows|7|Chrome|72.0.3626.121|2019-03-08 11:47:02|200|GET|http://localhost:8080/webvpc/public/addusuario|[]
BP2567|::1|Windows|7|Chrome|72.0.3626.121|2019-03-08 11:47:32|200|POST|http://localhost:8080/webvpc/public/addusuario/comboZonas|{"banca":"BE"}
BP2567|::1|Windows|7|Chrome|72.0.3626.121|2019-03-08 11:47:32|200|POST|http://localhost:8080/webvpc/public/addusuario/comboRoles|{"banca":"BE"}
BP2567|::1|Windows|7|Chrome|72.0.3626.121|2019-03-08 11:47:32|200|GET|http://localhost:8080/webvpc/public/_debugbar/open|{"op":"get","id":"a425b71c4ae914b372c8f828150d8288"}
BP2567|::1|Windows|7|Chrome|72.0.3626.121|2019-03-08 11:47:32|200|GET|http://localhost:8080/webvpc/public/_debugbar/open|{"op":"get","id":"761da4f42bc48500afef5a4ae56bbd72"}
BP2567|::1|Windows|7|Chrome|72.0.3626.121|2019-03-08 11:47:40|200|POST|http://localhost:8080/webvpc/public/addusuario/lista|{"nombre_j":"aaa","registro":"bp9999","dni":"14651","cargo":null,"area":null,"banca":"BE","rol":"31","zona":null}
BP2567|::1|Windows|7|Chrome|72.0.3626.121|2019-03-08 11:47:40|200|GET|http://localhost:8080/webvpc/public/_debugbar/open|{"op":"get","id":"190a983c58d80d344949cea4cf95a449"}
BP2567|::1|Windows|7|Chrome|72.0.3626.121|2019-03-08 11:47:42|200|GET|http://localhost:8080/webvpc/public/addusuario|[]
BP2567|::1|Windows|7|Chrome|72.0.3626.121|2019-03-08 11:48:00|200|GET|http://localhost:8080/webvpc/public/addusuario|[]
BP2567|::1|Windows|7|Chrome|72.0.3626.121|2019-03-08 11:49:54|200|GET|http://localhost:8080/webvpc/public/addusuario|[]
BP2567|::1|Windows|7|Chrome|72.0.3626.121|2019-03-08 11:50:11|200|POST|http://localhost:8080/webvpc/public/addusuario/get-usuario|{"registro":"B5436"}
BP2567|::1|Windows|7|Chrome|72.0.3626.121|2019-03-08 11:50:11|200|GET|http://localhost:8080/webvpc/public/_debugbar/open|{"op":"get","id":"e2eb0652041a54b34ed69f85ace2aadb"}
BP2567|::1|Windows|7|Chrome|72.0.3626.121|2019-03-08 11:50:24|200|POST|http://localhost:8080/webvpc/public/addusuario/get-usuario|{"registro":"BP2567"}
BP2567|::1|Windows|7|Chrome|72.0.3626.121|2019-03-08 11:50:25|200|GET|http://localhost:8080/webvpc/public/_debugbar/open|{"op":"get","id":"68235408b90ad9c00be9f408706a7f3a"}
BP2567|::1|Windows|7|Chrome|72.0.3626.121|2019-03-08 11:50:37|200|POST|http://localhost:8080/webvpc/public/addusuario/get-usuario|{"registro":"B25163"}
BP2567|::1|Windows|7|Chrome|72.0.3626.121|2019-03-08 11:50:37|200|GET|http://localhost:8080/webvpc/public/_debugbar/open|{"op":"get","id":"785b507e161960aa28d7ba924e8ac4d6"}
BP2567|::1|Windows|7|Chrome|72.0.3626.121|2019-03-08 11:50:40|200|POST|http://localhost:8080/webvpc/public/addusuario/get-usuario|{"registro":"B24316"}
BP2567|::1|Windows|7|Chrome|72.0.3626.121|2019-03-08 11:50:40|200|GET|http://localhost:8080/webvpc/public/_debugbar/open|{"op":"get","id":"a7ef419f3d8927e6bc5723af8c23b414"}
BP2567|::1|Windows|7|Chrome|72.0.3626.121|2019-03-08 11:50:42|200|POST|http://localhost:8080/webvpc/public/addusuario/get-usuario|{"registro":"B18756"}
BP2567|::1|Windows|7|Chrome|72.0.3626.121|2019-03-08 11:50:42|200|GET|http://localhost:8080/webvpc/public/_debugbar/open|{"op":"get","id":"0257ec8fa0d975c03eb131225c314cd0"}
BP2567|::1|Windows|7|Chrome|72.0.3626.121|2019-03-08 11:50:44|200|POST|http://localhost:8080/webvpc/public/addusuario/get-usuario|{"registro":"B14027"}
BP2567|::1|Windows|7|Chrome|72.0.3626.121|2019-03-08 11:50:45|200|GET|http://localhost:8080/webvpc/public/_debugbar/open|{"op":"get","id":"598fa759bb7fd1e6db5c0485a5fc7731"}