guest|::1|Windows|7|Chrome|73.0.3683.103|2019-04-22 09:41:57|200|GET|http://localhost:8080/webvpc/public|[]
guest|::1|Windows|7|Chrome|73.0.3683.103|2019-04-22 09:42:23|200|GET|http://localhost:8080/webvpc/public/extra-login|[]
guest|::1|Windows|7|Chrome|73.0.3683.103|2019-04-22 09:42:30|302|POST|http://localhost:8080/webvpc/public/extra-attempt|{"_token":"yXNkD4NcLWl6W2s8tTqXRus6vbFQ327wueAzVhmi","registro":"B37097","passw":"vpc201801*"}
guest|::1|Windows|7|Chrome|73.0.3683.103|2019-04-22 09:42:30|200|GET|http://localhost:8080/webvpc/public/extra-login|[]
B37097|::1|Windows|7|Chrome|73.0.3683.103|2019-04-22 09:42:38|302|POST|http://localhost:8080/webvpc/public/extra-attempt|{"_token":"yXNkD4NcLWl6W2s8tTqXRus6vbFQ327wueAzVhmi","registro":"B37097","passw":"VPC201801*"}
B37097|::1|Windows|7|Chrome|73.0.3683.103|2019-04-22 09:42:41|200|GET|http://localhost:8080/webvpc/public/be/misacciones/lista|[]
guest|::1|Windows|7|Chrome|73.0.3683.103|2019-04-22 09:42:59|302|GET|http://localhost:8080/webvpc/public/logout|[]
guest|::1|Windows|7|Chrome|73.0.3683.103|2019-04-22 09:42:59|200|GET|http://localhost:8080/webvpc/public|[]
B35882|::1|Windows|7|Chrome|73.0.3683.103|2019-04-22 09:43:04|302|POST|http://localhost:8080/webvpc/public/login|{"_token":"yXNkD4NcLWl6W2s8tTqXRus6vbFQ327wueAzVhmi","registro":"B35882","passw":"B35882"}
B35882|::1|Windows|7|Chrome|73.0.3683.103|2019-04-22 09:43:07|200|GET|http://localhost:8080/webvpc/public/be/misacciones/lista|[]
B35882|::1|Windows|7|Chrome|73.0.3683.103|2019-04-22 09:50:00|200|GET|http://localhost:8080/webvpc/public/be/misacciones/lista|{"flgRequest":"0","ejecutivo":null,"ejecutivoProducto":null,"razonSocial":"20500964911","codUnico":null,"categoria":null,"estrategia":null,"accion":null,"etapa":null,"semaforo":null}
B35882|::1|Windows|7|Chrome|73.0.3683.103|2019-04-22 09:50:26|200|GET|http://localhost:8080/webvpc/public/be/misacciones/lista|{"flgRequest":"0","flgAccion":"1","ejecutivo":null,"ejecutivoProducto":null,"razonSocial":"20500964911","codUnico":null,"categoria":null,"estrategia":null,"accion":null,"etapa":null,"semaforo":null}
B35882|::1|Windows|7|Chrome|73.0.3683.103|2019-04-22 09:50:29|200|GET|http://localhost:8080/webvpc/public/be/misacciones/lista|{"flgRequest":"1","ejecutivo":null,"ejecutivoProducto":null,"razonSocial":"20500964911","codUnico":null,"categoria":null,"estrategia":null,"accion":null,"etapa":null,"semaforo":null}
B35882|::1|Windows|7|Chrome|73.0.3683.103|2019-04-22 09:50:31|200|GET|http://localhost:8080/webvpc/public/be/misacciones/lista|{"flgRequest":"1","flgAccion":"2","ejecutivo":null,"ejecutivoProducto":null,"razonSocial":"20500964911","codUnico":null,"categoria":null,"estrategia":null,"accion":null,"etapa":null,"semaforo":null}
B35882|::1|Windows|7|Chrome|73.0.3683.103|2019-04-22 09:50:33|200|GET|http://localhost:8080/webvpc/public/be/misacciones/lista|{"flgRequest":"2","ejecutivo":null,"ejecutivoProducto":null,"razonSocial":"20500964911","codUnico":null,"categoria":null,"estrategia":null,"accion":null,"etapa":null,"semaforo":null}
B35882|::1|Windows|7|Chrome|73.0.3683.103|2019-04-22 09:50:39|200|GET|http://localhost:8080/webvpc/public/be/misacciones/lista|{"flgRequest":"2","ejecutivo":null,"ejecutivoProducto":null,"razonSocial":null,"codUnico":null,"categoria":null,"estrategia":null,"accion":null,"etapa":null,"semaforo":null}
B35882|::1|Windows|7|Chrome|73.0.3683.103|2019-04-22 09:51:18|200|GET|http://localhost:8080/webvpc/public/be/misacciones/lista|{"flgRequest":"2","ejecutivo":null,"ejecutivoProducto":null,"razonSocial":"20502095553","codUnico":null,"categoria":null,"estrategia":null,"accion":null,"etapa":null,"semaforo":null}
B35882|::1|Windows|7|Chrome|73.0.3683.103|2019-04-22 09:54:27|200|GET|http://localhost:8080/webvpc/public/be/misacciones/lista|{"flgRequest":"2","ejecutivo":null,"ejecutivoProducto":null,"razonSocial":null,"codUnico":null,"categoria":null,"estrategia":null,"accion":null,"etapa":null,"semaforo":null}
B35882|::1|Windows|7|Chrome|73.0.3683.103|2019-04-22 09:56:22|200|GET|http://localhost:8080/webvpc/public/be/misacciones/lista|{"flgRequest":"2","ejecutivo":null,"ejecutivoProducto":null,"razonSocial":"20549706500","codUnico":null,"categoria":null,"estrategia":null,"accion":null,"etapa":null,"semaforo":null}
B35882|::1|Windows|7|Chrome|73.0.3683.103|2019-04-22 09:56:26|200|GET|http://localhost:8080/webvpc/public/be/misacciones/lista|{"flgRequest":"2","ejecutivo":null,"ejecutivoProducto":null,"razonSocial":"20549706500","codUnico":null,"categoria":null,"estrategia":null,"accion":null,"etapa":null,"semaforo":null}
B35882|::1|Windows|7|Chrome|73.0.3683.103|2019-04-22 09:56:30|200|GET|http://localhost:8080/webvpc/public/be/misacciones/lista|{"flgRequest":"2","flgAccion":"0","ejecutivo":null,"ejecutivoProducto":null,"razonSocial":null,"codUnico":null,"categoria":null,"estrategia":null,"accion":null,"etapa":null,"semaforo":null}
B35882|::1|Windows|7|Chrome|73.0.3683.103|2019-04-22 10:00:32|200|GET|http://localhost:8080/webvpc/public/be/misacciones/lista|{"flgRequest":"0","ejecutivo":null,"ejecutivoProducto":null,"razonSocial":"DREAMS CORPORATION","codUnico":null,"categoria":null,"estrategia":null,"accion":null,"etapa":null,"semaforo":null}
B35882|::1|Windows|7|Chrome|73.0.3683.103|2019-04-22 10:00:38|200|GET|http://localhost:8080/webvpc/public/be/misacciones/lista|{"flgRequest":"0","ejecutivo":null,"ejecutivoProducto":null,"razonSocial":"DREAMS CORPORATION","codUnico":null,"categoria":null,"estrategia":null,"accion":null,"etapa":null,"semaforo":null}
B35882|::1|Windows|7|Chrome|73.0.3683.103|2019-04-22 10:00:42|200|GET|http://localhost:8080/webvpc/public/be/misacciones/lista|{"flgRequest":"0","flgAccion":"0","ejecutivo":null,"ejecutivoProducto":null,"razonSocial":null,"codUnico":null,"categoria":null,"estrategia":null,"accion":null,"etapa":null,"semaforo":null}
B35882|::1|Windows|7|Chrome|73.0.3683.103|2019-04-22 10:00:52|200|GET|http://localhost:8080/webvpc/public/be/misacciones/lista|{"flgRequest":"0","ejecutivo":null,"ejecutivoProducto":null,"razonSocial":"A&N","codUnico":null,"categoria":null,"estrategia":null,"accion":null,"etapa":null,"semaforo":null}
B35882|::1|Windows|7|Chrome|73.0.3683.103|2019-04-22 10:00:56|200|GET|http://localhost:8080/webvpc/public/be/misacciones/lista|{"flgRequest":"0","flgAccion":"0","ejecutivo":null,"ejecutivoProducto":null,"razonSocial":null,"codUnico":null,"categoria":null,"estrategia":null,"accion":null,"etapa":null,"semaforo":null}
B35882|::1|Windows|7|Chrome|73.0.3683.103|2019-04-22 10:01:02|200|GET|http://localhost:8080/webvpc/public/be/misacciones/lista|{"flgRequest":"0","ejecutivo":null,"ejecutivoProducto":null,"razonSocial":"BASEFIRMA","codUnico":null,"categoria":null,"estrategia":null,"accion":null,"etapa":null,"semaforo":null}
B35882|::1|Windows|7|Chrome|73.0.3683.103|2019-04-22 10:01:06|200|GET|http://localhost:8080/webvpc/public/be/misacciones/lista|{"flgRequest":"0","flgAccion":"0","ejecutivo":null,"ejecutivoProducto":null,"razonSocial":null,"codUnico":null,"categoria":null,"estrategia":null,"accion":null,"etapa":null,"semaforo":null}
B35882|::1|Windows|7|Chrome|73.0.3683.103|2019-04-22 10:05:39|200|GET|http://localhost:8080/webvpc/public/be/misacciones/lista|{"flgRequest":"0","flgAccion":"0","ejecutivo":null,"ejecutivoProducto":null,"razonSocial":null,"codUnico":null,"categoria":null,"estrategia":null,"accion":null,"etapa":null,"semaforo":null}
B35882|::1|Windows|7|Chrome|73.0.3683.103|2019-04-22 10:05:40|200|GET|http://localhost:8080/webvpc/public/_debugbar/assets/stylesheets|{"v":"1502731300"}
B35882|::1|Windows|7|Chrome|73.0.3683.103|2019-04-22 10:05:40|200|GET|http://localhost:8080/webvpc/public/_debugbar/assets/javascript|{"v":"1502731300"}
B35882|::1|Windows|7|Chrome|73.0.3683.103|2019-04-22 10:07:32|200|GET|http://localhost:8080/webvpc/public/be/misacciones/lista|{"flgRequest":"0","flgAccion":"0","ejecutivo":null,"ejecutivoProducto":null,"razonSocial":null,"codUnico":null,"categoria":null,"estrategia":null,"accion":null,"etapa":null,"semaforo":null}
B35882|::1|Windows|7|Chrome|73.0.3683.103|2019-04-22 10:07:33|200|GET|http://localhost:8080/webvpc/public/_debugbar/assets/javascript|{"v":"1502731300"}
B35882|::1|Windows|7|Chrome|73.0.3683.103|2019-04-22 10:07:33|200|GET|http://localhost:8080/webvpc/public/_debugbar/assets/stylesheets|{"v":"1502731300"}
B35882|::1|Windows|7|Chrome|73.0.3683.103|2019-04-22 10:39:43|200|GET|http://localhost:8080/webvpc/public/be/misacciones/lista|{"flgRequest":"0","flgAccion":"0","ejecutivo":null,"ejecutivoProducto":null,"razonSocial":null,"codUnico":null,"categoria":null,"estrategia":null,"accion":null,"etapa":null,"semaforo":null}
B35882|::1|Windows|7|Chrome|73.0.3683.103|2019-04-22 10:39:43|200|GET|http://localhost:8080/webvpc/public/_debugbar/assets/stylesheets|{"v":"1502731300"}
B35882|::1|Windows|7|Chrome|73.0.3683.103|2019-04-22 10:39:43|200|GET|http://localhost:8080/webvpc/public/_debugbar/assets/javascript|{"v":"1502731300"}
B35882|::1|Windows|7|Chrome|73.0.3683.103|2019-04-22 10:40:12|200|GET|http://localhost:8080/webvpc/public/be/misacciones/lista|{"flgRequest":"0","ejecutivo":null,"ejecutivoProducto":null,"razonSocial":"ASOCIACION EDUCATIVA DAVY","codUnico":null,"categoria":null,"estrategia":null,"accion":null,"etapa":null,"semaforo":null}
B35882|::1|Windows|7|Chrome|73.0.3683.103|2019-04-22 10:40:27|200|GET|http://localhost:8080/webvpc/public/be/misacciones/lista|{"flgRequest":"0","ejecutivo":null,"ejecutivoProducto":null,"razonSocial":null,"codUnico":null,"categoria":null,"estrategia":null,"accion":null,"etapa":null,"semaforo":null}
B35882|::1|Windows|7|Chrome|73.0.3683.103|2019-04-22 10:55:58|200|GET|http://localhost:8080/webvpc/public/be/misacciones/lista|{"flgRequest":"0","ejecutivo":null,"ejecutivoProducto":null,"razonSocial":null,"codUnico":null,"categoria":null,"estrategia":null,"accion":null,"etapa":null,"semaforo":null}
B35882|::1|Windows|7|Chrome|73.0.3683.103|2019-04-22 10:55:58|200|GET|http://localhost:8080/webvpc/public/_debugbar/assets/stylesheets|{"v":"1502731300"}
B35882|::1|Windows|7|Chrome|73.0.3683.103|2019-04-22 10:55:58|200|GET|http://localhost:8080/webvpc/public/_debugbar/assets/javascript|{"v":"1502731300"}
B35882|::1|Windows|7|Chrome|73.0.3683.103|2019-04-22 10:56:08|200|GET|http://localhost:8080/webvpc/public/be/misacciones/lista|{"flgRequest":"0","ejecutivo":null,"ejecutivoProducto":null,"razonSocial":"ASOCIACION EDUCATIVA DAVY","codUnico":null,"categoria":null,"estrategia":null,"accion":null,"etapa":null,"semaforo":null}
B35882|::1|Windows|7|Chrome|73.0.3683.103|2019-04-22 10:56:14|200|GET|http://localhost:8080/webvpc/public/be/misacciones/lista|{"flgRequest":"0","ejecutivo":null,"ejecutivoProducto":null,"razonSocial":"ASOCIACION EDUCATIVA","codUnico":null,"categoria":null,"estrategia":null,"accion":null,"etapa":null,"semaforo":null}
B35882|::1|Windows|7|Chrome|73.0.3683.103|2019-04-22 10:56:16|200|GET|http://localhost:8080/webvpc/public/be/misacciones/lista|{"flgRequest":"0","ejecutivo":null,"ejecutivoProducto":null,"razonSocial":"ASOCIACION EDUCATIVA","codUnico":null,"categoria":null,"estrategia":null,"accion":null,"etapa":null,"semaforo":null}
B35882|::1|Windows|7|Chrome|73.0.3683.103|2019-04-22 10:56:16|200|GET|http://localhost:8080/webvpc/public/_debugbar/assets/javascript|{"v":"1502731300"}
B35882|::1|Windows|7|Chrome|73.0.3683.103|2019-04-22 10:56:17|200|GET|http://localhost:8080/webvpc/public/_debugbar/assets/stylesheets|{"v":"1502731300"}
B35882|::1|Windows|7|Chrome|73.0.3683.103|2019-04-22 11:01:52|200|GET|http://localhost:8080/webvpc/public/be/misacciones/lista|{"flgRequest":"0","ejecutivo":null,"ejecutivoProducto":null,"razonSocial":"ASOCIACION EDUCATIVA","codUnico":null,"categoria":null,"estrategia":null,"accion":null,"etapa":null,"semaforo":null}
B35882|::1|Windows|7|Chrome|73.0.3683.103|2019-04-22 11:01:54|200|GET|http://localhost:8080/webvpc/public/be/misacciones/lista|{"flgRequest":"0","ejecutivo":null,"ejecutivoProducto":null,"razonSocial":"ASOCIACION EDUCATIVA","codUnico":null,"categoria":null,"estrategia":null,"accion":null,"etapa":null,"semaforo":null}
B35882|::1|Windows|7|Chrome|73.0.3683.103|2019-04-22 11:01:54|200|GET|http://localhost:8080/webvpc/public/_debugbar/assets/stylesheets|{"v":"1502731300"}
B35882|::1|Windows|7|Chrome|73.0.3683.103|2019-04-22 11:01:55|200|GET|http://localhost:8080/webvpc/public/_debugbar/assets/javascript|{"v":"1502731300"}
B35882|::1|Windows|7|Chrome|73.0.3683.103|2019-04-22 11:01:56|200|GET|http://localhost:8080/webvpc/public/be/misacciones/lista|{"flgRequest":"0","ejecutivo":null,"ejecutivoProducto":null,"razonSocial":"ASOCIACION EDUCATIVA","codUnico":null,"categoria":null,"estrategia":null,"accion":null,"etapa":null,"semaforo":null}
B35882|::1|Windows|7|Chrome|73.0.3683.103|2019-04-22 11:03:19|200|GET|http://localhost:8080/webvpc/public/be/misacciones/lista|{"flgRequest":"0","flgAccion":"1","ejecutivo":null,"ejecutivoProducto":null,"razonSocial":"ASOCIACION EDUCATIVA","codUnico":null,"categoria":null,"estrategia":null,"accion":null,"etapa":null,"semaforo":null}
B35882|::1|Windows|7|Chrome|73.0.3683.103|2019-04-22 11:03:21|200|GET|http://localhost:8080/webvpc/public/be/misacciones/lista|{"flgRequest":"1","flgAccion":"2","ejecutivo":null,"ejecutivoProducto":null,"razonSocial":"ASOCIACION EDUCATIVA","codUnico":null,"categoria":null,"estrategia":null,"accion":null,"etapa":null,"semaforo":null}
B35882|::1|Windows|7|Chrome|73.0.3683.103|2019-04-22 11:03:23|200|GET|http://localhost:8080/webvpc/public/be/misacciones/lista|{"flgRequest":"2","flgAccion":"0","ejecutivo":null,"ejecutivoProducto":null,"razonSocial":"ASOCIACION EDUCATIVA","codUnico":null,"categoria":null,"estrategia":null,"accion":null,"etapa":null,"semaforo":null}
B35882|::1|Windows|7|Chrome|73.0.3683.103|2019-04-22 11:03:25|200|GET|http://localhost:8080/webvpc/public/be/misacciones/lista|{"flgRequest":"0","flgAccion":"0","ejecutivo":null,"ejecutivoProducto":null,"razonSocial":null,"codUnico":null,"categoria":null,"estrategia":null,"accion":null,"etapa":null,"semaforo":null}
B35882|::1|Windows|7|Chrome|73.0.3683.103|2019-04-22 11:07:13|200|GET|http://localhost:8080/webvpc/public/be/misacciones/lista|{"flgRequest":"0","flgAccion":"0","ejecutivo":null,"ejecutivoProducto":null,"razonSocial":null,"codUnico":null,"categoria":null,"estrategia":null,"accion":null,"etapa":null,"semaforo":null}
B35882|::1|Windows|7|Chrome|73.0.3683.103|2019-04-22 11:07:14|200|GET|http://localhost:8080/webvpc/public/_debugbar/assets/stylesheets|{"v":"1502731300"}
B35882|::1|Windows|7|Chrome|73.0.3683.103|2019-04-22 11:07:14|200|GET|http://localhost:8080/webvpc/public/_debugbar/assets/javascript|{"v":"1502731300"}
B35882|::1|Windows|7|Chrome|73.0.3683.103|2019-04-22 11:07:32|200|GET|http://localhost:8080/webvpc/public/be/misacciones/lista|{"flgRequest":"0","ejecutivo":null,"ejecutivoProducto":null,"razonSocial":"ASOCIACION EDUCATIVA","codUnico":null,"categoria":null,"estrategia":null,"accion":null,"etapa":null,"semaforo":null}
B35882|::1|Windows|7|Chrome|73.0.3683.103|2019-04-22 11:07:38|200|GET|http://localhost:8080/webvpc/public/be/misacciones/lista|{"flgRequest":"0","flgAccion":"0","ejecutivo":null,"ejecutivoProducto":null,"razonSocial":null,"codUnico":null,"categoria":null,"estrategia":null,"accion":null,"etapa":null,"semaforo":null}
B35882|::1|Windows|7|Chrome|73.0.3683.103|2019-04-22 11:09:29|200|GET|http://localhost:8080/webvpc/public/be/misacciones/lista|{"flgRequest":"0","ejecutivo":null,"ejecutivoProducto":null,"razonSocial":null,"codUnico":"0011860725","categoria":null,"estrategia":null,"accion":null,"etapa":null,"semaforo":null}
B35882|::1|Windows|7|Chrome|73.0.3683.103|2019-04-22 11:09:31|200|GET|http://localhost:8080/webvpc/public/be/misacciones/lista|{"flgRequest":"0","ejecutivo":null,"ejecutivoProducto":null,"razonSocial":null,"codUnico":"0011860725","categoria":null,"estrategia":null,"accion":null,"etapa":null,"semaforo":null}
B35882|::1|Windows|7|Chrome|73.0.3683.103|2019-04-22 11:09:31|200|GET|http://localhost:8080/webvpc/public/_debugbar/assets/stylesheets|{"v":"1502731300"}
B35882|::1|Windows|7|Chrome|73.0.3683.103|2019-04-22 11:09:31|200|GET|http://localhost:8080/webvpc/public/_debugbar/assets/javascript|{"v":"1502731300"}
B35882|::1|Windows|7|Chrome|73.0.3683.103|2019-04-22 11:09:34|200|GET|http://localhost:8080/webvpc/public/be/misacciones/lista|{"flgRequest":"0","flgAccion":"0","ejecutivo":null,"ejecutivoProducto":null,"razonSocial":null,"codUnico":null,"categoria":null,"estrategia":null,"accion":null,"etapa":null,"semaforo":null}
B35882|::1|Windows|7|Chrome|73.0.3683.103|2019-04-22 11:14:31|200|GET|http://localhost:8080/webvpc/public/be/misacciones/lista|{"flgRequest":"0","flgAccion":"0","ejecutivo":null,"ejecutivoProducto":null,"razonSocial":null,"codUnico":null,"categoria":null,"estrategia":null,"accion":null,"etapa":null,"semaforo":null}
B35882|::1|Windows|7|Chrome|73.0.3683.103|2019-04-22 11:14:31|200|GET|http://localhost:8080/webvpc/public/_debugbar/assets/stylesheets|{"v":"1502731300"}
B35882|::1|Windows|7|Chrome|73.0.3683.103|2019-04-22 11:14:31|200|GET|http://localhost:8080/webvpc/public/_debugbar/assets/javascript|{"v":"1502731300"}
B35882|::1|Windows|7|Chrome|73.0.3683.103|2019-04-22 11:14:33|200|GET|http://localhost:8080/webvpc/public/be/misacciones/lista|{"flgRequest":"0","ejecutivo":null,"ejecutivoProducto":null,"razonSocial":null,"codUnico":"0000711812","categoria":null,"estrategia":null,"accion":null,"etapa":null,"semaforo":null}
B35882|::1|Windows|7|Chrome|73.0.3683.103|2019-04-22 11:14:36|200|GET|http://localhost:8080/webvpc/public/be/misacciones/lista|{"flgRequest":"0","flgAccion":"0","ejecutivo":null,"ejecutivoProducto":null,"razonSocial":null,"codUnico":null,"categoria":null,"estrategia":null,"accion":null,"etapa":null,"semaforo":null}
B35882|::1|Windows|7|Chrome|73.0.3683.103|2019-04-22 11:18:13|200|GET|http://localhost:8080/webvpc/public/be/misacciones/lista|{"flgRequest":"0","ejecutivo":null,"ejecutivoProducto":null,"razonSocial":null,"codUnico":"0000711812","categoria":null,"estrategia":null,"accion":null,"etapa":null,"semaforo":null}
B35882|::1|Windows|7|Chrome|73.0.3683.103|2019-04-22 11:18:21|200|GET|http://localhost:8080/webvpc/public/be/misacciones/lista|{"flgRequest":"0","flgAccion":"0","ejecutivo":null,"ejecutivoProducto":null,"razonSocial":null,"codUnico":null,"categoria":null,"estrategia":null,"accion":null,"etapa":null,"semaforo":null}
B35882|::1|Windows|7|Chrome|73.0.3683.103|2019-04-22 11:19:49|200|GET|http://localhost:8080/webvpc/public/be/misacciones/lista|{"flgRequest":"0","flgAccion":"0","ejecutivo":null,"ejecutivoProducto":null,"razonSocial":null,"codUnico":null,"categoria":null,"estrategia":null,"accion":null,"etapa":null,"semaforo":null}
B35882|::1|Windows|7|Chrome|73.0.3683.103|2019-04-22 11:19:49|200|GET|http://localhost:8080/webvpc/public/_debugbar/assets/stylesheets|{"v":"1502731300"}
B35882|::1|Windows|7|Chrome|73.0.3683.103|2019-04-22 11:19:50|200|GET|http://localhost:8080/webvpc/public/_debugbar/assets/javascript|{"v":"1502731300"}
B35882|::1|Windows|7|Chrome|73.0.3683.103|2019-04-22 11:19:52|200|GET|http://localhost:8080/webvpc/public/be/misacciones/lista|{"flgRequest":"0","ejecutivo":null,"ejecutivoProducto":null,"razonSocial":null,"codUnico":"0000711812","categoria":null,"estrategia":null,"accion":null,"etapa":null,"semaforo":null}
B35882|::1|Windows|7|Chrome|73.0.3683.103|2019-04-22 11:31:09|200|GET|http://localhost:8080/webvpc/public/be/misacciones/lista|{"flgRequest":"0","ejecutivo":null,"ejecutivoProducto":null,"razonSocial":null,"codUnico":"0000711812","categoria":null,"estrategia":null,"accion":null,"etapa":null,"semaforo":null}
B35882|::1|Windows|7|Chrome|73.0.3683.103|2019-04-22 11:31:09|200|GET|http://localhost:8080/webvpc/public/_debugbar/assets/stylesheets|{"v":"1502731300"}
B35882|::1|Windows|7|Chrome|73.0.3683.103|2019-04-22 11:31:10|200|GET|http://localhost:8080/webvpc/public/_debugbar/assets/javascript|{"v":"1502731300"}
B35882|::1|Windows|7|Chrome|73.0.3683.103|2019-04-22 11:31:12|200|GET|http://localhost:8080/webvpc/public/be/misacciones/lista|{"flgRequest":"0","ejecutivo":null,"ejecutivoProducto":null,"razonSocial":null,"codUnico":"0000711812","categoria":null,"estrategia":null,"accion":null,"etapa":null,"semaforo":null}
B35882|::1|Windows|7|Chrome|73.0.3683.103|2019-04-22 11:31:15|200|GET|http://localhost:8080/webvpc/public/be/misacciones/lista|{"flgRequest":"0","flgAccion":"0","ejecutivo":null,"ejecutivoProducto":null,"razonSocial":null,"codUnico":null,"categoria":null,"estrategia":null,"accion":null,"etapa":null,"semaforo":null}
B35882|::1|Windows|7|Chrome|73.0.3683.103|2019-04-22 11:36:36|200|GET|http://localhost:8080/webvpc/public/be/misacciones/lista|{"flgRequest":"0","flgAccion":"0","ejecutivo":null,"ejecutivoProducto":null,"razonSocial":null,"codUnico":"0000711812","categoria":null,"estrategia":null,"accion":null,"etapa":null,"semaforo":null}
B35882|::1|Windows|7|Chrome|73.0.3683.103|2019-04-22 11:36:39|200|GET|http://localhost:8080/webvpc/public/be/misacciones/lista|{"flgRequest":"0","ejecutivo":null,"ejecutivoProducto":null,"razonSocial":null,"codUnico":"0000711812","categoria":null,"estrategia":null,"accion":null,"etapa":null,"semaforo":null}
B35882|::1|Windows|7|Chrome|73.0.3683.103|2019-04-22 11:36:40|200|GET|http://localhost:8080/webvpc/public/be/misacciones/lista|{"flgRequest":"0","flgAccion":"1","ejecutivo":null,"ejecutivoProducto":null,"razonSocial":null,"codUnico":"0000711812","categoria":null,"estrategia":null,"accion":null,"etapa":null,"semaforo":null}
B35882|::1|Windows|7|Chrome|73.0.3683.103|2019-04-22 11:36:41|200|GET|http://localhost:8080/webvpc/public/be/misacciones/lista|{"flgRequest":"1","flgAccion":"2","ejecutivo":null,"ejecutivoProducto":null,"razonSocial":null,"codUnico":"0000711812","categoria":null,"estrategia":null,"accion":null,"etapa":null,"semaforo":null}
B35882|::1|Windows|7|Chrome|73.0.3683.103|2019-04-22 11:36:43|200|GET|http://localhost:8080/webvpc/public/be/misacciones/lista|{"flgRequest":"2","flgAccion":"1","ejecutivo":null,"ejecutivoProducto":null,"razonSocial":null,"codUnico":"0000711812","categoria":null,"estrategia":null,"accion":null,"etapa":null,"semaforo":null}
B35882|::1|Windows|7|Chrome|73.0.3683.103|2019-04-22 11:37:25|200|GET|http://localhost:8080/webvpc/public/be/misacciones/lista|{"flgRequest":"1","flgAccion":"0","ejecutivo":null,"ejecutivoProducto":null,"razonSocial":null,"codUnico":null,"categoria":null,"estrategia":null,"accion":null,"etapa":null,"semaforo":null}
B35882|::1|Windows|7|Chrome|73.0.3683.103|2019-04-22 11:37:29|200|GET|http://localhost:8080/webvpc/public/be/misacciones/lista|{"flgAccion":"0","page":"2"}
B35882|::1|Windows|7|Chrome|73.0.3683.103|2019-04-22 11:38:45|200|GET|http://localhost:8080/webvpc/public/ecosistema/principal|[]
B35882|::1|Windows|7|Chrome|73.0.3683.103|2019-04-22 11:38:47|500|GET|http://localhost:8080/webvpc/public/ecosistema/obtener-empresas|[]
B35882|::1|Windows|7|Chrome|73.0.3683.103|2019-04-22 11:38:47|200|GET|http://localhost:8080/webvpc/public/_debugbar/open|{"op":"get","id":"a0330ce0b9838a47f84203ef0997e924"}
B35882|::1|Windows|7|Chrome|73.0.3683.103|2019-04-22 11:38:49|500|GET|http://localhost:8080/webvpc/public/ecosistema/seguimiento-ingresado|[]
B35882|::1|Windows|7|Chrome|73.0.3683.103|2019-04-22 11:43:04|200|GET|http://localhost:8080/webvpc/public/be/misacciones/lista|[]
B35882|::1|Windows|7|Chrome|73.0.3683.103|2019-04-22 11:43:16|200|GET|http://localhost:8080/webvpc/public/be/misacciones/lista|{"flgRequest":"0","flgAccion":"1","ejecutivo":null,"ejecutivoProducto":null,"razonSocial":null,"codUnico":null,"categoria":null,"estrategia":null,"accion":null,"etapa":null,"semaforo":null}
B35882|::1|Windows|7|Chrome|73.0.3683.103|2019-04-22 11:43:20|200|GET|http://localhost:8080/webvpc/public/be/misacciones/lista|{"flgRequest":"1","flgAccion":"2","ejecutivo":null,"ejecutivoProducto":null,"razonSocial":null,"codUnico":null,"categoria":null,"estrategia":null,"accion":null,"etapa":null,"semaforo":null}
B35882|::1|Windows|7|Chrome|73.0.3683.103|2019-04-22 11:43:21|200|GET|http://localhost:8080/webvpc/public/be/misacciones/lista|{"flgRequest":"1","flgAccion":"2","ejecutivo":null,"ejecutivoProducto":null,"razonSocial":null,"codUnico":null,"categoria":null,"estrategia":null,"accion":null,"etapa":null,"semaforo":null}
B35882|::1|Windows|7|Chrome|73.0.3683.103|2019-04-22 11:44:47|200|GET|http://localhost:8080/webvpc/public/be/actividades|[]
B35882|::1|Windows|7|Chrome|73.0.3683.103|2019-04-22 11:44:49|200|GET|http://localhost:8080/webvpc/public/be/misacciones/lista|[]
B35882|::1|Windows|7|Chrome|73.0.3683.103|2019-04-22 14:49:21|200|GET|http://localhost:8080/webvpc/public/extra-login|[]
B35882|::1|Windows|7|Chrome|73.0.3683.103|2019-04-22 16:38:26|302|GET|http://localhost:8080/webvpc/public|[]
B35882|::1|Windows|7|Chrome|73.0.3683.103|2019-04-22 16:38:27|200|GET|http://localhost:8080/webvpc/public/be/misacciones/lista|[]
guest|::1|Windows|7|Chrome|73.0.3683.103|2019-04-22 16:38:48|302|GET|http://localhost:8080/webvpc/public/logout|[]
guest|::1|Windows|7|Chrome|73.0.3683.103|2019-04-22 16:38:48|200|GET|http://localhost:8080/webvpc/public|[]
guest|::1|Windows|7|Chrome|73.0.3683.103|2019-04-22 16:38:59|302|POST|http://localhost:8080/webvpc/public/login|{"_token":"yXNkD4NcLWl6W2s8tTqXRus6vbFQ327wueAzVhmi","registro":"ROP010","passw":"vpc201801*"}
guest|::1|Windows|7|Chrome|73.0.3683.103|2019-04-22 16:38:59|200|GET|http://localhost:8080/webvpc/public|[]
guest|::1|Windows|7|Chrome|73.0.3683.103|2019-04-22 16:39:03|302|POST|http://localhost:8080/webvpc/public/login|{"_token":"yXNkD4NcLWl6W2s8tTqXRus6vbFQ327wueAzVhmi","registro":"ROP010","passw":"ROP010"}
guest|::1|Windows|7|Chrome|73.0.3683.103|2019-04-22 16:39:04|200|GET|http://localhost:8080/webvpc/public|[]
guest|::1|Windows|7|Chrome|73.0.3683.103|2019-04-22 16:39:07|200|GET|http://localhost:8080/webvpc/public/extra-login|[]
guest|::1|Windows|7|Chrome|73.0.3683.103|2019-04-22 16:39:12|302|POST|http://localhost:8080/webvpc/public/extra-attempt|{"_token":"yXNkD4NcLWl6W2s8tTqXRus6vbFQ327wueAzVhmi","registro":"ROP010","passw":"vpc201801*"}
guest|::1|Windows|7|Chrome|73.0.3683.103|2019-04-22 16:39:12|200|GET|http://localhost:8080/webvpc/public/extra-login|[]
guest|::1|Windows|7|Chrome|73.0.3683.103|2019-04-22 16:40:29|500|POST|http://localhost:8080/webvpc/public/extra-attempt|{"_token":"yXNkD4NcLWl6W2s8tTqXRus6vbFQ327wueAzVhmi","registro":"ROP017","passw":"VPC201801*"}
guest|::1|Windows|7|Chrome|73.0.3683.103|2019-04-22 16:40:47|302|GET|http://localhost:8080/webvpc/public/mundial/principal|[]
guest|::1|Windows|7|Chrome|73.0.3683.103|2019-04-22 16:40:47|200|GET|http://localhost:8080/webvpc/public|[]
guest|::1|Windows|7|Chrome|73.0.3683.103|2019-04-22 16:42:42|200|GET|http://localhost:8080/webvpc/public/pass-gen|[]
guest|::1|Windows|7|Chrome|73.0.3683.103|2019-04-22 16:42:45|302|POST|http://localhost:8080/webvpc/public/pass-save|{"_token":"yXNkD4NcLWl6W2s8tTqXRus6vbFQ327wueAzVhmi","registro":"ROP017","passw":"ROP017"}
guest|::1|Windows|7|Chrome|73.0.3683.103|2019-04-22 16:42:46|200|GET|http://localhost:8080/webvpc/public/pass-gen|[]
guest|::1|Windows|7|Chrome|73.0.3683.103|2019-04-22 16:42:47|200|GET|http://localhost:8080/webvpc/public|[]
ROP017|::1|Windows|7|Chrome|73.0.3683.103|2019-04-22 16:42:50|302|POST|http://localhost:8080/webvpc/public/login|{"_token":"yXNkD4NcLWl6W2s8tTqXRus6vbFQ327wueAzVhmi","registro":"ROP017","passw":"ROP017"}
ROP017|::1|Windows|7|Chrome|73.0.3683.103|2019-04-22 16:42:51|200|GET|http://localhost:8080/webvpc/public/be/micontacto|[]
ROP017|::1|Windows|7|Chrome|73.0.3683.103|2019-04-22 16:43:05|200|GET|http://localhost:8080/webvpc/public/be/micontacto|[]