guest|::1|Windows|7|Chrome|73.0.3683.86|2019-03-22 09:38:39|200|GET|http://localhost:8080/webvpc/public|[]
BP2567|::1|Windows|7|Chrome|73.0.3683.86|2019-03-22 11:22:35|302|POST|http://localhost:8080/webvpc/public/login|{"_token":"fubvwQlF6WgoRJNTLQXEcgQcOI1aZsiavlPtqH3k","registro":"bp2567","passw":"bp2567"}
BP2567|::1|Windows|7|Chrome|73.0.3683.86|2019-03-22 11:22:36|200|GET|http://localhost:8080/webvpc/public/bpe/campanha/consulta-nuevos|[]
BP2567|::1|Windows|7|Chrome|73.0.3683.86|2019-03-22 11:25:16|200|GET|http://localhost:8080/webvpc/public/addusuario|[]
guest|::1|Windows|7|Chrome|73.0.3683.86|2019-03-22 13:28:24|200|GET|http://localhost:8080/webvpc/public|[]
guest|::1|Windows|7|Chrome|73.0.3683.86|2019-03-22 13:33:50|200|GET|http://localhost:8080/webvpc/public|[]
guest|::1|Windows|7|Chrome|73.0.3683.86|2019-03-22 13:33:51|200|GET|http://localhost:8080/webvpc/public/_debugbar/assets/javascript|{"v":"1502731300"}
guest|::1|Windows|7|Chrome|73.0.3683.86|2019-03-22 13:33:51|200|GET|http://localhost:8080/webvpc/public/_debugbar/assets/stylesheets|{"v":"1502731300"}
BP2567|::1|Windows|7|Chrome|73.0.3683.86|2019-03-22 13:34:04|302|POST|http://localhost:8080/webvpc/public/login|{"_token":"YWWhyhEq44F0m5i5IuCX29oluDI2eTQ4AouQir0v","registro":"bp2567","passw":"bp2567"}
BP2567|::1|Windows|7|Chrome|73.0.3683.86|2019-03-22 13:34:04|200|GET|http://localhost:8080/webvpc/public/bpe/campanha/consulta-nuevos|[]
bp2567|::1|Windows|7|Chrome|73.0.3683.86|2019-03-22 13:37:01|302|GET|http://localhost:8080/webvpc/public/bpe/campanha/consulta-nuevos|[]
bp2567|::1|Windows|7|Chrome|73.0.3683.86|2019-03-22 13:37:02|200|GET|http://localhost:8080/webvpc/public/mundial/principal|[]
bp2567|::1|Windows|7|Chrome|73.0.3683.86|2019-03-22 13:38:30|404|GET|http://localhost:8080/webvpc/public/mundial|[]
bp2567|::1|Windows|7|Chrome|73.0.3683.86|2019-03-22 13:39:41|404|GET|http://localhost:8080/webvpc/public/mundial|[]
bp2567|::1|Windows|7|Chrome|73.0.3683.86|2019-03-22 13:39:41|200|GET|http://localhost:8080/webvpc/public/_debugbar/assets/stylesheets|{"v":"1502731300"}
bp2567|::1|Windows|7|Chrome|73.0.3683.86|2019-03-22 13:39:41|200|GET|http://localhost:8080/webvpc/public/_debugbar/assets/javascript|{"v":"1502731300"}
bp2567|::1|Windows|7|Chrome|73.0.3683.86|2019-03-22 13:39:44|404|GET|http://localhost:8080/webvpc/public/addusuario|[]
bp2567|::1|Windows|7|Chrome|73.0.3683.86|2019-03-22 13:39:45|404|GET|http://localhost:8080/webvpc/public/addusuario|[]
bp2567|::1|Windows|7|Chrome|73.0.3683.86|2019-03-22 13:39:50|404|GET|http://localhost:8080/webvpc/public/addusuarios|[]
bp2567|::1|Windows|7|Chrome|73.0.3683.86|2019-03-22 13:40:30|200|GET|http://localhost:8080/webvpc/public/addusuarios/addusuario|[]
guest|::1|Windows|7|Chrome|73.0.3683.86|2019-03-22 13:40:47|302|GET|http://localhost:8080/webvpc/public/logout|[]
guest|::1|Windows|7|Chrome|73.0.3683.86|2019-03-22 13:40:47|200|GET|http://localhost:8080/webvpc/public|[]
bp2567|::1|Windows|7|Chrome|73.0.3683.86|2019-03-22 13:40:52|302|POST|http://localhost:8080/webvpc/public/login|{"_token":"YWWhyhEq44F0m5i5IuCX29oluDI2eTQ4AouQir0v","registro":"bp2567","passw":"bp2567"}
bp2567|::1|Windows|7|Chrome|73.0.3683.86|2019-03-22 13:40:52|200|GET|http://localhost:8080/webvpc/public/mundial/principal|[]
bp2567|::1|Windows|7|Chrome|73.0.3683.86|2019-03-22 13:41:08|200|GET|http://localhost:8080/webvpc/public/addusuarios/addusuario|[]
guest|::1|Windows|7|Chrome|73.0.3683.86|2019-03-22 13:41:20|302|GET|http://localhost:8080/webvpc/public/logout|{"x":"108","y":"37"}
guest|::1|Windows|7|Chrome|73.0.3683.86|2019-03-22 13:41:20|200|GET|http://localhost:8080/webvpc/public|[]
bp2567|::1|Windows|7|Chrome|73.0.3683.86|2019-03-22 13:41:30|302|POST|http://localhost:8080/webvpc/public/login|{"_token":"YWWhyhEq44F0m5i5IuCX29oluDI2eTQ4AouQir0v","registro":"bp2567","passw":"bp2567"}
bp2567|::1|Windows|7|Chrome|73.0.3683.86|2019-03-22 13:41:31|200|GET|http://localhost:8080/webvpc/public/mundial/principal|[]
bp2567|::1|Windows|7|Chrome|73.0.3683.86|2019-03-22 13:41:38|200|GET|http://localhost:8080/webvpc/public/addusuarios/addusuario|[]
bp2567|::1|Windows|7|Chrome|73.0.3683.86|2019-03-22 13:42:43|404|GET|http://localhost:8080/webvpc/public/addusuarios/addusuario|[]
bp2567|::1|Windows|7|Chrome|73.0.3683.86|2019-03-22 13:42:46|200|GET|http://localhost:8080/webvpc/public/addusuario/addusuario|[]
bp2567|::1|Windows|7|Chrome|73.0.3683.86|2019-03-22 13:47:08|200|GET|http://localhost:8080/webvpc/public/addusuario/addusuario|[]
bp2567|::1|Windows|7|Chrome|73.0.3683.86|2019-03-22 13:48:56|200|GET|http://localhost:8080/webvpc/public/addusuario/addusuario|[]
bp2567|::1|Windows|7|Chrome|73.0.3683.86|2019-03-22 13:48:58|200|GET|http://localhost:8080/webvpc/public/_debugbar/assets/stylesheets|{"v":"1502731300"}
bp2567|::1|Windows|7|Chrome|73.0.3683.86|2019-03-22 13:48:58|200|GET|http://localhost:8080/webvpc/public/_debugbar/assets/javascript|{"v":"1502731300"}
bp2567|::1|Windows|7|Chrome|73.0.3683.86|2019-03-22 13:49:00|200|GET|http://localhost:8080/webvpc/public/addusuario/addusuario|[]
bp2567|::1|Windows|7|Chrome|73.0.3683.86|2019-03-22 13:52:03|200|GET|http://localhost:8080/webvpc/public/addusuario/addusuario|[]
bp2567|::1|Windows|7|Chrome|73.0.3683.86|2019-03-22 13:52:05|200|GET|http://localhost:8080/webvpc/public/_debugbar/assets/stylesheets|{"v":"1502731300"}
bp2567|::1|Windows|7|Chrome|73.0.3683.86|2019-03-22 13:52:05|200|GET|http://localhost:8080/webvpc/public/_debugbar/assets/javascript|{"v":"1502731300"}
bp2567|::1|Windows|7|Chrome|73.0.3683.86|2019-03-22 13:52:14|200|GET|http://localhost:8080/webvpc/public/addusuario/addusuario|[]
bp2567|::1|Windows|7|Chrome|73.0.3683.86|2019-03-22 13:55:20|200|GET|http://localhost:8080/webvpc/public/addusuario/addusuario|[]
bp2567|::1|Windows|7|Chrome|73.0.3683.86|2019-03-22 13:56:14|200|GET|http://localhost:8080/webvpc/public/addusuario/addusuario|[]