guest|::1|Windows|7|Chrome|72.0.3626.121|2019-03-18 11:11:11|200|GET|http://localhost:8080/webvpc/public|[]
guest|::1|Windows|7|Chrome|72.0.3626.121|2019-03-18 11:11:28|200|GET|http://localhost:8080/webvpc/public/extra-login|[]
B8884|::1|Windows|7|Chrome|72.0.3626.121|2019-03-18 11:11:40|302|POST|http://localhost:8080/webvpc/public/extra-attempt|{"_token":"F6MJMZJ3Gg8jqenSG36jECEtE8j1poRHJkUWsBBI","registro":"B8884","passw":"VPC201801*"}
B8884|::1|Windows|7|Chrome|72.0.3626.121|2019-03-18 11:11:41|200|GET|http://localhost:8080/webvpc/public/bpe/campanha/consulta-nuevos|[]
B8884|::1|Windows|7|Chrome|72.0.3626.121|2019-03-18 11:11:43|200|GET|http://localhost:8080/webvpc/public/addusuario|[]
B8884|::1|Windows|7|Chrome|72.0.3626.121|2019-03-18 11:18:30|200|POST|http://localhost:8080/webvpc/public/addusuario/comboRoles|{"banca":"BPE"}
B8884|::1|Windows|7|Chrome|72.0.3626.121|2019-03-18 11:18:30|200|POST|http://localhost:8080/webvpc/public/addusuario/comboZonas|{"banca":"BPE"}
B8884|::1|Windows|7|Chrome|72.0.3626.121|2019-03-18 11:18:31|200|GET|http://localhost:8080/webvpc/public/_debugbar/open|{"op":"get","id":"aa9a5a690b01d4290bcc0e37a7a65cfd"}
B8884|::1|Windows|7|Chrome|72.0.3626.121|2019-03-18 11:18:31|200|GET|http://localhost:8080/webvpc/public/_debugbar/open|{"op":"get","id":"7bca1bc22f47907341ed33bc05f1a254"}
B8884|::1|Windows|7|Chrome|72.0.3626.121|2019-03-18 11:18:44|200|POST|http://localhost:8080/webvpc/public/addusuario/comboRoles|{"banca":"BE"}
B8884|::1|Windows|7|Chrome|72.0.3626.121|2019-03-18 11:18:44|200|POST|http://localhost:8080/webvpc/public/addusuario/comboZonas|{"banca":"BE"}
B8884|::1|Windows|7|Chrome|72.0.3626.121|2019-03-18 11:18:45|200|GET|http://localhost:8080/webvpc/public/_debugbar/open|{"op":"get","id":"bac44432fb5503a70c5671e455b91002"}
B8884|::1|Windows|7|Chrome|72.0.3626.121|2019-03-18 11:18:45|200|GET|http://localhost:8080/webvpc/public/_debugbar/open|{"op":"get","id":"c11cf5013405ff66f09496b4f61338ac"}
B8884|::1|Windows|7|Chrome|72.0.3626.121|2019-03-18 11:18:57|200|POST|http://localhost:8080/webvpc/public/addusuario/comboJefaturas|{"id_zonal":"BELZONAL2"}
B8884|::1|Windows|7|Chrome|72.0.3626.121|2019-03-18 11:18:57|200|GET|http://localhost:8080/webvpc/public/_debugbar/open|{"op":"get","id":"32a2d05751a9e6c0715761696107fa8b"}
B8884|::1|Windows|7|Chrome|72.0.3626.121|2019-03-18 11:21:35|200|POST|http://localhost:8080/webvpc/public/addusuario/lista|{"nombre_j":"Arbulu Zuazo Ingrid Elizabeth","registro":"B36870","dni":"40719073","cargo":"Jefe Zonal","area":"Banca Empresa","banca":"BE","rol":"24","zona":"BELZONAL2","centro":null}
B8884|::1|Windows|7|Chrome|72.0.3626.121|2019-03-18 11:21:36|200|GET|http://localhost:8080/webvpc/public/_debugbar/open|{"op":"get","id":"72bdb0471411b53c9c768dab8e5a41ea"}
B8884|::1|Windows|7|Chrome|72.0.3626.121|2019-03-18 11:21:38|200|GET|http://localhost:8080/webvpc/public/addusuario|[]
B8884|::1|Windows|7|Chrome|72.0.3626.121|2019-03-18 11:21:57|200|POST|http://localhost:8080/webvpc/public/addusuario/lista|{"nombre_j":null,"registro":"B36870","dni":null,"cargo":null,"area":null}
B8884|::1|Windows|7|Chrome|72.0.3626.121|2019-03-18 11:21:58|200|GET|http://localhost:8080/webvpc/public/_debugbar/open|{"op":"get","id":"dd448c9be998467e68a54a7871917b56"}
B8884|::1|Windows|7|Chrome|72.0.3626.121|2019-03-18 11:22:44|200|POST|http://localhost:8080/webvpc/public/addusuario/comboRoles|{"banca":"BE"}
B8884|::1|Windows|7|Chrome|72.0.3626.121|2019-03-18 11:22:45|200|POST|http://localhost:8080/webvpc/public/addusuario/comboZonas|{"banca":"BE"}
B8884|::1|Windows|7|Chrome|72.0.3626.121|2019-03-18 11:22:45|200|GET|http://localhost:8080/webvpc/public/_debugbar/open|{"op":"get","id":"af4bb4523f81ca4f5c4309b4f03e6fa4"}
B8884|::1|Windows|7|Chrome|72.0.3626.121|2019-03-18 11:22:45|200|GET|http://localhost:8080/webvpc/public/_debugbar/open|{"op":"get","id":"2d6652ca614767215c39e1d591612084"}
B8884|::1|Windows|7|Chrome|72.0.3626.121|2019-03-18 11:23:47|200|POST|http://localhost:8080/webvpc/public/addusuario/comboJefaturas|{"id_zonal":"BELZONAL2"}
B8884|::1|Windows|7|Chrome|72.0.3626.121|2019-03-18 11:23:48|200|GET|http://localhost:8080/webvpc/public/_debugbar/open|{"op":"get","id":"2a5ace2db24863b48a09141617d8030b"}
B8884|::1|Windows|7|Chrome|72.0.3626.121|2019-03-18 11:24:03|200|POST|http://localhost:8080/webvpc/public/addusuario/lista|{"nombre_j":"Arbulu Zuazo Ingrid Elizabeth","registro":"B36870","dni":"40719073","cargo":"JEFE ZONAL","area":"BANCA EMPRESA","banca":"BE","rol":"24","zona":"BELZONAL2","centro":null}
B8884|::1|Windows|7|Chrome|72.0.3626.121|2019-03-18 11:24:03|200|GET|http://localhost:8080/webvpc/public/_debugbar/open|{"op":"get","id":"444cd9a5be053a45f221d5b6cbdaefe2"}
B8884|::1|Windows|7|Chrome|72.0.3626.121|2019-03-18 11:24:55|200|POST|http://localhost:8080/webvpc/public/addusuario/lista|{"nombre_j":"Arbulu Zuazo Ingrid Elizabeth","registro":"B36870","dni":"40719073","cargo":"JEFE ZONAL","area":"BANCA EMPRESA","banca":"BE","rol":"24","zona":"BELZONAL2","centro":null}
B8884|::1|Windows|7|Chrome|72.0.3626.121|2019-03-18 11:24:55|200|GET|http://localhost:8080/webvpc/public/_debugbar/open|{"op":"get","id":"f557eaee0c775b0ae623ae8f8917a3e9"}
B8884|::1|Windows|7|Chrome|72.0.3626.121|2019-03-18 11:24:57|200|GET|http://localhost:8080/webvpc/public/addusuario|[]
guest|::1|Windows|7|Chrome|72.0.3626.121|2019-03-18 11:26:20|302|GET|http://localhost:8080/webvpc/public/logout|[]
guest|::1|Windows|7|Chrome|72.0.3626.121|2019-03-18 11:26:20|200|GET|http://localhost:8080/webvpc/public|[]
guest|::1|Windows|7|Chrome|72.0.3626.121|2019-03-18 11:26:26|200|GET|http://localhost:8080/webvpc/public/pass-gen|[]
guest|::1|Windows|7|Chrome|72.0.3626.121|2019-03-18 11:26:39|302|POST|http://localhost:8080/webvpc/public/login|{"_token":"F6MJMZJ3Gg8jqenSG36jECEtE8j1poRHJkUWsBBI","registro":"B36870","passw":"40719073"}
guest|::1|Windows|7|Chrome|72.0.3626.121|2019-03-18 11:26:40|200|GET|http://localhost:8080/webvpc/public|[]
guest|::1|Windows|7|Chrome|72.0.3626.121|2019-03-18 11:26:46|200|GET|http://localhost:8080/webvpc/public/pass-gen|[]
guest|::1|Windows|7|Chrome|72.0.3626.121|2019-03-18 11:26:54|302|POST|http://localhost:8080/webvpc/public/pass-save|{"_token":"F6MJMZJ3Gg8jqenSG36jECEtE8j1poRHJkUWsBBI","registro":"B36870","passw":"40719073"}
guest|::1|Windows|7|Chrome|72.0.3626.121|2019-03-18 11:26:54|200|GET|http://localhost:8080/webvpc/public/pass-gen|[]
guest|::1|Windows|7|Chrome|72.0.3626.121|2019-03-18 11:26:58|200|GET|http://localhost:8080/webvpc/public|[]
B36870|::1|Windows|7|Chrome|72.0.3626.121|2019-03-18 11:27:05|302|POST|http://localhost:8080/webvpc/public/login|{"_token":"F6MJMZJ3Gg8jqenSG36jECEtE8j1poRHJkUWsBBI","registro":"B36870","passw":"40719073"}
B36870|::1|Windows|7|Chrome|72.0.3626.121|2019-03-18 11:27:19|200|GET|http://localhost:8080/webvpc/public/be/resumen|[]
B36870|::1|Windows|7|Chrome|72.0.3626.121|2019-03-18 11:27:20|404|GET|http://localhost:8080/webvpc/public/js/pnotify.mobile.js.map|[]
B14255|::1|Windows|7|Chrome|72.0.3626.121|2019-03-18 11:30:16|302|POST|http://localhost:8080/webvpc/public/login|{"_token":"F6MJMZJ3Gg8jqenSG36jECEtE8j1poRHJkUWsBBI","registro":"B14255","passw":"40740089"}
B14255|::1|Windows|7|Chrome|72.0.3626.121|2019-03-18 11:30:18|200|GET|http://localhost:8080/webvpc/public/be/resumen|[]
B14255|::1|Windows|7|Chrome|72.0.3626.121|2019-03-18 11:30:18|404|GET|http://localhost:8080/webvpc/public/js/pnotify.mobile.js.map|[]
guest|::1|Windows|7|Chrome|72.0.3626.121|2019-03-18 11:30:22|302|GET|http://localhost:8080/webvpc/public/logout|[]
guest|::1|Windows|7|Chrome|72.0.3626.121|2019-03-18 11:30:22|200|GET|http://localhost:8080/webvpc/public|[]