guest|::1|Windows|7|Chrome|73.0.3683.103|2019-04-16 10:25:52|200|GET|http://localhost:8080/webvpc/public|[]
guest|::1|Windows|7|Chrome|73.0.3683.103|2019-04-16 10:25:53|200|GET|http://localhost:8080/webvpc/public/_debugbar/assets/stylesheets|{"v":"1502731300"}
guest|::1|Windows|7|Chrome|73.0.3683.103|2019-04-16 10:25:54|200|GET|http://localhost:8080/webvpc/public/_debugbar/assets/javascript|{"v":"1502731300"}
guest|::1|Windows|7|Chrome|73.0.3683.103|2019-04-16 10:37:20|200|GET|http://localhost:8080/webvpc/public|[]
guest|::1|Windows|7|Chrome|73.0.3683.103|2019-04-16 10:38:12|200|GET|http://localhost:8080/webvpc/public/extra-login|[]
guest|::1|Windows|7|Chrome|73.0.3683.103|2019-04-16 10:38:14|200|GET|http://localhost:8080/webvpc/public/pass-gen|[]
guest|::1|Windows|7|Chrome|73.0.3683.103|2019-04-16 10:38:20|302|POST|http://localhost:8080/webvpc/public/pass-save|{"_token":"hHSd8JsKkQDMDcPUEvFdFtMqQS6Pd2ynplJog3Fh","registro":"B37097","passw":"B37097"}
guest|::1|Windows|7|Chrome|73.0.3683.103|2019-04-16 10:38:20|200|GET|http://localhost:8080/webvpc/public/pass-gen|[]
guest|::1|Windows|7|Chrome|73.0.3683.103|2019-04-16 10:38:44|302|POST|http://localhost:8080/webvpc/public/pass-save|{"_token":"hHSd8JsKkQDMDcPUEvFdFtMqQS6Pd2ynplJog3Fh","registro":"B37097","passw":"B37097"}
guest|::1|Windows|7|Chrome|73.0.3683.103|2019-04-16 10:38:45|200|GET|http://localhost:8080/webvpc/public/pass-gen|[]
guest|::1|Windows|7|Chrome|73.0.3683.103|2019-04-16 10:38:48|200|GET|http://localhost:8080/webvpc/public|[]
B37097|::1|Windows|7|Chrome|73.0.3683.103|2019-04-16 10:38:50|302|POST|http://localhost:8080/webvpc/public/login|{"_token":"hHSd8JsKkQDMDcPUEvFdFtMqQS6Pd2ynplJog3Fh","registro":"B37097","passw":"B37097"}
B37097|::1|Windows|7|Chrome|73.0.3683.103|2019-04-16 10:38:52|200|GET|http://localhost:8080/webvpc/public/be/misacciones/lista|[]
guest|::1|Windows|7|Chrome|73.0.3683.103|2019-04-16 10:41:01|200|GET|http://localhost:8080/webvpc/public|[]
guest|::1|Windows|7|Chrome|73.0.3683.103|2019-04-16 10:41:02|200|GET|http://localhost:8080/webvpc/public/_debugbar/assets/javascript|{"v":"1502731300"}
guest|::1|Windows|7|Chrome|73.0.3683.103|2019-04-16 10:41:02|200|GET|http://localhost:8080/webvpc/public/_debugbar/assets/stylesheets|{"v":"1502731300"}
B35882|::1|Windows|7|Chrome|73.0.3683.103|2019-04-16 10:41:20|302|POST|http://localhost:8080/webvpc/public/login|{"_token":"fQjqlUIo4yNzpHDopoq56dzntFrVaBLEuhTCTT2U","registro":"B35882","passw":"B35882"}
B35882|::1|Windows|7|Chrome|73.0.3683.103|2019-04-16 10:41:23|200|GET|http://localhost:8080/webvpc/public/be/misacciones/lista|[]
B35882|::1|Windows|7|Chrome|73.0.3683.103|2019-04-16 10:44:49|200|GET|http://localhost:8080/webvpc/public/be/misacciones/lista|{"flgAccion":"0","page":"2"}
B35882|::1|Windows|7|Chrome|73.0.3683.103|2019-04-16 10:47:26|200|GET|http://localhost:8080/webvpc/public/be/utils/get-etapas-by-accion|{"accion":"61"}
B35882|::1|Windows|7|Chrome|73.0.3683.103|2019-04-16 10:47:26|200|GET|http://localhost:8080/webvpc/public/_debugbar/open|{"op":"get","id":"f0a282d7b1d86e097e7b6a9a42f672e1"}
B35882|::1|Windows|7|Chrome|73.0.3683.103|2019-04-16 10:48:17|200|GET|http://localhost:8080/webvpc/public/be/utils/get-etapas-by-accion|{"accion":"61"}
B35882|::1|Windows|7|Chrome|73.0.3683.103|2019-04-16 10:48:17|200|GET|http://localhost:8080/webvpc/public/_debugbar/open|{"op":"get","id":"e840456b434f3f1dd7ee630d25d886f4"}
B35882|::1|Windows|7|Chrome|73.0.3683.103|2019-04-16 10:48:45|200|GET|http://localhost:8080/webvpc/public/be/misacciones/lista|{"flgAccion":"0","page":"1"}
guest|::1|Windows|7|Chrome|73.0.3683.103|2019-04-16 11:07:38|302|GET|http://localhost:8080/webvpc/public/logout|[]
guest|::1|Windows|7|Chrome|73.0.3683.103|2019-04-16 11:07:39|200|GET|http://localhost:8080/webvpc/public|[]
B35882|::1|Windows|7|Chrome|73.0.3683.103|2019-04-16 11:08:08|200|GET|http://localhost:8080/webvpc/public/be/misacciones/lista|{"flgAccion":"0","page":"1"}
B35882|::1|Windows|7|Chrome|73.0.3683.103|2019-04-16 11:08:28|200|GET|http://localhost:8080/webvpc/public/be/misacciones/consulta-cliente|{"codUnico":"0011653692"}
B35882|::1|Windows|7|Chrome|73.0.3683.103|2019-04-16 11:08:28|200|GET|http://localhost:8080/webvpc/public/_debugbar/open|{"op":"get","id":"56d69961ba63501e86603320aff11cd4"}
B35882|::1|Windows|7|Chrome|73.0.3683.103|2019-04-16 11:08:28|200|GET|http://localhost:8080/webvpc/public/be/utils/get-productos-by-zonal|{"zonal":"BELZONAL2"}
B35882|::1|Windows|7|Chrome|73.0.3683.103|2019-04-16 11:08:29|200|GET|http://localhost:8080/webvpc/public/_debugbar/open|{"op":"get","id":"184368b05b5f519b16add66b1d57cbb4"}
B35882|::1|Windows|7|Chrome|73.0.3683.103|2019-04-16 11:08:52|200|GET|http://localhost:8080/webvpc/public/be/misacciones/lista|{"flgAccion":"0","page":"1"}
B35882|::1|Windows|7|Chrome|73.0.3683.103|2019-04-16 11:09:23|404|GET|http://localhost:8080/webvpc/public/be/misacciones/consulta-cliente|{"codUnico":null}
B35882|::1|Windows|7|Chrome|73.0.3683.103|2019-04-16 11:09:24|200|GET|http://localhost:8080/webvpc/public/_debugbar/open|{"op":"get","id":"2ec4001e3ca6406f2493260b5d97dd19"}
B35882|::1|Windows|7|Chrome|73.0.3683.103|2019-04-16 11:09:33|404|GET|http://localhost:8080/webvpc/public/be/misacciones/consulta-cliente|{"codUnico":null}
B35882|::1|Windows|7|Chrome|73.0.3683.103|2019-04-16 11:09:34|200|GET|http://localhost:8080/webvpc/public/_debugbar/open|{"op":"get","id":"0224ddfa96d13fcefb1c0cfc0d8df704"}
B35882|::1|Windows|7|Chrome|73.0.3683.103|2019-04-16 11:09:41|200|GET|http://localhost:8080/webvpc/public/be/misacciones/consulta-cliente|{"codUnico":"0011653692"}
B35882|::1|Windows|7|Chrome|73.0.3683.103|2019-04-16 11:09:42|200|GET|http://localhost:8080/webvpc/public/_debugbar/open|{"op":"get","id":"1e19e080a43dd23489dd6057306f6de5"}
B35882|::1|Windows|7|Chrome|73.0.3683.103|2019-04-16 11:09:42|200|GET|http://localhost:8080/webvpc/public/be/utils/get-productos-by-zonal|{"zonal":"BELZONAL2"}
B35882|::1|Windows|7|Chrome|73.0.3683.103|2019-04-16 11:09:42|200|GET|http://localhost:8080/webvpc/public/_debugbar/open|{"op":"get","id":"0b3a024f5afdd26f598d70cdb3fb41de"}
B35882|::1|Windows|7|Chrome|73.0.3683.103|2019-04-16 11:11:14|200|GET|http://localhost:8080/webvpc/public/be/misacciones/consulta-cliente|{"codUnico":"0013989116"}
B35882|::1|Windows|7|Chrome|73.0.3683.103|2019-04-16 11:11:14|200|GET|http://localhost:8080/webvpc/public/_debugbar/open|{"op":"get","id":"d8799cf4e9436f50ae2a713370f03906"}
B35882|::1|Windows|7|Chrome|73.0.3683.103|2019-04-16 11:11:32|200|GET|http://localhost:8080/webvpc/public/be/misacciones/consulta-cliente|{"codUnico":"0013989116"}
B35882|::1|Windows|7|Chrome|73.0.3683.103|2019-04-16 11:11:32|200|GET|http://localhost:8080/webvpc/public/_debugbar/open|{"op":"get","id":"79b7610819b92e1b795c3e27bd49f66b"}
B35882|::1|Windows|7|Chrome|73.0.3683.103|2019-04-16 11:12:42|200|GET|http://localhost:8080/webvpc/public/be/misacciones/consulta-cliente|{"codUnico":"0008878598"}
B35882|::1|Windows|7|Chrome|73.0.3683.103|2019-04-16 11:12:42|200|GET|http://localhost:8080/webvpc/public/_debugbar/open|{"op":"get","id":"f18c9335601142f335cfd12ee7aa9778"}
B35882|::1|Windows|7|Chrome|73.0.3683.103|2019-04-16 11:12:43|200|GET|http://localhost:8080/webvpc/public/be/utils/get-productos-by-zonal|{"zonal":"BELZONAL2"}
B35882|::1|Windows|7|Chrome|73.0.3683.103|2019-04-16 11:12:43|200|GET|http://localhost:8080/webvpc/public/_debugbar/open|{"op":"get","id":"e2c90f83e96320a5c25fcb9749af744a"}
B35882|::1|Windows|7|Chrome|73.0.3683.103|2019-04-16 12:35:34|200|GET|http://localhost:8080/webvpc/public/be/misacciones/lista|{"flgAccion":"0","page":"1"}
B35882|::1|Windows|7|Chrome|73.0.3683.103|2019-04-16 12:35:34|200|GET|http://localhost:8080/webvpc/public/_debugbar/assets/stylesheets|{"v":"1502731300"}
B32748|::1|Windows|7|Chrome|73.0.3683.103|2019-04-16 12:35:35|404|GET|http://localhost:8080/webvpc/public/_debugbar/assets/javascript|{"v":"1502731300"}
B35882|::1|Windows|7|Chrome|73.0.3683.103|2019-04-16 12:35:47|200|GET|http://localhost:8080/webvpc/public/be/misacciones/lista|{"flgAccion":"0","page":"2"}
B35882|::1|Windows|7|Chrome|73.0.3683.103|2019-04-16 12:35:48|200|GET|http://localhost:8080/webvpc/public/_debugbar/assets/javascript|{"v":"1502731300"}
B35882|::1|Windows|7|Chrome|73.0.3683.103|2019-04-16 12:36:43|200|GET|http://localhost:8080/webvpc/public/be/misacciones/lista|{"flgAccion":"0","page":"2"}
B35882|::1|Windows|7|Chrome|73.0.3683.103|2019-04-16 12:36:43|200|GET|http://localhost:8080/webvpc/public/_debugbar/assets/javascript|{"v":"1502731300"}
B35882|::1|Windows|7|Chrome|73.0.3683.103|2019-04-16 12:36:44|200|GET|http://localhost:8080/webvpc/public/_debugbar/assets/stylesheets|{"v":"1502731300"}
B35882|::1|Windows|7|Chrome|73.0.3683.103|2019-04-16 12:36:51|200|GET|http://localhost:8080/webvpc/public/be/misacciones/lista|{"flgAccion":"0","page":"2"}
B35882|::1|Windows|7|Chrome|73.0.3683.103|2019-04-16 12:36:52|200|GET|http://localhost:8080/webvpc/public/_debugbar/assets/stylesheets|{"v":"1502731300"}
B35882|::1|Windows|7|Chrome|73.0.3683.103|2019-04-16 12:36:52|200|GET|http://localhost:8080/webvpc/public/_debugbar/assets/javascript|{"v":"1502731300"}
B35882|::1|Windows|7|Chrome|73.0.3683.103|2019-04-16 12:36:56|200|GET|http://localhost:8080/webvpc/public/be/misacciones/lista|{"flgAccion":"0","page":"2"}
B35882|::1|Windows|7|Chrome|73.0.3683.103|2019-04-16 12:36:56|200|GET|http://localhost:8080/webvpc/public/_debugbar/assets/javascript|{"v":"1502731300"}
B35882|::1|Windows|7|Chrome|73.0.3683.103|2019-04-16 12:36:57|200|GET|http://localhost:8080/webvpc/public/_debugbar/assets/stylesheets|{"v":"1502731300"}
B35882|::1|Windows|7|Chrome|73.0.3683.103|2019-04-16 13:18:26|200|GET|http://localhost:8080/webvpc/public/be/misacciones/lista|{"flgAccion":"0","page":"2"}
B35882|::1|Windows|7|Chrome|73.0.3683.103|2019-04-16 13:18:27|200|GET|http://localhost:8080/webvpc/public/_debugbar/assets/stylesheets|{"v":"1502731300"}
B35882|::1|Windows|7|Chrome|73.0.3683.103|2019-04-16 13:18:27|200|GET|http://localhost:8080/webvpc/public/_debugbar/assets/javascript|{"v":"1502731300"}
B35882|::1|Windows|7|Chrome|73.0.3683.103|2019-04-16 13:18:32|200|GET|http://localhost:8080/webvpc/public/be/misacciones/lista|{"flgAccion":"0","page":"2"}
B35882|::1|Windows|7|Chrome|73.0.3683.103|2019-04-16 13:18:33|200|GET|http://localhost:8080/webvpc/public/_debugbar/assets/javascript|{"v":"1502731300"}
B35882|::1|Windows|7|Chrome|73.0.3683.103|2019-04-16 13:18:33|200|GET|http://localhost:8080/webvpc/public/_debugbar/assets/stylesheets|{"v":"1502731300"}
B35882|::1|Windows|7|Chrome|73.0.3683.103|2019-04-16 13:18:37|200|GET|http://localhost:8080/webvpc/public/be/misacciones/lista|{"flgAccion":"0","page":"2"}
B35882|::1|Windows|7|Chrome|73.0.3683.103|2019-04-16 13:18:37|200|GET|http://localhost:8080/webvpc/public/_debugbar/assets/stylesheets|{"v":"1502731300"}
B35882|::1|Windows|7|Chrome|73.0.3683.103|2019-04-16 13:18:38|200|GET|http://localhost:8080/webvpc/public/_debugbar/assets/javascript|{"v":"1502731300"}
B35882|::1|Windows|7|Chrome|73.0.3683.103|2019-04-16 13:25:14|200|GET|http://localhost:8080/webvpc/public/be/misacciones/lista|{"flgRequest":"0","flgAccion":"1","ejecutivo":null,"ejecutivoProducto":null,"razonSocial":null,"codUnico":null,"categoria":null,"estrategia":null,"accion":null,"etapa":null,"semaforo":null}
B35882|::1|Windows|7|Chrome|73.0.3683.103|2019-04-16 13:25:21|200|GET|http://localhost:8080/webvpc/public/be/misacciones/lista|{"flgAccion":"1","page":"2"}
B35882|::1|Windows|7|Chrome|73.0.3683.103|2019-04-16 13:25:33|200|GET|http://localhost:8080/webvpc/public/be/misacciones/lista|{"flgRequest":"1","flgAccion":"2","ejecutivo":null,"ejecutivoProducto":null,"razonSocial":null,"codUnico":null,"categoria":null,"estrategia":null,"accion":null,"etapa":null,"semaforo":null}
B35882|::1|Windows|7|Chrome|73.0.3683.103|2019-04-16 13:26:02|200|GET|http://localhost:8080/webvpc/public/be/misacciones/lista|{"flgRequest":"2","flgAccion":"1","ejecutivo":null,"ejecutivoProducto":null,"razonSocial":null,"codUnico":null,"categoria":null,"estrategia":null,"accion":null,"etapa":null,"semaforo":null}
B35882|::1|Windows|7|Chrome|73.0.3683.103|2019-04-16 13:26:13|200|GET|http://localhost:8080/webvpc/public/be/misacciones/lista|{"flgAccion":"1","page":"2"}
B35882|::1|Windows|7|Chrome|73.0.3683.103|2019-04-16 13:26:54|200|GET|http://localhost:8080/webvpc/public/be/misacciones/lista|{"flgRequest":"1","flgAccion":"0","ejecutivo":null,"ejecutivoProducto":null,"razonSocial":null,"codUnico":null,"categoria":null,"estrategia":null,"accion":null,"etapa":null,"semaforo":null}
B35882|::1|Windows|7|Chrome|73.0.3683.103|2019-04-16 13:27:00|200|GET|http://localhost:8080/webvpc/public/be/misacciones/lista|{"flgAccion":"0","page":"2"}
B35882|::1|Windows|7|Chrome|73.0.3683.103|2019-04-16 13:27:14|200|GET|http://localhost:8080/webvpc/public/be/misacciones/lista|{"flgAccion":"0","page":"2"}
B35882|::1|Windows|7|Chrome|73.0.3683.103|2019-04-16 13:27:16|200|GET|http://localhost:8080/webvpc/public/be/misacciones/lista|[]
B35882|::1|Windows|7|Chrome|73.0.3683.103|2019-04-16 13:30:53|200|GET|http://localhost:8080/webvpc/public/be/misacciones/lista|[]
B35882|::1|Windows|7|Chrome|73.0.3683.103|2019-04-16 13:35:55|200|GET|http://localhost:8080/webvpc/public/be/misacciones/lista|[]
B35882|::1|Windows|7|Chrome|73.0.3683.103|2019-04-16 13:35:56|200|GET|http://localhost:8080/webvpc/public/_debugbar/assets/javascript|{"v":"1502731300"}
B35882|::1|Windows|7|Chrome|73.0.3683.103|2019-04-16 13:35:56|200|GET|http://localhost:8080/webvpc/public/_debugbar/assets/stylesheets|{"v":"1502731300"}
B35882|::1|Windows|7|Chrome|73.0.3683.103|2019-04-16 14:07:56|200|GET|http://localhost:8080/webvpc/public/be/misacciones/lista|{"flgRequest":"0","flgAccion":"2","ejecutivo":null,"ejecutivoProducto":null,"razonSocial":null,"codUnico":null,"categoria":null,"estrategia":null,"accion":null,"etapa":null,"semaforo":null}
B35882|::1|Windows|7|Chrome|73.0.3683.103|2019-04-16 14:23:44|200|GET|http://localhost:8080/webvpc/public/be/misacciones/lista|{"flgRequest":"0","flgAccion":"2","ejecutivo":null,"ejecutivoProducto":null,"razonSocial":null,"codUnico":null,"categoria":null,"estrategia":null,"accion":null,"etapa":null,"semaforo":null}
B35882|::1|Windows|7|Chrome|73.0.3683.103|2019-04-16 14:23:45|200|GET|http://localhost:8080/webvpc/public/_debugbar/assets/stylesheets|{"v":"1502731300"}
B35882|::1|Windows|7|Chrome|73.0.3683.103|2019-04-16 14:23:45|200|GET|http://localhost:8080/webvpc/public/_debugbar/assets/javascript|{"v":"1502731300"}
B35882|::1|Windows|7|Chrome|73.0.3683.103|2019-04-16 14:30:07|200|GET|http://localhost:8080/webvpc/public/be/misacciones/lista|{"flgRequest":"0","flgAccion":"2","ejecutivo":null,"ejecutivoProducto":null,"razonSocial":null,"codUnico":null,"categoria":null,"estrategia":null,"accion":null,"etapa":null,"semaforo":null}
B35882|::1|Windows|7|Chrome|73.0.3683.103|2019-04-16 14:30:07|200|GET|http://localhost:8080/webvpc/public/_debugbar/assets/stylesheets|{"v":"1502731300"}
B35882|::1|Windows|7|Chrome|73.0.3683.103|2019-04-16 14:30:07|200|GET|http://localhost:8080/webvpc/public/_debugbar/assets/javascript|{"v":"1502731300"}
B35882|::1|Windows|7|Chrome|73.0.3683.103|2019-04-16 14:31:10|200|GET|http://localhost:8080/webvpc/public/be/misacciones/lista|{"flgRequest":"0","flgAccion":"2","ejecutivo":null,"ejecutivoProducto":null,"razonSocial":null,"codUnico":null,"categoria":null,"estrategia":null,"accion":null,"etapa":null,"semaforo":null}
B35882|::1|Windows|7|Chrome|73.0.3683.103|2019-04-16 14:31:10|200|GET|http://localhost:8080/webvpc/public/_debugbar/assets/stylesheets|{"v":"1502731300"}
B35882|::1|Windows|7|Chrome|73.0.3683.103|2019-04-16 14:31:10|200|GET|http://localhost:8080/webvpc/public/_debugbar/assets/javascript|{"v":"1502731300"}
B35882|::1|Windows|7|Chrome|73.0.3683.103|2019-04-16 14:31:22|200|GET|http://localhost:8080/webvpc/public/be/misacciones/lista|{"flgRequest":"2","ejecutivo":"B17647","ejecutivoProducto":null,"razonSocial":null,"codUnico":null,"categoria":null,"estrategia":null,"accion":null,"etapa":null,"semaforo":null}
B35882|::1|Windows|7|Chrome|73.0.3683.103|2019-04-16 14:31:25|200|GET|http://localhost:8080/webvpc/public/be/misacciones/lista|{"flgRequest":"2","ejecutivo":"B18800","ejecutivoProducto":null,"razonSocial":null,"codUnico":null,"categoria":null,"estrategia":null,"accion":null,"etapa":null,"semaforo":null}
B35882|::1|Windows|7|Chrome|73.0.3683.103|2019-04-16 14:31:29|200|GET|http://localhost:8080/webvpc/public/be/misacciones/lista|{"flgRequest":"2","ejecutivo":"B18912","ejecutivoProducto":null,"razonSocial":null,"codUnico":null,"categoria":null,"estrategia":null,"accion":null,"etapa":null,"semaforo":null}
B35882|::1|Windows|7|Chrome|73.0.3683.103|2019-04-16 14:31:34|200|GET|http://localhost:8080/webvpc/public/be/misacciones/lista|{"flgRequest":"2","ejecutivo":"B36698","ejecutivoProducto":null,"razonSocial":null,"codUnico":null,"categoria":null,"estrategia":null,"accion":null,"etapa":null,"semaforo":null}
B35882|::1|Windows|7|Chrome|73.0.3683.103|2019-04-16 14:31:38|200|GET|http://localhost:8080/webvpc/public/be/misacciones/lista|{"flgRequest":"2","ejecutivo":"B36512","ejecutivoProducto":null,"razonSocial":null,"codUnico":null,"categoria":null,"estrategia":null,"accion":null,"etapa":null,"semaforo":null}
B35882|::1|Windows|7|Chrome|73.0.3683.103|2019-04-16 14:31:42|200|GET|http://localhost:8080/webvpc/public/be/misacciones/lista|{"flgRequest":"2","ejecutivo":"B36561","ejecutivoProducto":null,"razonSocial":null,"codUnico":null,"categoria":null,"estrategia":null,"accion":null,"etapa":null,"semaforo":null}
B35882|::1|Windows|7|Chrome|73.0.3683.103|2019-04-16 14:32:00|200|GET|http://localhost:8080/webvpc/public/be/misacciones/lista|{"flgRequest":"2","ejecutivo":"B36562","ejecutivoProducto":null,"razonSocial":null,"codUnico":null,"categoria":null,"estrategia":null,"accion":null,"etapa":null,"semaforo":null}
B35882|::1|Windows|7|Chrome|73.0.3683.103|2019-04-16 14:32:05|200|GET|http://localhost:8080/webvpc/public/be/misacciones/lista|{"flgRequest":"2","ejecutivo":"B36503","ejecutivoProducto":null,"razonSocial":null,"codUnico":null,"categoria":null,"estrategia":null,"accion":null,"etapa":null,"semaforo":null}
B35882|::1|Windows|7|Chrome|73.0.3683.103|2019-04-16 14:32:12|200|GET|http://localhost:8080/webvpc/public/be/misacciones/lista|{"flgRequest":"2","ejecutivo":"B36364","ejecutivoProducto":null,"razonSocial":null,"codUnico":null,"categoria":null,"estrategia":null,"accion":null,"etapa":null,"semaforo":null}
B35882|::1|Windows|7|Chrome|73.0.3683.103|2019-04-16 14:34:06|200|GET|http://localhost:8080/webvpc/public/be/misacciones/lista|[]
B35882|::1|Windows|7|Chrome|73.0.3683.103|2019-04-16 15:09:38|200|GET|http://localhost:8080/webvpc/public/be/misacciones/lista|[]
B35882|::1|Windows|7|Chrome|73.0.3683.103|2019-04-16 15:09:39|200|GET|http://localhost:8080/webvpc/public/_debugbar/assets/stylesheets|{"v":"1502731300"}
B35882|::1|Windows|7|Chrome|73.0.3683.103|2019-04-16 15:09:39|200|GET|http://localhost:8080/webvpc/public/_debugbar/assets/javascript|{"v":"1502731300"}
B35882|::1|Windows|7|Chrome|73.0.3683.103|2019-04-16 15:12:03|200|GET|http://localhost:8080/webvpc/public/be/misacciones/lista|[]
B35882|::1|Windows|7|Chrome|73.0.3683.103|2019-04-16 15:12:03|200|GET|http://localhost:8080/webvpc/public/_debugbar/assets/stylesheets|{"v":"1502731300"}
B35882|::1|Windows|7|Chrome|73.0.3683.103|2019-04-16 15:12:03|200|GET|http://localhost:8080/webvpc/public/_debugbar/assets/javascript|{"v":"1502731300"}
B35882|::1|Windows|7|Chrome|73.0.3683.103|2019-04-16 15:12:07|200|GET|http://localhost:8080/webvpc/public/be/misacciones/lista|{"flgAccion":"0","page":"2"}
B35882|::1|Windows|7|Chrome|73.0.3683.103|2019-04-16 15:12:17|200|GET|http://localhost:8080/webvpc/public/be/misacciones/lista|{"flgRequest":"0","flgAccion":"1","ejecutivo":null,"ejecutivoProducto":null,"razonSocial":null,"codUnico":null,"categoria":null,"estrategia":null,"accion":null,"etapa":null,"semaforo":null}
B35882|::1|Windows|7|Chrome|73.0.3683.103|2019-04-16 15:13:11|200|GET|http://localhost:8080/webvpc/public/be/misacciones/lista|{"flgAccion":"1","page":"2"}
B35882|::1|Windows|7|Chrome|73.0.3683.103|2019-04-16 15:13:19|200|GET|http://localhost:8080/webvpc/public/be/misacciones/lista|[]
B35882|::1|Windows|7|Chrome|73.0.3683.103|2019-04-16 15:13:22|200|GET|http://localhost:8080/webvpc/public/be/misacciones/lista|{"flgAccion":"0","page":"2"}
B35882|::1|Windows|7|Chrome|73.0.3683.103|2019-04-16 15:13:42|200|GET|http://localhost:8080/webvpc/public/be/misacciones/lista|{"flgRequest":"0","flgAccion":"1","ejecutivo":null,"ejecutivoProducto":null,"razonSocial":null,"codUnico":null,"categoria":null,"estrategia":null,"accion":null,"etapa":null,"semaforo":null}
B35882|::1|Windows|7|Chrome|73.0.3683.103|2019-04-16 15:13:47|200|GET|http://localhost:8080/webvpc/public/be/misacciones/lista|{"flgAccion":"1","page":"2"}
B35882|::1|Windows|7|Chrome|73.0.3683.103|2019-04-16 15:14:02|200|GET|http://localhost:8080/webvpc/public/be/misacciones/lista|{"flgRequest":"1","flgAccion":"2","ejecutivo":null,"ejecutivoProducto":null,"razonSocial":null,"codUnico":null,"categoria":null,"estrategia":null,"accion":null,"etapa":null,"semaforo":null}
B35882|::1|Windows|7|Chrome|73.0.3683.103|2019-04-16 15:15:28|200|GET|http://localhost:8080/webvpc/public/be/misacciones/lista|{"flgRequest":"1","flgAccion":"2","ejecutivo":null,"ejecutivoProducto":null,"razonSocial":null,"codUnico":null,"categoria":null,"estrategia":null,"accion":null,"etapa":null,"semaforo":null}
B35882|::1|Windows|7|Chrome|73.0.3683.103|2019-04-16 15:15:29|200|GET|http://localhost:8080/webvpc/public/_debugbar/assets/stylesheets|{"v":"1502731300"}
B35882|::1|Windows|7|Chrome|73.0.3683.103|2019-04-16 15:15:29|200|GET|http://localhost:8080/webvpc/public/_debugbar/assets/javascript|{"v":"1502731300"}
B35882|::1|Windows|7|Chrome|73.0.3683.103|2019-04-16 15:15:46|200|GET|http://localhost:8080/webvpc/public/be/misacciones/lista|{"flgRequest":"1","flgAccion":"2","ejecutivo":null,"ejecutivoProducto":null,"razonSocial":null,"codUnico":null,"categoria":null,"estrategia":null,"accion":null,"etapa":null,"semaforo":null}
B35882|::1|Windows|7|Chrome|73.0.3683.103|2019-04-16 15:16:03|200|GET|http://localhost:8080/webvpc/public/be/misacciones/lista|{"flgRequest":"1","flgAccion":"2","ejecutivo":null,"ejecutivoProducto":null,"razonSocial":null,"codUnico":null,"categoria":null,"estrategia":null,"accion":null,"etapa":null,"semaforo":null}
B35882|::1|Windows|7|Chrome|73.0.3683.103|2019-04-16 15:16:03|200|GET|http://localhost:8080/webvpc/public/_debugbar/assets/stylesheets|{"v":"1502731300"}
B35882|::1|Windows|7|Chrome|73.0.3683.103|2019-04-16 15:16:03|200|GET|http://localhost:8080/webvpc/public/_debugbar/assets/javascript|{"v":"1502731300"}
B35882|::1|Windows|7|Chrome|73.0.3683.103|2019-04-16 15:16:11|200|GET|http://localhost:8080/webvpc/public/be/misacciones/lista|{"flgRequest":"2","flgAccion":"2","ejecutivo":null,"ejecutivoProducto":null,"razonSocial":null,"codUnico":null,"categoria":null,"estrategia":null,"accion":null,"etapa":null,"semaforo":null}
B35882|::1|Windows|7|Chrome|73.0.3683.103|2019-04-16 15:16:24|200|GET|http://localhost:8080/webvpc/public/be/misacciones/lista|{"flgRequest":"2","flgAccion":"1","ejecutivo":null,"ejecutivoProducto":null,"razonSocial":null,"codUnico":null,"categoria":null,"estrategia":null,"accion":null,"etapa":null,"semaforo":null}
B35882|::1|Windows|7|Chrome|73.0.3683.103|2019-04-16 15:16:27|200|GET|http://localhost:8080/webvpc/public/be/misacciones/lista|{"flgAccion":"1","page":"2"}
B35882|::1|Windows|7|Chrome|73.0.3683.103|2019-04-16 15:16:54|200|GET|http://localhost:8080/webvpc/public/be/misacciones/lista|{"flgRequest":"1","flgAccion":"0","ejecutivo":null,"ejecutivoProducto":null,"razonSocial":null,"codUnico":null,"categoria":null,"estrategia":null,"accion":null,"etapa":null,"semaforo":null}
B35882|::1|Windows|7|Chrome|73.0.3683.103|2019-04-16 15:16:58|200|GET|http://localhost:8080/webvpc/public/be/misacciones/lista|{"flgAccion":"0","page":"2"}
B35882|::1|Windows|7|Chrome|73.0.3683.103|2019-04-16 15:17:28|200|GET|http://localhost:8080/webvpc/public/be/misacciones/lista|{"flgAccion":"0","page":"2"}
B35882|::1|Windows|7|Chrome|73.0.3683.103|2019-04-16 15:17:29|200|GET|http://localhost:8080/webvpc/public/_debugbar/assets/stylesheets|{"v":"1502731300"}
B35882|::1|Windows|7|Chrome|73.0.3683.103|2019-04-16 15:17:29|200|GET|http://localhost:8080/webvpc/public/_debugbar/assets/javascript|{"v":"1502731300"}
B35882|::1|Windows|7|Chrome|73.0.3683.103|2019-04-16 15:17:46|200|GET|http://localhost:8080/webvpc/public/be/misacciones/lista|{"flgAccion":"0","page":"1"}
B35882|::1|Windows|7|Chrome|73.0.3683.103|2019-04-16 15:17:50|200|GET|http://localhost:8080/webvpc/public/be/misacciones/lista|{"flgAccion":"0","page":"2"}
B35882|::1|Windows|7|Chrome|73.0.3683.103|2019-04-16 15:18:02|200|GET|http://localhost:8080/webvpc/public/be/misacciones/lista|{"flgRequest":"0","flgAccion":"1","ejecutivo":null,"ejecutivoProducto":null,"razonSocial":null,"codUnico":null,"categoria":null,"estrategia":null,"accion":null,"etapa":null,"semaforo":null}
B35882|::1|Windows|7|Chrome|73.0.3683.103|2019-04-16 15:18:07|200|GET|http://localhost:8080/webvpc/public/be/misacciones/lista|{"flgAccion":"1","page":"2"}
B35882|::1|Windows|7|Chrome|73.0.3683.103|2019-04-16 15:18:15|200|GET|http://localhost:8080/webvpc/public/be/misacciones/lista|{"flgRequest":"1","flgAccion":"2","ejecutivo":null,"ejecutivoProducto":null,"razonSocial":null,"codUnico":null,"categoria":null,"estrategia":null,"accion":null,"etapa":null,"semaforo":null}
guest|::1|Windows|7|Chrome|73.0.3683.103|2019-04-16 15:19:03|200|GET|http://localhost:8080/webvpc/public|[]
B37097|::1|Windows|7|Chrome|73.0.3683.103|2019-04-16 15:19:16|302|POST|http://localhost:8080/webvpc/public/login|{"_token":"hHSd8JsKkQDMDcPUEvFdFtMqQS6Pd2ynplJog3Fh","registro":"B37097","passw":"B37097"}
B37097|::1|Windows|7|Chrome|73.0.3683.103|2019-04-16 15:19:16|200|GET|http://localhost:8080/webvpc/public/be/misacciones/lista|[]