
B36290|::1|Windows|7|Firefox|57.0|2019-02-20 15:26:47|200|GET|http://localhost:8080/webvpc/public/_debugbar/assets/javascript|{"v":"1502731300"}
B36290|::1|Windows|7|Firefox|57.0|2019-02-20 15:32:03|200|GET|http://localhost:8080/webvpc/public/addusuario|[]
B36290|::1|Windows|7|Firefox|57.0|2019-02-20 15:32:03|200|GET|http://localhost:8080/webvpc/public/_debugbar/assets/stylesheets|{"v":"1502731300"}
B36290|::1|Windows|7|Firefox|57.0|2019-02-20 15:32:03|200|GET|http://localhost:8080/webvpc/public/_debugbar/assets/javascript|{"v":"1502731300"}
B36290|::1|Windows|7|Firefox|57.0|2019-02-20 15:34:51|200|GET|http://localhost:8080/webvpc/public/addusuario|[]
B36290|::1|Windows|7|Firefox|57.0|2019-02-20 15:34:51|200|GET|http://localhost:8080/webvpc/public/_debugbar/assets/javascript|{"v":"1502731300"}
B36290|::1|Windows|7|Firefox|57.0|2019-02-20 15:34:51|200|GET|http://localhost:8080/webvpc/public/_debugbar/assets/stylesheets|{"v":"1502731300"}
B36290|::1|Windows|7|Firefox|57.0|2019-02-20 15:36:28|200|GET|http://localhost:8080/webvpc/public/addusuario|[]
B36290|::1|Windows|7|Firefox|57.0|2019-02-20 15:36:29|200|GET|http://localhost:8080/webvpc/public/_debugbar/assets/javascript|{"v":"1502731300"}
B36290|::1|Windows|7|Firefox|57.0|2019-02-20 15:36:29|200|GET|http://localhost:8080/webvpc/public/_debugbar/assets/stylesheets|{"v":"1502731300"}
B36290|::1|Windows|7|Firefox|57.0|2019-02-20 15:37:59|200|GET|http://localhost:8080/webvpc/public/addusuario|[]
B36290|::1|Windows|7|Firefox|57.0|2019-02-20 15:37:59|200|GET|http://localhost:8080/webvpc/public/_debugbar/assets/stylesheets|{"v":"1502731300"}
B36290|::1|Windows|7|Firefox|57.0|2019-02-20 15:37:59|200|GET|http://localhost:8080/webvpc/public/_debugbar/assets/javascript|{"v":"1502731300"}
B36290|::1|Windows|7|Firefox|57.0|2019-02-20 15:38:13|200|GET|http://localhost:8080/webvpc/public/addusuario|[]
B36290|::1|Windows|7|Firefox|57.0|2019-02-20 15:38:13|200|GET|http://localhost:8080/webvpc/public/_debugbar/assets/stylesheets|{"v":"1502731300"}
B36290|::1|Windows|7|Firefox|57.0|2019-02-20 15:38:14|200|GET|http://localhost:8080/webvpc/public/_debugbar/assets/javascript|{"v":"1502731300"}
B36290|::1|Windows|7|Firefox|57.0|2019-02-20 15:39:07|200|GET|http://localhost:8080/webvpc/public/addusuario|[]
B36290|::1|Windows|7|Firefox|57.0|2019-02-20 15:39:08|200|GET|http://localhost:8080/webvpc/public/_debugbar/assets/javascript|{"v":"1502731300"}
B36290|::1|Windows|7|Firefox|57.0|2019-02-20 15:39:08|200|GET|http://localhost:8080/webvpc/public/_debugbar/assets/stylesheets|{"v":"1502731300"}
B36290|::1|Windows|7|Firefox|57.0|2019-02-20 15:39:12|200|GET|http://localhost:8080/webvpc/public/addusuario|[]
B36290|::1|Windows|7|Firefox|57.0|2019-02-20 15:39:13|200|GET|http://localhost:8080/webvpc/public/_debugbar/assets/javascript|{"v":"1502731300"}
B36290|::1|Windows|7|Firefox|57.0|2019-02-20 15:39:13|200|GET|http://localhost:8080/webvpc/public/_debugbar/assets/stylesheets|{"v":"1502731300"}
B36290|::1|Windows|7|Firefox|57.0|2019-02-20 15:39:21|200|GET|http://localhost:8080/webvpc/public/addusuario|[]
B36290|::1|Windows|7|Firefox|57.0|2019-02-20 15:39:22|200|GET|http://localhost:8080/webvpc/public/_debugbar/assets/stylesheets|{"v":"1502731300"}
B36290|::1|Windows|7|Firefox|57.0|2019-02-20 15:39:22|200|GET|http://localhost:8080/webvpc/public/_debugbar/assets/javascript|{"v":"1502731300"}
B36290|::1|Windows|7|Firefox|57.0|2019-02-20 15:40:59|200|GET|http://localhost:8080/webvpc/public/addusuario|[]
B36290|::1|Windows|7|Firefox|57.0|2019-02-20 15:40:59|200|GET|http://localhost:8080/webvpc/public/_debugbar/assets/stylesheets|{"v":"1502731300"}
B36290|::1|Windows|7|Firefox|57.0|2019-02-20 15:40:59|200|GET|http://localhost:8080/webvpc/public/_debugbar/assets/javascript|{"v":"1502731300"}
B36290|::1|Windows|7|Firefox|57.0|2019-02-20 15:42:37|200|GET|http://localhost:8080/webvpc/public/addusuario|[]
B36290|::1|Windows|7|Firefox|57.0|2019-02-20 15:42:38|200|GET|http://localhost:8080/webvpc/public/_debugbar/assets/javascript|{"v":"1502731300"}
B36290|::1|Windows|7|Firefox|57.0|2019-02-20 15:42:38|200|GET|http://localhost:8080/webvpc/public/_debugbar/assets/stylesheets|{"v":"1502731300"}
B36290|::1|Windows|7|Firefox|57.0|2019-02-20 15:44:09|200|GET|http://localhost:8080/webvpc/public/addusuario|[]
B36290|::1|Windows|7|Firefox|57.0|2019-02-20 15:44:09|404|GET|http://localhost:8080/webvpc/public/jquery-3.3.1.min.js|[]
B36290|::1|Windows|7|Firefox|57.0|2019-02-20 15:44:10|200|GET|http://localhost:8080/webvpc/public/_debugbar/assets/stylesheets|{"v":"1502731300"}
B36290|::1|Windows|7|Firefox|57.0|2019-02-20 15:44:10|200|GET|http://localhost:8080/webvpc/public/_debugbar/assets/javascript|{"v":"1502731300"}
B36290|::1|Windows|7|Firefox|57.0|2019-02-20 15:44:29|200|GET|http://localhost:8080/webvpc/public/addusuario|[]
B36290|::1|Windows|7|Firefox|57.0|2019-02-20 15:44:29|200|GET|http://localhost:8080/webvpc/public/_debugbar/assets/javascript|{"v":"1502731300"}
B36290|::1|Windows|7|Firefox|57.0|2019-02-20 15:44:29|200|GET|http://localhost:8080/webvpc/public/_debugbar/assets/stylesheets|{"v":"1502731300"}
B36290|::1|Windows|7|Firefox|57.0|2019-02-20 15:44:29|404|GET|http://localhost:8080/webvpc/public/jquery-3.3.1.min.js|[]
B36290|::1|Windows|7|Firefox|57.0|2019-02-20 15:46:21|200|GET|http://localhost:8080/webvpc/public/addusuario|[]
B36290|::1|Windows|7|Firefox|57.0|2019-02-20 15:46:22|200|GET|http://localhost:8080/webvpc/public/_debugbar/assets/javascript|{"v":"1502731300"}
B36290|::1|Windows|7|Firefox|57.0|2019-02-20 15:46:22|200|GET|http://localhost:8080/webvpc/public/_debugbar/assets/stylesheets|{"v":"1502731300"}
B36290|::1|Windows|7|Firefox|57.0|2019-02-20 15:47:22|200|GET|http://localhost:8080/webvpc/public/addusuario|[]
B36290|::1|Windows|7|Firefox|57.0|2019-02-20 15:47:22|200|GET|http://localhost:8080/webvpc/public/_debugbar/assets/javascript|{"v":"1502731300"}
B36290|::1|Windows|7|Firefox|57.0|2019-02-20 15:47:22|200|GET|http://localhost:8080/webvpc/public/_debugbar/assets/stylesheets|{"v":"1502731300"}
B36290|::1|Windows|7|Firefox|57.0|2019-02-20 15:48:27|200|GET|http://localhost:8080/webvpc/public/addusuario|[]
B36290|::1|Windows|7|Firefox|57.0|2019-02-20 15:48:27|200|GET|http://localhost:8080/webvpc/public/_debugbar/assets/javascript|{"v":"1502731300"}
B36290|::1|Windows|7|Firefox|57.0|2019-02-20 15:48:27|200|GET|http://localhost:8080/webvpc/public/_debugbar/assets/stylesheets|{"v":"1502731300"}
B36290|::1|Windows|7|Firefox|57.0|2019-02-20 15:48:29|200|GET|http://localhost:8080/webvpc/public/addusuario|[]
B36290|::1|Windows|7|Firefox|57.0|2019-02-20 15:50:07|200|GET|http://localhost:8080/webvpc/public/addusuario|[]
B36290|::1|Windows|7|Firefox|57.0|2019-02-20 15:50:07|200|GET|http://localhost:8080/webvpc/public/_debugbar/assets/stylesheets|{"v":"1502731300"}
B36290|::1|Windows|7|Firefox|57.0|2019-02-20 15:50:07|200|GET|http://localhost:8080/webvpc/public/_debugbar/assets/javascript|{"v":"1502731300"}
B36290|::1|Windows|7|Firefox|57.0|2019-02-20 15:51:18|200|GET|http://localhost:8080/webvpc/public/addusuario|[]
B36290|::1|Windows|7|Firefox|57.0|2019-02-20 15:51:18|200|GET|http://localhost:8080/webvpc/public/_debugbar/assets/javascript|{"v":"1502731300"}
B36290|::1|Windows|7|Firefox|57.0|2019-02-20 15:51:18|200|GET|http://localhost:8080/webvpc/public/_debugbar/assets/stylesheets|{"v":"1502731300"}
B36290|::1|Windows|7|Firefox|57.0|2019-02-20 15:51:30|200|GET|http://localhost:8080/webvpc/public/addusuario|[]
B36290|::1|Windows|7|Firefox|57.0|2019-02-20 15:51:30|200|GET|http://localhost:8080/webvpc/public/_debugbar/assets/javascript|{"v":"1502731300"}
B36290|::1|Windows|7|Firefox|57.0|2019-02-20 15:51:30|200|GET|http://localhost:8080/webvpc/public/_debugbar/assets/stylesheets|{"v":"1502731300"}
B36290|::1|Windows|7|Firefox|57.0|2019-02-20 15:53:19|200|GET|http://localhost:8080/webvpc/public/addusuario|[]
B36290|::1|Windows|7|Firefox|57.0|2019-02-20 15:53:19|200|GET|http://localhost:8080/webvpc/public/_debugbar/assets/stylesheets|{"v":"1502731300"}
B36290|::1|Windows|7|Firefox|57.0|2019-02-20 15:53:20|200|GET|http://localhost:8080/webvpc/public/_debugbar/assets/javascript|{"v":"1502731300"}
B36290|::1|Windows|7|Firefox|57.0|2019-02-20 15:53:25|200|GET|http://localhost:8080/webvpc/public/addusuario|[]
B36290|::1|Windows|7|Firefox|57.0|2019-02-20 15:53:26|200|GET|http://localhost:8080/webvpc/public/_debugbar/assets/javascript|{"v":"1502731300"}
B36290|::1|Windows|7|Firefox|57.0|2019-02-20 15:53:26|200|GET|http://localhost:8080/webvpc/public/_debugbar/assets/stylesheets|{"v":"1502731300"}
B36290|::1|Windows|7|Firefox|57.0|2019-02-20 15:53:54|200|GET|http://localhost:8080/webvpc/public/addusuario|[]
B36290|::1|Windows|7|Firefox|57.0|2019-02-20 15:53:54|200|GET|http://localhost:8080/webvpc/public/_debugbar/assets/javascript|{"v":"1502731300"}
B36290|::1|Windows|7|Firefox|57.0|2019-02-20 15:53:54|200|GET|http://localhost:8080/webvpc/public/_debugbar/assets/stylesheets|{"v":"1502731300"}
B36290|::1|Windows|7|Firefox|57.0|2019-02-20 15:55:22|200|GET|http://localhost:8080/webvpc/public/addusuario|[]
B36290|::1|Windows|7|Firefox|57.0|2019-02-20 15:55:22|200|GET|http://localhost:8080/webvpc/public/_debugbar/assets/javascript|{"v":"1502731300"}
B36290|::1|Windows|7|Firefox|57.0|2019-02-20 15:55:22|200|GET|http://localhost:8080/webvpc/public/_debugbar/assets/stylesheets|{"v":"1502731300"}
B36290|::1|Windows|7|Firefox|57.0|2019-02-20 15:55:35|200|GET|http://localhost:8080/webvpc/public/addusuario|[]
B36290|::1|Windows|7|Firefox|57.0|2019-02-20 15:55:35|200|GET|http://localhost:8080/webvpc/public/_debugbar/assets/stylesheets|{"v":"1502731300"}
B36290|::1|Windows|7|Firefox|57.0|2019-02-20 15:55:35|200|GET|http://localhost:8080/webvpc/public/_debugbar/assets/javascript|{"v":"1502731300"}
B36290|::1|Windows|7|Firefox|57.0|2019-02-20 15:56:59|200|GET|http://localhost:8080/webvpc/public/addusuario|[]
B36290|::1|Windows|7|Firefox|57.0|2019-02-20 15:56:59|200|GET|http://localhost:8080/webvpc/public/_debugbar/assets/javascript|{"v":"1502731300"}
B36290|::1|Windows|7|Firefox|57.0|2019-02-20 15:56:59|200|GET|http://localhost:8080/webvpc/public/_debugbar/assets/stylesheets|{"v":"1502731300"}
B36290|::1|Windows|7|Firefox|57.0|2019-02-20 15:57:18|200|GET|http://localhost:8080/webvpc/public/addusuario|[]
B36290|::1|Windows|7|Firefox|57.0|2019-02-20 15:57:19|200|GET|http://localhost:8080/webvpc/public/_debugbar/assets/stylesheets|{"v":"1502731300"}
B36290|::1|Windows|7|Firefox|57.0|2019-02-20 15:57:19|200|GET|http://localhost:8080/webvpc/public/_debugbar/assets/javascript|{"v":"1502731300"}
B36290|::1|Windows|7|Firefox|57.0|2019-02-20 16:01:37|200|GET|http://localhost:8080/webvpc/public/addusuario|[]
B36290|::1|Windows|7|Firefox|57.0|2019-02-20 16:01:37|200|GET|http://localhost:8080/webvpc/public/_debugbar/assets/stylesheets|{"v":"1502731300"}
B36290|::1|Windows|7|Firefox|57.0|2019-02-20 16:01:37|200|GET|http://localhost:8080/webvpc/public/_debugbar/assets/javascript|{"v":"1502731300"}
B36290|::1|Windows|7|Firefox|57.0|2019-02-20 16:02:07|200|GET|http://localhost:8080/webvpc/public/addusuario|[]
B36290|::1|Windows|7|Firefox|57.0|2019-02-20 16:02:07|200|GET|http://localhost:8080/webvpc/public/_debugbar/assets/javascript|{"v":"1502731300"}
B36290|::1|Windows|7|Firefox|57.0|2019-02-20 16:02:07|200|GET|http://localhost:8080/webvpc/public/_debugbar/assets/stylesheets|{"v":"1502731300"}
B36290|::1|Windows|7|Firefox|57.0|2019-02-20 16:02:11|404|POST|http://localhost:8080/webvpc/public/addusuario/get-usuario|{"bpasd":null}
B36290|::1|Windows|7|Firefox|57.0|2019-02-20 16:02:11|200|GET|http://localhost:8080/webvpc/public/_debugbar/open|{"op":"get","id":"1603ba25253dd81799b2ddfe6a53e675"}
B36290|::1|Windows|7|Firefox|57.0|2019-02-20 16:02:39|404|POST|http://localhost:8080/webvpc/public/addusuario/get-usuario|{"bp2245":null}
B36290|::1|Windows|7|Firefox|57.0|2019-02-20 16:02:39|200|GET|http://localhost:8080/webvpc/public/_debugbar/open|{"op":"get","id":"e91282dcfd3d3c7298267f61302b247b"}
B36290|::1|Windows|7|Firefox|57.0|2019-02-20 16:03:21|404|POST|http://localhost:8080/webvpc/public/addusuario/get-usuario|{"bp2245":null}
B36290|::1|Windows|7|Firefox|57.0|2019-02-20 16:03:22|200|GET|http://localhost:8080/webvpc/public/_debugbar/open|{"op":"get","id":"21d8d507c7f2a887f24255db97683846"}
B36290|::1|Windows|7|Firefox|57.0|2019-02-20 16:06:16|200|GET|http://localhost:8080/webvpc/public/addusuario|[]
B36290|::1|Windows|7|Firefox|57.0|2019-02-20 16:06:16|200|GET|http://localhost:8080/webvpc/public/_debugbar/assets/stylesheets|{"v":"1502731300"}
B36290|::1|Windows|7|Firefox|57.0|2019-02-20 16:06:16|200|GET|http://localhost:8080/webvpc/public/_debugbar/assets/javascript|{"v":"1502731300"}
B36290|::1|Windows|7|Firefox|57.0|2019-02-20 16:06:22|404|POST|http://localhost:8080/webvpc/public/addusuario/get-usuario|{"registro":"bpasd"}
B36290|::1|Windows|7|Firefox|57.0|2019-02-20 16:06:22|200|GET|http://localhost:8080/webvpc/public/_debugbar/open|{"op":"get","id":"3f846ecc6b8755b98d40c16d88f875a1"}
B36290|::1|Windows|7|Firefox|57.0|2019-02-20 16:08:46|404|POST|http://localhost:8080/webvpc/public/addusuario/get-usuario|{"registro":"bp2567"}
B36290|::1|Windows|7|Firefox|57.0|2019-02-20 16:08:47|200|GET|http://localhost:8080/webvpc/public/_debugbar/open|{"op":"get","id":"718d62b56292f5f6298650f11971262e"}
B36290|::1|Windows|7|Firefox|57.0|2019-02-20 16:09:05|200|GET|http://localhost:8080/webvpc/public/addusuario|[]
B36290|::1|Windows|7|Firefox|57.0|2019-02-20 16:09:05|200|GET|http://localhost:8080/webvpc/public/_debugbar/assets/javascript|{"v":"1502731300"}
B36290|::1|Windows|7|Firefox|57.0|2019-02-20 16:09:05|200|GET|http://localhost:8080/webvpc/public/_debugbar/assets/stylesheets|{"v":"1502731300"}
B36290|::1|Windows|7|Firefox|57.0|2019-02-20 16:09:13|404|POST|http://localhost:8080/webvpc/public/addusuario/get-usuario|{"registro":"bpasd"}
B36290|::1|Windows|7|Firefox|57.0|2019-02-20 16:09:14|200|GET|http://localhost:8080/webvpc/public/_debugbar/open|{"op":"get","id":"26b3321838644d2fc8e7090faf86e32b"}
B36290|::1|Windows|7|Firefox|57.0|2019-02-20 16:10:40|200|GET|http://localhost:8080/webvpc/public/addusuario|[]
B36290|::1|Windows|7|Firefox|57.0|2019-02-20 16:10:40|200|GET|http://localhost:8080/webvpc/public/_debugbar/assets/javascript|{"v":"1502731300"}
B36290|::1|Windows|7|Firefox|57.0|2019-02-20 16:10:40|200|GET|http://localhost:8080/webvpc/public/_debugbar/assets/stylesheets|{"v":"1502731300"}
B36290|::1|Windows|7|Firefox|57.0|2019-02-20 16:10:43|404|POST|http://localhost:8080/webvpc/public/addusuario/get-usuario|{"registro":"bpasd"}
B36290|::1|Windows|7|Firefox|57.0|2019-02-20 16:10:43|200|GET|http://localhost:8080/webvpc/public/_debugbar/open|{"op":"get","id":"b69b24e94958a03846bd6c06c9ad9033"}
B36290|::1|Windows|7|Firefox|57.0|2019-02-20 16:11:16|404|POST|http://localhost:8080/webvpc/public/addusuario/get-usuario|{"registro":"bpasd"}
B36290|::1|Windows|7|Firefox|57.0|2019-02-20 16:11:16|200|GET|http://localhost:8080/webvpc/public/_debugbar/open|{"op":"get","id":"f4b723c0a384c63602436bca1af9ecfc"}
B36290|::1|Windows|7|Firefox|57.0|2019-02-20 16:11:24|200|GET|http://localhost:8080/webvpc/public/addusuario|[]
B36290|::1|Windows|7|Firefox|57.0|2019-02-20 16:11:24|200|GET|http://localhost:8080/webvpc/public/_debugbar/assets/javascript|{"v":"1502731300"}
B36290|::1|Windows|7|Firefox|57.0|2019-02-20 16:11:24|200|GET|http://localhost:8080/webvpc/public/_debugbar/assets/stylesheets|{"v":"1502731300"}
B36290|::1|Windows|7|Firefox|57.0|2019-02-20 16:12:24|200|GET|http://localhost:8080/webvpc/public/addusuario|[]
B36290|::1|Windows|7|Firefox|57.0|2019-02-20 16:12:24|200|GET|http://localhost:8080/webvpc/public/_debugbar/assets/javascript|{"v":"1502731300"}
B36290|::1|Windows|7|Firefox|57.0|2019-02-20 16:12:24|200|GET|http://localhost:8080/webvpc/public/_debugbar/assets/stylesheets|{"v":"1502731300"}
B36290|::1|Windows|7|Firefox|57.0|2019-02-20 16:12:27|200|POST|http://localhost:8080/webvpc/public/addusuario/get-usuario|{"registro":"bpasd"}
B36290|::1|Windows|7|Firefox|57.0|2019-02-20 16:12:28|200|GET|http://localhost:8080/webvpc/public/_debugbar/open|{"op":"get","id":"df2566250baf00a6b78603493de92963"}
B36290|::1|Windows|7|Firefox|57.0|2019-02-20 16:13:46|200|GET|http://localhost:8080/webvpc/public/addusuario|[]
B36290|::1|Windows|7|Firefox|57.0|2019-02-20 16:13:47|200|GET|http://localhost:8080/webvpc/public/_debugbar/assets/stylesheets|{"v":"1502731300"}
B36290|::1|Windows|7|Firefox|57.0|2019-02-20 16:13:47|200|GET|http://localhost:8080/webvpc/public/_debugbar/assets/javascript|{"v":"1502731300"}
B36290|::1|Windows|7|Firefox|57.0|2019-02-20 16:13:59|500|POST|http://localhost:8080/webvpc/public/addusuario/get-usuario|{"registro":"bpasd"}
B36290|::1|Windows|7|Firefox|57.0|2019-02-20 16:13:59|200|GET|http://localhost:8080/webvpc/public/_debugbar/open|{"op":"get","id":"b55232e6b9ec27e9d79587655d343415"}
B36290|::1|Windows|7|Firefox|57.0|2019-02-20 16:19:19|200|GET|http://localhost:8080/webvpc/public/addusuario|[]
B36290|::1|Windows|7|Firefox|57.0|2019-02-20 16:19:20|200|GET|http://localhost:8080/webvpc/public/_debugbar/assets/stylesheets|{"v":"1502731300"}
B36290|::1|Windows|7|Firefox|57.0|2019-02-20 16:19:20|200|GET|http://localhost:8080/webvpc/public/_debugbar/assets/javascript|{"v":"1502731300"}
B36290|::1|Windows|7|Firefox|57.0|2019-02-20 16:19:23|500|POST|http://localhost:8080/webvpc/public/addusuario/get-usuario|{"registro":"bp2567"}
B36290|::1|Windows|7|Firefox|57.0|2019-02-20 16:19:23|200|GET|http://localhost:8080/webvpc/public/_debugbar/open|{"op":"get","id":"de09983dda2dbef5388074f0e88451a0"}
B36290|::1|Windows|7|Firefox|57.0|2019-02-20 16:20:01|500|POST|http://localhost:8080/webvpc/public/addusuario/get-usuario|{"registro":"bpasd"}
B36290|::1|Windows|7|Firefox|57.0|2019-02-20 16:20:01|200|GET|http://localhost:8080/webvpc/public/_debugbar/open|{"op":"get","id":"9c8ecb6221969387852259c7739620e1"}
B36290|::1|Windows|7|Firefox|57.0|2019-02-20 16:20:26|500|POST|http://localhost:8080/webvpc/public/addusuario/get-usuario|{"registro":"bpasd"}
B36290|::1|Windows|7|Firefox|57.0|2019-02-20 16:20:26|200|GET|http://localhost:8080/webvpc/public/_debugbar/open|{"op":"get","id":"7f50a3bbbf5fc819ccb4a9d97628b4b5"}
B36290|::1|Windows|7|Firefox|57.0|2019-02-20 16:20:41|200|GET|http://localhost:8080/webvpc/public/addusuario|[]
B36290|::1|Windows|7|Firefox|57.0|2019-02-20 16:20:41|200|GET|http://localhost:8080/webvpc/public/_debugbar/assets/stylesheets|{"v":"1502731300"}
B36290|::1|Windows|7|Firefox|57.0|2019-02-20 16:20:41|200|GET|http://localhost:8080/webvpc/public/_debugbar/assets/javascript|{"v":"1502731300"}
B36290|::1|Windows|7|Firefox|57.0|2019-02-20 16:20:45|500|POST|http://localhost:8080/webvpc/public/addusuario/get-usuario|{"registro":"bpasd"}
B36290|::1|Windows|7|Firefox|57.0|2019-02-20 16:20:45|200|GET|http://localhost:8080/webvpc/public/_debugbar/open|{"op":"get","id":"40229194ae66f7f0dd8811b29a212615"}
B36290|::1|Windows|7|Firefox|57.0|2019-02-20 16:21:30|200|GET|http://localhost:8080/webvpc/public/addusuario|[]
B36290|::1|Windows|7|Firefox|57.0|2019-02-20 16:21:30|200|GET|http://localhost:8080/webvpc/public/_debugbar/assets/javascript|{"v":"1502731300"}
B36290|::1|Windows|7|Firefox|57.0|2019-02-20 16:21:30|200|GET|http://localhost:8080/webvpc/public/_debugbar/assets/stylesheets|{"v":"1502731300"}
B36290|::1|Windows|7|Firefox|57.0|2019-02-20 16:21:43|200|GET|http://localhost:8080/webvpc/public/addusuario|[]
B36290|::1|Windows|7|Firefox|57.0|2019-02-20 16:21:43|200|GET|http://localhost:8080/webvpc/public/_debugbar/assets/stylesheets|{"v":"1502731300"}
B36290|::1|Windows|7|Firefox|57.0|2019-02-20 16:21:43|200|GET|http://localhost:8080/webvpc/public/_debugbar/assets/javascript|{"v":"1502731300"}
B36290|::1|Windows|7|Firefox|57.0|2019-02-20 16:21:46|500|POST|http://localhost:8080/webvpc/public/addusuario/get-usuario|{"registro":"bpasd"}
B36290|::1|Windows|7|Firefox|57.0|2019-02-20 16:21:47|200|GET|http://localhost:8080/webvpc/public/_debugbar/open|{"op":"get","id":"b676ca11bf7db9c8cc46fdcfbb25930f"}
B36290|::1|Windows|7|Firefox|57.0|2019-02-20 16:22:08|200|GET|http://localhost:8080/webvpc/public/addusuario|[]
B36290|::1|Windows|7|Firefox|57.0|2019-02-20 16:22:08|200|GET|http://localhost:8080/webvpc/public/_debugbar/assets/stylesheets|{"v":"1502731300"}
B36290|::1|Windows|7|Firefox|57.0|2019-02-20 16:22:08|200|GET|http://localhost:8080/webvpc/public/_debugbar/assets/javascript|{"v":"1502731300"}
B36290|::1|Windows|7|Firefox|57.0|2019-02-20 16:22:12|500|POST|http://localhost:8080/webvpc/public/addusuario/get-usuario|{"registro":"bp2245"}
B36290|::1|Windows|7|Firefox|57.0|2019-02-20 16:22:12|200|GET|http://localhost:8080/webvpc/public/_debugbar/open|{"op":"get","id":"590010564c09eb2956582d7a8be10e3e"}
B36290|::1|Windows|7|Firefox|57.0|2019-02-20 16:28:28|200|GET|http://localhost:8080/webvpc/public/addusuario|[]
B36290|::1|Windows|7|Firefox|57.0|2019-02-20 16:28:28|200|GET|http://localhost:8080/webvpc/public/_debugbar/assets/javascript|{"v":"1502731300"}
B36290|::1|Windows|7|Firefox|57.0|2019-02-20 16:28:28|200|GET|http://localhost:8080/webvpc/public/_debugbar/assets/stylesheets|{"v":"1502731300"}
B36290|::1|Windows|7|Firefox|57.0|2019-02-20 16:28:31|500|POST|http://localhost:8080/webvpc/public/addusuario/get-usuario|{"registro":"bp2245"}
B36290|::1|Windows|7|Firefox|57.0|2019-02-20 16:28:32|200|GET|http://localhost:8080/webvpc/public/_debugbar/open|{"op":"get","id":"08b488f6b2e880517f78263f6b0a657d"}
B36290|::1|Windows|7|Firefox|57.0|2019-02-20 16:29:28|200|GET|http://localhost:8080/webvpc/public/addusuario|[]
B36290|::1|Windows|7|Firefox|57.0|2019-02-20 16:29:29|200|GET|http://localhost:8080/webvpc/public/_debugbar/assets/javascript|{"v":"1502731300"}
B36290|::1|Windows|7|Firefox|57.0|2019-02-20 16:29:29|200|GET|http://localhost:8080/webvpc/public/_debugbar/assets/stylesheets|{"v":"1502731300"}
B36290|::1|Windows|7|Firefox|57.0|2019-02-20 16:29:32|405|POST|http://localhost:8080/webvpc/public/addusuario/get-usuario|{"registro":"bpasd"}
B36290|::1|Windows|7|Firefox|57.0|2019-02-20 16:29:32|200|GET|http://localhost:8080/webvpc/public/_debugbar/open|{"op":"get","id":"952fcd1194ee545bc08c85c604fc5dd2"}
B36290|::1|Windows|7|Firefox|57.0|2019-02-20 16:29:48|200|GET|http://localhost:8080/webvpc/public/addusuario|[]
B36290|::1|Windows|7|Firefox|57.0|2019-02-20 16:29:49|200|GET|http://localhost:8080/webvpc/public/_debugbar/assets/stylesheets|{"v":"1502731300"}
B36290|::1|Windows|7|Firefox|57.0|2019-02-20 16:29:49|200|GET|http://localhost:8080/webvpc/public/_debugbar/assets/javascript|{"v":"1502731300"}
B36290|::1|Windows|7|Firefox|57.0|2019-02-20 16:30:33|200|GET|http://localhost:8080/webvpc/public/addusuario|[]
B36290|::1|Windows|7|Firefox|57.0|2019-02-20 16:30:33|200|GET|http://localhost:8080/webvpc/public/_debugbar/assets/javascript|{"v":"1502731300"}
B36290|::1|Windows|7|Firefox|57.0|2019-02-20 16:30:33|200|GET|http://localhost:8080/webvpc/public/_debugbar/assets/stylesheets|{"v":"1502731300"}
B36290|::1|Windows|7|Firefox|57.0|2019-02-20 16:30:38|500|GET|http://localhost:8080/webvpc/public/addusuario/get-usuario|{"registro":"bpasd"}
B36290|::1|Windows|7|Firefox|57.0|2019-02-20 16:30:38|200|GET|http://localhost:8080/webvpc/public/_debugbar/open|{"op":"get","id":"51ea022b9e9a79345a8407363e81584c"}
B36290|::1|Windows|7|Firefox|57.0|2019-02-20 16:30:50|500|GET|http://localhost:8080/webvpc/public/addusuario/get-usuario|{"registro":"bpasd"}
B36290|::1|Windows|7|Firefox|57.0|2019-02-20 16:30:51|200|GET|http://localhost:8080/webvpc/public/_debugbar/open|{"op":"get","id":"cf7a4c11f21048f529aba0f81b1b3192"}
B36290|::1|Windows|7|Firefox|57.0|2019-02-20 16:31:27|200|GET|http://localhost:8080/webvpc/public/addusuario|[]
B36290|::1|Windows|7|Firefox|57.0|2019-02-20 16:31:27|200|GET|http://localhost:8080/webvpc/public/_debugbar/assets/stylesheets|{"v":"1502731300"}
B36290|::1|Windows|7|Firefox|57.0|2019-02-20 16:31:27|200|GET|http://localhost:8080/webvpc/public/_debugbar/assets/javascript|{"v":"1502731300"}
B36290|::1|Windows|7|Firefox|57.0|2019-02-20 16:31:34|500|GET|http://localhost:8080/webvpc/public/addusuario/get-usuario|{"registro":"bpasd"}
B36290|::1|Windows|7|Firefox|57.0|2019-02-20 16:31:34|200|GET|http://localhost:8080/webvpc/public/_debugbar/open|{"op":"get","id":"ebcf1aa1485ae59bed7f8824c8def531"}
B36290|::1|Windows|7|Firefox|57.0|2019-02-20 16:32:07|200|GET|http://localhost:8080/webvpc/public/addusuario|[]
B36290|::1|Windows|7|Firefox|57.0|2019-02-20 16:32:07|200|GET|http://localhost:8080/webvpc/public/_debugbar/assets/javascript|{"v":"1502731300"}
B36290|::1|Windows|7|Firefox|57.0|2019-02-20 16:32:07|200|GET|http://localhost:8080/webvpc/public/_debugbar/assets/stylesheets|{"v":"1502731300"}
B36290|::1|Windows|7|Firefox|57.0|2019-02-20 16:32:11|500|GET|http://localhost:8080/webvpc/public/addusuario/get-usuario|{"registro":"bp2245"}
B36290|::1|Windows|7|Firefox|57.0|2019-02-20 16:32:12|200|GET|http://localhost:8080/webvpc/public/_debugbar/open|{"op":"get","id":"cc639451c692482b8625d2fd72bea4c6"}
B36290|::1|Windows|7|Firefox|57.0|2019-02-20 16:33:10|200|GET|http://localhost:8080/webvpc/public/addusuario|[]
B36290|::1|Windows|7|Firefox|57.0|2019-02-20 16:33:11|200|GET|http://localhost:8080/webvpc/public/_debugbar/assets/stylesheets|{"v":"1502731300"}
B36290|::1|Windows|7|Firefox|57.0|2019-02-20 16:33:11|200|GET|http://localhost:8080/webvpc/public/_debugbar/assets/javascript|{"v":"1502731300"}
B36290|::1|Windows|7|Firefox|57.0|2019-02-20 16:33:15|500|POST|http://localhost:8080/webvpc/public/addusuario/get-usuario|{"registro":"bp2245"}
B36290|::1|Windows|7|Firefox|57.0|2019-02-20 16:33:15|200|GET|http://localhost:8080/webvpc/public/_debugbar/open|{"op":"get","id":"49dadb0d2f4ed2aec7504a162c431070"}
B36290|::1|Windows|7|Firefox|57.0|2019-02-20 16:34:21|200|GET|http://localhost:8080/webvpc/public/addusuario|[]
B36290|::1|Windows|7|Firefox|57.0|2019-02-20 16:34:21|200|GET|http://localhost:8080/webvpc/public/_debugbar/assets/stylesheets|{"v":"1502731300"}
B36290|::1|Windows|7|Firefox|57.0|2019-02-20 16:34:21|200|GET|http://localhost:8080/webvpc/public/_debugbar/assets/javascript|{"v":"1502731300"}
B36290|::1|Windows|7|Firefox|57.0|2019-02-20 16:34:25|500|POST|http://localhost:8080/webvpc/public/addusuario/get-usuario|{"registro":"bp2245"}
B36290|::1|Windows|7|Firefox|57.0|2019-02-20 16:34:25|200|GET|http://localhost:8080/webvpc/public/_debugbar/open|{"op":"get","id":"f30398491b535caf7b90b35c46cdc6f8"}
B36290|::1|Windows|7|Firefox|57.0|2019-02-20 16:34:46|200|GET|http://localhost:8080/webvpc/public/addusuario|[]
B36290|::1|Windows|7|Firefox|57.0|2019-02-20 16:34:46|200|GET|http://localhost:8080/webvpc/public/_debugbar/assets/javascript|{"v":"1502731300"}
B36290|::1|Windows|7|Firefox|57.0|2019-02-20 16:34:47|200|GET|http://localhost:8080/webvpc/public/_debugbar/assets/stylesheets|{"v":"1502731300"}
B36290|::1|Windows|7|Firefox|57.0|2019-02-20 16:34:50|500|POST|http://localhost:8080/webvpc/public/addusuario/get-usuario|{"registro":"bpasd"}
B36290|::1|Windows|7|Firefox|57.0|2019-02-20 16:34:50|200|GET|http://localhost:8080/webvpc/public/_debugbar/open|{"op":"get","id":"b8548438ec0d82abb05b41a7a8330303"}
B36290|::1|Windows|7|Firefox|57.0|2019-02-20 16:36:53|200|GET|http://localhost:8080/webvpc/public/addusuario|[]
B36290|::1|Windows|7|Firefox|57.0|2019-02-20 16:36:53|200|GET|http://localhost:8080/webvpc/public/_debugbar/assets/stylesheets|{"v":"1502731300"}
B36290|::1|Windows|7|Firefox|57.0|2019-02-20 16:36:53|200|GET|http://localhost:8080/webvpc/public/_debugbar/assets/javascript|{"v":"1502731300"}
B36290|::1|Windows|7|Firefox|57.0|2019-02-20 16:36:57|500|POST|http://localhost:8080/webvpc/public//addusuario/get-usuario|{"registro":"bpasd"}
B36290|::1|Windows|7|Firefox|57.0|2019-02-20 16:36:57|200|GET|http://localhost:8080/webvpc/public/_debugbar/open|{"op":"get","id":"fccf8acf3ab6895c2971ddbfae30b751"}
B36290|::1|Windows|7|Firefox|57.0|2019-02-20 16:37:16|200|GET|http://localhost:8080/webvpc/public/addusuario|[]
B36290|::1|Windows|7|Firefox|57.0|2019-02-20 16:37:16|200|GET|http://localhost:8080/webvpc/public/_debugbar/assets/javascript|{"v":"1502731300"}
B36290|::1|Windows|7|Firefox|57.0|2019-02-20 16:37:16|200|GET|http://localhost:8080/webvpc/public/_debugbar/assets/stylesheets|{"v":"1502731300"}
B36290|::1|Windows|7|Firefox|57.0|2019-02-20 16:37:21|500|POST|http://localhost:8080/webvpc/public//addusuario/get-usuario|{"registro":"bpasd"}
B36290|::1|Windows|7|Firefox|57.0|2019-02-20 16:37:21|200|GET|http://localhost:8080/webvpc/public/_debugbar/open|{"op":"get","id":"3af6cb5b14558ec496bdce874609e95c"}
B36290|::1|Windows|7|Firefox|57.0|2019-02-20 16:44:11|200|GET|http://localhost:8080/webvpc/public/addusuario|[]
B36290|::1|Windows|7|Firefox|57.0|2019-02-20 16:44:12|200|GET|http://localhost:8080/webvpc/public/_debugbar/assets/javascript|{"v":"1502731300"}
B36290|::1|Windows|7|Firefox|57.0|2019-02-20 16:44:12|200|GET|http://localhost:8080/webvpc/public/_debugbar/assets/stylesheets|{"v":"1502731300"}
B36290|::1|Windows|7|Firefox|57.0|2019-02-20 16:44:17|500|POST|http://localhost:8080/webvpc/public//addusuario/get-usuario|{"registro":"bp2567"}
B36290|::1|Windows|7|Firefox|57.0|2019-02-20 16:44:18|200|GET|http://localhost:8080/webvpc/public/_debugbar/open|{"op":"get","id":"d825db38ead35f562fbaa2c367841c78"}
B36290|::1|Windows|7|Firefox|57.0|2019-02-20 16:44:39|200|GET|http://localhost:8080/webvpc/public/addusuario|[]
B36290|::1|Windows|7|Firefox|57.0|2019-02-20 16:44:40|200|GET|http://localhost:8080/webvpc/public/_debugbar/assets/stylesheets|{"v":"1502731300"}
B36290|::1|Windows|7|Firefox|57.0|2019-02-20 16:44:40|200|GET|http://localhost:8080/webvpc/public/_debugbar/assets/javascript|{"v":"1502731300"}
B36290|::1|Windows|7|Firefox|57.0|2019-02-20 16:44:44|500|POST|http://localhost:8080/webvpc/public//addusuario/get-usuario|{"registro":"bp2567"}
B36290|::1|Windows|7|Firefox|57.0|2019-02-20 16:44:44|200|GET|http://localhost:8080/webvpc/public/_debugbar/open|{"op":"get","id":"ff373d3bd2e6962422081773c81ba648"}
B36290|::1|Windows|7|Firefox|57.0|2019-02-20 16:45:13|200|GET|http://localhost:8080/webvpc/public/addusuario|[]
B36290|::1|Windows|7|Firefox|57.0|2019-02-20 16:45:13|200|GET|http://localhost:8080/webvpc/public/_debugbar/assets/stylesheets|{"v":"1502731300"}
B36290|::1|Windows|7|Firefox|57.0|2019-02-20 16:45:13|200|GET|http://localhost:8080/webvpc/public/_debugbar/assets/javascript|{"v":"1502731300"}
B36290|::1|Windows|7|Firefox|57.0|2019-02-20 16:45:28|200|GET|http://localhost:8080/webvpc/public/addusuario|[]
B36290|::1|Windows|7|Firefox|57.0|2019-02-20 16:45:29|200|GET|http://localhost:8080/webvpc/public/_debugbar/assets/javascript|{"v":"1502731300"}
B36290|::1|Windows|7|Firefox|57.0|2019-02-20 16:45:29|200|GET|http://localhost:8080/webvpc/public/_debugbar/assets/stylesheets|{"v":"1502731300"}
B36290|::1|Windows|7|Firefox|57.0|2019-02-20 16:46:25|200|GET|http://localhost:8080/webvpc/public/addusuario|[]
B36290|::1|Windows|7|Firefox|57.0|2019-02-20 16:46:25|200|GET|http://localhost:8080/webvpc/public/_debugbar/assets/stylesheets|{"v":"1502731300"}
B36290|::1|Windows|7|Firefox|57.0|2019-02-20 16:46:26|200|GET|http://localhost:8080/webvpc/public/_debugbar/assets/javascript|{"v":"1502731300"}
B36290|::1|Windows|7|Firefox|57.0|2019-02-20 16:46:38|200|GET|http://localhost:8080/webvpc/public/addusuario|[]
B36290|::1|Windows|7|Firefox|57.0|2019-02-20 16:46:38|200|GET|http://localhost:8080/webvpc/public/_debugbar/assets/javascript|{"v":"1502731300"}
B36290|::1|Windows|7|Firefox|57.0|2019-02-20 16:46:38|200|GET|http://localhost:8080/webvpc/public/_debugbar/assets/stylesheets|{"v":"1502731300"}
B36290|::1|Windows|7|Firefox|57.0|2019-02-20 16:54:06|200|GET|http://localhost:8080/webvpc/public/addusuario|[]
B36290|::1|Windows|7|Firefox|57.0|2019-02-20 16:54:09|200|GET|http://localhost:8080/webvpc/public/_debugbar/assets/stylesheets|{"v":"1502731300"}
B36290|::1|Windows|7|Firefox|57.0|2019-02-20 16:54:09|200|GET|http://localhost:8080/webvpc/public/_debugbar/assets/javascript|{"v":"1502731300"}
B36290|::1|Windows|7|Firefox|57.0|2019-02-20 16:54:12|200|GET|http://localhost:8080/webvpc/public/addusuario|[]
B36290|::1|Windows|7|Firefox|57.0|2019-02-20 16:54:15|200|GET|http://localhost:8080/webvpc/public/_debugbar/assets/javascript|{"v":"1502731300"}
B36290|::1|Windows|7|Firefox|57.0|2019-02-20 16:54:15|200|GET|http://localhost:8080/webvpc/public/_debugbar/assets/stylesheets|{"v":"1502731300"}
B36290|::1|Windows|7|Firefox|57.0|2019-02-20 16:56:05|500|POST|http://localhost:8080/webvpc/public//addusuario/get-usuario|{"registro":"bpasd"}
B36290|::1|Windows|7|Firefox|57.0|2019-02-20 16:56:05|200|GET|http://localhost:8080/webvpc/public/_debugbar/open|{"op":"get","id":"52e82aec85a36deb0480d74bf889e9ae"}
B36290|::1|Windows|7|Firefox|57.0|2019-02-20 16:58:57|200|GET|http://localhost:8080/webvpc/public/addusuario|[]
B36290|::1|Windows|7|Firefox|57.0|2019-02-20 16:58:57|200|GET|http://localhost:8080/webvpc/public/_debugbar/assets/stylesheets|{"v":"1502731300"}
B36290|::1|Windows|7|Firefox|57.0|2019-02-20 16:58:57|200|GET|http://localhost:8080/webvpc/public/_debugbar/assets/javascript|{"v":"1502731300"}
B36290|::1|Windows|7|Firefox|57.0|2019-02-20 16:59:03|500|POST|http://localhost:8080/webvpc/public/addusuario/get-usuario|{"registro":"bp2245"}
B36290|::1|Windows|7|Firefox|57.0|2019-02-20 16:59:04|200|GET|http://localhost:8080/webvpc/public/_debugbar/open|{"op":"get","id":"2102369744163e2f1b950b3abf5dd6cd"}
B36290|::1|Windows|7|Firefox|57.0|2019-02-20 16:59:29|200|GET|http://localhost:8080/webvpc/public/addusuario|[]
B36290|::1|Windows|7|Firefox|57.0|2019-02-20 16:59:30|200|GET|http://localhost:8080/webvpc/public/_debugbar/assets/stylesheets|{"v":"1502731300"}
B36290|::1|Windows|7|Firefox|57.0|2019-02-20 16:59:30|200|GET|http://localhost:8080/webvpc/public/_debugbar/assets/javascript|{"v":"1502731300"}
B36290|::1|Windows|7|Firefox|57.0|2019-02-20 16:59:32|500|POST|http://localhost:8080/webvpc/public/addusuario/get-usuario|{"registro":"bpasd"}
B36290|::1|Windows|7|Firefox|57.0|2019-02-20 16:59:33|200|GET|http://localhost:8080/webvpc/public/_debugbar/open|{"op":"get","id":"2743dc8d5da2a73e49ea568a3c7912a3"}
B36290|::1|Windows|7|Firefox|57.0|2019-02-20 17:00:00|500|POST|http://localhost:8080/webvpc/public/addusuario/get-usuario|{"registro":"bpasd"}
B36290|::1|Windows|7|Firefox|57.0|2019-02-20 17:00:00|200|GET|http://localhost:8080/webvpc/public/_debugbar/open|{"op":"get","id":"00a61825d0e13ac3091b79fa0203cec7"}
B36290|::1|Windows|7|Firefox|57.0|2019-02-20 17:01:13|200|GET|http://localhost:8080/webvpc/public/addusuario|[]
B36290|::1|Windows|7|Firefox|57.0|2019-02-20 17:01:13|200|GET|http://localhost:8080/webvpc/public/_debugbar/assets/stylesheets|{"v":"1502731300"}
B36290|::1|Windows|7|Firefox|57.0|2019-02-20 17:01:13|200|GET|http://localhost:8080/webvpc/public/_debugbar/assets/javascript|{"v":"1502731300"}
B36290|::1|Windows|7|Firefox|57.0|2019-02-20 17:01:15|500|POST|http://localhost:8080/webvpc/public/addusuario/get-usuario|{"registro":"bp2245"}
B36290|::1|Windows|7|Firefox|57.0|2019-02-20 17:01:16|200|GET|http://localhost:8080/webvpc/public/_debugbar/open|{"op":"get","id":"a01a0d86a60dc611d881379d2153da52"}
B36290|::1|Windows|7|Firefox|57.0|2019-02-20 17:01:35|500|POST|http://localhost:8080/webvpc/public/addusuario/get-usuario|{"registro":"bpasd"}
B36290|::1|Windows|7|Firefox|57.0|2019-02-20 17:01:36|200|GET|http://localhost:8080/webvpc/public/_debugbar/open|{"op":"get","id":"7632741b60c68d2a76ea388ad9a8029d"}
B36290|::1|Windows|7|Firefox|57.0|2019-02-20 17:04:00|500|POST|http://localhost:8080/webvpc/public/addusuario/get-usuario|{"registro":"bpasd"}
B36290|::1|Windows|7|Firefox|57.0|2019-02-20 17:04:00|200|GET|http://localhost:8080/webvpc/public/_debugbar/open|{"op":"get","id":"f57bed4c69be7555a5299b23aca21270"}